[ 2018-08-21T09:09:39+08:00 ] ::1 /Kangli/Public/Kangli/js/swiper.min.js.map
ERR: 无法加载模块:Public

[ 2018-08-21T10:00:17+08:00 ] ::1 /Kangli/Public/Kangli/js/swiper.min.js.map
ERR: 无法加载模块:Public

[ 2018-08-21T10:43:40+08:00 ] ::1 /Kangli/Public/Kangli/js/swiper.min.js.map
ERR: 无法加载模块:Public

[ 2018-08-21T10:43:40+08:00 ] ::1 /Kangli/Public/Kangli/js/swiper.min.js.map
ERR: 无法加载模块:Public

[ 2018-08-21T10:43:50+08:00 ] ::1 /Kangli/Public/Kangli/js/swiper.min.js.map
ERR: 无法加载模块:Public

[ 2018-08-21T10:43:50+08:00 ] ::1 /Kangli/Public/Kangli/js/swiper.min.js.map
ERR: 无法加载模块:Public

[ 2018-08-21T10:48:14+08:00 ] ::1 /Kangli/Public/Kangli/js/swiper.min.js.map
ERR: 无法加载模块:Public

[ 2018-08-21T10:48:14+08:00 ] ::1 /Kangli/Public/Kangli/js/swiper.min.js.map
ERR: 无法加载模块:Public

[ 2018-08-21T10:48:26+08:00 ] ::1 /Kangli/Public/Kangli/js/swiper.min.js.map
ERR: 无法加载模块:Public

[ 2018-08-21T10:48:26+08:00 ] ::1 /Kangli/Public/Kangli/js/swiper.min.js.map
ERR: 无法加载模块:Public

[ 2018-08-21T11:04:15+08:00 ] ::1 /Kangli/Public/Kangli/js/swiper.min.js.map
ERR: 无法加载模块:Public

[ 2018-08-21T11:18:48+08:00 ] ::1 /Kangli/Public/Kangli/js/swiper.min.js.map
ERR: 无法加载模块:Public

[ 2018-08-21T11:18:51+08:00 ] ::1 /Kangli/Public/Kangli/js/swiper.min.js.map
ERR: 无法加载模块:Public

[ 2018-08-21T11:19:10+08:00 ] ::1 /Kangli/Public/Kangli/js/swiper.min.js.map
ERR: 无法加载模块:Public

[ 2018-08-21T11:19:16+08:00 ] ::1 /Kangli/Public/Kangli/js/swiper.min.js.map
ERR: 无法加载模块:Public

[ 2018-08-21T11:19:25+08:00 ] ::1 /Kangli/Public/uploads/mobi/3052/1510556483_5913.jpg
ERR: 无法加载模块:Public

[ 2018-08-21T11:19:25+08:00 ] ::1 /Kangli/Public/uploads/mobi/3052/1510556483_5913.jpg
ERR: 无法加载模块:Public

[ 2018-08-21T11:19:25+08:00 ] ::1 /Kangli/Public/Kangli/js/swiper.min.js.map
ERR: 无法加载模块:Public

[ 2018-08-21T11:19:25+08:00 ] ::1 /Kangli/Public/Kangli/js/swiper.min.js.map
ERR: 无法加载模块:Public

[ 2018-08-21T11:19:29+08:00 ] ::1 /Kangli/Public/Kangli/js/swiper.min.js.map
ERR: 无法加载模块:Public

[ 2018-08-21T11:19:31+08:00 ] ::1 /Kangli/Public/Kangli/js/swiper.min.js.map
ERR: 无法加载模块:Public

[ 2018-08-21T11:19:35+08:00 ] ::1 /Kangli/Public/Kangli/js/swiper.min.js.map
ERR: 无法加载模块:Public

[ 2018-08-21T11:19:35+08:00 ] ::1 /Kangli/Public/Kangli/js/swiper.min.js.map
ERR: 无法加载模块:Public

[ 2018-08-21T11:38:00+08:00 ] ::1 /Kangli/Public/Kangli/js/swiper.min.js.map
ERR: 无法加载模块:Public

[ 2018-08-21T11:38:22+08:00 ] ::1 /Kangli/Public/Kangli/js/swiper.min.js.map
ERR: 无法加载模块:Public

[ 2018-08-21T11:38:34+08:00 ] ::1 /Kangli/Public/Kangli/js/swiper.min.js.map
ERR: 无法加载模块:Public

[ 2018-08-21T11:38:48+08:00 ] ::1 /Kangli/Public/Kangli/js/swiper.min.js.map
ERR: 无法加载模块:Public

[ 2018-08-21T15:12:58+08:00 ] ::1 /Kangli/Public/Kangli/js/swiper.min.js.map
ERR: 无法加载模块:Public

[ 2018-08-21T15:16:57+08:00 ] ::1 /Kangli/Public/Kangli/js/swiper.min.js.map
ERR: 无法加载模块:Public

[ 2018-08-21T15:17:05+08:00 ] ::1 /Kangli/Public/Kangli/js/swiper.min.js.map
ERR: 无法加载模块:Public

[ 2018-08-21T15:17:11+08:00 ] ::1 /Kangli/Public/Kangli/js/swiper.min.js.map
ERR: 无法加载模块:Public

[ 2018-08-21T15:17:11+08:00 ] ::1 /Kangli/Public/Kangli/js/swiper.min.js.map
ERR: 无法加载模块:Public

[ 2018-08-21T15:17:16+08:00 ] ::1 /Kangli/Public/Kangli/js/swiper.min.js.map
ERR: 无法加载模块:Public

[ 2018-08-21T15:17:21+08:00 ] ::1 /Kangli/Public/Kangli/js/swiper.min.js.map
ERR: 无法加载模块:Public

[ 2018-08-21T15:17:21+08:00 ] ::1 /Kangli/Public/Kangli/js/swiper.min.js.map
ERR: 无法加载模块:Public

[ 2018-08-21T15:17:24+08:00 ] ::1 /Kangli/Public/Kangli/js/swiper.min.js.map
ERR: 无法加载模块:Public

[ 2018-08-21T15:17:30+08:00 ] ::1 /Kangli/Public/Kangli/js/swiper.min.js.map
ERR: 无法加载模块:Public

[ 2018-08-21T15:17:30+08:00 ] ::1 /Kangli/Public/Kangli/js/swiper.min.js.map
ERR: 无法加载模块:Public

[ 2018-08-21T16:19:01+08:00 ] ::1 /Kangli/Public/Kangli/js/swiper.min.js.map
ERR: 无法加载模块:Public

[ 2018-08-21T16:19:13+08:00 ] ::1 /Kangli/Public/Kangli/js/swiper.min.js.map
ERR: 无法加载模块:Public

[ 2018-08-21T16:19:18+08:00 ] ::1 /Kangli/Public/Kangli/js/swiper.min.js.map
ERR: 无法加载模块:Public

[ 2018-08-21T16:19:18+08:00 ] ::1 /Kangli/Public/Kangli/js/swiper.min.js.map
ERR: 无法加载模块:Public

[ 2018-08-21T16:19:24+08:00 ] ::1 /Kangli/Public/Kangli/js/swiper.min.js.map
ERR: 无法加载模块:Public

[ 2018-08-21T16:19:29+08:00 ] ::1 /Kangli/Public/Kangli/js/swiper.min.js.map
ERR: 无法加载模块:Public

[ 2018-08-21T16:19:29+08:00 ] ::1 /Kangli/Public/Kangli/js/swiper.min.js.map
ERR: 无法加载模块:Public

[ 2018-08-21T16:19:48+08:00 ] ::1 /Kangli/Public/Kangli/js/swiper.min.js.map
ERR: 无法加载模块:Public

[ 2018-08-21T16:19:55+08:00 ] ::1 /Kangli/Public/Kangli/js/swiper.min.js.map
ERR: 无法加载模块:Public

[ 2018-08-21T16:19:55+08:00 ] ::1 /Kangli/Public/Kangli/js/swiper.min.js.map
ERR: 无法加载模块:Public

[ 2018-08-21T16:20:00+08:00 ] ::1 /Kangli/Public/Kangli/js/swiper.min.js.map
ERR: 无法加载模块:Public

[ 2018-08-21T16:20:03+08:00 ] ::1 /Kangli/Public/Kangli/js/swiper.min.js.map
ERR: 无法加载模块:Public

[ 2018-08-21T16:20:09+08:00 ] ::1 /Kangli/Public/Kangli/js/swiper.min.js.map
ERR: 无法加载模块:Public

[ 2018-08-21T16:20:12+08:00 ] ::1 /Kangli/Public/Kangli/js/swiper.min.js.map
ERR: 无法加载模块:Public

[ 2018-08-21T16:20:12+08:00 ] ::1 /Kangli/Public/Kangli/js/swiper.min.js.map
ERR: 无法加载模块:Public

[ 2018-08-21T16:20:26+08:00 ] ::1 /Kangli/Public/Kangli/js/swiper.min.js.map
ERR: 无法加载模块:Public

[ 2018-08-21T16:20:26+08:00 ] ::1 /Kangli/Public/Kangli/js/swiper.min.js.map
ERR: 无法加载模块:Public

[ 2018-08-21T16:21:08+08:00 ] ::1 /Kangli/Public/Kangli/js/swiper.min.js.map
ERR: 无法加载模块:Public

[ 2018-08-21T16:21:15+08:00 ] ::1 /Kangli/Public/Kangli/js/swiper.min.js.map
ERR: 无法加载模块:Public

[ 2018-08-21T16:21:15+08:00 ] ::1 /Kangli/Public/Kangli/js/swiper.min.js.map
ERR: 无法加载模块:Public

[ 2018-08-21T16:21:24+08:00 ] ::1 /Kangli/Public/Kangli/js/swiper.min.js.map
ERR: 无法加载模块:Public

[ 2018-08-21T16:21:28+08:00 ] ::1 /Kangli/Public/Kangli/js/swiper.min.js.map
ERR: 无法加载模块:Public

[ 2018-08-21T16:21:28+08:00 ] ::1 /Kangli/Public/Kangli/js/swiper.min.js.map
ERR: 无法加载模块:Public

[ 2018-08-21T16:21:34+08:00 ] ::1 /Kangli/Public/Kangli/js/swiper.min.js.map
ERR: 无法加载模块:Public

[ 2018-08-21T16:21:38+08:00 ] ::1 /Kangli/Public/Kangli/js/swiper.min.js.map
ERR: 无法加载模块:Public

[ 2018-08-21T16:21:38+08:00 ] ::1 /Kangli/Public/Kangli/js/swiper.min.js.map
ERR: 无法加载模块:Public

[ 2018-08-21T16:24:14+08:00 ] ::1 /Kangli/Public/Kangli/js/swiper.min.js.map
ERR: 无法加载模块:Public

[ 2018-08-21T16:24:19+08:00 ] ::1 /Kangli/Public/Kangli/js/swiper.min.js.map
ERR: 无法加载模块:Public

[ 2018-08-21T16:24:19+08:00 ] ::1 /Kangli/Public/Kangli/js/swiper.min.js.map
ERR: 无法加载模块:Public

[ 2018-08-21T16:24:31+08:00 ] ::1 /Kangli/Public/Kangli/js/swiper.min.js.map
ERR: 无法加载模块:Public

[ 2018-08-21T16:24:36+08:00 ] ::1 /Kangli/Public/Kangli/js/swiper.min.js.map
ERR: 无法加载模块:Public

[ 2018-08-21T16:24:36+08:00 ] ::1 /Kangli/Public/Kangli/js/swiper.min.js.map
ERR: 无法加载模块:Public

[ 2018-08-21T16:24:41+08:00 ] ::1 /Kangli/Public/Kangli/js/swiper.min.js.map
ERR: 无法加载模块:Public

[ 2018-08-21T16:25:38+08:00 ] ::1 /Kangli/Public/Kangli/js/swiper.min.js.map
ERR: 无法加载模块:Public

[ 2018-08-21T16:25:47+08:00 ] ::1 /Kangli/Public/Kangli/js/swiper.min.js.map
ERR: 无法加载模块:Public

[ 2018-08-21T16:25:47+08:00 ] ::1 /Kangli/Public/Kangli/js/swiper.min.js.map
ERR: 无法加载模块:Public

[ 2018-08-21T16:25:59+08:00 ] ::1 /Kangli/Public/Kangli/js/swiper.min.js.map
ERR: 无法加载模块:Public

[ 2018-08-21T16:26:04+08:00 ] ::1 /Kangli/Public/Kangli/js/swiper.min.js.map
ERR: 无法加载模块:Public

[ 2018-08-21T16:26:04+08:00 ] ::1 /Kangli/Public/Kangli/js/swiper.min.js.map
ERR: 无法加载模块:Public

[ 2018-08-21T16:26:07+08:00 ] ::1 /Kangli/Public/Kangli/js/swiper.min.js.map
ERR: 无法加载模块:Public

[ 2018-08-21T16:26:17+08:00 ] ::1 /Kangli/Public/Kangli/js/swiper.min.js.map
ERR: 无法加载模块:Public

[ 2018-08-21T16:26:17+08:00 ] ::1 /Kangli/Public/Kangli/js/swiper.min.js.map
ERR: 无法加载模块:Public

[ 2018-08-21T16:26:36+08:00 ] ::1 /Kangli/Public/Kangli/js/swiper.min.js.map
ERR: 无法加载模块:Public

[ 2018-08-21T16:26:40+08:00 ] ::1 /Kangli/Public/Kangli/js/swiper.min.js.map
ERR: 无法加载模块:Public

[ 2018-08-21T16:26:40+08:00 ] ::1 /Kangli/Public/Kangli/js/swiper.min.js.map
ERR: 无法加载模块:Public

[ 2018-08-21T16:26:54+08:00 ] ::1 /Kangli/Public/Kangli/js/swiper.min.js.map
ERR: 无法加载模块:Public

[ 2018-08-21T16:26:58+08:00 ] ::1 /Kangli/Public/Kangli/js/swiper.min.js.map
ERR: 无法加载模块:Public

[ 2018-08-21T16:26:58+08:00 ] ::1 /Kangli/Public/Kangli/js/swiper.min.js.map
ERR: 无法加载模块:Public

[ 2018-08-21T16:43:19+08:00 ] ::1 /Kangli/Public/Kangli/js/swiper.min.js.map
ERR: 无法加载模块:Public

[ 2018-08-21T16:44:31+08:00 ] ::1 /Kangli/Public/Kangli/js/swiper.min.js.map
ERR: 无法加载模块:Public

[ 2018-08-21T16:44:31+08:00 ] ::1 /Kangli/Public/Kangli/js/swiper.min.js.map
ERR: 无法加载模块:Public

[ 2018-08-21T16:45:32+08:00 ] ::1 /Kangli/Public/Kangli/js/swiper.min.js.map
ERR: 无法加载模块:Public

[ 2018-08-21T16:45:32+08:00 ] ::1 /Kangli/Public/Kangli/js/swiper.min.js.map
ERR: 无法加载模块:Public

[ 2018-08-21T16:45:46+08:00 ] ::1 /Kangli/Public/Kangli/js/swiper.min.js.map
ERR: 无法加载模块:Public

[ 2018-08-21T16:45:46+08:00 ] ::1 /Kangli/Public/Kangli/js/swiper.min.js.map
ERR: 无法加载模块:Public

[ 2018-08-21T16:46:15+08:00 ] ::1 /Kangli/Public/Kangli/js/swiper.min.js.map
ERR: 无法加载模块:Public

[ 2018-08-21T16:46:15+08:00 ] ::1 /Kangli/Public/Kangli/js/swiper.min.js.map
ERR: 无法加载模块:Public

[ 2018-08-21T16:46:44+08:00 ] ::1 /Kangli/Public/Kangli/js/swiper.min.js.map
ERR: 无法加载模块:Public

[ 2018-08-21T16:46:44+08:00 ] ::1 /Kangli/Public/Kangli/js/swiper.min.js.map
ERR: 无法加载模块:Public

[ 2018-08-21T16:47:20+08:00 ] ::1 /Kangli/Public/Kangli/js/swiper.min.js.map
ERR: 无法加载模块:Public

[ 2018-08-21T16:47:20+08:00 ] ::1 /Kangli/Public/Kangli/js/swiper.min.js.map
ERR: 无法加载模块:Public

[ 2018-08-21T16:48:24+08:00 ] ::1 /Kangli/Public/Kangli/js/swiper.min.js.map
ERR: 无法加载模块:Public

[ 2018-08-21T16:48:24+08:00 ] ::1 /Kangli/Public/Kangli/js/swiper.min.js.map
ERR: 无法加载模块:Public

[ 2018-08-21T16:49:26+08:00 ] ::1 /Kangli/Public/Kangli/js/swiper.min.js.map
ERR: 无法加载模块:Public

[ 2018-08-21T16:49:42+08:00 ] ::1 /Kangli/Public/Kangli/js/swiper.min.js.map
ERR: 无法加载模块:Public

[ 2018-08-21T16:49:47+08:00 ] ::1 /Kangli/Public/Kangli/js/swiper.min.js.map
ERR: 无法加载模块:Public

[ 2018-08-21T16:49:49+08:00 ] ::1 /Kangli/Public/uploads/mobi/3052/1510556483_5913.jpg
ERR: 无法加载模块:Public

[ 2018-08-21T16:49:50+08:00 ] ::1 /Kangli/Public/uploads/mobi/3052/1510556483_5913.jpg
ERR: 无法加载模块:Public

[ 2018-08-21T16:49:50+08:00 ] ::1 /Kangli/Public/Kangli/js/swiper.min.js.map
ERR: 无法加载模块:Public

[ 2018-08-21T16:49:50+08:00 ] ::1 /Kangli/Public/Kangli/js/swiper.min.js.map
ERR: 无法加载模块:Public

[ 2018-08-21T16:54:24+08:00 ] ::1 /Kangli/Public/Kangli/js/swiper.min.js.map
ERR: 无法加载模块:Public

[ 2018-08-21T16:54:40+08:00 ] ::1 /Kangli/Public/uploads/mobi/3052/1510556483_5913.jpg
ERR: 无法加载模块:Public

[ 2018-08-21T16:54:42+08:00 ] ::1 /Kangli/Public/uploads/mobi/3052/1510556483_5913.jpg
ERR: 无法加载模块:Public

[ 2018-08-21T16:54:42+08:00 ] ::1 /Kangli/Public/Kangli/js/swiper.min.js.map
ERR: 无法加载模块:Public

[ 2018-08-21T16:54:42+08:00 ] ::1 /Kangli/Public/Kangli/js/swiper.min.js.map
ERR: 无法加载模块:Public

[ 2018-08-21T16:55:13+08:00 ] ::1 /Kangli/Public/Kangli/js/swiper.min.js.map
ERR: 无法加载模块:Public

[ 2018-08-21T16:55:18+08:00 ] ::1 /Kangli/Public/Kangli/js/swiper.min.js.map
ERR: 无法加载模块:Public

[ 2018-08-21T16:55:25+08:00 ] ::1 /Kangli/Public/Kangli/js/swiper.min.js.map
ERR: 无法加载模块:Public

[ 2018-08-21T16:55:28+08:00 ] ::1 /Kangli/Public/Kangli/js/swiper.min.js.map
ERR: 无法加载模块:Public

[ 2018-08-21T16:55:34+08:00 ] ::1 /Kangli/Public/Kangli/js/swiper.min.js.map
ERR: 无法加载模块:Public

[ 2018-08-21T16:55:42+08:00 ] ::1 /Kangli/Public/Kangli/js/swiper.min.js.map
ERR: 无法加载模块:Public

[ 2018-08-21T16:55:49+08:00 ] ::1 /Kangli/Public/Kangli/js/swiper.min.js.map
ERR: 无法加载模块:Public

[ 2018-08-21T16:56:15+08:00 ] ::1 /Kangli/Public/uploads/mobi/3052/1510556483_5913.jpg
ERR: 无法加载模块:Public

[ 2018-08-21T16:56:16+08:00 ] ::1 /Kangli/Public/uploads/mobi/3052/1510556483_5913.jpg
ERR: 无法加载模块:Public

[ 2018-08-21T16:56:16+08:00 ] ::1 /Kangli/Public/Kangli/js/swiper.min.js.map
ERR: 无法加载模块:Public

[ 2018-08-21T16:56:16+08:00 ] ::1 /Kangli/Public/Kangli/js/swiper.min.js.map
ERR: 无法加载模块:Public

[ 2018-08-21T16:56:19+08:00 ] ::1 /Kangli/Public/uploads/mobi/3052/1510556483_5913.jpg
ERR: 无法加载模块:Public

[ 2018-08-21T16:56:20+08:00 ] ::1 /Kangli/Public/uploads/mobi/3052/1510556483_5913.jpg
ERR: 无法加载模块:Public

[ 2018-08-21T16:56:20+08:00 ] ::1 /Kangli/Public/Kangli/js/swiper.min.js.map
ERR: 无法加载模块:Public

[ 2018-08-21T16:56:31+08:00 ] ::1 /Kangli/Public/uploads/mobi/3052/1510556483_5913.jpg
ERR: 无法加载模块:Public

[ 2018-08-21T16:56:31+08:00 ] ::1 /Kangli/Public/Kangli/js/swiper.min.js.map
ERR: 无法加载模块:Public

[ 2018-08-21T16:56:38+08:00 ] ::1 /Kangli/Public/uploads/mobi/3052/1510556483_5913.jpg
ERR: 无法加载模块:Public

[ 2018-08-21T16:56:39+08:00 ] ::1 /Kangli/Public/uploads/mobi/3052/1510556483_5913.jpg
ERR: 无法加载模块:Public

[ 2018-08-21T16:56:39+08:00 ] ::1 /Kangli/Public/Kangli/js/swiper.min.js.map
ERR: 无法加载模块:Public

[ 2018-08-21T16:56:42+08:00 ] ::1 /Kangli/Public/uploads/mobi/3052/1510556483_5913.jpg
ERR: 无法加载模块:Public

[ 2018-08-21T16:56:43+08:00 ] ::1 /Kangli/Public/Kangli/js/swiper.min.js.map
ERR: 无法加载模块:Public

[ 2018-08-21T16:56:48+08:00 ] ::1 /Kangli/Public/uploads/mobi/3052/1510556483_5913.jpg
ERR: 无法加载模块:Public

[ 2018-08-21T16:56:49+08:00 ] ::1 /Kangli/Public/uploads/mobi/3052/1510556483_5913.jpg
ERR: 无法加载模块:Public

[ 2018-08-21T16:56:49+08:00 ] ::1 /Kangli/Public/Kangli/js/swiper.min.js.map
ERR: 无法加载模块:Public

[ 2018-08-21T16:56:52+08:00 ] ::1 /Kangli/Public/uploads/mobi/3052/1510556483_5913.jpg
ERR: 无法加载模块:Public

[ 2018-08-21T16:56:52+08:00 ] ::1 /Kangli/Public/Kangli/js/swiper.min.js.map
ERR: 无法加载模块:Public

[ 2018-08-21T16:57:31+08:00 ] ::1 /Kangli/Public/Kangli/js/swiper.min.js.map
ERR: 无法加载模块:Public

[ 2018-08-21T16:58:03+08:00 ] ::1 /Kangli/Public/uploads/mobi/3052/1510556483_5913.jpg
ERR: 无法加载模块:Public

[ 2018-08-21T16:58:05+08:00 ] ::1 /Kangli/Public/uploads/mobi/3052/1510556483_5913.jpg
ERR: 无法加载模块:Public

[ 2018-08-21T16:58:05+08:00 ] ::1 /Kangli/Public/Kangli/js/swiper.min.js.map
ERR: 无法加载模块:Public

[ 2018-08-21T16:58:08+08:00 ] ::1 /Kangli/Public/uploads/mobi/3052/1510556483_5913.jpg
ERR: 无法加载模块:Public

[ 2018-08-21T16:58:09+08:00 ] ::1 /Kangli/Public/uploads/mobi/3052/1510556483_5913.jpg
ERR: 无法加载模块:Public

[ 2018-08-21T16:58:09+08:00 ] ::1 /Kangli/Public/Kangli/js/swiper.min.js.map
ERR: 无法加载模块:Public

[ 2018-08-21T16:58:09+08:00 ] ::1 /Kangli/Public/Kangli/js/swiper.min.js.map
ERR: 无法加载模块:Public

[ 2018-08-21T16:59:18+08:00 ] ::1 /Kangli/Public/Kangli/js/swiper.min.js.map
ERR: 无法加载模块:Public

[ 2018-08-21T17:03:25+08:00 ] ::1 /Kangli/Public/Kangli/js/swiper.min.js.map
ERR: 无法加载模块:Public

[ 2018-08-21T17:03:35+08:00 ] ::1 /Kangli/Public/Kangli/js/swiper.min.js.map
ERR: 无法加载模块:Public

[ 2018-08-21T17:03:41+08:00 ] ::1 /Kangli/Public/uploads/mobi/3052/1510556483_5913.jpg
ERR: 无法加载模块:Public

[ 2018-08-21T17:03:42+08:00 ] ::1 /Kangli/Public/uploads/mobi/3052/1510556483_5913.jpg
ERR: 无法加载模块:Public

[ 2018-08-21T17:03:42+08:00 ] ::1 /Kangli/Public/Kangli/js/swiper.min.js.map
ERR: 无法加载模块:Public

[ 2018-08-21T17:03:42+08:00 ] ::1 /Kangli/Public/Kangli/js/swiper.min.js.map
ERR: 无法加载模块:Public

[ 2018-08-21T17:03:56+08:00 ] ::1 /Kangli/Public/uploads/mobi/3052/1510556483_5913.jpg
ERR: 无法加载模块:Public

[ 2018-08-21T17:03:57+08:00 ] ::1 /Kangli/Public/uploads/mobi/3052/1510556483_5913.jpg
ERR: 无法加载模块:Public

[ 2018-08-21T17:03:57+08:00 ] ::1 /Kangli/Public/Kangli/js/swiper.min.js.map
ERR: 无法加载模块:Public

[ 2018-08-21T17:04:03+08:00 ] ::1 /Kangli/Public/Kangli/js/swiper.min.js.map
ERR: 无法加载模块:Public

[ 2018-08-21T17:04:06+08:00 ] ::1 /Kangli/Public/uploads/mobi/3052/1510556483_5913.jpg
ERR: 无法加载模块:Public

[ 2018-08-21T17:04:07+08:00 ] ::1 /Kangli/Public/uploads/mobi/3052/1510556483_5913.jpg
ERR: 无法加载模块:Public

[ 2018-08-21T17:04:07+08:00 ] ::1 /Kangli/Public/Kangli/js/swiper.min.js.map
ERR: 无法加载模块:Public

[ 2018-08-21T17:04:08+08:00 ] ::1 /Kangli/Public/Kangli/js/swiper.min.js.map
ERR: 无法加载模块:Public

[ 2018-08-21T17:04:13+08:00 ] ::1 /Kangli/Public/Kangli/js/swiper.min.js.map
ERR: 无法加载模块:Public

[ 2018-08-21T17:04:39+08:00 ] ::1 /Kangli/Public/Kangli/js/swiper.min.js.map
ERR: 无法加载模块:Public

[ 2018-08-21T17:04:47+08:00 ] ::1 /Kangli/Public/Kangli/js/swiper.min.js.map
ERR: 无法加载模块:Public

[ 2018-08-21T17:04:57+08:00 ] ::1 /Kangli/Public/Kangli/js/swiper.min.js.map
ERR: 无法加载模块:Public

[ 2018-08-21T17:05:25+08:00 ] ::1 /Kangli/Public/Kangli/js/swiper.min.js.map
ERR: 无法加载模块:Public

[ 2018-08-21T17:05:32+08:00 ] ::1 /Kangli/Public/uploads/mobi/3052/1510556483_5913.jpg
ERR: 无法加载模块:Public

[ 2018-08-21T17:05:34+08:00 ] ::1 /Kangli/Public/uploads/mobi/3052/1510556483_5913.jpg
ERR: 无法加载模块:Public

[ 2018-08-21T17:05:34+08:00 ] ::1 /Kangli/Public/Kangli/js/swiper.min.js.map
ERR: 无法加载模块:Public

[ 2018-08-21T17:05:43+08:00 ] ::1 /Kangli/Public/uploads/mobi/3052/1510556483_5913.jpg
ERR: 无法加载模块:Public

[ 2018-08-21T17:05:43+08:00 ] ::1 /Kangli/Public/Kangli/js/swiper.min.js.map
ERR: 无法加载模块:Public

[ 2018-08-21T17:05:47+08:00 ] ::1 /Kangli/Public/uploads/mobi/3052/1510556483_5913.jpg
ERR: 无法加载模块:Public

[ 2018-08-21T17:05:48+08:00 ] ::1 /Kangli/Public/Kangli/js/swiper.min.js.map
ERR: 无法加载模块:Public

[ 2018-08-21T17:05:52+08:00 ] ::1 /Kangli/Public/uploads/mobi/3052/1510556483_5913.jpg
ERR: 无法加载模块:Public

[ 2018-08-21T17:05:52+08:00 ] ::1 /Kangli/Public/Kangli/js/swiper.min.js.map
ERR: 无法加载模块:Public

[ 2018-08-21T17:05:57+08:00 ] ::1 /Kangli/Public/uploads/mobi/3052/1510556483_5913.jpg
ERR: 无法加载模块:Public

[ 2018-08-21T17:05:57+08:00 ] ::1 /Kangli/Public/Kangli/js/swiper.min.js.map
ERR: 无法加载模块:Public

[ 2018-08-21T17:06:06+08:00 ] ::1 /Kangli/Public/uploads/mobi/3052/1510556483_5913.jpg
ERR: 无法加载模块:Public

[ 2018-08-21T17:06:06+08:00 ] ::1 /Kangli/Public/Kangli/js/swiper.min.js.map
ERR: 无法加载模块:Public

[ 2018-08-21T17:06:15+08:00 ] ::1 /Kangli/Public/uploads/mobi/3052/1510556483_5913.jpg
ERR: 无法加载模块:Public

[ 2018-08-21T17:06:16+08:00 ] ::1 /Kangli/Public/uploads/mobi/3052/1510556483_5913.jpg
ERR: 无法加载模块:Public

[ 2018-08-21T17:06:16+08:00 ] ::1 /Kangli/Public/Kangli/js/swiper.min.js.map
ERR: 无法加载模块:Public

[ 2018-08-21T17:06:19+08:00 ] ::1 /Kangli/Public/uploads/mobi/3052/1510556483_5913.jpg
ERR: 无法加载模块:Public

[ 2018-08-21T17:06:21+08:00 ] ::1 /Kangli/Public/uploads/mobi/3052/1510556483_5913.jpg
ERR: 无法加载模块:Public

[ 2018-08-21T17:06:21+08:00 ] ::1 /Kangli/Public/Kangli/js/swiper.min.js.map
ERR: 无法加载模块:Public

[ 2018-08-21T17:06:45+08:00 ] ::1 /Kangli/Public/Kangli/js/swiper.min.js.map
ERR: 无法加载模块:Public

[ 2018-08-21T17:06:45+08:00 ] ::1 /Kangli/Public/Kangli/js/lrz.all.bundle.js.map
ERR: 无法加载模块:Public

[ 2018-08-21T17:06:48+08:00 ] ::1 /Kangli/Public/Kangli/js/swiper.min.js.map
ERR: 无法加载模块:Public

[ 2018-08-21T17:06:58+08:00 ] ::1 /Kangli/Public/Kangli/js/swiper.min.js.map
ERR: 无法加载模块:Public

[ 2018-08-21T17:07:03+08:00 ] ::1 /Kangli/Public/Kangli/js/swiper.min.js.map
ERR: 无法加载模块:Public

[ 2018-08-21T17:07:03+08:00 ] ::1 /Kangli/Public/Kangli/js/swiper.min.js.map
ERR: 无法加载模块:Public

[ 2018-08-21T17:07:13+08:00 ] ::1 /Kangli/Public/Kangli/js/swiper.min.js.map
ERR: 无法加载模块:Public

[ 2018-08-21T17:07:16+08:00 ] ::1 /Kangli/Public/Kangli/js/swiper.min.js.map
ERR: 无法加载模块:Public

[ 2018-08-21T17:07:20+08:00 ] ::1 /Kangli/Public/Kangli/js/swiper.min.js.map
ERR: 无法加载模块:Public

[ 2018-08-21T17:07:24+08:00 ] ::1 /Kangli/Public/Kangli/js/swiper.min.js.map
ERR: 无法加载模块:Public

[ 2018-08-21T17:07:24+08:00 ] ::1 /Kangli/Public/Kangli/js/swiper.min.js.map
ERR: 无法加载模块:Public

[ 2018-08-21T17:07:59+08:00 ] ::1 /Kangli/Public/Kangli/js/swiper.min.js.map
ERR: 无法加载模块:Public

[ 2018-08-21T17:08:02+08:00 ] ::1 /Kangli/Public/uploads/mobi/3052/1510556483_5913.jpg
ERR: 无法加载模块:Public

[ 2018-08-21T17:08:03+08:00 ] ::1 /Kangli/Public/uploads/mobi/3052/1510556483_5913.jpg
ERR: 无法加载模块:Public

[ 2018-08-21T17:08:03+08:00 ] ::1 /Kangli/Public/Kangli/js/swiper.min.js.map
ERR: 无法加载模块:Public

[ 2018-08-21T17:08:38+08:00 ] ::1 /Kangli/Public/uploads/mobi/3052/1510556483_5913.jpg
ERR: 无法加载模块:Public

[ 2018-08-21T17:08:38+08:00 ] ::1 /Kangli/Public/Kangli/js/swiper.min.js.map
ERR: 无法加载模块:Public

[ 2018-08-21T17:08:44+08:00 ] ::1 /Kangli/Public/Kangli/js/swiper.min.js.map
ERR: 无法加载模块:Public

[ 2018-08-21T17:08:57+08:00 ] ::1 /Kangli/Public/Kangli/js/swiper.min.js.map
ERR: 无法加载模块:Public

[ 2018-08-21T17:09:02+08:00 ] ::1 /Kangli/Public/Kangli/js/swiper.min.js.map
ERR: 无法加载模块:Public

[ 2018-08-21T17:09:31+08:00 ] ::1 /Kangli/Public/Kangli/js/swiper.min.js.map
ERR: 无法加载模块:Public

[ 2018-08-21T17:09:41+08:00 ] ::1 /Kangli/Public/uploads/mobi/3052/1510556483_5913.jpg
ERR: 无法加载模块:Public

[ 2018-08-21T17:09:43+08:00 ] ::1 /Kangli/Public/uploads/mobi/3052/1510556483_5913.jpg
ERR: 无法加载模块:Public

[ 2018-08-21T17:09:43+08:00 ] ::1 /Kangli/Public/Kangli/js/swiper.min.js.map
ERR: 无法加载模块:Public

[ 2018-08-21T17:09:47+08:00 ] ::1 /Kangli/Public/Kangli/js/swiper.min.js.map
ERR: 无法加载模块:Public

[ 2018-08-21T17:09:54+08:00 ] ::1 /Kangli/Public/Kangli/js/swiper.min.js.map
ERR: 无法加载模块:Public

[ 2018-08-21T17:09:58+08:00 ] ::1 /Kangli/Public/Kangli/js/swiper.min.js.map
ERR: 无法加载模块:Public

[ 2018-08-21T17:10:02+08:00 ] ::1 /Kangli/Public/Kangli/js/swiper.min.js.map
ERR: 无法加载模块:Public

[ 2018-08-21T17:10:02+08:00 ] ::1 /Kangli/Public/Kangli/js/swiper.min.js.map
ERR: 无法加载模块:Public

[ 2018-08-21T17:15:22+08:00 ] ::1 /Kangli/Public/Kangli/js/swiper.min.js.map
ERR: 无法加载模块:Public

[ 2018-08-21T17:15:26+08:00 ] ::1 /Kangli/Public/Kangli/js/swiper.min.js.map
ERR: 无法加载模块:Public

[ 2018-08-21T17:15:26+08:00 ] ::1 /Kangli/Public/Kangli/js/swiper.min.js.map
ERR: 无法加载模块:Public

[ 2018-08-21T17:15:29+08:00 ] ::1 /Kangli/Public/Kangli/js/swiper.min.js.map
ERR: 无法加载模块:Public

[ 2018-08-21T17:15:34+08:00 ] ::1 /Kangli/Public/Kangli/js/swiper.min.js.map
ERR: 无法加载模块:Public

[ 2018-08-21T17:15:34+08:00 ] ::1 /Kangli/Public/Kangli/js/swiper.min.js.map
ERR: 无法加载模块:Public

[ 2018-08-21T17:15:37+08:00 ] ::1 /Kangli/Public/Kangli/js/swiper.min.js.map
ERR: 无法加载模块:Public

[ 2018-08-21T17:15:42+08:00 ] ::1 /Kangli/Public/Kangli/js/swiper.min.js.map
ERR: 无法加载模块:Public

[ 2018-08-21T17:15:42+08:00 ] ::1 /Kangli/Public/Kangli/js/swiper.min.js.map
ERR: 无法加载模块:Public

[ 2018-08-21T17:15:45+08:00 ] ::1 /Kangli/Public/Kangli/js/swiper.min.js.map
ERR: 无法加载模块:Public

[ 2018-08-21T17:15:54+08:00 ] ::1 /Kangli/Public/Kangli/js/swiper.min.js.map
ERR: 无法加载模块:Public

[ 2018-08-21T17:15:54+08:00 ] ::1 /Kangli/Public/Kangli/js/swiper.min.js.map
ERR: 无法加载模块:Public

[ 2018-08-21T17:15:57+08:00 ] ::1 /Kangli/Public/Kangli/js/swiper.min.js.map
ERR: 无法加载模块:Public

[ 2018-08-21T17:16:03+08:00 ] ::1 /Kangli/Public/Kangli/js/swiper.min.js.map
ERR: 无法加载模块:Public

[ 2018-08-21T17:16:03+08:00 ] ::1 /Kangli/Public/Kangli/js/swiper.min.js.map
ERR: 无法加载模块:Public

[ 2018-08-21T17:16:08+08:00 ] ::1 /Kangli/Public/Kangli/js/swiper.min.js.map
ERR: 无法加载模块:Public

[ 2018-08-21T17:16:12+08:00 ] ::1 /Kangli/Public/Kangli/js/swiper.min.js.map
ERR: 无法加载模块:Public

[ 2018-08-21T17:16:15+08:00 ] ::1 /Kangli/Public/Kangli/js/swiper.min.js.map
ERR: 无法加载模块:Public

[ 2018-08-21T17:16:17+08:00 ] ::1 /Kangli/Public/Kangli/js/swiper.min.js.map
ERR: 无法加载模块:Public

[ 2018-08-21T17:16:29+08:00 ] ::1 /Kangli/Public/Kangli/js/swiper.min.js.map
ERR: 无法加载模块:Public

[ 2018-08-21T17:16:39+08:00 ] ::1 /Kangli/Public/Kangli/js/swiper.min.js.map
ERR: 无法加载模块:Public

[ 2018-08-21T17:16:39+08:00 ] ::1 /Kangli/Public/Kangli/js/swiper.min.js.map
ERR: 无法加载模块:Public

[ 2018-08-21T17:16:47+08:00 ] ::1 /Kangli/Public/Kangli/js/swiper.min.js.map
ERR: 无法加载模块:Public

[ 2018-08-21T17:16:52+08:00 ] ::1 /Kangli/Public/Kangli/js/swiper.min.js.map
ERR: 无法加载模块:Public

[ 2018-08-21T17:16:52+08:00 ] ::1 /Kangli/Public/Kangli/js/swiper.min.js.map
ERR: 无法加载模块:Public

[ 2018-08-21T17:16:56+08:00 ] ::1 /Kangli/Public/Kangli/js/swiper.min.js.map
ERR: 无法加载模块:Public

[ 2018-08-21T17:16:58+08:00 ] ::1 /Kangli/Public/Kangli/js/swiper.min.js.map
ERR: 无法加载模块:Public

[ 2018-08-21T17:17:01+08:00 ] ::1 /Kangli/Public/Kangli/js/swiper.min.js.map
ERR: 无法加载模块:Public

[ 2018-08-21T17:17:04+08:00 ] ::1 /Kangli/Public/Kangli/js/swiper.min.js.map
ERR: 无法加载模块:Public

[ 2018-08-21T17:17:04+08:00 ] ::1 /Kangli/Public/Kangli/js/swiper.min.js.map
ERR: 无法加载模块:Public

[ 2018-08-21T17:17:08+08:00 ] ::1 /Kangli/Public/Kangli/js/swiper.min.js.map
ERR: 无法加载模块:Public

[ 2018-08-21T17:17:14+08:00 ] ::1 /Kangli/Public/Kangli/js/swiper.min.js.map
ERR: 无法加载模块:Public

[ 2018-08-21T17:17:18+08:00 ] ::1 /Kangli/Public/Kangli/js/swiper.min.js.map
ERR: 无法加载模块:Public

[ 2018-08-21T17:17:21+08:00 ] ::1 /Kangli/Public/Kangli/js/swiper.min.js.map
ERR: 无法加载模块:Public

[ 2018-08-21T17:17:21+08:00 ] ::1 /Kangli/Public/Kangli/js/swiper.min.js.map
ERR: 无法加载模块:Public

[ 2018-08-21T17:17:40+08:00 ] ::1 /Kangli/Public/uploads/mobi/3052/1510556483_5913.jpg
ERR: 无法加载模块:Public

[ 2018-08-21T17:17:41+08:00 ] ::1 /Kangli/Public/uploads/mobi/3052/1510556483_5913.jpg
ERR: 无法加载模块:Public

[ 2018-08-21T17:17:42+08:00 ] ::1 /Kangli/Public/Kangli/js/swiper.min.js.map
ERR: 无法加载模块:Public

[ 2018-08-21T17:18:58+08:00 ] ::1 /Kangli/Public/Kangli/js/swiper.min.js.map
ERR: 无法加载模块:Public

[ 2018-08-21T17:19:01+08:00 ] ::1 /Kangli/Public/Kangli/js/swiper.min.js.map
ERR: 无法加载模块:Public

[ 2018-08-21T17:19:01+08:00 ] ::1 /Kangli/Public/Kangli/js/swiper.min.js.map
ERR: 无法加载模块:Public

[ 2018-08-21T17:19:17+08:00 ] ::1 /Kangli/Public/Kangli/js/swiper.min.js.map
ERR: 无法加载模块:Public

[ 2018-08-21T17:19:19+08:00 ] ::1 /Kangli/Public/uploads/mobi/3052/1510556483_5913.jpg
ERR: 无法加载模块:Public

[ 2018-08-21T17:19:20+08:00 ] ::1 /Kangli/Public/uploads/mobi/3052/1510556483_5913.jpg
ERR: 无法加载模块:Public

[ 2018-08-21T17:19:20+08:00 ] ::1 /Kangli/Public/Kangli/js/swiper.min.js.map
ERR: 无法加载模块:Public

[ 2018-08-21T17:20:10+08:00 ] ::1 /Kangli/Public/Kangli/js/swiper.min.js.map
ERR: 无法加载模块:Public

[ 2018-08-21T17:20:10+08:00 ] ::1 /Kangli/Public/Kangli/js/swiper.min.js.map
ERR: 无法加载模块:Public

[ 2018-08-21T17:39:56+08:00 ] ::1 /Kangli/Public/mp/js/echarts/theme/default/layer.css?v=3.1.0
ERR: 无法加载模块:Public

[ 2018-08-21T17:49:46+08:00 ] ::1 /Kangli/Public/Kangli/js/swiper.min.js.map
ERR: 无法加载模块:Public

[ 2018-08-21T17:50:00+08:00 ] ::1 /Kangli/Public/Kangli/js/swiper.min.js.map
ERR: 无法加载模块:Public

[ 2018-08-21T17:50:06+08:00 ] ::1 /Kangli/Public/uploads/mobi/3052/1510556483_5913.jpg
ERR: 无法加载模块:Public

[ 2018-08-21T17:50:07+08:00 ] ::1 /Kangli/Public/uploads/mobi/3052/1510556483_5913.jpg
ERR: 无法加载模块:Public

[ 2018-08-21T17:50:07+08:00 ] ::1 /Kangli/Public/Kangli/js/swiper.min.js.map
ERR: 无法加载模块:Public

[ 2018-08-21T17:50:13+08:00 ] ::1 /Kangli/Public/Kangli/js/swiper.min.js.map
ERR: 无法加载模块:Public

[ 2018-08-21T17:50:17+08:00 ] ::1 /Kangli/Public/Kangli/js/swiper.min.js.map
ERR: 无法加载模块:Public

[ 2018-08-21T17:50:17+08:00 ] ::1 /Kangli/Public/Kangli/js/swiper.min.js.map
ERR: 无法加载模块:Public

[ 2018-08-21T17:50:29+08:00 ] ::1 /Kangli/Public/Kangli/js/swiper.min.js.map
ERR: 无法加载模块:Public

[ 2018-08-21T17:50:32+08:00 ] ::1 /Kangli/Public/Kangli/js/swiper.min.js.map
ERR: 无法加载模块:Public

[ 2018-08-21T17:50:32+08:00 ] ::1 /Kangli/Public/Kangli/js/swiper.min.js.map
ERR: 无法加载模块:Public

[ 2018-08-21T17:50:38+08:00 ] ::1 /Kangli/Public/uploads/mobi/3052/1510556483_5913.jpg
ERR: 无法加载模块:Public

[ 2018-08-21T17:50:38+08:00 ] ::1 /Kangli/Public/Kangli/js/swiper.min.js.map
ERR: 无法加载模块:Public

[ 2018-08-21T17:50:47+08:00 ] ::1 /Kangli/Public/uploads/mobi/3052/1510556483_5913.jpg
ERR: 无法加载模块:Public

[ 2018-08-21T17:50:47+08:00 ] ::1 /Kangli/Public/Kangli/js/swiper.min.js.map
ERR: 无法加载模块:Public

[ 2018-08-21T17:50:51+08:00 ] ::1 /Kangli/Public/uploads/mobi/3052/1510556483_5913.jpg
ERR: 无法加载模块:Public

[ 2018-08-21T17:50:51+08:00 ] ::1 /Kangli/Public/Kangli/js/swiper.min.js.map
ERR: 无法加载模块:Public

[ 2018-08-21T17:50:55+08:00 ] ::1 /Kangli/Public/uploads/mobi/3052/1510556483_5913.jpg
ERR: 无法加载模块:Public

[ 2018-08-21T17:50:55+08:00 ] ::1 /Kangli/Public/Kangli/js/swiper.min.js.map
ERR: 无法加载模块:Public

[ 2018-08-21T17:51:03+08:00 ] ::1 /Kangli/Public/uploads/mobi/3052/1510556483_5913.jpg
ERR: 无法加载模块:Public

[ 2018-08-21T17:51:03+08:00 ] ::1 /Kangli/Public/Kangli/js/swiper.min.js.map
ERR: 无法加载模块:Public

[ 2018-08-21T17:51:11+08:00 ] ::1 /Kangli/Public/Kangli/js/swiper.min.js.map
ERR: 无法加载模块:Public

[ 2018-08-21T17:51:11+08:00 ] ::1 /Kangli/Public/Kangli/js/swiper.min.js.map
ERR: 无法加载模块:Public

[ 2018-08-21T17:51:17+08:00 ] ::1 /Kangli/Public/Kangli/js/swiper.min.js.map
ERR: 无法加载模块:Public

[ 2018-08-21T17:51:19+08:00 ] ::1 /Kangli/Public/Kangli/js/swiper.min.js.map
ERR: 无法加载模块:Public

[ 2018-08-21T17:51:22+08:00 ] ::1 /Kangli/Public/Kangli/js/swiper.min.js.map
ERR: 无法加载模块:Public

[ 2018-08-21T17:51:26+08:00 ] ::1 /Kangli/Public/Kangli/js/swiper.min.js.map
ERR: 无法加载模块:Public

[ 2018-08-21T17:51:26+08:00 ] ::1 /Kangli/Public/Kangli/js/swiper.min.js.map
ERR: 无法加载模块:Public

[ 2018-08-21T17:51:30+08:00 ] ::1 /Kangli/Public/Kangli/js/swiper.min.js.map
ERR: 无法加载模块:Public

[ 2018-08-21T17:51:33+08:00 ] ::1 /Kangli/Public/Kangli/js/swiper.min.js.map
ERR: 无法加载模块:Public

[ 2018-08-21T17:51:33+08:00 ] ::1 /Kangli/Public/Kangli/js/swiper.min.js.map
ERR: 无法加载模块:Public

[ 2018-08-21T17:51:37+08:00 ] ::1 /Kangli/Public/Kangli/js/swiper.min.js.map
ERR: 无法加载模块:Public

[ 2018-08-21T17:51:50+08:00 ] ::1 /Kangli/Public/Kangli/js/swiper.min.js.map
ERR: 无法加载模块:Public

[ 2018-08-21T17:51:56+08:00 ] ::1 /Kangli/Public/Kangli/js/swiper.min.js.map
ERR: 无法加载模块:Public

[ 2018-08-21T17:52:01+08:00 ] ::1 /Kangli/Public/Kangli/js/swiper.min.js.map
ERR: 无法加载模块:Public

[ 2018-08-21T17:52:01+08:00 ] ::1 /Kangli/Public/Kangli/js/swiper.min.js.map
ERR: 无法加载模块:Public

[ 2018-08-21T17:52:04+08:00 ] ::1 /Kangli/Public/Kangli/js/swiper.min.js.map
ERR: 无法加载模块:Public

[ 2018-08-21T17:52:09+08:00 ] ::1 /Kangli/Public/Kangli/js/swiper.min.js.map
ERR: 无法加载模块:Public

[ 2018-08-21T17:52:16+08:00 ] ::1 /Kangli/Public/Kangli/js/swiper.min.js.map
ERR: 无法加载模块:Public

[ 2018-08-21T17:52:16+08:00 ] ::1 /Kangli/Public/Kangli/js/swiper.min.js.map
ERR: 无法加载模块:Public

[ 2018-08-21T17:52:31+08:00 ] ::1 /Kangli/Public/Kangli/js/swiper.min.js.map
ERR: 无法加载模块:Public

[ 2018-08-21T17:52:31+08:00 ] ::1 /Kangli/Public/Kangli/js/swiper.min.js.map
ERR: 无法加载模块:Public

[ 2018-08-21T17:52:36+08:00 ] ::1 /Kangli/Public/uploads/mobi/3052/1510641544_4101.jpg
ERR: 无法加载模块:Public

[ 2018-08-21T17:52:36+08:00 ] ::1 /Kangli/Public/Kangli/js/swiper.min.js.map
ERR: 无法加载模块:Public

[ 2018-08-21T17:52:40+08:00 ] ::1 /Kangli/Public/uploads/mobi/3052/1510641544_4101.jpg
ERR: 无法加载模块:Public

[ 2018-08-21T17:52:41+08:00 ] ::1 /Kangli/Public/Kangli/js/swiper.min.js.map
ERR: 无法加载模块:Public

[ 2018-08-21T17:52:49+08:00 ] ::1 /Kangli/Public/uploads/mobi/3052/1510556483_5913.jpg
ERR: 无法加载模块:Public

[ 2018-08-21T17:52:49+08:00 ] ::1 /Kangli/Public/Kangli/js/swiper.min.js.map
ERR: 无法加载模块:Public

[ 2018-08-21T17:53:15+08:00 ] ::1 /Kangli/Public/uploads/mobi/3052/1510556483_5913.jpg
ERR: 无法加载模块:Public

[ 2018-08-21T17:53:15+08:00 ] ::1 /Kangli/Public/Kangli/js/swiper.min.js.map
ERR: 无法加载模块:Public

[ 2018-08-21T17:53:32+08:00 ] ::1 /Kangli/Public/uploads/mobi/3052/1510556483_5913.jpg
ERR: 无法加载模块:Public

[ 2018-08-21T17:53:33+08:00 ] ::1 /Kangli/Public/uploads/mobi/3052/1510556483_5913.jpg
ERR: 无法加载模块:Public

[ 2018-08-21T17:53:34+08:00 ] ::1 /Kangli/Public/Kangli/js/swiper.min.js.map
ERR: 无法加载模块:Public

[ 2018-08-21T17:54:24+08:00 ] ::1 /Kangli/Public/uploads/mobi/3052/1510556483_5913.jpg
ERR: 无法加载模块:Public

[ 2018-08-21T17:54:25+08:00 ] ::1 /Kangli/Public/Kangli/js/swiper.min.js.map
ERR: 无法加载模块:Public

[ 2018-08-21T17:54:28+08:00 ] ::1 /Kangli/Public/uploads/mobi/3052/1510556483_5913.jpg
ERR: 无法加载模块:Public

[ 2018-08-21T17:54:29+08:00 ] ::1 /Kangli/Public/uploads/mobi/3052/1510556483_5913.jpg
ERR: 无法加载模块:Public

[ 2018-08-21T17:54:29+08:00 ] ::1 /Kangli/Public/Kangli/js/swiper.min.js.map
ERR: 无法加载模块:Public

[ 2018-08-21T17:54:40+08:00 ] ::1 /Kangli/Public/Kangli/js/swiper.min.js.map
ERR: 无法加载模块:Public

[ 2018-08-21T17:54:49+08:00 ] ::1 /Kangli/Public/Kangli/js/swiper.min.js.map
ERR: 无法加载模块:Public

[ 2018-08-21T17:54:53+08:00 ] ::1 /Kangli/Public/Kangli/js/swiper.min.js.map
ERR: 无法加载模块:Public

[ 2018-08-21T17:54:57+08:00 ] ::1 /Kangli/Public/uploads/mobi/3052/1510556483_5913.jpg
ERR: 无法加载模块:Public

[ 2018-08-21T17:54:57+08:00 ] ::1 /Kangli/Public/Kangli/js/swiper.min.js.map
ERR: 无法加载模块:Public

[ 2018-08-21T17:55:12+08:00 ] ::1 /Kangli/Public/Kangli/js/swiper.min.js.map
ERR: 无法加载模块:Public

[ 2018-08-21T17:55:16+08:00 ] ::1 /Kangli/Public/Kangli/js/swiper.min.js.map
ERR: 无法加载模块:Public

[ 2018-08-21T17:55:16+08:00 ] ::1 /Kangli/Public/Kangli/js/swiper.min.js.map
ERR: 无法加载模块:Public

[ 2018-08-21T17:55:39+08:00 ] ::1 /Kangli/Public/Kangli/js/swiper.min.js.map
ERR: 无法加载模块:Public

[ 2018-08-21T17:55:41+08:00 ] ::1 /Kangli/Public/Kangli/js/swiper.min.js.map
ERR: 无法加载模块:Public

[ 2018-08-21T17:55:44+08:00 ] ::1 /Kangli/Public/Kangli/js/swiper.min.js.map
ERR: 无法加载模块:Public

[ 2018-08-21T17:55:47+08:00 ] ::1 /Kangli/Public/Kangli/js/swiper.min.js.map
ERR: 无法加载模块:Public

[ 2018-08-21T17:55:47+08:00 ] ::1 /Kangli/Public/Kangli/js/swiper.min.js.map
ERR: 无法加载模块:Public

[ 2018-08-21T17:56:02+08:00 ] ::1 /Kangli/Public/Kangli/js/swiper.min.js.map
ERR: 无法加载模块:Public

[ 2018-08-21T17:56:08+08:00 ] ::1 /Kangli/Public/Kangli/js/swiper.min.js.map
ERR: 无法加载模块:Public

[ 2018-08-21T17:56:09+08:00 ] ::1 /Kangli/Public/Kangli/js/swiper.min.js.map
ERR: 无法加载模块:Public

[ 2018-08-21T17:56:12+08:00 ] ::1 /Kangli/Public/Kangli/js/swiper.min.js.map
ERR: 无法加载模块:Public

[ 2018-08-21T17:56:22+08:00 ] ::1 /Kangli/Public/uploads/mobi/3052/1510556483_5913.jpg
ERR: 无法加载模块:Public

[ 2018-08-21T17:56:23+08:00 ] ::1 /Kangli/Public/uploads/mobi/3052/1510556483_5913.jpg
ERR: 无法加载模块:Public

[ 2018-08-21T17:56:23+08:00 ] ::1 /Kangli/Public/Kangli/js/swiper.min.js.map
ERR: 无法加载模块:Public

[ 2018-08-21T17:56:29+08:00 ] ::1 /Kangli/Public/Kangli/js/swiper.min.js.map
ERR: 无法加载模块:Public

[ 2018-08-21T17:56:29+08:00 ] ::1 /Kangli/Public/Kangli/js/swiper.min.js.map
ERR: 无法加载模块:Public

[ 2018-08-21T17:56:35+08:00 ] ::1 /Kangli/Public/Kangli/js/swiper.min.js.map
ERR: 无法加载模块:Public

[ 2018-08-21T17:56:37+08:00 ] ::1 /Kangli/Public/Kangli/js/swiper.min.js.map
ERR: 无法加载模块:Public

[ 2018-08-21T17:56:37+08:00 ] ::1 /Kangli/Public/Kangli/js/swiper.min.js.map
ERR: 无法加载模块:Public

[ 2018-08-21T17:56:41+08:00 ] ::1 /Kangli/Public/uploads/mobi/3052/1510556483_5913.jpg
ERR: 无法加载模块:Public

[ 2018-08-21T17:56:41+08:00 ] ::1 /Kangli/Public/Kangli/js/swiper.min.js.map
ERR: 无法加载模块:Public

[ 2018-08-21T17:56:45+08:00 ] ::1 /Kangli/Public/uploads/mobi/3052/1510556483_5913.jpg
ERR: 无法加载模块:Public

[ 2018-08-21T17:56:45+08:00 ] ::1 /Kangli/Public/Kangli/js/swiper.min.js.map
ERR: 无法加载模块:Public

[ 2018-08-21T17:56:53+08:00 ] ::1 /Kangli/Public/uploads/mobi/3052/1510556483_5913.jpg
ERR: 无法加载模块:Public

[ 2018-08-21T17:56:53+08:00 ] ::1 /Kangli/Public/Kangli/js/swiper.min.js.map
ERR: 无法加载模块:Public

[ 2018-08-21T17:56:56+08:00 ] ::1 /Kangli/Public/uploads/mobi/3052/1510556483_5913.jpg
ERR: 无法加载模块:Public

[ 2018-08-21T17:56:56+08:00 ] ::1 /Kangli/Public/Kangli/js/swiper.min.js.map
ERR: 无法加载模块:Public

[ 2018-08-21T17:57:18+08:00 ] ::1 /Kangli/Public/uploads/mobi/3052/1510556483_5913.jpg
ERR: 无法加载模块:Public

[ 2018-08-21T17:57:18+08:00 ] ::1 /Kangli/Public/Kangli/js/swiper.min.js.map
ERR: 无法加载模块:Public

[ 2018-08-21T17:57:23+08:00 ] ::1 /Kangli/Public/uploads/mobi/3052/1510556483_5913.jpg
ERR: 无法加载模块:Public

[ 2018-08-21T17:57:23+08:00 ] ::1 /Kangli/Public/Kangli/js/swiper.min.js.map
ERR: 无法加载模块:Public

[ 2018-08-21T17:57:38+08:00 ] ::1 /Kangli/Public/uploads/mobi/3052/1510556483_5913.jpg
ERR: 无法加载模块:Public

[ 2018-08-21T17:57:39+08:00 ] ::1 /Kangli/Public/uploads/mobi/3052/1510556483_5913.jpg
ERR: 无法加载模块:Public

[ 2018-08-21T17:57:39+08:00 ] ::1 /Kangli/Public/Kangli/js/swiper.min.js.map
ERR: 无法加载模块:Public

[ 2018-08-21T17:57:45+08:00 ] ::1 /Kangli/Public/uploads/mobi/3052/1510556483_5913.jpg
ERR: 无法加载模块:Public

[ 2018-08-21T17:57:46+08:00 ] ::1 /Kangli/Public/uploads/mobi/3052/1510556483_5913.jpg
ERR: 无法加载模块:Public

[ 2018-08-21T17:57:46+08:00 ] ::1 /Kangli/Public/Kangli/js/swiper.min.js.map
ERR: 无法加载模块:Public

[ 2018-08-21T18:25:52+08:00 ] ::1 /Kangli/Public/Kangli/js/swiper.min.js.map
ERR: 无法加载模块:Public

[ 2018-08-21T18:25:52+08:00 ] ::1 /Kangli/Public/Kangli/js/swiper.min.js.map
ERR: 无法加载模块:Public

[ 2018-08-21T18:26:01+08:00 ] ::1 /Kangli/Public/Kangli/js/swiper.min.js.map
ERR: 无法加载模块:Public

[ 2018-08-21T18:26:05+08:00 ] ::1 /Kangli/Public/Kangli/js/swiper.min.js.map
ERR: 无法加载模块:Public

[ 2018-08-21T18:26:05+08:00 ] ::1 /Kangli/Public/Kangli/js/swiper.min.js.map
ERR: 无法加载模块:Public

[ 2018-08-21T18:26:49+08:00 ] ::1 /Kangli/Public/Kangli/js/swiper.min.js.map
ERR: 无法加载模块:Public

[ 2018-08-21T18:26:59+08:00 ] ::1 /Kangli/Public/Kangli/js/swiper.min.js.map
ERR: 无法加载模块:Public

[ 2018-08-21T18:26:59+08:00 ] ::1 /Kangli/Public/Kangli/js/swiper.min.js.map
ERR: 无法加载模块:Public

[ 2018-08-21T18:27:31+08:00 ] ::1 /Kangli/Public/Kangli/js/swiper.min.js.map
ERR: 无法加载模块:Public

[ 2018-08-21T18:32:04+08:00 ] ::1 /Kangli/Public/Kangli/js/swiper.min.js.map
ERR: 无法加载模块:Public

[ 2018-08-21T18:32:04+08:00 ] ::1 /Kangli/Public/Kangli/js/swiper.min.js.map
ERR: 无法加载模块:Public

[ 2018-08-21T18:33:41+08:00 ] ::1 /Kangli/Public/Kangli/js/swiper.min.js.map
ERR: 无法加载模块:Public

[ 2018-08-21T18:33:45+08:00 ] ::1 /Kangli/Public/Kangli/js/swiper.min.js.map
ERR: 无法加载模块:Public

[ 2018-08-21T18:33:45+08:00 ] ::1 /Kangli/Public/Kangli/js/swiper.min.js.map
ERR: 无法加载模块:Public

[ 2018-08-21T18:33:49+08:00 ] ::1 /Kangli/Public/Kangli/js/swiper.min.js.map
ERR: 无法加载模块:Public

[ 2018-08-21T18:33:51+08:00 ] ::1 /Kangli/Public/Kangli/js/swiper.min.js.map
ERR: 无法加载模块:Public

[ 2018-08-21T18:33:51+08:00 ] ::1 /Kangli/Public/Kangli/js/swiper.min.js.map
ERR: 无法加载模块:Public

[ 2018-08-21T18:33:57+08:00 ] ::1 /Kangli/Public/Kangli/js/swiper.min.js.map
ERR: 无法加载模块:Public

[ 2018-08-21T18:34:01+08:00 ] ::1 /Kangli/Public/Kangli/js/swiper.min.js.map
ERR: 无法加载模块:Public

[ 2018-08-21T18:34:01+08:00 ] ::1 /Kangli/Public/Kangli/js/swiper.min.js.map
ERR: 无法加载模块:Public

[ 2018-08-21T18:42:49+08:00 ] ::1 /Kangli/Public/Kangli/js/swiper.min.js.map
ERR: 无法加载模块:Public

[ 2018-08-21T18:43:03+08:00 ] ::1 /Kangli/Public/Kangli/js/swiper.min.js.map
ERR: 无法加载模块:Public

[ 2018-08-21T18:43:14+08:00 ] ::1 /Kangli/Public/Kangli/js/swiper.min.js.map
ERR: 无法加载模块:Public

[ 2018-08-21T18:43:45+08:00 ] ::1 /Kangli/Public/Kangli/js/swiper.min.js.map
ERR: 无法加载模块:Public

[ 2018-08-21T18:43:49+08:00 ] ::1 /Kangli/Public/Kangli/js/swiper.min.js.map
ERR: 无法加载模块:Public

[ 2018-08-21T18:44:53+08:00 ] ::1 /Kangli/Public/Kangli/js/swiper.min.js.map
ERR: 无法加载模块:Public

[ 2018-08-21T18:44:57+08:00 ] ::1 /Kangli/Public/Kangli/js/swiper.min.js.map
ERR: 无法加载模块:Public

[ 2018-08-21T18:45:06+08:00 ] ::1 /Kangli/Public/Kangli/js/swiper.min.js.map
ERR: 无法加载模块:Public

[ 2018-08-21T18:45:15+08:00 ] ::1 /Kangli/Public/Kangli/js/swiper.min.js.map
ERR: 无法加载模块:Public

[ 2018-08-21T18:45:21+08:00 ] ::1 /Kangli/Public/Kangli/js/swiper.min.js.map
ERR: 无法加载模块:Public

[ 2018-08-21T18:45:25+08:00 ] ::1 /Kangli/Public/Kangli/js/swiper.min.js.map
ERR: 无法加载模块:Public

[ 2018-08-21T18:45:30+08:00 ] ::1 /Kangli/Public/Kangli/js/swiper.min.js.map
ERR: 无法加载模块:Public

[ 2018-08-21T18:45:30+08:00 ] ::1 /Kangli/Public/Kangli/js/swiper.min.js.map
ERR: 无法加载模块:Public

[ 2018-08-21T18:45:34+08:00 ] ::1 /Kangli/Public/Kangli/js/swiper.min.js.map
ERR: 无法加载模块:Public

[ 2018-08-21T18:47:11+08:00 ] ::1 /Kangli/Public/Kangli/js/swiper.min.js.map
ERR: 无法加载模块:Public

[ 2018-08-21T18:47:11+08:00 ] ::1 /Kangli/Public/Kangli/js/swiper.min.js.map
ERR: 无法加载模块:Public

[ 2018-08-21T18:53:45+08:00 ] ::1 /Kangli/Public/Kangli/js/swiper.min.js.map
ERR: 无法加载模块:Public

[ 2018-08-21T18:53:53+08:00 ] ::1 /Kangli/Public/Kangli/js/swiper.min.js.map
ERR: 无法加载模块:Public

[ 2018-08-21T18:53:56+08:00 ] ::1 /Kangli/Public/Kangli/js/swiper.min.js.map
ERR: 无法加载模块:Public

[ 2018-08-21T18:54:04+08:00 ] ::1 /Kangli/Public/Kangli/js/swiper.min.js.map
ERR: 无法加载模块:Public

[ 2018-08-21T18:54:07+08:00 ] ::1 /Kangli/Public/Kangli/js/swiper.min.js.map
ERR: 无法加载模块:Public

