[ 2018-04-13T18:34:53+08:00 ] 127.0.0.1 /Kangli/Public/uploads/product/9999/1498032207_1235.png
INFO: [ app_init ] --START--
INFO: Run Behavior\BuildLiteBehavior [ RunTime:0.000000s ]
INFO: [ app_init ] --END-- [ RunTime:0.001000s ]
ERR: 无法加载模块:Public

[ 2018-04-13T18:34:55+08:00 ] 127.0.0.1 /Kangli/Public/uploads/product/9999/1498032207_1235.png
INFO: [ app_init ] --START--
INFO: Run Behavior\BuildLiteBehavior [ RunTime:0.000000s ]
INFO: [ app_init ] --END-- [ RunTime:0.000000s ]
ERR: 无法加载模块:Public

[ 2018-04-13T18:35:27+08:00 ] 127.0.0.1 /Kangli/Public/uploads/product/9999/1498032207_1235.png
INFO: [ app_init ] --START--
INFO: Run Behavior\BuildLiteBehavior [ RunTime:0.000000s ]
INFO: [ app_init ] --END-- [ RunTime:0.001000s ]
ERR: 无法加载模块:Public

[ 2018-04-13T18:35:50+08:00 ] 127.0.0.1 /Kangli/Public/uploads/product/9999/1498032207_1235.png
INFO: [ app_init ] --START--
INFO: Run Behavior\BuildLiteBehavior [ RunTime:0.000000s ]
INFO: [ app_init ] --END-- [ RunTime:0.000000s ]
ERR: 无法加载模块:Public

