[ 2018-09-06T09:30:08+08:00 ] ::1 /Kangli/Public/uploads/mobi/3052/1510556483_5913.jpg
ERR: 无法加载模块:Public

[ 2018-09-06T09:30:11+08:00 ] ::1 /Kangli/Public/uploads/mobi/3052/1510556483_5913.jpg
ERR: 无法加载模块:Public

[ 2018-09-06T09:30:57+08:00 ] ::1 /Kangli/Public/uploads/mobi/3052/1510556483_5913.jpg
ERR: 无法加载模块:Public

[ 2018-09-06T09:31:26+08:00 ] ::1 /Kangli/Public/uploads/mobi/3052/1510556483_5913.jpg
ERR: 无法加载模块:Public

[ 2018-09-06T09:32:44+08:00 ] ::1 /Kangli/Public/uploads/mobi/3052/1510556483_5913.jpg
ERR: 无法加载模块:Public

[ 2018-09-06T09:32:44+08:00 ] ::1 /Kangli/Public/uploads/mobi/9999/1535515250_2586.jpg
ERR: 无法加载模块:Public

[ 2018-09-06T09:32:45+08:00 ] ::1 /Kangli/Public/uploads/mobi/3052/1510556483_5913.jpg
ERR: 无法加载模块:Public

[ 2018-09-06T09:32:45+08:00 ] ::1 /Kangli/Public/uploads/mobi/9999/1535515250_2586.jpg
ERR: 无法加载模块:Public

[ 2018-09-06T09:32:52+08:00 ] ::1 /Kangli/Public/uploads/mobi/3052/1510556483_5913.jpg
ERR: 无法加载模块:Public

[ 2018-09-06T09:32:55+08:00 ] ::1 /Kangli/Public/uploads/mobi/3052/1510556483_5913.jpg
ERR: 无法加载模块:Public

[ 2018-09-06T09:32:55+08:00 ] ::1 /Kangli/Public/uploads/mobi/9999/1535515250_2586.jpg
ERR: 无法加载模块:Public

[ 2018-09-06T09:32:57+08:00 ] ::1 /Kangli/Public/uploads/mobi/3052/1510556483_5913.jpg
ERR: 无法加载模块:Public

[ 2018-09-06T09:32:57+08:00 ] ::1 /Kangli/Public/uploads/mobi/9999/1535515250_2586.jpg
ERR: 无法加载模块:Public

[ 2018-09-06T09:35:48+08:00 ] ::1 /Kangli/Public/uploads/mobi/3052/1510556483_5913.jpg
ERR: 无法加载模块:Public

[ 2018-09-06T09:35:48+08:00 ] ::1 /Kangli/Public/uploads/mobi/9999/1535515250_2586.jpg
ERR: 无法加载模块:Public

[ 2018-09-06T09:35:51+08:00 ] ::1 /Kangli/Public/uploads/mobi/3052/1510556483_5913.jpg
ERR: 无法加载模块:Public

[ 2018-09-06T09:35:51+08:00 ] ::1 /Kangli/Public/uploads/mobi/9999/1535515250_2586.jpg
ERR: 无法加载模块:Public

[ 2018-09-06T09:35:53+08:00 ] ::1 /Kangli/Public/uploads/mobi/3052/1510556483_5913.jpg
ERR: 无法加载模块:Public

[ 2018-09-06T09:35:53+08:00 ] ::1 /Kangli/Public/uploads/mobi/9999/1535515250_2586.jpg
ERR: 无法加载模块:Public

[ 2018-09-06T09:36:09+08:00 ] ::1 /Kangli/Public/uploads/mobi/9999/1535515250_2586.jpg
ERR: 无法加载模块:Public

[ 2018-09-06T09:36:09+08:00 ] ::1 /Kangli/Public/uploads/mobi/3052/1510556483_5913.jpg
ERR: 无法加载模块:Public

[ 2018-09-06T09:36:26+08:00 ] ::1 /Kangli/Public/uploads/mobi/3052/1510556483_5913.jpg
ERR: 无法加载模块:Public

[ 2018-09-06T09:36:26+08:00 ] ::1 /Kangli/Public/uploads/mobi/9999/1535515250_2586.jpg
ERR: 无法加载模块:Public

[ 2018-09-06T09:36:28+08:00 ] ::1 /Kangli/Public/uploads/mobi/3052/1510556483_5913.jpg
ERR: 无法加载模块:Public

[ 2018-09-06T09:36:28+08:00 ] ::1 /Kangli/Public/uploads/mobi/9999/1535515250_2586.jpg
ERR: 无法加载模块:Public

[ 2018-09-06T09:36:44+08:00 ] ::1 /Kangli/Public/uploads/mobi/3052/1510556483_5913.jpg
ERR: 无法加载模块:Public

[ 2018-09-06T09:36:44+08:00 ] ::1 /Kangli/Public/uploads/mobi/9999/1535515250_2586.jpg
ERR: 无法加载模块:Public

[ 2018-09-06T09:36:47+08:00 ] ::1 /Kangli/Public/uploads/mobi/3052/1510556483_5913.jpg
ERR: 无法加载模块:Public

[ 2018-09-06T09:36:52+08:00 ] ::1 /Kangli/Public/uploads/mobi/3052/1510556483_5913.jpg
ERR: 无法加载模块:Public

[ 2018-09-06T09:36:55+08:00 ] ::1 /Kangli/Public/uploads/mobi/3052/1510556483_5913.jpg
ERR: 无法加载模块:Public

[ 2018-09-06T09:36:56+08:00 ] ::1 /Kangli/Public/uploads/mobi/3052/1510556483_5913.jpg
ERR: 无法加载模块:Public

[ 2018-09-06T09:36:58+08:00 ] ::1 /Kangli/Public/uploads/mobi/9999/1535515250_2586.jpg
ERR: 无法加载模块:Public

[ 2018-09-06T09:36:58+08:00 ] ::1 /Kangli/Public/uploads/mobi/3052/1510556483_5913.jpg
ERR: 无法加载模块:Public

[ 2018-09-06T09:37:00+08:00 ] ::1 /Kangli/Public/uploads/mobi/3052/1510556483_5913.jpg
ERR: 无法加载模块:Public

[ 2018-09-06T09:37:00+08:00 ] ::1 /Kangli/Public/uploads/mobi/9999/1535515250_2586.jpg
ERR: 无法加载模块:Public

[ 2018-09-06T09:37:41+08:00 ] ::1 /Kangli/Public/uploads/mobi/3052/1510556483_5913.jpg
ERR: 无法加载模块:Public

[ 2018-09-06T09:38:30+08:00 ] ::1 /Kangli/Public/uploads/mobi/3052/1510556483_5913.jpg
ERR: 无法加载模块:Public

[ 2018-09-06T09:38:32+08:00 ] ::1 /Kangli/Public/uploads/mobi/3052/1510556483_5913.jpg
ERR: 无法加载模块:Public

[ 2018-09-06T09:39:28+08:00 ] ::1 /Kangli/Public/uploads/mobi/3052/1510556483_5913.jpg
ERR: 无法加载模块:Public

[ 2018-09-06T09:39:28+08:00 ] ::1 /Kangli/Public/uploads/mobi/9999/1535515250_2586.jpg
ERR: 无法加载模块:Public

[ 2018-09-06T09:39:29+08:00 ] ::1 /Kangli/Public/uploads/mobi/3052/1510556483_5913.jpg
ERR: 无法加载模块:Public

[ 2018-09-06T09:39:29+08:00 ] ::1 /Kangli/Public/uploads/mobi/9999/1535515250_2586.jpg
ERR: 无法加载模块:Public

[ 2018-09-06T09:39:45+08:00 ] ::1 /Kangli/Public/uploads/mobi/3052/1510556483_5913.jpg
ERR: 无法加载模块:Public

[ 2018-09-06T09:39:51+08:00 ] ::1 /Kangli/Public/uploads/mobi/3052/1510556483_5913.jpg
ERR: 无法加载模块:Public

[ 2018-09-06T09:39:51+08:00 ] ::1 /Kangli/Public/uploads/mobi/9999/1535515250_2586.jpg
ERR: 无法加载模块:Public

[ 2018-09-06T09:41:23+08:00 ] ::1 /Kangli/Public/uploads/mobi/3052/1510556483_5913.jpg
ERR: 无法加载模块:Public

[ 2018-09-06T09:41:23+08:00 ] ::1 /Kangli/Public/uploads/mobi/9999/1535515250_2586.jpg
ERR: 无法加载模块:Public

[ 2018-09-06T09:41:25+08:00 ] ::1 /Kangli/Public/uploads/mobi/3052/1510556483_5913.jpg
ERR: 无法加载模块:Public

[ 2018-09-06T09:41:25+08:00 ] ::1 /Kangli/Public/uploads/mobi/9999/1535515250_2586.jpg
ERR: 无法加载模块:Public

[ 2018-09-06T09:42:16+08:00 ] ::1 /Kangli/Public/uploads/mobi/3052/1510556483_5913.jpg
ERR: 无法加载模块:Public

[ 2018-09-06T09:42:16+08:00 ] ::1 /Kangli/Public/uploads/mobi/9999/1535515250_2586.jpg
ERR: 无法加载模块:Public

[ 2018-09-06T09:44:49+08:00 ] ::1 /Kangli/Public/uploads/mobi/3052/1510556483_5913.jpg
ERR: 无法加载模块:Public

[ 2018-09-06T09:44:49+08:00 ] ::1 /Kangli/Public/uploads/mobi/9999/1535515250_2586.jpg
ERR: 无法加载模块:Public

[ 2018-09-06T09:44:50+08:00 ] ::1 /Kangli/Public/uploads/mobi/3052/1510556483_5913.jpg
ERR: 无法加载模块:Public

[ 2018-09-06T09:44:50+08:00 ] ::1 /Kangli/Public/uploads/mobi/9999/1535515250_2586.jpg
ERR: 无法加载模块:Public

[ 2018-09-06T09:44:52+08:00 ] ::1 /Kangli/Public/uploads/mobi/9999/1535515250_2586.jpg
ERR: 无法加载模块:Public

[ 2018-09-06T09:44:52+08:00 ] ::1 /Kangli/Public/uploads/mobi/3052/1510556483_5913.jpg
ERR: 无法加载模块:Public

[ 2018-09-06T09:44:56+08:00 ] ::1 /Kangli/Public/uploads/mobi/3052/1510556483_5913.jpg
ERR: 无法加载模块:Public

[ 2018-09-06T09:44:57+08:00 ] ::1 /Kangli/Public/uploads/mobi/9999/1535515250_2586.jpg
ERR: 无法加载模块:Public

[ 2018-09-06T09:44:58+08:00 ] ::1 /Kangli/Public/uploads/mobi/3052/1510556483_5913.jpg
ERR: 无法加载模块:Public

[ 2018-09-06T09:44:58+08:00 ] ::1 /Kangli/Public/uploads/mobi/9999/1535515250_2586.jpg
ERR: 无法加载模块:Public

[ 2018-09-06T09:48:40+08:00 ] ::1 /Kangli/Public/uploads/mobi/3052/1510556483_5913.jpg
ERR: 无法加载模块:Public

[ 2018-09-06T09:48:40+08:00 ] ::1 /Kangli/Public/uploads/mobi/9999/1535515250_2586.jpg
ERR: 无法加载模块:Public

[ 2018-09-06T09:49:32+08:00 ] ::1 /Kangli/Public/uploads/mobi/3052/1510556483_5913.jpg
ERR: 无法加载模块:Public

[ 2018-09-06T09:49:39+08:00 ] ::1 /Kangli/Public/uploads/mobi/3052/1510556483_5913.jpg
ERR: 无法加载模块:Public

[ 2018-09-06T09:49:39+08:00 ] ::1 /Kangli/Public/uploads/mobi/9999/1535515250_2586.jpg
ERR: 无法加载模块:Public

[ 2018-09-06T09:49:40+08:00 ] ::1 /Kangli/Public/uploads/mobi/3052/1510556483_5913.jpg
ERR: 无法加载模块:Public

[ 2018-09-06T09:49:40+08:00 ] ::1 /Kangli/Public/uploads/mobi/9999/1535515250_2586.jpg
ERR: 无法加载模块:Public

[ 2018-09-06T09:50:06+08:00 ] ::1 /Kangli/Public/uploads/mobi/3052/1510556483_5913.jpg
ERR: 无法加载模块:Public

[ 2018-09-06T09:50:06+08:00 ] ::1 /Kangli/Public/uploads/mobi/9999/1535515250_2586.jpg
ERR: 无法加载模块:Public

[ 2018-09-06T09:50:08+08:00 ] ::1 /Kangli/Public/uploads/mobi/3052/1510556483_5913.jpg
ERR: 无法加载模块:Public

[ 2018-09-06T09:50:08+08:00 ] ::1 /Kangli/Public/uploads/mobi/9999/1535515250_2586.jpg
ERR: 无法加载模块:Public

[ 2018-09-06T09:50:12+08:00 ] ::1 /Kangli/Public/uploads/mobi/3052/1510556483_5913.jpg
ERR: 无法加载模块:Public

[ 2018-09-06T09:50:35+08:00 ] ::1 /Kangli/Public/uploads/mobi/3052/1510556483_5913.jpg
ERR: 无法加载模块:Public

[ 2018-09-06T09:50:35+08:00 ] ::1 /Kangli/Public/uploads/mobi/9999/1535515250_2586.jpg
ERR: 无法加载模块:Public

[ 2018-09-06T09:50:36+08:00 ] ::1 /Kangli/Public/uploads/mobi/3052/1510556483_5913.jpg
ERR: 无法加载模块:Public

[ 2018-09-06T09:50:36+08:00 ] ::1 /Kangli/Public/uploads/mobi/9999/1535515250_2586.jpg
ERR: 无法加载模块:Public

[ 2018-09-06T09:51:07+08:00 ] ::1 /Kangli/Public/uploads/mobi/3052/1510556483_5913.jpg
ERR: 无法加载模块:Public

[ 2018-09-06T09:51:07+08:00 ] ::1 /Kangli/Public/uploads/mobi/9999/1535515250_2586.jpg
ERR: 无法加载模块:Public

[ 2018-09-06T09:51:12+08:00 ] ::1 /Kangli/Public/uploads/mobi/3052/1510556483_5913.jpg
ERR: 无法加载模块:Public

[ 2018-09-06T09:51:12+08:00 ] ::1 /Kangli/Public/uploads/mobi/9999/1535515250_2586.jpg
ERR: 无法加载模块:Public

[ 2018-09-06T09:51:13+08:00 ] ::1 /Kangli/Public/uploads/mobi/3052/1510556483_5913.jpg
ERR: 无法加载模块:Public

[ 2018-09-06T09:51:13+08:00 ] ::1 /Kangli/Public/uploads/mobi/9999/1535515250_2586.jpg
ERR: 无法加载模块:Public

[ 2018-09-06T10:13:22+08:00 ] ::1 /Kangli/Public/uploads/mobi/3052/1510556483_5913.jpg
ERR: 无法加载模块:Public

[ 2018-09-06T10:13:22+08:00 ] ::1 /Kangli/Public/uploads/mobi/9999/1535515250_2586.jpg
ERR: 无法加载模块:Public

[ 2018-09-06T10:13:24+08:00 ] ::1 /Kangli/Public/uploads/mobi/3052/1510556483_5913.jpg
ERR: 无法加载模块:Public

[ 2018-09-06T10:13:24+08:00 ] ::1 /Kangli/Public/uploads/mobi/9999/1535515250_2586.jpg
ERR: 无法加载模块:Public

[ 2018-09-06T10:27:00+08:00 ] ::1 /Kangli/Public/uploads/mobi/3052/1510556483_5913.jpg
ERR: 无法加载模块:Public

[ 2018-09-06T10:28:00+08:00 ] ::1 /Kangli/Public/uploads/mobi/3052/1510556483_5913.jpg
ERR: 无法加载模块:Public

[ 2018-09-06T10:34:11+08:00 ] ::1 /Kangli/Public/uploads/mobi/3052/1510556483_5913.jpg
ERR: 无法加载模块:Public

[ 2018-09-06T10:34:14+08:00 ] ::1 /Kangli/Public/uploads/mobi/3052/1510556483_5913.jpg
ERR: 无法加载模块:Public

[ 2018-09-06T10:34:26+08:00 ] ::1 /Kangli/Public/uploads/mobi/3052/1510556483_5913.jpg
ERR: 无法加载模块:Public

[ 2018-09-06T10:41:50+08:00 ] ::1 /Kangli/Public/uploads/mobi/3052/1510556483_5913.jpg
ERR: 无法加载模块:Public

[ 2018-09-06T10:41:55+08:00 ] ::1 /Kangli/Public/uploads/mobi/3052/1510556483_5913.jpg
ERR: 无法加载模块:Public

[ 2018-09-06T10:42:01+08:00 ] ::1 /Kangli/Public/uploads/mobi/3052/1510556483_5913.jpg
ERR: 无法加载模块:Public

[ 2018-09-06T10:42:01+08:00 ] ::1 /Kangli/Public/uploads/mobi/9999/1535515250_2586.jpg
ERR: 无法加载模块:Public

[ 2018-09-06T10:43:08+08:00 ] ::1 /Kangli/Public/uploads/mobi/3052/1510556483_5913.jpg
ERR: 无法加载模块:Public

[ 2018-09-06T10:43:08+08:00 ] ::1 /Kangli/Public/uploads/mobi/9999/1535515250_2586.jpg
ERR: 无法加载模块:Public

[ 2018-09-06T10:45:28+08:00 ] ::1 /Kangli/Public/uploads/mobi/3052/1510556483_5913.jpg
ERR: 无法加载模块:Public

[ 2018-09-06T10:45:34+08:00 ] ::1 /Kangli/Public/uploads/mobi/3052/1510556483_5913.jpg
ERR: 无法加载模块:Public

[ 2018-09-06T10:47:16+08:00 ] ::1 /Kangli/Public/uploads/mobi/3052/1510556483_5913.jpg
ERR: 无法加载模块:Public

[ 2018-09-06T10:47:16+08:00 ] ::1 /Kangli/Public/uploads/mobi/9999/1535515250_2586.jpg
ERR: 无法加载模块:Public

[ 2018-09-06T10:47:17+08:00 ] ::1 /Kangli/Public/uploads/mobi/9999/1535515250_2586.jpg
ERR: 无法加载模块:Public

[ 2018-09-06T10:47:17+08:00 ] ::1 /Kangli/Public/uploads/mobi/3052/1510556483_5913.jpg
ERR: 无法加载模块:Public

[ 2018-09-06T10:53:20+08:00 ] ::1 /Kangli/Public/uploads/mobi/3052/1510556483_5913.jpg
ERR: 无法加载模块:Public

[ 2018-09-06T10:53:20+08:00 ] ::1 /Kangli/Public/uploads/mobi/9999/1535515250_2586.jpg
ERR: 无法加载模块:Public

[ 2018-09-06T10:53:26+08:00 ] ::1 /Kangli/Public/uploads/mobi/3052/1510556483_5913.jpg
ERR: 无法加载模块:Public

[ 2018-09-06T10:53:27+08:00 ] ::1 /Kangli/Public/uploads/mobi/9999/1535515250_2586.jpg
ERR: 无法加载模块:Public

[ 2018-09-06T10:53:29+08:00 ] ::1 /Kangli/Public/uploads/mobi/3052/1510556483_5913.jpg
ERR: 无法加载模块:Public

[ 2018-09-06T10:53:29+08:00 ] ::1 /Kangli/Public/uploads/mobi/9999/1535515250_2586.jpg
ERR: 无法加载模块:Public

[ 2018-09-06T10:54:01+08:00 ] ::1 /Kangli/Public/uploads/mobi/3052/1510556483_5913.jpg
ERR: 无法加载模块:Public

[ 2018-09-06T10:54:19+08:00 ] ::1 /Kangli/Public/uploads/mobi/3052/1510556483_5913.jpg
ERR: 无法加载模块:Public

[ 2018-09-06T10:54:30+08:00 ] ::1 /Kangli/Public/uploads/mobi/3052/1510556483_5913.jpg
ERR: 无法加载模块:Public

[ 2018-09-06T10:54:34+08:00 ] ::1 /Kangli/Public/uploads/mobi/3052/1510556483_5913.jpg
ERR: 无法加载模块:Public

[ 2018-09-06T10:54:39+08:00 ] ::1 /Kangli/Public/uploads/mobi/3052/1510556483_5913.jpg
ERR: 无法加载模块:Public

[ 2018-09-06T10:54:39+08:00 ] ::1 /Kangli/Public/uploads/mobi/9999/1535515250_2586.jpg
ERR: 无法加载模块:Public

[ 2018-09-06T10:54:43+08:00 ] ::1 /Kangli/Public/uploads/mobi/9999/1535515250_2586.jpg
ERR: 无法加载模块:Public

[ 2018-09-06T10:54:43+08:00 ] ::1 /Kangli/Public/uploads/mobi/3052/1510556483_5913.jpg
ERR: 无法加载模块:Public

[ 2018-09-06T10:55:25+08:00 ] ::1 /Kangli/Public/uploads/mobi/3052/1510556483_5913.jpg
ERR: 无法加载模块:Public

[ 2018-09-06T10:55:25+08:00 ] ::1 /Kangli/Public/uploads/mobi/9999/1535515250_2586.jpg
ERR: 无法加载模块:Public

[ 2018-09-06T10:55:34+08:00 ] ::1 /Kangli/Public/uploads/mobi/3052/1510556483_5913.jpg
ERR: 无法加载模块:Public

[ 2018-09-06T10:55:34+08:00 ] ::1 /Kangli/Public/uploads/mobi/9999/1535515250_2586.jpg
ERR: 无法加载模块:Public

[ 2018-09-06T10:56:16+08:00 ] ::1 /Kangli/Public/uploads/mobi/3052/1510556483_5913.jpg
ERR: 无法加载模块:Public

[ 2018-09-06T10:56:16+08:00 ] ::1 /Kangli/Public/uploads/mobi/9999/1535515250_2586.jpg
ERR: 无法加载模块:Public

[ 2018-09-06T10:56:21+08:00 ] ::1 /Kangli/Public/uploads/mobi/3052/1510556483_5913.jpg
ERR: 无法加载模块:Public

[ 2018-09-06T10:56:21+08:00 ] ::1 /Kangli/Public/uploads/mobi/9999/1535515250_2586.jpg
ERR: 无法加载模块:Public

[ 2018-09-06T10:56:22+08:00 ] ::1 /Kangli/Public/uploads/mobi/3052/1510556483_5913.jpg
ERR: 无法加载模块:Public

[ 2018-09-06T10:56:22+08:00 ] ::1 /Kangli/Public/uploads/mobi/9999/1535515250_2586.jpg
ERR: 无法加载模块:Public

[ 2018-09-06T10:56:29+08:00 ] ::1 /Kangli/Public/uploads/mobi/3052/1510556483_5913.jpg
ERR: 无法加载模块:Public

[ 2018-09-06T10:56:29+08:00 ] ::1 /Kangli/Public/uploads/mobi/9999/1535515250_2586.jpg
ERR: 无法加载模块:Public

[ 2018-09-06T10:57:04+08:00 ] ::1 /Kangli/Public/uploads/mobi/3052/1510556483_5913.jpg
ERR: 无法加载模块:Public

[ 2018-09-06T10:57:15+08:00 ] ::1 /Kangli/Public/uploads/mobi/3052/1510556483_5913.jpg
ERR: 无法加载模块:Public

[ 2018-09-06T10:57:21+08:00 ] ::1 /Kangli/Public/uploads/mobi/3052/1510556483_5913.jpg
ERR: 无法加载模块:Public

[ 2018-09-06T10:57:21+08:00 ] ::1 /Kangli/Public/uploads/mobi/9999/1535515250_2586.jpg
ERR: 无法加载模块:Public

[ 2018-09-06T10:57:43+08:00 ] ::1 /Kangli/Public/uploads/mobi/3052/1510556483_5913.jpg
ERR: 无法加载模块:Public

[ 2018-09-06T10:57:43+08:00 ] ::1 /Kangli/Public/uploads/mobi/9999/1535515250_2586.jpg
ERR: 无法加载模块:Public

[ 2018-09-06T10:58:11+08:00 ] ::1 /Kangli/Public/uploads/mobi/3052/1510556483_5913.jpg
ERR: 无法加载模块:Public

[ 2018-09-06T10:58:11+08:00 ] ::1 /Kangli/Public/uploads/mobi/9999/1535515250_2586.jpg
ERR: 无法加载模块:Public

[ 2018-09-06T11:15:17+08:00 ] ::1 /Kangli/Public/uploads/mobi/3052/1510556483_5913.jpg
ERR: 无法加载模块:Public

[ 2018-09-06T11:15:20+08:00 ] ::1 /Kangli/Public/uploads/mobi/3052/1510556483_5913.jpg
ERR: 无法加载模块:Public

[ 2018-09-06T11:15:25+08:00 ] ::1 /Kangli/Public/uploads/mobi/3052/1510556483_5913.jpg
ERR: 无法加载模块:Public

[ 2018-09-06T11:15:25+08:00 ] ::1 /Kangli/Public/uploads/mobi/9999/1535515250_2586.jpg
ERR: 无法加载模块:Public

[ 2018-09-06T11:48:08+08:00 ] ::1 /Kangli/Public/uploads/mobi/3052/1510556483_5913.jpg
ERR: 无法加载模块:Public

[ 2018-09-06T11:48:18+08:00 ] ::1 /Kangli/Public/uploads/mobi/3052/1510556483_5913.jpg
ERR: 无法加载模块:Public

[ 2018-09-06T15:32:04+08:00 ] ::1 /Kangli/Apps/Mp/View/Storage/__PUBLIC__/mp/js/themes/default/easyui.css
ERR: 无法加载模块:Apps

[ 2018-09-06T15:32:04+08:00 ] ::1 /Kangli/Apps/Mp/View/Storage/__PUBLIC__/mp/js/jquery.easyui.min.js
ERR: 无法加载模块:Apps

[ 2018-09-06T15:32:04+08:00 ] ::1 /Kangli/Apps/Mp/View/Storage/__PUBLIC__/mp/js/themes/icon.css
ERR: 无法加载模块:Apps

[ 2018-09-06T15:32:04+08:00 ] ::1 /Kangli/Apps/Mp/View/Storage/__PUBLIC__/mp/js/locale/easyui-lang-zh_CN.js
ERR: 无法加载模块:Apps

[ 2018-09-06T15:32:04+08:00 ] ::1 /Kangli/Apps/Mp/View/Storage/__PUBLIC__/mp/js/locale/easyui-lang-zh_CN.js
ERR: 无法加载模块:Apps

[ 2018-09-06T16:19:41+08:00 ] ::1 /Kangli/Public/uploads/mobi/3052/1510556483_5913.jpg
ERR: 无法加载模块:Public

[ 2018-09-06T16:20:05+08:00 ] ::1 /Kangli/Public/uploads/mobi/3052/1510556483_5913.jpg
ERR: 无法加载模块:Public

[ 2018-09-06T16:20:06+08:00 ] ::1 /Kangli/Public/uploads/mobi/3052/1510556483_5913.jpg
ERR: 无法加载模块:Public

[ 2018-09-06T16:29:38+08:00 ] ::1 /Kangli/Public/uploads/mobi/3052/1510556483_5913.jpg
ERR: 无法加载模块:Public

[ 2018-09-06T16:29:38+08:00 ] ::1 /Kangli/Public/uploads/mobi/9999/1535515250_2586.jpg
ERR: 无法加载模块:Public

[ 2018-09-06T16:29:39+08:00 ] ::1 /Kangli/Public/uploads/mobi/3052/1510556483_5913.jpg
ERR: 无法加载模块:Public

[ 2018-09-06T16:29:39+08:00 ] ::1 /Kangli/Public/uploads/mobi/9999/1535515250_2586.jpg
ERR: 无法加载模块:Public

[ 2018-09-06T16:49:08+08:00 ] ::1 /Kangli/Public/cp/static/menu_minus.gif
ERR: 无法加载模块:Public

[ 2018-09-06T16:49:19+08:00 ] ::1 /Kangli/Public/cp/static/menu_minus.gif
ERR: 无法加载模块:Public

[ 2018-09-06T16:49:36+08:00 ] ::1 /Kangli/Public/cp/static/menu_plus.gif
ERR: 无法加载模块:Public

[ 2018-09-06T16:49:37+08:00 ] ::1 /Kangli/Public/cp/static/menu_minus.gif
ERR: 无法加载模块:Public

[ 2018-09-06T16:50:17+08:00 ] ::1 /Kangli/Public/cp/static/menu_minus.gif
ERR: 无法加载模块:Public

