[ 2018-01-19T14:11:59+08:00 ] 192.168.1.134 /kangli/3052/15108833949.jpg
INFO: [ app_init ] --START--
INFO: Run Behavior\BuildLiteBehavior [ RunTime:0.000000s ]
INFO: [ app_init ] --END-- [ RunTime:0.001000s ]
ERR: 无法加载模块:3052

[ 2018-01-19T14:11:59+08:00 ] 192.168.1.134 /kangli/3052/15108833267.jpg
INFO: [ app_init ] --START--
INFO: Run Behavior\BuildLiteBehavior [ RunTime:0.000000s ]
INFO: [ app_init ] --END-- [ RunTime:0.001000s ]
ERR: 无法加载模块:3052

[ 2018-01-19T14:13:07+08:00 ] 192.168.1.134 /kangli/3052/15108833267.jpg
INFO: [ app_init ] --START--
INFO: Run Behavior\BuildLiteBehavior [ RunTime:0.000000s ]
INFO: [ app_init ] --END-- [ RunTime:0.000000s ]
ERR: 无法加载模块:3052

[ 2018-01-19T14:13:07+08:00 ] 192.168.1.134 /kangli/3052/15108833949.jpg
INFO: [ app_init ] --START--
INFO: Run Behavior\BuildLiteBehavior [ RunTime:0.000000s ]
INFO: [ app_init ] --END-- [ RunTime:0.000000s ]
ERR: 无法加载模块:3052

[ 2018-01-19T14:36:49+08:00 ] 192.168.1.134 /kangli/3052/15108833267.jpg
INFO: [ app_init ] --START--
INFO: Run Behavior\BuildLiteBehavior [ RunTime:0.000000s ]
INFO: [ app_init ] --END-- [ RunTime:0.001000s ]
ERR: 无法加载模块:3052

[ 2018-01-19T14:39:53+08:00 ] 192.168.1.134 /kangli/3052/15108833949.jpg
INFO: [ app_init ] --START--
INFO: Run Behavior\BuildLiteBehavior [ RunTime:0.000000s ]
INFO: [ app_init ] --END-- [ RunTime:0.000000s ]
ERR: 无法加载模块:3052

[ 2018-01-19T14:39:53+08:00 ] 192.168.1.134 /kangli/3052/15108833267.jpg
INFO: [ app_init ] --START--
INFO: Run Behavior\BuildLiteBehavior [ RunTime:0.000000s ]
INFO: [ app_init ] --END-- [ RunTime:0.001000s ]
ERR: 无法加载模块:3052

[ 2018-01-19T14:44:13+08:00 ] 192.168.1.134 /kangli/3052/15108833267.jpg
INFO: [ app_init ] --START--
INFO: Run Behavior\BuildLiteBehavior [ RunTime:0.000000s ]
INFO: [ app_init ] --END-- [ RunTime:0.000000s ]
ERR: 无法加载模块:3052

[ 2018-01-19T14:44:13+08:00 ] 192.168.1.134 /kangli/3052/15108833949.jpg
INFO: [ app_init ] --START--
INFO: Run Behavior\BuildLiteBehavior [ RunTime:0.000000s ]
INFO: [ app_init ] --END-- [ RunTime:0.000000s ]
ERR: 无法加载模块:3052

[ 2018-01-19T14:48:42+08:00 ] 192.168.1.134 /kangli/3052/15108833267.jpg
INFO: [ app_init ] --START--
INFO: Run Behavior\BuildLiteBehavior [ RunTime:0.000000s ]
INFO: [ app_init ] --END-- [ RunTime:0.000000s ]
ERR: 无法加载模块:3052

[ 2018-01-19T14:48:42+08:00 ] 192.168.1.134 /kangli/3052/15108833949.jpg
INFO: [ app_init ] --START--
INFO: Run Behavior\BuildLiteBehavior [ RunTime:0.000000s ]
INFO: [ app_init ] --END-- [ RunTime:0.000000s ]
ERR: 无法加载模块:3052

[ 2018-01-19T14:59:33+08:00 ] 192.168.1.134 /kangli/3052/15108833949.jpg
INFO: [ app_init ] --START--
INFO: Run Behavior\BuildLiteBehavior [ RunTime:0.000000s ]
INFO: [ app_init ] --END-- [ RunTime:0.000000s ]
ERR: 无法加载模块:3052

[ 2018-01-19T14:59:33+08:00 ] 192.168.1.134 /kangli/3052/15108833267.jpg
INFO: [ app_init ] --START--
INFO: Run Behavior\BuildLiteBehavior [ RunTime:0.000000s ]
INFO: [ app_init ] --END-- [ RunTime:0.000000s ]
ERR: 无法加载模块:3052

[ 2018-01-19T15:02:53+08:00 ] 192.168.1.134 /Kangli/Public/uploads/product/3052/5108833949.jpg
INFO: [ app_init ] --START--
INFO: Run Behavior\BuildLiteBehavior [ RunTime:0.000000s ]
INFO: [ app_init ] --END-- [ RunTime:0.000000s ]
ERR: 无法加载模块:Public

[ 2018-01-19T15:06:53+08:00 ] 192.168.1.134 /kangli/3052/15108833267.jpg
INFO: [ app_init ] --START--
INFO: Run Behavior\BuildLiteBehavior [ RunTime:0.000000s ]
INFO: [ app_init ] --END-- [ RunTime:0.001000s ]
ERR: 无法加载模块:3052

[ 2018-01-19T15:06:53+08:00 ] 192.168.1.134 /kangli/3052/15108833949.jpg
INFO: [ app_init ] --START--
INFO: Run Behavior\BuildLiteBehavior [ RunTime:0.000000s ]
INFO: [ app_init ] --END-- [ RunTime:0.001000s ]
ERR: 无法加载模块:3052

[ 2018-01-19T15:07:12+08:00 ] 192.168.1.134 /kangli/3052/15108833267.jpg
INFO: [ app_init ] --START--
INFO: Run Behavior\BuildLiteBehavior [ RunTime:0.000000s ]
INFO: [ app_init ] --END-- [ RunTime:0.001000s ]
ERR: 无法加载模块:3052

[ 2018-01-19T15:07:12+08:00 ] 192.168.1.134 /kangli/3052/15108833949.jpg
INFO: [ app_init ] --START--
INFO: Run Behavior\BuildLiteBehavior [ RunTime:0.000000s ]
INFO: [ app_init ] --END-- [ RunTime:0.000000s ]
ERR: 无法加载模块:3052

[ 2018-01-19T15:07:16+08:00 ] 192.168.1.134 /kangli/3052/15108833267.jpg
INFO: [ app_init ] --START--
INFO: Run Behavior\BuildLiteBehavior [ RunTime:0.000000s ]
INFO: [ app_init ] --END-- [ RunTime:0.000000s ]
ERR: 无法加载模块:3052

[ 2018-01-19T15:07:16+08:00 ] 192.168.1.134 /kangli/3052/15108833949.jpg
INFO: [ app_init ] --START--
INFO: Run Behavior\BuildLiteBehavior [ RunTime:0.000000s ]
INFO: [ app_init ] --END-- [ RunTime:0.000000s ]
ERR: 无法加载模块:3052

[ 2018-01-19T15:47:12+08:00 ] 192.168.1.134 /kangli/3052/15108833949.jpg
INFO: [ app_init ] --START--
INFO: Run Behavior\BuildLiteBehavior [ RunTime:0.000000s ]
INFO: [ app_init ] --END-- [ RunTime:0.000000s ]
ERR: 无法加载模块:3052

[ 2018-01-19T15:47:12+08:00 ] 192.168.1.134 /kangli/3052/15108833267.jpg
INFO: [ app_init ] --START--
INFO: Run Behavior\BuildLiteBehavior [ RunTime:0.000000s ]
INFO: [ app_init ] --END-- [ RunTime:0.000000s ]
ERR: 无法加载模块:3052

[ 2018-01-19T16:00:34+08:00 ] 192.168.1.134 /kangli/3052/15108833267.jpg
INFO: [ app_init ] --START--
INFO: Run Behavior\BuildLiteBehavior [ RunTime:0.000000s ]
INFO: [ app_init ] --END-- [ RunTime:0.000000s ]
ERR: 无法加载模块:3052

[ 2018-01-19T16:00:34+08:00 ] 192.168.1.134 /kangli/3052/15108833949.jpg
INFO: [ app_init ] --START--
INFO: Run Behavior\BuildLiteBehavior [ RunTime:0.000000s ]
INFO: [ app_init ] --END-- [ RunTime:0.000000s ]
ERR: 无法加载模块:3052

[ 2018-01-19T16:04:13+08:00 ] 192.168.1.134 /kangli/3052/15108833267.jpg
INFO: [ app_init ] --START--
INFO: Run Behavior\BuildLiteBehavior [ RunTime:0.000000s ]
INFO: [ app_init ] --END-- [ RunTime:0.001000s ]
ERR: 无法加载模块:3052

[ 2018-01-19T16:04:13+08:00 ] 192.168.1.134 /kangli/3052/15108833949.jpg
INFO: [ app_init ] --START--
INFO: Run Behavior\BuildLiteBehavior [ RunTime:0.000000s ]
INFO: [ app_init ] --END-- [ RunTime:0.001000s ]
ERR: 无法加载模块:3052

[ 2018-01-19T17:01:16+08:00 ] 192.168.1.134 /kangli/3052/15108833267.jpg
INFO: [ app_init ] --START--
INFO: Run Behavior\BuildLiteBehavior [ RunTime:0.000000s ]
INFO: [ app_init ] --END-- [ RunTime:0.000000s ]
ERR: 无法加载模块:3052

[ 2018-01-19T17:01:16+08:00 ] 192.168.1.134 /kangli/3052/15108833949.jpg
INFO: [ app_init ] --START--
INFO: Run Behavior\BuildLiteBehavior [ RunTime:0.000000s ]
INFO: [ app_init ] --END-- [ RunTime:0.001000s ]
ERR: 无法加载模块:3052

