[ 2018-04-16T16:12:19+08:00 ] 127.0.0.1 /Kangli/Public/uploads/mobi/3052/1510556483_5913.jpg
INFO: [ app_init ] --START--
INFO: Run Behavior\BuildLiteBehavior [ RunTime:0.000000s ]
INFO: [ app_init ] --END-- [ RunTime:0.000000s ]
ERR: 无法加载模块:Public

[ 2018-04-16T16:12:19+08:00 ] 127.0.0.1 /Kangli/Public/uploads/mobi/3052/1510556483_5913.jpg
INFO: [ app_init ] --START--
INFO: Run Behavior\BuildLiteBehavior [ RunTime:0.000000s ]
INFO: [ app_init ] --END-- [ RunTime:0.000000s ]
ERR: 无法加载模块:Public

[ 2018-04-16T16:14:17+08:00 ] 127.0.0.1 /Kangli/Public/uploads/mobi/3052/1510556483_5913.jpg
INFO: [ app_init ] --START--
INFO: Run Behavior\BuildLiteBehavior [ RunTime:0.000000s ]
INFO: [ app_init ] --END-- [ RunTime:0.000000s ]
ERR: 无法加载模块:Public

[ 2018-04-16T16:14:17+08:00 ] 127.0.0.1 /Kangli/Public/uploads/mobi/3052/1510556483_5913.jpg
INFO: [ app_init ] --START--
INFO: Run Behavior\BuildLiteBehavior [ RunTime:0.000000s ]
INFO: [ app_init ] --END-- [ RunTime:0.000000s ]
ERR: 无法加载模块:Public

[ 2018-04-16T17:02:07+08:00 ] 127.0.0.1 /Kangli/Public/uploads/mobi/3052/1510556483_5913.jpg
INFO: [ app_init ] --START--
INFO: Run Behavior\BuildLiteBehavior [ RunTime:0.000000s ]
INFO: [ app_init ] --END-- [ RunTime:0.000000s ]
ERR: 无法加载模块:Public

[ 2018-04-16T17:02:07+08:00 ] 127.0.0.1 /Kangli/Public/uploads/mobi/3052/1510556483_5913.jpg
INFO: [ app_init ] --START--
INFO: Run Behavior\BuildLiteBehavior [ RunTime:0.000000s ]
INFO: [ app_init ] --END-- [ RunTime:0.000000s ]
ERR: 无法加载模块:Public

