[ 2018-03-31T11:05:27+08:00 ] 127.0.0.1 /kangli/mp0
INFO: [ app_init ] --START--
INFO: Run Behavior\BuildLiteBehavior [ RunTime:0.000000s ]
INFO: [ app_init ] --END-- [ RunTime:0.001000s ]
ERR: 无法加载模块:Mp0

[ 2018-03-31T14:45:37+08:00 ] 127.0.0.1 /Kangli/Public/mp/img/logo_icon.png
INFO: [ app_init ] --START--
INFO: Run Behavior\BuildLiteBehavior [ RunTime:0.000000s ]
INFO: [ app_init ] --END-- [ RunTime:0.000000s ]
ERR: 无法加载模块:Public

[ 2018-03-31T14:45:38+08:00 ] 127.0.0.1 /Kangli/Public/mp/img/logo_icon.png
INFO: [ app_init ] --START--
INFO: Run Behavior\BuildLiteBehavior [ RunTime:0.000000s ]
INFO: [ app_init ] --END-- [ RunTime:0.001000s ]
ERR: 无法加载模块:Public

[ 2018-03-31T14:52:16+08:00 ] 127.0.0.1 /Kangli/Public/mp/js/echarts/theme/default/layer.css?v=3.1.0
INFO: [ app_init ] --START--
INFO: Run Behavior\BuildLiteBehavior [ RunTime:0.000000s ]
INFO: [ app_init ] --END-- [ RunTime:0.000000s ]
ERR: 无法加载模块:Public

[ 2018-03-31T14:52:17+08:00 ] 127.0.0.1 /Kangli/Public/mp/js/echarts/theme/default/layer.css?v=3.1.0
INFO: [ app_init ] --START--
INFO: Run Behavior\BuildLiteBehavior [ RunTime:0.000000s ]
INFO: [ app_init ] --END-- [ RunTime:0.000000s ]
ERR: 无法加载模块:Public

[ 2018-03-31T14:52:18+08:00 ] 127.0.0.1 /Kangli/Public/mp/js/echarts/theme/default/layer.css?v=3.1.0
INFO: [ app_init ] --START--
INFO: Run Behavior\BuildLiteBehavior [ RunTime:0.000000s ]
INFO: [ app_init ] --END-- [ RunTime:0.000000s ]
ERR: 无法加载模块:Public

[ 2018-03-31T14:53:07+08:00 ] 127.0.0.1 /Kangli/Public/mp/js/echarts/theme/default/layer.css?v=3.1.0
INFO: [ app_init ] --START--
INFO: Run Behavior\BuildLiteBehavior [ RunTime:0.000000s ]
INFO: [ app_init ] --END-- [ RunTime:0.000000s ]
ERR: 无法加载模块:Public

[ 2018-03-31T14:53:08+08:00 ] 127.0.0.1 /Kangli/Public/mp/js/echarts/theme/default/layer.css?v=3.1.0
INFO: [ app_init ] --START--
INFO: Run Behavior\BuildLiteBehavior [ RunTime:0.000000s ]
INFO: [ app_init ] --END-- [ RunTime:0.000000s ]
ERR: 无法加载模块:Public

[ 2018-03-31T14:53:08+08:00 ] 127.0.0.1 /Kangli/Public/mp/js/echarts/theme/default/layer.css?v=3.1.0
INFO: [ app_init ] --START--
INFO: Run Behavior\BuildLiteBehavior [ RunTime:0.000000s ]
INFO: [ app_init ] --END-- [ RunTime:0.001000s ]
ERR: 无法加载模块:Public

[ 2018-03-31T15:05:54+08:00 ] 127.0.0.1 /Kangli/Public/mp/js/echarts/theme/default/layer.css?v=3.1.0
INFO: [ app_init ] --START--
INFO: Run Behavior\BuildLiteBehavior [ RunTime:0.000000s ]
INFO: [ app_init ] --END-- [ RunTime:0.000000s ]
ERR: 无法加载模块:Public

[ 2018-03-31T15:05:55+08:00 ] 127.0.0.1 /Kangli/Public/mp/js/echarts/theme/default/layer.css?v=3.1.0
INFO: [ app_init ] --START--
INFO: Run Behavior\BuildLiteBehavior [ RunTime:0.000000s ]
INFO: [ app_init ] --END-- [ RunTime:0.001000s ]
ERR: 无法加载模块:Public

[ 2018-03-31T15:05:55+08:00 ] 127.0.0.1 /Kangli/Public/mp/js/echarts/theme/default/layer.css?v=3.1.0
INFO: [ app_init ] --START--
INFO: Run Behavior\BuildLiteBehavior [ RunTime:0.000000s ]
INFO: [ app_init ] --END-- [ RunTime:0.000000s ]
ERR: 无法加载模块:Public

[ 2018-03-31T15:05:56+08:00 ] 127.0.0.1 /Kangli/Public/mp/js/echarts/theme/default/layer.css?v=3.1.0
INFO: [ app_init ] --START--
INFO: Run Behavior\BuildLiteBehavior [ RunTime:0.000000s ]
INFO: [ app_init ] --END-- [ RunTime:0.001000s ]
ERR: 无法加载模块:Public

[ 2018-03-31T15:05:56+08:00 ] 127.0.0.1 /Kangli/Public/mp/js/echarts/theme/default/layer.css?v=3.1.0
INFO: [ app_init ] --START--
INFO: Run Behavior\BuildLiteBehavior [ RunTime:0.000000s ]
INFO: [ app_init ] --END-- [ RunTime:0.000000s ]
ERR: 无法加载模块:Public

[ 2018-03-31T15:06:58+08:00 ] 127.0.0.1 /Kangli/Public/mp/js/echarts/theme/default/layer.css?v=3.1.0
INFO: [ app_init ] --START--
INFO: Run Behavior\BuildLiteBehavior [ RunTime:0.000000s ]
INFO: [ app_init ] --END-- [ RunTime:0.000000s ]
ERR: 无法加载模块:Public

[ 2018-03-31T15:06:59+08:00 ] 127.0.0.1 /Kangli/Public/mp/js/echarts/theme/default/layer.css?v=3.1.0
INFO: [ app_init ] --START--
INFO: Run Behavior\BuildLiteBehavior [ RunTime:0.000000s ]
INFO: [ app_init ] --END-- [ RunTime:0.000000s ]
ERR: 无法加载模块:Public

[ 2018-03-31T15:07:00+08:00 ] 127.0.0.1 /Kangli/Public/mp/js/echarts/theme/default/layer.css?v=3.1.0
INFO: [ app_init ] --START--
INFO: Run Behavior\BuildLiteBehavior [ RunTime:0.000000s ]
INFO: [ app_init ] --END-- [ RunTime:0.000000s ]
ERR: 无法加载模块:Public

[ 2018-03-31T15:07:00+08:00 ] 127.0.0.1 /Kangli/Public/mp/js/echarts/theme/default/layer.css?v=3.1.0
INFO: [ app_init ] --START--
INFO: Run Behavior\BuildLiteBehavior [ RunTime:0.000000s ]
INFO: [ app_init ] --END-- [ RunTime:0.000000s ]
ERR: 无法加载模块:Public

[ 2018-03-31T15:07:31+08:00 ] 127.0.0.1 /Kangli/Public/mp/js/echarts/theme/default/layer.css?v=3.1.0
INFO: [ app_init ] --START--
INFO: Run Behavior\BuildLiteBehavior [ RunTime:0.000000s ]
INFO: [ app_init ] --END-- [ RunTime:0.000000s ]
ERR: 无法加载模块:Public

[ 2018-03-31T15:09:03+08:00 ] 127.0.0.1 /Kangli/Public/mp/js/echarts/theme/default/layer.css?v=3.1.0
INFO: [ app_init ] --START--
INFO: Run Behavior\BuildLiteBehavior [ RunTime:0.000000s ]
INFO: [ app_init ] --END-- [ RunTime:0.001000s ]
ERR: 无法加载模块:Public

[ 2018-03-31T15:10:36+08:00 ] 127.0.0.1 /Kangli/Public/mp/js/echarts/theme/default/layer.css?v=3.1.0
INFO: [ app_init ] --START--
INFO: Run Behavior\BuildLiteBehavior [ RunTime:0.000000s ]
INFO: [ app_init ] --END-- [ RunTime:0.000000s ]
ERR: 无法加载模块:Public

[ 2018-03-31T15:11:50+08:00 ] 127.0.0.1 /Kangli/Public/mp/js/echarts/theme/default/layer.css?v=3.1.0
INFO: [ app_init ] --START--
INFO: Run Behavior\BuildLiteBehavior [ RunTime:0.000000s ]
INFO: [ app_init ] --END-- [ RunTime:0.000000s ]
ERR: 无法加载模块:Public

[ 2018-03-31T15:11:51+08:00 ] 127.0.0.1 /Kangli/Public/mp/js/echarts/theme/default/layer.css?v=3.1.0
INFO: [ app_init ] --START--
INFO: Run Behavior\BuildLiteBehavior [ RunTime:0.000000s ]
INFO: [ app_init ] --END-- [ RunTime:0.001000s ]
ERR: 无法加载模块:Public

[ 2018-03-31T15:12:49+08:00 ] 127.0.0.1 /Kangli/Public/mp/js/echarts/theme/default/layer.css?v=3.1.0
INFO: [ app_init ] --START--
INFO: Run Behavior\BuildLiteBehavior [ RunTime:0.000000s ]
INFO: [ app_init ] --END-- [ RunTime:0.000000s ]
ERR: 无法加载模块:Public

[ 2018-03-31T15:12:55+08:00 ] 127.0.0.1 /Kangli/Public/mp/js/echarts/theme/default/layer.css?v=3.1.0
INFO: [ app_init ] --START--
INFO: Run Behavior\BuildLiteBehavior [ RunTime:0.000000s ]
INFO: [ app_init ] --END-- [ RunTime:0.000000s ]
ERR: 无法加载模块:Public

[ 2018-03-31T15:12:57+08:00 ] 127.0.0.1 /Kangli/Public/mp/js/echarts/theme/default/layer.css?v=3.1.0
INFO: [ app_init ] --START--
INFO: Run Behavior\BuildLiteBehavior [ RunTime:0.000000s ]
INFO: [ app_init ] --END-- [ RunTime:0.000000s ]
ERR: 无法加载模块:Public

[ 2018-03-31T15:13:37+08:00 ] 127.0.0.1 /Kangli/Public/mp/js/echarts/theme/default/layer.css?v=3.1.0
INFO: [ app_init ] --START--
INFO: Run Behavior\BuildLiteBehavior [ RunTime:0.000000s ]
INFO: [ app_init ] --END-- [ RunTime:0.001000s ]
ERR: 无法加载模块:Public

[ 2018-03-31T15:16:58+08:00 ] 127.0.0.1 /Kangli/Public/mp/js/echarts/theme/default/layer.css?v=3.1.0
INFO: [ app_init ] --START--
INFO: Run Behavior\BuildLiteBehavior [ RunTime:0.000000s ]
INFO: [ app_init ] --END-- [ RunTime:0.001000s ]
ERR: 无法加载模块:Public

[ 2018-03-31T15:16:59+08:00 ] 127.0.0.1 /Kangli/Public/mp/js/echarts/theme/default/layer.css?v=3.1.0
INFO: [ app_init ] --START--
INFO: Run Behavior\BuildLiteBehavior [ RunTime:0.000000s ]
INFO: [ app_init ] --END-- [ RunTime:0.000000s ]
ERR: 无法加载模块:Public

[ 2018-03-31T15:17:29+08:00 ] 127.0.0.1 /Kangli/Public/mp/js/echarts/theme/default/layer.css?v=3.1.0
INFO: [ app_init ] --START--
INFO: Run Behavior\BuildLiteBehavior [ RunTime:0.000000s ]
INFO: [ app_init ] --END-- [ RunTime:0.001000s ]
ERR: 无法加载模块:Public

[ 2018-03-31T15:18:23+08:00 ] 127.0.0.1 /Kangli/Public/mp/js/echarts/theme/default/layer.css?v=3.1.0
INFO: [ app_init ] --START--
INFO: Run Behavior\BuildLiteBehavior [ RunTime:0.000000s ]
INFO: [ app_init ] --END-- [ RunTime:0.000000s ]
ERR: 无法加载模块:Public

[ 2018-03-31T15:18:49+08:00 ] 127.0.0.1 /Kangli/Public/mp/js/echarts/theme/default/layer.css?v=3.1.0
INFO: [ app_init ] --START--
INFO: Run Behavior\BuildLiteBehavior [ RunTime:0.000000s ]
INFO: [ app_init ] --END-- [ RunTime:0.000000s ]
ERR: 无法加载模块:Public

[ 2018-03-31T15:23:38+08:00 ] 127.0.0.1 /Kangli/Public/mp/js/echarts/theme/default/layer.css?v=3.1.0
INFO: [ app_init ] --START--
INFO: Run Behavior\BuildLiteBehavior [ RunTime:0.000000s ]
INFO: [ app_init ] --END-- [ RunTime:0.001000s ]
ERR: 无法加载模块:Public

[ 2018-03-31T15:24:44+08:00 ] 127.0.0.1 /Kangli/Public/mp/js/echarts/theme/default/layer.css?v=3.1.0
INFO: [ app_init ] --START--
INFO: Run Behavior\BuildLiteBehavior [ RunTime:0.000000s ]
INFO: [ app_init ] --END-- [ RunTime:0.000000s ]
ERR: 无法加载模块:Public

[ 2018-03-31T15:24:45+08:00 ] 127.0.0.1 /Kangli/Public/mp/js/echarts/theme/default/layer.css?v=3.1.0
INFO: [ app_init ] --START--
INFO: Run Behavior\BuildLiteBehavior [ RunTime:0.000000s ]
INFO: [ app_init ] --END-- [ RunTime:0.000000s ]
ERR: 无法加载模块:Public

[ 2018-03-31T15:25:18+08:00 ] 127.0.0.1 /Kangli/Public/mp/js/echarts/theme/default/layer.css?v=3.1.0
INFO: [ app_init ] --START--
INFO: Run Behavior\BuildLiteBehavior [ RunTime:0.000000s ]
INFO: [ app_init ] --END-- [ RunTime:0.000000s ]
ERR: 无法加载模块:Public

[ 2018-03-31T15:25:19+08:00 ] 127.0.0.1 /Kangli/Public/mp/js/echarts/theme/default/layer.css?v=3.1.0
INFO: [ app_init ] --START--
INFO: Run Behavior\BuildLiteBehavior [ RunTime:0.000000s ]
INFO: [ app_init ] --END-- [ RunTime:0.000000s ]
ERR: 无法加载模块:Public

[ 2018-03-31T15:26:41+08:00 ] 127.0.0.1 /Kangli/Public/mp/js/echarts/theme/default/layer.css?v=3.1.0
INFO: [ app_init ] --START--
INFO: Run Behavior\BuildLiteBehavior [ RunTime:0.000000s ]
INFO: [ app_init ] --END-- [ RunTime:0.001000s ]
ERR: 无法加载模块:Public

[ 2018-03-31T15:30:29+08:00 ] 127.0.0.1 /Kangli/Public/mp/js/echarts/theme/default/layer.css?v=3.1.0
INFO: [ app_init ] --START--
INFO: Run Behavior\BuildLiteBehavior [ RunTime:0.000000s ]
INFO: [ app_init ] --END-- [ RunTime:0.000000s ]
ERR: 无法加载模块:Public

[ 2018-03-31T15:30:29+08:00 ] 127.0.0.1 /Kangli/Public/mp/js/echarts/theme/default/layer.css?v=3.1.0
INFO: [ app_init ] --START--
INFO: Run Behavior\BuildLiteBehavior [ RunTime:0.000000s ]
INFO: [ app_init ] --END-- [ RunTime:0.001000s ]
ERR: 无法加载模块:Public

[ 2018-03-31T15:30:35+08:00 ] 127.0.0.1 /Kangli/Public/mp/js/echarts/theme/default/layer.css?v=3.1.0
INFO: [ app_init ] --START--
INFO: Run Behavior\BuildLiteBehavior [ RunTime:0.000000s ]
INFO: [ app_init ] --END-- [ RunTime:0.001000s ]
ERR: 无法加载模块:Public

[ 2018-03-31T15:31:44+08:00 ] 127.0.0.1 /Kangli/Public/mp/js/echarts/theme/default/layer.css?v=3.1.0
INFO: [ app_init ] --START--
INFO: Run Behavior\BuildLiteBehavior [ RunTime:0.000000s ]
INFO: [ app_init ] --END-- [ RunTime:0.001000s ]
ERR: 无法加载模块:Public

[ 2018-03-31T15:35:32+08:00 ] 127.0.0.1 /Kangli/Public/mp/js/echarts/theme/default/layer.css?v=3.1.0
INFO: [ app_init ] --START--
INFO: Run Behavior\BuildLiteBehavior [ RunTime:0.000000s ]
INFO: [ app_init ] --END-- [ RunTime:0.000000s ]
ERR: 无法加载模块:Public

[ 2018-03-31T15:35:50+08:00 ] 127.0.0.1 /Kangli/Public/mp/js/echarts/theme/default/layer.css?v=3.1.0
INFO: [ app_init ] --START--
INFO: Run Behavior\BuildLiteBehavior [ RunTime:0.000000s ]
INFO: [ app_init ] --END-- [ RunTime:0.000000s ]
ERR: 无法加载模块:Public

[ 2018-03-31T15:41:04+08:00 ] 127.0.0.1 /Kangli/Public/mp/js/echarts/theme/default/layer.css?v=3.1.0
INFO: [ app_init ] --START--
INFO: Run Behavior\BuildLiteBehavior [ RunTime:0.000000s ]
INFO: [ app_init ] --END-- [ RunTime:0.001000s ]
ERR: 无法加载模块:Public

[ 2018-03-31T15:41:05+08:00 ] 127.0.0.1 /Kangli/Public/mp/js/echarts/theme/default/layer.css?v=3.1.0
INFO: [ app_init ] --START--
INFO: Run Behavior\BuildLiteBehavior [ RunTime:0.000000s ]
INFO: [ app_init ] --END-- [ RunTime:0.001000s ]
ERR: 无法加载模块:Public

[ 2018-03-31T15:45:53+08:00 ] 127.0.0.1 /Kangli/Public/mp/js/echarts/theme/default/layer.css?v=3.1.0
INFO: [ app_init ] --START--
INFO: Run Behavior\BuildLiteBehavior [ RunTime:0.000000s ]
INFO: [ app_init ] --END-- [ RunTime:0.000000s ]
ERR: 无法加载模块:Public

[ 2018-03-31T15:45:55+08:00 ] 127.0.0.1 /Kangli/Public/mp/js/echarts/theme/default/layer.css?v=3.1.0
INFO: [ app_init ] --START--
INFO: Run Behavior\BuildLiteBehavior [ RunTime:0.000000s ]
INFO: [ app_init ] --END-- [ RunTime:0.001000s ]
ERR: 无法加载模块:Public

[ 2018-03-31T15:46:54+08:00 ] 127.0.0.1 /Kangli/Public/mp/js/echarts/theme/default/layer.css?v=3.1.0
INFO: [ app_init ] --START--
INFO: Run Behavior\BuildLiteBehavior [ RunTime:0.000000s ]
INFO: [ app_init ] --END-- [ RunTime:0.000000s ]
ERR: 无法加载模块:Public

[ 2018-03-31T15:48:35+08:00 ] 127.0.0.1 /Kangli/Public/mp/js/echarts/theme/default/layer.css?v=3.1.0
INFO: [ app_init ] --START--
INFO: Run Behavior\BuildLiteBehavior [ RunTime:0.000000s ]
INFO: [ app_init ] --END-- [ RunTime:0.000000s ]
ERR: 无法加载模块:Public

[ 2018-03-31T15:49:04+08:00 ] 127.0.0.1 /Kangli/Public/mp/js/echarts/theme/default/layer.css?v=3.1.0
INFO: [ app_init ] --START--
INFO: Run Behavior\BuildLiteBehavior [ RunTime:0.000000s ]
INFO: [ app_init ] --END-- [ RunTime:0.000000s ]
ERR: 无法加载模块:Public

[ 2018-03-31T15:49:17+08:00 ] 127.0.0.1 /Kangli/Public/mp/js/echarts/theme/default/layer.css?v=3.1.0
INFO: [ app_init ] --START--
INFO: Run Behavior\BuildLiteBehavior [ RunTime:0.000000s ]
INFO: [ app_init ] --END-- [ RunTime:0.001000s ]
ERR: 无法加载模块:Public

[ 2018-03-31T15:49:50+08:00 ] 127.0.0.1 /Kangli/Public/mp/js/echarts/theme/default/layer.css?v=3.1.0
INFO: [ app_init ] --START--
INFO: Run Behavior\BuildLiteBehavior [ RunTime:0.000000s ]
INFO: [ app_init ] --END-- [ RunTime:0.001000s ]
ERR: 无法加载模块:Public

[ 2018-03-31T15:49:50+08:00 ] 127.0.0.1 /Kangli/Public/mp/js/echarts/theme/default/layer.css?v=3.1.0
INFO: [ app_init ] --START--
INFO: Run Behavior\BuildLiteBehavior [ RunTime:0.000000s ]
INFO: [ app_init ] --END-- [ RunTime:0.000000s ]
ERR: 无法加载模块:Public

[ 2018-03-31T15:49:51+08:00 ] 127.0.0.1 /Kangli/Public/mp/js/echarts/theme/default/layer.css?v=3.1.0
INFO: [ app_init ] --START--
INFO: Run Behavior\BuildLiteBehavior [ RunTime:0.001000s ]
INFO: [ app_init ] --END-- [ RunTime:0.001000s ]
ERR: 无法加载模块:Public

[ 2018-03-31T15:51:09+08:00 ] 127.0.0.1 /Kangli/Public/mp/js/echarts/theme/default/layer.css?v=3.1.0
INFO: [ app_init ] --START--
INFO: Run Behavior\BuildLiteBehavior [ RunTime:0.000000s ]
INFO: [ app_init ] --END-- [ RunTime:0.001000s ]
ERR: 无法加载模块:Public

[ 2018-03-31T15:51:26+08:00 ] 127.0.0.1 /Kangli/Public/mp/js/echarts/theme/default/layer.css?v=3.1.0
INFO: [ app_init ] --START--
INFO: Run Behavior\BuildLiteBehavior [ RunTime:0.000000s ]
INFO: [ app_init ] --END-- [ RunTime:0.001000s ]
ERR: 无法加载模块:Public

[ 2018-03-31T15:53:50+08:00 ] 127.0.0.1 /Kangli/Public/mp/js/echarts/theme/default/layer.css?v=3.1.0
INFO: [ app_init ] --START--
INFO: Run Behavior\BuildLiteBehavior [ RunTime:0.000000s ]
INFO: [ app_init ] --END-- [ RunTime:0.001000s ]
ERR: 无法加载模块:Public

[ 2018-03-31T15:53:52+08:00 ] 127.0.0.1 /Kangli/Public/mp/js/echarts/theme/default/layer.css?v=3.1.0
INFO: [ app_init ] --START--
INFO: Run Behavior\BuildLiteBehavior [ RunTime:0.000000s ]
INFO: [ app_init ] --END-- [ RunTime:0.000000s ]
ERR: 无法加载模块:Public

[ 2018-03-31T15:54:09+08:00 ] 127.0.0.1 /Kangli/Public/mp/js/echarts/theme/default/layer.css?v=3.1.0
INFO: [ app_init ] --START--
INFO: Run Behavior\BuildLiteBehavior [ RunTime:0.000000s ]
INFO: [ app_init ] --END-- [ RunTime:0.000000s ]
ERR: 无法加载模块:Public

[ 2018-03-31T16:02:06+08:00 ] 127.0.0.1 /Kangli/Public/mp/js/echarts/theme/default/layer.css?v=3.1.0
INFO: [ app_init ] --START--
INFO: Run Behavior\BuildLiteBehavior [ RunTime:0.000000s ]
INFO: [ app_init ] --END-- [ RunTime:0.000000s ]
ERR: 无法加载模块:Public

[ 2018-03-31T16:05:32+08:00 ] 127.0.0.1 /Kangli/Public/mp/js/echarts/theme/default/layer.css?v=3.1.0
INFO: [ app_init ] --START--
INFO: Run Behavior\BuildLiteBehavior [ RunTime:0.000000s ]
INFO: [ app_init ] --END-- [ RunTime:0.000000s ]
ERR: 无法加载模块:Public

[ 2018-03-31T16:05:48+08:00 ] 127.0.0.1 /Kangli/Public/mp/js/echarts/theme/default/layer.css?v=3.1.0
INFO: [ app_init ] --START--
INFO: Run Behavior\BuildLiteBehavior [ RunTime:0.000000s ]
INFO: [ app_init ] --END-- [ RunTime:0.000000s ]
ERR: 无法加载模块:Public

[ 2018-03-31T16:13:59+08:00 ] 127.0.0.1 /Kangli/Public/mp/js/echarts/theme/default/layer.css?v=3.1.0
INFO: [ app_init ] --START--
INFO: Run Behavior\BuildLiteBehavior [ RunTime:0.000000s ]
INFO: [ app_init ] --END-- [ RunTime:0.000000s ]
ERR: 无法加载模块:Public

[ 2018-03-31T16:14:00+08:00 ] 127.0.0.1 /Kangli/Public/mp/js/echarts/theme/default/layer.css?v=3.1.0
INFO: [ app_init ] --START--
INFO: Run Behavior\BuildLiteBehavior [ RunTime:0.000000s ]
INFO: [ app_init ] --END-- [ RunTime:0.001000s ]
ERR: 无法加载模块:Public

[ 2018-03-31T16:14:01+08:00 ] 127.0.0.1 /Kangli/Public/mp/js/echarts/theme/default/layer.css?v=3.1.0
INFO: [ app_init ] --START--
INFO: Run Behavior\BuildLiteBehavior [ RunTime:0.000000s ]
INFO: [ app_init ] --END-- [ RunTime:0.000000s ]
ERR: 无法加载模块:Public

[ 2018-03-31T16:14:02+08:00 ] 127.0.0.1 /Kangli/Public/mp/js/echarts/theme/default/layer.css?v=3.1.0
INFO: [ app_init ] --START--
INFO: Run Behavior\BuildLiteBehavior [ RunTime:0.000000s ]
INFO: [ app_init ] --END-- [ RunTime:0.000000s ]
ERR: 无法加载模块:Public

[ 2018-03-31T16:16:34+08:00 ] 127.0.0.1 /Kangli/Public/mp/js/echarts/theme/default/layer.css?v=3.1.0
INFO: [ app_init ] --START--
INFO: Run Behavior\BuildLiteBehavior [ RunTime:0.000000s ]
INFO: [ app_init ] --END-- [ RunTime:0.000000s ]
ERR: 无法加载模块:Public

[ 2018-03-31T16:16:35+08:00 ] 127.0.0.1 /Kangli/Public/mp/js/echarts/theme/default/layer.css?v=3.1.0
INFO: [ app_init ] --START--
INFO: Run Behavior\BuildLiteBehavior [ RunTime:0.000000s ]
INFO: [ app_init ] --END-- [ RunTime:0.000000s ]
ERR: 无法加载模块:Public

[ 2018-03-31T16:19:41+08:00 ] 127.0.0.1 /Kangli/Public/mp/js/echarts/theme/default/layer.css?v=3.1.0
INFO: [ app_init ] --START--
INFO: Run Behavior\BuildLiteBehavior [ RunTime:0.000000s ]
INFO: [ app_init ] --END-- [ RunTime:0.000000s ]
ERR: 无法加载模块:Public

[ 2018-03-31T16:19:42+08:00 ] 127.0.0.1 /Kangli/Public/mp/js/echarts/theme/default/layer.css?v=3.1.0
INFO: [ app_init ] --START--
INFO: Run Behavior\BuildLiteBehavior [ RunTime:0.000000s ]
INFO: [ app_init ] --END-- [ RunTime:0.000000s ]
ERR: 无法加载模块:Public

[ 2018-03-31T16:19:58+08:00 ] 127.0.0.1 /Kangli/Public/mp/js/echarts/theme/default/layer.css?v=3.1.0
INFO: [ app_init ] --START--
INFO: Run Behavior\BuildLiteBehavior [ RunTime:0.000000s ]
INFO: [ app_init ] --END-- [ RunTime:0.000000s ]
ERR: 无法加载模块:Public

[ 2018-03-31T16:19:59+08:00 ] 127.0.0.1 /Kangli/Public/mp/js/echarts/theme/default/layer.css?v=3.1.0
INFO: [ app_init ] --START--
INFO: Run Behavior\BuildLiteBehavior [ RunTime:0.000000s ]
INFO: [ app_init ] --END-- [ RunTime:0.001000s ]
ERR: 无法加载模块:Public

[ 2018-03-31T16:20:28+08:00 ] 127.0.0.1 /Kangli/Public/mp/js/echarts/theme/default/layer.css?v=3.1.0
INFO: [ app_init ] --START--
INFO: Run Behavior\BuildLiteBehavior [ RunTime:0.000000s ]
INFO: [ app_init ] --END-- [ RunTime:0.001000s ]
ERR: 无法加载模块:Public

[ 2018-03-31T16:20:28+08:00 ] 127.0.0.1 /Kangli/Public/mp/js/echarts/theme/default/layer.css?v=3.1.0
INFO: [ app_init ] --START--
INFO: Run Behavior\BuildLiteBehavior [ RunTime:0.000000s ]
INFO: [ app_init ] --END-- [ RunTime:0.000000s ]
ERR: 无法加载模块:Public

[ 2018-03-31T16:20:30+08:00 ] 127.0.0.1 /Kangli/Public/mp/js/echarts/theme/default/layer.css?v=3.1.0
INFO: [ app_init ] --START--
INFO: Run Behavior\BuildLiteBehavior [ RunTime:0.000000s ]
INFO: [ app_init ] --END-- [ RunTime:0.000000s ]
ERR: 无法加载模块:Public

[ 2018-03-31T16:20:34+08:00 ] 127.0.0.1 /Kangli/Public/mp/js/echarts/theme/default/layer.css?v=3.1.0
INFO: [ app_init ] --START--
INFO: Run Behavior\BuildLiteBehavior [ RunTime:0.000000s ]
INFO: [ app_init ] --END-- [ RunTime:0.000000s ]
ERR: 无法加载模块:Public

[ 2018-03-31T16:20:35+08:00 ] 127.0.0.1 /Kangli/Public/mp/js/echarts/theme/default/layer.css?v=3.1.0
INFO: [ app_init ] --START--
INFO: Run Behavior\BuildLiteBehavior [ RunTime:0.000000s ]
INFO: [ app_init ] --END-- [ RunTime:0.000000s ]
ERR: 无法加载模块:Public

[ 2018-03-31T16:20:38+08:00 ] 127.0.0.1 /Kangli/Public/mp/js/echarts/theme/default/layer.css?v=3.1.0
INFO: [ app_init ] --START--
INFO: Run Behavior\BuildLiteBehavior [ RunTime:0.000000s ]
INFO: [ app_init ] --END-- [ RunTime:0.000000s ]
ERR: 无法加载模块:Public

[ 2018-03-31T16:20:39+08:00 ] 127.0.0.1 /Kangli/Public/mp/js/echarts/theme/default/layer.css?v=3.1.0
INFO: [ app_init ] --START--
INFO: Run Behavior\BuildLiteBehavior [ RunTime:0.000000s ]
INFO: [ app_init ] --END-- [ RunTime:0.000000s ]
ERR: 无法加载模块:Public

[ 2018-03-31T16:20:39+08:00 ] 127.0.0.1 /Kangli/Public/mp/js/echarts/theme/default/layer.css?v=3.1.0
INFO: [ app_init ] --START--
INFO: Run Behavior\BuildLiteBehavior [ RunTime:0.000000s ]
INFO: [ app_init ] --END-- [ RunTime:0.000000s ]
ERR: 无法加载模块:Public

[ 2018-03-31T16:20:39+08:00 ] 127.0.0.1 /Kangli/Public/mp/js/echarts/theme/default/layer.css?v=3.1.0
INFO: [ app_init ] --START--
INFO: Run Behavior\BuildLiteBehavior [ RunTime:0.000000s ]
INFO: [ app_init ] --END-- [ RunTime:0.000000s ]
ERR: 无法加载模块:Public

[ 2018-03-31T16:20:41+08:00 ] 127.0.0.1 /Kangli/Public/mp/js/echarts/theme/default/layer.css?v=3.1.0
INFO: [ app_init ] --START--
INFO: Run Behavior\BuildLiteBehavior [ RunTime:0.000000s ]
INFO: [ app_init ] --END-- [ RunTime:0.000000s ]
ERR: 无法加载模块:Public

[ 2018-03-31T16:20:43+08:00 ] 127.0.0.1 /Kangli/Public/mp/js/echarts/theme/default/layer.css?v=3.1.0
INFO: [ app_init ] --START--
INFO: Run Behavior\BuildLiteBehavior [ RunTime:0.000000s ]
INFO: [ app_init ] --END-- [ RunTime:0.000000s ]
ERR: 无法加载模块:Public

[ 2018-03-31T16:20:45+08:00 ] 127.0.0.1 /Kangli/Public/mp/js/echarts/theme/default/layer.css?v=3.1.0
INFO: [ app_init ] --START--
INFO: Run Behavior\BuildLiteBehavior [ RunTime:0.000000s ]
INFO: [ app_init ] --END-- [ RunTime:0.000000s ]
ERR: 无法加载模块:Public

[ 2018-03-31T16:20:46+08:00 ] 127.0.0.1 /Kangli/Public/mp/js/echarts/theme/default/layer.css?v=3.1.0
INFO: [ app_init ] --START--
INFO: Run Behavior\BuildLiteBehavior [ RunTime:0.000000s ]
INFO: [ app_init ] --END-- [ RunTime:0.000000s ]
ERR: 无法加载模块:Public

[ 2018-03-31T16:20:47+08:00 ] 127.0.0.1 /Kangli/Public/mp/js/echarts/theme/default/layer.css?v=3.1.0
INFO: [ app_init ] --START--
INFO: Run Behavior\BuildLiteBehavior [ RunTime:0.000000s ]
INFO: [ app_init ] --END-- [ RunTime:0.000000s ]
ERR: 无法加载模块:Public

[ 2018-03-31T16:20:58+08:00 ] 127.0.0.1 /Kangli/Public/mp/js/echarts/theme/default/layer.css?v=3.1.0
INFO: [ app_init ] --START--
INFO: Run Behavior\BuildLiteBehavior [ RunTime:0.000000s ]
INFO: [ app_init ] --END-- [ RunTime:0.000000s ]
ERR: 无法加载模块:Public

[ 2018-03-31T16:20:59+08:00 ] 127.0.0.1 /Kangli/Public/mp/js/echarts/theme/default/layer.css?v=3.1.0
INFO: [ app_init ] --START--
INFO: Run Behavior\BuildLiteBehavior [ RunTime:0.000000s ]
INFO: [ app_init ] --END-- [ RunTime:0.000000s ]
ERR: 无法加载模块:Public

[ 2018-03-31T16:20:59+08:00 ] 127.0.0.1 /Kangli/Public/mp/js/echarts/theme/default/layer.css?v=3.1.0
INFO: [ app_init ] --START--
INFO: Run Behavior\BuildLiteBehavior [ RunTime:0.000000s ]
INFO: [ app_init ] --END-- [ RunTime:0.001000s ]
ERR: 无法加载模块:Public

[ 2018-03-31T16:20:59+08:00 ] 127.0.0.1 /Kangli/Public/mp/js/echarts/theme/default/layer.css?v=3.1.0
INFO: [ app_init ] --START--
INFO: Run Behavior\BuildLiteBehavior [ RunTime:0.000000s ]
INFO: [ app_init ] --END-- [ RunTime:0.000000s ]
ERR: 无法加载模块:Public

[ 2018-03-31T16:21:44+08:00 ] 127.0.0.1 /Kangli/Public/mp/js/echarts/theme/default/layer.css?v=3.1.0
INFO: [ app_init ] --START--
INFO: Run Behavior\BuildLiteBehavior [ RunTime:0.000000s ]
INFO: [ app_init ] --END-- [ RunTime:0.001000s ]
ERR: 无法加载模块:Public

[ 2018-03-31T16:21:45+08:00 ] 127.0.0.1 /Kangli/Public/mp/js/echarts/theme/default/layer.css?v=3.1.0
INFO: [ app_init ] --START--
INFO: Run Behavior\BuildLiteBehavior [ RunTime:0.000000s ]
INFO: [ app_init ] --END-- [ RunTime:0.000000s ]
ERR: 无法加载模块:Public

[ 2018-03-31T16:21:46+08:00 ] 127.0.0.1 /Kangli/Public/mp/js/echarts/theme/default/layer.css?v=3.1.0
INFO: [ app_init ] --START--
INFO: Run Behavior\BuildLiteBehavior [ RunTime:0.000000s ]
INFO: [ app_init ] --END-- [ RunTime:0.000000s ]
ERR: 无法加载模块:Public

[ 2018-03-31T16:29:05+08:00 ] 127.0.0.1 /Kangli/Public/mp/js/echarts/theme/default/layer.css?v=3.1.0
INFO: [ app_init ] --START--
INFO: Run Behavior\BuildLiteBehavior [ RunTime:0.000000s ]
INFO: [ app_init ] --END-- [ RunTime:0.001000s ]
ERR: 无法加载模块:Public

[ 2018-03-31T16:30:55+08:00 ] 127.0.0.1 /Kangli/Public/mp/js/echarts/theme/default/layer.css?v=3.1.0
INFO: [ app_init ] --START--
INFO: Run Behavior\BuildLiteBehavior [ RunTime:0.000000s ]
INFO: [ app_init ] --END-- [ RunTime:0.001000s ]
ERR: 无法加载模块:Public

[ 2018-03-31T16:31:57+08:00 ] 127.0.0.1 /Kangli/Public/mp/js/echarts/theme/default/layer.css?v=3.1.0
INFO: [ app_init ] --START--
INFO: Run Behavior\BuildLiteBehavior [ RunTime:0.000000s ]
INFO: [ app_init ] --END-- [ RunTime:0.000000s ]
ERR: 无法加载模块:Public

[ 2018-03-31T16:34:06+08:00 ] 127.0.0.1 /Kangli/Public/mp/js/echarts/theme/default/layer.css?v=3.1.0
INFO: [ app_init ] --START--
INFO: Run Behavior\BuildLiteBehavior [ RunTime:0.000000s ]
INFO: [ app_init ] --END-- [ RunTime:0.000000s ]
ERR: 无法加载模块:Public

[ 2018-03-31T16:34:19+08:00 ] 127.0.0.1 /Kangli/Public/mp/js/echarts/theme/default/layer.css?v=3.1.0
INFO: [ app_init ] --START--
INFO: Run Behavior\BuildLiteBehavior [ RunTime:0.000000s ]
INFO: [ app_init ] --END-- [ RunTime:0.000000s ]
ERR: 无法加载模块:Public

[ 2018-03-31T16:34:19+08:00 ] 127.0.0.1 /Kangli/Public/mp/js/echarts/theme/default/layer.css?v=3.1.0
INFO: [ app_init ] --START--
INFO: Run Behavior\BuildLiteBehavior [ RunTime:0.000000s ]
INFO: [ app_init ] --END-- [ RunTime:0.000000s ]
ERR: 无法加载模块:Public

[ 2018-03-31T16:35:05+08:00 ] 127.0.0.1 /Kangli/Public/mp/js/echarts/theme/default/layer.css?v=3.1.0
INFO: [ app_init ] --START--
INFO: Run Behavior\BuildLiteBehavior [ RunTime:0.000000s ]
INFO: [ app_init ] --END-- [ RunTime:0.001000s ]
ERR: 无法加载模块:Public

[ 2018-03-31T16:35:12+08:00 ] 127.0.0.1 /Kangli/Public/mp/js/echarts/theme/default/layer.css?v=3.1.0
INFO: [ app_init ] --START--
INFO: Run Behavior\BuildLiteBehavior [ RunTime:0.000000s ]
INFO: [ app_init ] --END-- [ RunTime:0.001000s ]
ERR: 无法加载模块:Public

[ 2018-03-31T16:37:36+08:00 ] 127.0.0.1 /Kangli/Public/mp/js/echarts/theme/default/layer.css?v=3.1.0
INFO: [ app_init ] --START--
INFO: Run Behavior\BuildLiteBehavior [ RunTime:0.000000s ]
INFO: [ app_init ] --END-- [ RunTime:0.000000s ]
ERR: 无法加载模块:Public

[ 2018-03-31T16:40:25+08:00 ] 127.0.0.1 /Kangli/Public/mp/js/echarts/theme/default/layer.css?v=3.1.0
INFO: [ app_init ] --START--
INFO: Run Behavior\BuildLiteBehavior [ RunTime:0.000000s ]
INFO: [ app_init ] --END-- [ RunTime:0.001000s ]
ERR: 无法加载模块:Public

[ 2018-03-31T16:40:26+08:00 ] 127.0.0.1 /Kangli/Public/mp/js/echarts/theme/default/layer.css?v=3.1.0
INFO: [ app_init ] --START--
INFO: Run Behavior\BuildLiteBehavior [ RunTime:0.000000s ]
INFO: [ app_init ] --END-- [ RunTime:0.001000s ]
ERR: 无法加载模块:Public

[ 2018-03-31T16:40:27+08:00 ] 127.0.0.1 /Kangli/Public/mp/js/echarts/theme/default/layer.css?v=3.1.0
INFO: [ app_init ] --START--
INFO: Run Behavior\BuildLiteBehavior [ RunTime:0.000000s ]
INFO: [ app_init ] --END-- [ RunTime:0.000000s ]
ERR: 无法加载模块:Public

[ 2018-03-31T16:40:32+08:00 ] 127.0.0.1 /Kangli/Public/mp/js/echarts/theme/default/layer.css?v=3.1.0
INFO: [ app_init ] --START--
INFO: Run Behavior\BuildLiteBehavior [ RunTime:0.000000s ]
INFO: [ app_init ] --END-- [ RunTime:0.000000s ]
ERR: 无法加载模块:Public

[ 2018-03-31T16:40:34+08:00 ] 127.0.0.1 /Kangli/Public/mp/js/echarts/theme/default/layer.css?v=3.1.0
INFO: [ app_init ] --START--
INFO: Run Behavior\BuildLiteBehavior [ RunTime:0.000000s ]
INFO: [ app_init ] --END-- [ RunTime:0.001000s ]
ERR: 无法加载模块:Public

[ 2018-03-31T16:40:36+08:00 ] 127.0.0.1 /Kangli/Public/mp/js/echarts/theme/default/layer.css?v=3.1.0
INFO: [ app_init ] --START--
INFO: Run Behavior\BuildLiteBehavior [ RunTime:0.000000s ]
INFO: [ app_init ] --END-- [ RunTime:0.000000s ]
ERR: 无法加载模块:Public

[ 2018-03-31T16:40:38+08:00 ] 127.0.0.1 /Kangli/Public/mp/js/echarts/theme/default/layer.css?v=3.1.0
INFO: [ app_init ] --START--
INFO: Run Behavior\BuildLiteBehavior [ RunTime:0.000000s ]
INFO: [ app_init ] --END-- [ RunTime:0.001000s ]
ERR: 无法加载模块:Public

[ 2018-03-31T16:40:39+08:00 ] 127.0.0.1 /Kangli/Public/mp/js/echarts/theme/default/layer.css?v=3.1.0
INFO: [ app_init ] --START--
INFO: Run Behavior\BuildLiteBehavior [ RunTime:0.000000s ]
INFO: [ app_init ] --END-- [ RunTime:0.000000s ]
ERR: 无法加载模块:Public

[ 2018-03-31T16:41:53+08:00 ] 127.0.0.1 /Kangli/Public/mp/js/echarts/theme/default/layer.css?v=3.1.0
INFO: [ app_init ] --START--
INFO: Run Behavior\BuildLiteBehavior [ RunTime:0.000000s ]
INFO: [ app_init ] --END-- [ RunTime:0.001000s ]
ERR: 无法加载模块:Public

[ 2018-03-31T16:41:54+08:00 ] 127.0.0.1 /Kangli/Public/mp/js/echarts/theme/default/layer.css?v=3.1.0
INFO: [ app_init ] --START--
INFO: Run Behavior\BuildLiteBehavior [ RunTime:0.000000s ]
INFO: [ app_init ] --END-- [ RunTime:0.000000s ]
ERR: 无法加载模块:Public

[ 2018-03-31T16:42:14+08:00 ] 127.0.0.1 /Kangli/Public/mp/js/echarts/theme/default/layer.css?v=3.1.0
INFO: [ app_init ] --START--
INFO: Run Behavior\BuildLiteBehavior [ RunTime:0.000000s ]
INFO: [ app_init ] --END-- [ RunTime:0.000000s ]
ERR: 无法加载模块:Public

[ 2018-03-31T16:43:11+08:00 ] 127.0.0.1 /Kangli/Public/mp/js/echarts/theme/default/layer.css?v=3.1.0
INFO: [ app_init ] --START--
INFO: Run Behavior\BuildLiteBehavior [ RunTime:0.000000s ]
INFO: [ app_init ] --END-- [ RunTime:0.000000s ]
ERR: 无法加载模块:Public

[ 2018-03-31T16:43:12+08:00 ] 127.0.0.1 /Kangli/Public/mp/js/echarts/theme/default/layer.css?v=3.1.0
INFO: [ app_init ] --START--
INFO: Run Behavior\BuildLiteBehavior [ RunTime:0.000000s ]
INFO: [ app_init ] --END-- [ RunTime:0.000000s ]
ERR: 无法加载模块:Public

[ 2018-03-31T16:43:13+08:00 ] 127.0.0.1 /Kangli/Public/mp/js/echarts/theme/default/layer.css?v=3.1.0
INFO: [ app_init ] --START--
INFO: Run Behavior\BuildLiteBehavior [ RunTime:0.000000s ]
INFO: [ app_init ] --END-- [ RunTime:0.000000s ]
ERR: 无法加载模块:Public

[ 2018-03-31T16:43:26+08:00 ] 127.0.0.1 /Kangli/Public/mp/js/echarts/theme/default/layer.css?v=3.1.0
INFO: [ app_init ] --START--
INFO: Run Behavior\BuildLiteBehavior [ RunTime:0.000000s ]
INFO: [ app_init ] --END-- [ RunTime:0.000000s ]
ERR: 无法加载模块:Public

[ 2018-03-31T16:44:23+08:00 ] 127.0.0.1 /Kangli/Public/mp/js/echarts/theme/default/layer.css?v=3.1.0
INFO: [ app_init ] --START--
INFO: Run Behavior\BuildLiteBehavior [ RunTime:0.000000s ]
INFO: [ app_init ] --END-- [ RunTime:0.000000s ]
ERR: 无法加载模块:Public

[ 2018-03-31T16:44:24+08:00 ] 127.0.0.1 /Kangli/Public/mp/js/echarts/theme/default/layer.css?v=3.1.0
INFO: [ app_init ] --START--
INFO: Run Behavior\BuildLiteBehavior [ RunTime:0.000000s ]
INFO: [ app_init ] --END-- [ RunTime:0.000000s ]
ERR: 无法加载模块:Public

[ 2018-03-31T16:44:41+08:00 ] 127.0.0.1 /Kangli/Public/mp/js/echarts/theme/default/layer.css?v=3.1.0
INFO: [ app_init ] --START--
INFO: Run Behavior\BuildLiteBehavior [ RunTime:0.000000s ]
INFO: [ app_init ] --END-- [ RunTime:0.000000s ]
ERR: 无法加载模块:Public

[ 2018-03-31T16:44:42+08:00 ] 127.0.0.1 /Kangli/Public/mp/js/echarts/theme/default/layer.css?v=3.1.0
INFO: [ app_init ] --START--
INFO: Run Behavior\BuildLiteBehavior [ RunTime:0.000000s ]
INFO: [ app_init ] --END-- [ RunTime:0.001000s ]
ERR: 无法加载模块:Public

[ 2018-03-31T16:46:48+08:00 ] 127.0.0.1 /Kangli/Public/mp/js/echarts/theme/default/layer.css?v=3.1.0
INFO: [ app_init ] --START--
INFO: Run Behavior\BuildLiteBehavior [ RunTime:0.001000s ]
INFO: [ app_init ] --END-- [ RunTime:0.001000s ]
ERR: 无法加载模块:Public

[ 2018-03-31T16:47:29+08:00 ] 127.0.0.1 /Kangli/Public/mp/js/echarts/theme/default/layer.css?v=3.1.0
INFO: [ app_init ] --START--
INFO: Run Behavior\BuildLiteBehavior [ RunTime:0.000000s ]
INFO: [ app_init ] --END-- [ RunTime:0.000000s ]
ERR: 无法加载模块:Public

[ 2018-03-31T16:55:39+08:00 ] 127.0.0.1 /Kangli/Public/mp/js/echarts/theme/default/layer.css?v=3.1.0
INFO: [ app_init ] --START--
INFO: Run Behavior\BuildLiteBehavior [ RunTime:0.000000s ]
INFO: [ app_init ] --END-- [ RunTime:0.000000s ]
ERR: 无法加载模块:Public

[ 2018-03-31T17:01:06+08:00 ] 127.0.0.1 /Kangli/Public/mp/js/echarts/theme/default/layer.css?v=3.1.0
INFO: [ app_init ] --START--
INFO: Run Behavior\BuildLiteBehavior [ RunTime:0.000000s ]
INFO: [ app_init ] --END-- [ RunTime:0.000000s ]
ERR: 无法加载模块:Public

[ 2018-03-31T17:01:10+08:00 ] 127.0.0.1 /Kangli/Public/mp/js/echarts/theme/default/layer.css?v=3.1.0
INFO: [ app_init ] --START--
INFO: Run Behavior\BuildLiteBehavior [ RunTime:0.000000s ]
INFO: [ app_init ] --END-- [ RunTime:0.000000s ]
ERR: 无法加载模块:Public

[ 2018-03-31T17:01:53+08:00 ] 127.0.0.1 /Kangli/Public/mp/js/echarts/theme/default/layer.css?v=3.1.0
INFO: [ app_init ] --START--
INFO: Run Behavior\BuildLiteBehavior [ RunTime:0.000000s ]
INFO: [ app_init ] --END-- [ RunTime:0.000000s ]
ERR: 无法加载模块:Public

[ 2018-03-31T17:01:53+08:00 ] 127.0.0.1 /Kangli/Public/mp/js/echarts/theme/default/layer.css?v=3.1.0
INFO: [ app_init ] --START--
INFO: Run Behavior\BuildLiteBehavior [ RunTime:0.000000s ]
INFO: [ app_init ] --END-- [ RunTime:0.001000s ]
ERR: 无法加载模块:Public

[ 2018-03-31T17:01:54+08:00 ] 127.0.0.1 /Kangli/Public/mp/js/echarts/theme/default/layer.css?v=3.1.0
INFO: [ app_init ] --START--
INFO: Run Behavior\BuildLiteBehavior [ RunTime:0.000000s ]
INFO: [ app_init ] --END-- [ RunTime:0.001000s ]
ERR: 无法加载模块:Public

[ 2018-03-31T17:02:31+08:00 ] 127.0.0.1 /Kangli/Public/mp/js/echarts/theme/default/layer.css?v=3.1.0
INFO: [ app_init ] --START--
INFO: Run Behavior\BuildLiteBehavior [ RunTime:0.000000s ]
INFO: [ app_init ] --END-- [ RunTime:0.001000s ]
ERR: 无法加载模块:Public

[ 2018-03-31T17:02:55+08:00 ] 127.0.0.1 /Kangli/Public/mp/js/echarts/theme/default/layer.css?v=3.1.0
INFO: [ app_init ] --START--
INFO: Run Behavior\BuildLiteBehavior [ RunTime:0.000000s ]
INFO: [ app_init ] --END-- [ RunTime:0.001000s ]
ERR: 无法加载模块:Public

[ 2018-03-31T17:03:29+08:00 ] 127.0.0.1 /Kangli/Public/mp/js/echarts/theme/default/layer.css?v=3.1.0
INFO: [ app_init ] --START--
INFO: Run Behavior\BuildLiteBehavior [ RunTime:0.000000s ]
INFO: [ app_init ] --END-- [ RunTime:0.001000s ]
ERR: 无法加载模块:Public

[ 2018-03-31T17:03:40+08:00 ] 127.0.0.1 /Kangli/Public/mp/js/echarts/theme/default/layer.css?v=3.1.0
INFO: [ app_init ] --START--
INFO: Run Behavior\BuildLiteBehavior [ RunTime:0.000000s ]
INFO: [ app_init ] --END-- [ RunTime:0.001000s ]
ERR: 无法加载模块:Public

[ 2018-03-31T17:03:47+08:00 ] 127.0.0.1 /Kangli/Public/mp/js/echarts/theme/default/layer.css?v=3.1.0
INFO: [ app_init ] --START--
INFO: Run Behavior\BuildLiteBehavior [ RunTime:0.000000s ]
INFO: [ app_init ] --END-- [ RunTime:0.000000s ]
ERR: 无法加载模块:Public

[ 2018-03-31T17:04:31+08:00 ] 127.0.0.1 /Kangli/Public/mp/js/echarts/theme/default/layer.css?v=3.1.0
INFO: [ app_init ] --START--
INFO: Run Behavior\BuildLiteBehavior [ RunTime:0.000000s ]
INFO: [ app_init ] --END-- [ RunTime:0.001000s ]
ERR: 无法加载模块:Public

[ 2018-03-31T17:08:50+08:00 ] 127.0.0.1 /Kangli/Public/mp/js/echarts/theme/default/layer.css?v=3.1.0
INFO: [ app_init ] --START--
INFO: Run Behavior\BuildLiteBehavior [ RunTime:0.000000s ]
INFO: [ app_init ] --END-- [ RunTime:0.001000s ]
ERR: 无法加载模块:Public

[ 2018-03-31T17:08:52+08:00 ] 127.0.0.1 /Kangli/Public/mp/js/echarts/theme/default/layer.css?v=3.1.0
INFO: [ app_init ] --START--
INFO: Run Behavior\BuildLiteBehavior [ RunTime:0.000000s ]
INFO: [ app_init ] --END-- [ RunTime:0.001000s ]
ERR: 无法加载模块:Public

[ 2018-03-31T17:08:59+08:00 ] 127.0.0.1 /Kangli/Public/mp/js/echarts/theme/default/layer.css?v=3.1.0
INFO: [ app_init ] --START--
INFO: Run Behavior\BuildLiteBehavior [ RunTime:0.000000s ]
INFO: [ app_init ] --END-- [ RunTime:0.001000s ]
ERR: 无法加载模块:Public

[ 2018-03-31T17:10:51+08:00 ] 127.0.0.1 /Kangli/Public/mp/js/echarts/theme/default/layer.css?v=3.1.0
INFO: [ app_init ] --START--
INFO: Run Behavior\BuildLiteBehavior [ RunTime:0.000000s ]
INFO: [ app_init ] --END-- [ RunTime:0.000000s ]
ERR: 无法加载模块:Public

[ 2018-03-31T17:12:15+08:00 ] 127.0.0.1 /Kangli/Public/mp/js/echarts/theme/default/layer.css?v=3.1.0
INFO: [ app_init ] --START--
INFO: Run Behavior\BuildLiteBehavior [ RunTime:0.000000s ]
INFO: [ app_init ] --END-- [ RunTime:0.000000s ]
ERR: 无法加载模块:Public

[ 2018-03-31T17:12:26+08:00 ] 127.0.0.1 /Kangli/Public/mp/js/echarts/theme/default/layer.css?v=3.1.0
INFO: [ app_init ] --START--
INFO: Run Behavior\BuildLiteBehavior [ RunTime:0.000000s ]
INFO: [ app_init ] --END-- [ RunTime:0.000000s ]
ERR: 无法加载模块:Public

[ 2018-03-31T17:12:27+08:00 ] 127.0.0.1 /Kangli/Public/mp/js/echarts/theme/default/layer.css?v=3.1.0
INFO: [ app_init ] --START--
INFO: Run Behavior\BuildLiteBehavior [ RunTime:0.000000s ]
INFO: [ app_init ] --END-- [ RunTime:0.000000s ]
ERR: 无法加载模块:Public

[ 2018-03-31T17:12:30+08:00 ] 127.0.0.1 /Kangli/Public/mp/js/echarts/theme/default/layer.css?v=3.1.0
INFO: [ app_init ] --START--
INFO: Run Behavior\BuildLiteBehavior [ RunTime:0.000000s ]
INFO: [ app_init ] --END-- [ RunTime:0.001000s ]
ERR: 无法加载模块:Public

[ 2018-03-31T17:12:31+08:00 ] 127.0.0.1 /Kangli/Public/mp/js/echarts/theme/default/layer.css?v=3.1.0
INFO: [ app_init ] --START--
INFO: Run Behavior\BuildLiteBehavior [ RunTime:0.000000s ]
INFO: [ app_init ] --END-- [ RunTime:0.000000s ]
ERR: 无法加载模块:Public

[ 2018-03-31T17:12:31+08:00 ] 127.0.0.1 /Kangli/Public/mp/js/echarts/theme/default/layer.css?v=3.1.0
INFO: [ app_init ] --START--
INFO: Run Behavior\BuildLiteBehavior [ RunTime:0.000000s ]
INFO: [ app_init ] --END-- [ RunTime:0.000000s ]
ERR: 无法加载模块:Public

[ 2018-03-31T17:16:58+08:00 ] 127.0.0.1 /Kangli/Public/mp/js/echarts/theme/default/layer.css?v=3.1.0
INFO: [ app_init ] --START--
INFO: Run Behavior\BuildLiteBehavior [ RunTime:0.000000s ]
INFO: [ app_init ] --END-- [ RunTime:0.000000s ]
ERR: 无法加载模块:Public

[ 2018-03-31T17:17:59+08:00 ] 127.0.0.1 /Kangli/Public/mp/js/echarts/theme/default/layer.css?v=3.1.0
INFO: [ app_init ] --START--
INFO: Run Behavior\BuildLiteBehavior [ RunTime:0.000000s ]
INFO: [ app_init ] --END-- [ RunTime:0.000000s ]
ERR: 无法加载模块:Public

[ 2018-03-31T17:18:00+08:00 ] 127.0.0.1 /Kangli/Public/mp/js/echarts/theme/default/layer.css?v=3.1.0
INFO: [ app_init ] --START--
INFO: Run Behavior\BuildLiteBehavior [ RunTime:0.000000s ]
INFO: [ app_init ] --END-- [ RunTime:0.000000s ]
ERR: 无法加载模块:Public

[ 2018-03-31T17:18:00+08:00 ] 127.0.0.1 /Kangli/Public/mp/js/echarts/theme/default/layer.css?v=3.1.0
INFO: [ app_init ] --START--
INFO: Run Behavior\BuildLiteBehavior [ RunTime:0.000000s ]
INFO: [ app_init ] --END-- [ RunTime:0.001000s ]
ERR: 无法加载模块:Public

[ 2018-03-31T17:18:00+08:00 ] 127.0.0.1 /Kangli/Public/mp/js/echarts/theme/default/layer.css?v=3.1.0
INFO: [ app_init ] --START--
INFO: Run Behavior\BuildLiteBehavior [ RunTime:0.000000s ]
INFO: [ app_init ] --END-- [ RunTime:0.000000s ]
ERR: 无法加载模块:Public

[ 2018-03-31T17:18:08+08:00 ] 127.0.0.1 /Kangli/Public/mp/js/echarts/theme/default/layer.css?v=3.1.0
INFO: [ app_init ] --START--
INFO: Run Behavior\BuildLiteBehavior [ RunTime:0.000000s ]
INFO: [ app_init ] --END-- [ RunTime:0.000000s ]
ERR: 无法加载模块:Public

[ 2018-03-31T17:40:57+08:00 ] 127.0.0.1 /Kangli/Public/mp/js/echarts/theme/default/layer.css?v=3.1.0
INFO: [ app_init ] --START--
INFO: Run Behavior\BuildLiteBehavior [ RunTime:0.000000s ]
INFO: [ app_init ] --END-- [ RunTime:0.001000s ]
ERR: 无法加载模块:Public

[ 2018-03-31T17:40:58+08:00 ] 127.0.0.1 /Kangli/Public/mp/js/echarts/theme/default/layer.css?v=3.1.0
INFO: [ app_init ] --START--
INFO: Run Behavior\BuildLiteBehavior [ RunTime:0.000000s ]
INFO: [ app_init ] --END-- [ RunTime:0.000000s ]
ERR: 无法加载模块:Public

[ 2018-03-31T17:40:59+08:00 ] 127.0.0.1 /Kangli/Public/mp/js/echarts/theme/default/layer.css?v=3.1.0
INFO: [ app_init ] --START--
INFO: Run Behavior\BuildLiteBehavior [ RunTime:0.000000s ]
INFO: [ app_init ] --END-- [ RunTime:0.001000s ]
ERR: 无法加载模块:Public

[ 2018-03-31T17:40:59+08:00 ] 127.0.0.1 /Kangli/Public/mp/js/echarts/theme/default/layer.css?v=3.1.0
INFO: [ app_init ] --START--
INFO: Run Behavior\BuildLiteBehavior [ RunTime:0.000000s ]
INFO: [ app_init ] --END-- [ RunTime:0.000000s ]
ERR: 无法加载模块:Public

[ 2018-03-31T17:41:53+08:00 ] 127.0.0.1 /Kangli/Public/mp/js/echarts/theme/default/layer.css?v=3.1.0
INFO: [ app_init ] --START--
INFO: Run Behavior\BuildLiteBehavior [ RunTime:0.000000s ]
INFO: [ app_init ] --END-- [ RunTime:0.000000s ]
ERR: 无法加载模块:Public

[ 2018-03-31T17:41:54+08:00 ] 127.0.0.1 /Kangli/Public/mp/js/echarts/theme/default/layer.css?v=3.1.0
INFO: [ app_init ] --START--
INFO: Run Behavior\BuildLiteBehavior [ RunTime:0.000000s ]
INFO: [ app_init ] --END-- [ RunTime:0.001000s ]
ERR: 无法加载模块:Public

[ 2018-03-31T17:41:54+08:00 ] 127.0.0.1 /Kangli/Public/mp/js/echarts/theme/default/layer.css?v=3.1.0
INFO: [ app_init ] --START--
INFO: Run Behavior\BuildLiteBehavior [ RunTime:0.000000s ]
INFO: [ app_init ] --END-- [ RunTime:0.000000s ]
ERR: 无法加载模块:Public

[ 2018-03-31T17:42:59+08:00 ] 127.0.0.1 /Kangli/Public/mp/js/echarts/theme/default/layer.css?v=3.1.0
INFO: [ app_init ] --START--
INFO: Run Behavior\BuildLiteBehavior [ RunTime:0.000000s ]
INFO: [ app_init ] --END-- [ RunTime:0.000000s ]
ERR: 无法加载模块:Public

[ 2018-03-31T17:42:59+08:00 ] 127.0.0.1 /Kangli/Public/mp/js/echarts/theme/default/layer.css?v=3.1.0
INFO: [ app_init ] --START--
INFO: Run Behavior\BuildLiteBehavior [ RunTime:0.001000s ]
INFO: [ app_init ] --END-- [ RunTime:0.001000s ]
ERR: 无法加载模块:Public

[ 2018-03-31T17:43:00+08:00 ] 127.0.0.1 /Kangli/Public/mp/js/echarts/theme/default/layer.css?v=3.1.0
INFO: [ app_init ] --START--
INFO: Run Behavior\BuildLiteBehavior [ RunTime:0.000000s ]
INFO: [ app_init ] --END-- [ RunTime:0.000000s ]
ERR: 无法加载模块:Public

[ 2018-03-31T17:43:20+08:00 ] 127.0.0.1 /Kangli/Public/mp/js/echarts/theme/default/layer.css?v=3.1.0
INFO: [ app_init ] --START--
INFO: Run Behavior\BuildLiteBehavior [ RunTime:0.000000s ]
INFO: [ app_init ] --END-- [ RunTime:0.000000s ]
ERR: 无法加载模块:Public

[ 2018-03-31T17:50:23+08:00 ] 127.0.0.1 /Kangli/Public/mp/js/echarts/theme/default/layer.css?v=3.1.0
INFO: [ app_init ] --START--
INFO: Run Behavior\BuildLiteBehavior [ RunTime:0.000000s ]
INFO: [ app_init ] --END-- [ RunTime:0.000000s ]
ERR: 无法加载模块:Public

[ 2018-03-31T17:50:24+08:00 ] 127.0.0.1 /Kangli/Public/mp/js/echarts/theme/default/layer.css?v=3.1.0
INFO: [ app_init ] --START--
INFO: Run Behavior\BuildLiteBehavior [ RunTime:0.000000s ]
INFO: [ app_init ] --END-- [ RunTime:0.001000s ]
ERR: 无法加载模块:Public

[ 2018-03-31T17:50:24+08:00 ] 127.0.0.1 /Kangli/Public/mp/js/echarts/theme/default/layer.css?v=3.1.0
INFO: [ app_init ] --START--
INFO: Run Behavior\BuildLiteBehavior [ RunTime:0.000000s ]
INFO: [ app_init ] --END-- [ RunTime:0.001000s ]
ERR: 无法加载模块:Public

[ 2018-03-31T17:50:53+08:00 ] 127.0.0.1 /Kangli/Public/mp/js/echarts/theme/default/layer.css?v=3.1.0
INFO: [ app_init ] --START--
INFO: Run Behavior\BuildLiteBehavior [ RunTime:0.000000s ]
INFO: [ app_init ] --END-- [ RunTime:0.000000s ]
ERR: 无法加载模块:Public

[ 2018-03-31T17:50:56+08:00 ] 127.0.0.1 /Kangli/Public/mp/js/echarts/theme/default/layer.css?v=3.1.0
INFO: [ app_init ] --START--
INFO: Run Behavior\BuildLiteBehavior [ RunTime:0.000000s ]
INFO: [ app_init ] --END-- [ RunTime:0.000000s ]
ERR: 无法加载模块:Public

[ 2018-03-31T18:03:55+08:00 ] 127.0.0.1 /Kangli/Public/mp/js/echarts/theme/default/layer.css?v=3.1.0
INFO: [ app_init ] --START--
INFO: Run Behavior\BuildLiteBehavior [ RunTime:0.000000s ]
INFO: [ app_init ] --END-- [ RunTime:0.000000s ]
ERR: 无法加载模块:Public

[ 2018-03-31T18:05:10+08:00 ] 127.0.0.1 /Kangli/Public/mp/js/echarts/theme/default/layer.css?v=3.1.0
INFO: [ app_init ] --START--
INFO: Run Behavior\BuildLiteBehavior [ RunTime:0.000000s ]
INFO: [ app_init ] --END-- [ RunTime:0.000000s ]
ERR: 无法加载模块:Public

[ 2018-03-31T18:17:42+08:00 ] 127.0.0.1 /Kangli/Public/mp/js/echarts/theme/default/layer.css?v=3.1.0
INFO: [ app_init ] --START--
INFO: Run Behavior\BuildLiteBehavior [ RunTime:0.000000s ]
INFO: [ app_init ] --END-- [ RunTime:0.000000s ]
ERR: 无法加载模块:Public

[ 2018-03-31T18:18:13+08:00 ] 127.0.0.1 /Kangli/Public/mp/js/echarts/theme/default/layer.css?v=3.1.0
INFO: [ app_init ] --START--
INFO: Run Behavior\BuildLiteBehavior [ RunTime:0.000000s ]
INFO: [ app_init ] --END-- [ RunTime:0.000000s ]
ERR: 无法加载模块:Public

[ 2018-03-31T18:37:49+08:00 ] 127.0.0.1 /Kangli/Public/mp/js/echarts/theme/default/layer.css?v=3.1.0
INFO: [ app_init ] --START--
INFO: Run Behavior\BuildLiteBehavior [ RunTime:0.000000s ]
INFO: [ app_init ] --END-- [ RunTime:0.001000s ]
ERR: 无法加载模块:Public

[ 2018-03-31T18:38:57+08:00 ] 127.0.0.1 /Kangli/Public/mp/js/echarts/theme/default/layer.css?v=3.1.0
INFO: [ app_init ] --START--
INFO: Run Behavior\BuildLiteBehavior [ RunTime:0.000000s ]
INFO: [ app_init ] --END-- [ RunTime:0.000000s ]
ERR: 无法加载模块:Public

[ 2018-03-31T18:39:22+08:00 ] 127.0.0.1 /Kangli/Public/mp/js/echarts/theme/default/layer.css?v=3.1.0
INFO: [ app_init ] --START--
INFO: Run Behavior\BuildLiteBehavior [ RunTime:0.000000s ]
INFO: [ app_init ] --END-- [ RunTime:0.001000s ]
ERR: 无法加载模块:Public

[ 2018-03-31T18:39:22+08:00 ] 127.0.0.1 /Kangli/Public/mp/js/echarts/theme/default/layer.css?v=3.1.0
INFO: [ app_init ] --START--
INFO: Run Behavior\BuildLiteBehavior [ RunTime:0.000000s ]
INFO: [ app_init ] --END-- [ RunTime:0.000000s ]
ERR: 无法加载模块:Public

[ 2018-03-31T18:48:15+08:00 ] 127.0.0.1 /Kangli/Public/mp/js/echarts/theme/default/layer.css?v=3.1.0
INFO: [ app_init ] --START--
INFO: Run Behavior\BuildLiteBehavior [ RunTime:0.000000s ]
INFO: [ app_init ] --END-- [ RunTime:0.000000s ]
ERR: 无法加载模块:Public

[ 2018-03-31T18:48:16+08:00 ] 127.0.0.1 /Kangli/Public/mp/js/echarts/theme/default/layer.css?v=3.1.0
INFO: [ app_init ] --START--
INFO: Run Behavior\BuildLiteBehavior [ RunTime:0.000000s ]
INFO: [ app_init ] --END-- [ RunTime:0.000000s ]
ERR: 无法加载模块:Public

[ 2018-03-31T18:54:48+08:00 ] 127.0.0.1 /Kangli/Public/mp/js/echarts/theme/default/layer.css?v=3.1.0
INFO: [ app_init ] --START--
INFO: Run Behavior\BuildLiteBehavior [ RunTime:0.000000s ]
INFO: [ app_init ] --END-- [ RunTime:0.000000s ]
ERR: 无法加载模块:Public

[ 2018-03-31T18:54:48+08:00 ] 127.0.0.1 /Kangli/Public/mp/js/echarts/theme/default/layer.css?v=3.1.0
INFO: [ app_init ] --START--
INFO: Run Behavior\BuildLiteBehavior [ RunTime:0.000000s ]
INFO: [ app_init ] --END-- [ RunTime:0.001000s ]
ERR: 无法加载模块:Public

[ 2018-03-31T18:54:49+08:00 ] 127.0.0.1 /Kangli/Public/mp/js/echarts/theme/default/layer.css?v=3.1.0
INFO: [ app_init ] --START--
INFO: Run Behavior\BuildLiteBehavior [ RunTime:0.000000s ]
INFO: [ app_init ] --END-- [ RunTime:0.000000s ]
ERR: 无法加载模块:Public

[ 2018-03-31T18:55:19+08:00 ] 127.0.0.1 /Kangli/Public/mp/js/echarts/theme/default/layer.css?v=3.1.0
INFO: [ app_init ] --START--
INFO: Run Behavior\BuildLiteBehavior [ RunTime:0.000000s ]
INFO: [ app_init ] --END-- [ RunTime:0.000000s ]
ERR: 无法加载模块:Public

