[ 2018-08-24T09:08:48+08:00 ] ::1 /Kangli/Public/Kangli/js/swiper.min.js.map
ERR: 无法加载模块:Public

[ 2018-08-24T09:09:11+08:00 ] ::1 /Kangli/Public/Kangli/js/swiper.min.js.map
ERR: 无法加载模块:Public

[ 2018-08-24T09:09:23+08:00 ] ::1 /Kangli/Public/Kangli/js/swiper.min.js.map
ERR: 无法加载模块:Public

[ 2018-08-24T09:09:23+08:00 ] ::1 /Kangli/Public/Kangli/js/swiper.min.js.map
ERR: 无法加载模块:Public

[ 2018-08-24T09:21:38+08:00 ] ::1 /Kangli/Public/Kangli/js/swiper.min.js.map
ERR: 无法加载模块:Public

[ 2018-08-24T09:21:53+08:00 ] ::1 /Kangli/Public/Kangli/js/swiper.min.js.map
ERR: 无法加载模块:Public

[ 2018-08-24T09:21:53+08:00 ] ::1 /Kangli/Public/Kangli/js/swiper.min.js.map
ERR: 无法加载模块:Public

[ 2018-08-24T09:22:29+08:00 ] ::1 /Kangli/Public/Kangli/js/swiper.min.js.map
ERR: 无法加载模块:Public

[ 2018-08-24T09:22:45+08:00 ] ::1 /Kangli/Public/Kangli/js/swiper.min.js.map
ERR: 无法加载模块:Public

[ 2018-08-24T14:09:02+08:00 ] ::1 /Kangli/Public/Kangli/js/swiper.min.js.map
ERR: 无法加载模块:Public

[ 2018-08-24T14:09:51+08:00 ] ::1 /Kangli/Public/Kangli/js/swiper.min.js.map
ERR: 无法加载模块:Public

[ 2018-08-24T14:13:15+08:00 ] ::1 /Kangli/Public/Kangli/js/swiper.min.js.map
ERR: 无法加载模块:Public

[ 2018-08-24T14:13:15+08:00 ] ::1 /Kangli/Public/Kangli/js/swiper.min.js.map
ERR: 无法加载模块:Public

[ 2018-08-24T14:13:20+08:00 ] ::1 /Kangli/Public/Kangli/js/swiper.min.js.map
ERR: 无法加载模块:Public

[ 2018-08-24T14:13:42+08:00 ] ::1 /Kangli/Public/Kangli/js/swiper.min.js.map
ERR: 无法加载模块:Public

[ 2018-08-24T14:13:50+08:00 ] ::1 /Kangli/Public/uploads/mobi/3052/1510556483_5913.jpg
ERR: 无法加载模块:Public

[ 2018-08-24T14:13:50+08:00 ] ::1 /Kangli/Public/Kangli/js/swiper.min.js.map
ERR: 无法加载模块:Public

[ 2018-08-24T14:13:56+08:00 ] ::1 /Kangli/Public/Kangli/js/swiper.min.js.map
ERR: 无法加载模块:Public

[ 2018-08-24T14:14:03+08:00 ] ::1 /Kangli/Public/Kangli/js/swiper.min.js.map
ERR: 无法加载模块:Public

[ 2018-08-24T14:14:07+08:00 ] ::1 /Kangli/Public/Kangli/js/swiper.min.js.map
ERR: 无法加载模块:Public

[ 2018-08-24T14:14:10+08:00 ] ::1 /Kangli/Public/uploads/mobi/3052/1510556483_5913.jpg
ERR: 无法加载模块:Public

[ 2018-08-24T14:14:10+08:00 ] ::1 /Kangli/Public/Kangli/js/swiper.min.js.map
ERR: 无法加载模块:Public

[ 2018-08-24T14:14:16+08:00 ] ::1 /Kangli/Public/Kangli/js/swiper.min.js.map
ERR: 无法加载模块:Public

[ 2018-08-24T14:14:30+08:00 ] ::1 /Kangli/Public/Kangli/js/swiper.min.js.map
ERR: 无法加载模块:Public

[ 2018-08-24T14:14:34+08:00 ] ::1 /Kangli/Public/Kangli/js/swiper.min.js.map
ERR: 无法加载模块:Public

[ 2018-08-24T14:15:01+08:00 ] ::1 /Kangli/Public/Kangli/js/swiper.min.js.map
ERR: 无法加载模块:Public

[ 2018-08-24T14:15:01+08:00 ] ::1 /Kangli/Public/Kangli/js/swiper.min.js.map
ERR: 无法加载模块:Public

[ 2018-08-24T14:15:20+08:00 ] ::1 /Kangli/Public/Kangli/js/swiper.min.js.map
ERR: 无法加载模块:Public

[ 2018-08-24T14:15:30+08:00 ] ::1 /Kangli/Public/Kangli/js/swiper.min.js.map
ERR: 无法加载模块:Public

[ 2018-08-24T14:15:40+08:00 ] ::1 /Kangli/Public/Kangli/js/swiper.min.js.map
ERR: 无法加载模块:Public

[ 2018-08-24T14:15:44+08:00 ] ::1 /Kangli/Public/Kangli/js/swiper.min.js.map
ERR: 无法加载模块:Public

[ 2018-08-24T14:15:47+08:00 ] ::1 /Kangli/Public/Kangli/js/swiper.min.js.map
ERR: 无法加载模块:Public

[ 2018-08-24T14:17:14+08:00 ] ::1 /Kangli/Public/Kangli/js/swiper.min.js.map
ERR: 无法加载模块:Public

[ 2018-08-24T14:18:41+08:00 ] ::1 /Kangli/Public/Kangli/js/swiper.min.js.map
ERR: 无法加载模块:Public

[ 2018-08-24T14:18:47+08:00 ] ::1 /Kangli/Public/uploads/mobi/3052/1510556483_5913.jpg
ERR: 无法加载模块:Public

[ 2018-08-24T14:18:47+08:00 ] ::1 /Kangli/Public/Kangli/js/swiper.min.js.map
ERR: 无法加载模块:Public

[ 2018-08-24T14:18:53+08:00 ] ::1 /Kangli/Public/Kangli/js/swiper.min.js.map
ERR: 无法加载模块:Public

[ 2018-08-24T14:18:56+08:00 ] ::1 /Kangli/Public/uploads/mobi/3052/1510556483_5913.jpg
ERR: 无法加载模块:Public

[ 2018-08-24T14:18:56+08:00 ] ::1 /Kangli/Public/Kangli/js/swiper.min.js.map
ERR: 无法加载模块:Public

[ 2018-08-24T14:19:08+08:00 ] ::1 /Kangli/Public/Kangli/js/swiper.min.js.map
ERR: 无法加载模块:Public

[ 2018-08-24T14:19:14+08:00 ] ::1 /Kangli/Public/Kangli/js/swiper.min.js.map
ERR: 无法加载模块:Public

[ 2018-08-24T14:19:19+08:00 ] ::1 /Kangli/Public/Kangli/js/swiper.min.js.map
ERR: 无法加载模块:Public

[ 2018-08-24T14:19:32+08:00 ] ::1 /Kangli/Public/Kangli/js/swiper.min.js.map
ERR: 无法加载模块:Public

[ 2018-08-24T14:19:32+08:00 ] ::1 /Kangli/Public/Kangli/js/swiper.min.js.map
ERR: 无法加载模块:Public

[ 2018-08-24T14:19:38+08:00 ] ::1 /Kangli/Public/Kangli/js/swiper.min.js.map
ERR: 无法加载模块:Public

[ 2018-08-24T14:19:40+08:00 ] ::1 /Kangli/Public/Kangli/js/swiper.min.js.map
ERR: 无法加载模块:Public

[ 2018-08-24T14:19:40+08:00 ] ::1 /Kangli/Public/Kangli/js/swiper.min.js.map
ERR: 无法加载模块:Public

[ 2018-08-24T14:19:45+08:00 ] ::1 /Kangli/Public/Kangli/js/swiper.min.js.map
ERR: 无法加载模块:Public

[ 2018-08-24T14:19:45+08:00 ] ::1 /Kangli/Public/Kangli/js/swiper.min.js.map
ERR: 无法加载模块:Public

[ 2018-08-24T14:19:49+08:00 ] ::1 /Kangli/Public/uploads/mobi/3052/1510556483_5913.jpg
ERR: 无法加载模块:Public

[ 2018-08-24T14:19:49+08:00 ] ::1 /Kangli/Public/Kangli/js/swiper.min.js.map
ERR: 无法加载模块:Public

[ 2018-08-24T14:19:54+08:00 ] ::1 /Kangli/Public/uploads/mobi/3052/1510556483_5913.jpg
ERR: 无法加载模块:Public

[ 2018-08-24T14:19:54+08:00 ] ::1 /Kangli/Public/Kangli/js/swiper.min.js.map
ERR: 无法加载模块:Public

[ 2018-08-24T14:20:05+08:00 ] ::1 /Kangli/Public/Kangli/js/swiper.min.js.map
ERR: 无法加载模块:Public

[ 2018-08-24T14:20:10+08:00 ] ::1 /Kangli/Public/Kangli/js/swiper.min.js.map
ERR: 无法加载模块:Public

[ 2018-08-24T14:20:45+08:00 ] ::1 /Kangli/Public/Kangli/js/swiper.min.js.map
ERR: 无法加载模块:Public

[ 2018-08-24T14:20:55+08:00 ] ::1 /Kangli/Public/uploads/mobi/3052/1510556483_5913.jpg
ERR: 无法加载模块:Public

[ 2018-08-24T14:20:55+08:00 ] ::1 /Kangli/Public/Kangli/js/swiper.min.js.map
ERR: 无法加载模块:Public

[ 2018-08-24T14:21:00+08:00 ] ::1 /Kangli/Public/Kangli/js/swiper.min.js.map
ERR: 无法加载模块:Public

[ 2018-08-24T14:21:07+08:00 ] ::1 /Kangli/Public/Kangli/js/swiper.min.js.map
ERR: 无法加载模块:Public

[ 2018-08-24T14:21:07+08:00 ] ::1 /Kangli/Public/Kangli/js/swiper.min.js.map
ERR: 无法加载模块:Public

[ 2018-08-24T14:21:15+08:00 ] ::1 /Kangli/Public/Kangli/js/swiper.min.js.map
ERR: 无法加载模块:Public

[ 2018-08-24T14:21:26+08:00 ] ::1 /Kangli/Public/Kangli/js/swiper.min.js.map
ERR: 无法加载模块:Public

[ 2018-08-24T14:21:33+08:00 ] ::1 /Kangli/Public/Kangli/js/swiper.min.js.map
ERR: 无法加载模块:Public

[ 2018-08-24T14:21:42+08:00 ] ::1 /Kangli/Public/Kangli/js/swiper.min.js.map
ERR: 无法加载模块:Public

[ 2018-08-24T14:21:42+08:00 ] ::1 /Kangli/Public/Kangli/js/swiper.min.js.map
ERR: 无法加载模块:Public

[ 2018-08-24T14:21:45+08:00 ] ::1 /Kangli/Public/Kangli/js/swiper.min.js.map
ERR: 无法加载模块:Public

[ 2018-08-24T14:21:49+08:00 ] ::1 /Kangli/Public/Kangli/js/swiper.min.js.map
ERR: 无法加载模块:Public

[ 2018-08-24T14:21:49+08:00 ] ::1 /Kangli/Public/Kangli/js/swiper.min.js.map
ERR: 无法加载模块:Public

[ 2018-08-24T14:21:53+08:00 ] ::1 /Kangli/Public/Kangli/js/swiper.min.js.map
ERR: 无法加载模块:Public

[ 2018-08-24T14:21:53+08:00 ] ::1 /Kangli/Public/Kangli/js/swiper.min.js.map
ERR: 无法加载模块:Public

[ 2018-08-24T14:21:56+08:00 ] ::1 /Kangli/Public/uploads/mobi/3052/1510556483_5913.jpg
ERR: 无法加载模块:Public

[ 2018-08-24T14:21:56+08:00 ] ::1 /Kangli/Public/Kangli/js/swiper.min.js.map
ERR: 无法加载模块:Public

[ 2018-08-24T14:22:01+08:00 ] ::1 /Kangli/Public/uploads/mobi/3052/1510556483_5913.jpg
ERR: 无法加载模块:Public

[ 2018-08-24T14:22:01+08:00 ] ::1 /Kangli/Public/Kangli/js/swiper.min.js.map
ERR: 无法加载模块:Public

[ 2018-08-24T14:22:05+08:00 ] ::1 /Kangli/Public/uploads/mobi/3052/1510556483_5913.jpg
ERR: 无法加载模块:Public

[ 2018-08-24T14:22:05+08:00 ] ::1 /Kangli/Public/Kangli/js/swiper.min.js.map
ERR: 无法加载模块:Public

[ 2018-08-24T14:22:10+08:00 ] ::1 /Kangli/Public/Kangli/js/swiper.min.js.map
ERR: 无法加载模块:Public

[ 2018-08-24T14:22:15+08:00 ] ::1 /Kangli/Public/Kangli/js/swiper.min.js.map
ERR: 无法加载模块:Public

[ 2018-08-24T14:22:39+08:00 ] ::1 /Kangli/Public/Kangli/js/swiper.min.js.map
ERR: 无法加载模块:Public

[ 2018-08-24T14:22:43+08:00 ] ::1 /Kangli/Public/Kangli/js/swiper.min.js.map
ERR: 无法加载模块:Public

[ 2018-08-24T14:23:00+08:00 ] ::1 /Kangli/Public/Kangli/js/swiper.min.js.map
ERR: 无法加载模块:Public

[ 2018-08-24T14:23:12+08:00 ] ::1 /Kangli/Public/Kangli/js/swiper.min.js.map
ERR: 无法加载模块:Public

[ 2018-08-24T14:23:40+08:00 ] ::1 /Kangli/Public/Kangli/js/swiper.min.js.map
ERR: 无法加载模块:Public

[ 2018-08-24T14:23:43+08:00 ] ::1 /Kangli/Public/Kangli/js/swiper.min.js.map
ERR: 无法加载模块:Public

[ 2018-08-24T14:23:58+08:00 ] ::1 /Kangli/Public/Kangli/js/swiper.min.js.map
ERR: 无法加载模块:Public

[ 2018-08-24T14:23:58+08:00 ] ::1 /Kangli/Public/Kangli/js/swiper.min.js.map
ERR: 无法加载模块:Public

[ 2018-08-24T14:24:02+08:00 ] ::1 /Kangli/Public/Kangli/js/swiper.min.js.map
ERR: 无法加载模块:Public

[ 2018-08-24T14:24:04+08:00 ] ::1 /Kangli/Public/Kangli/js/swiper.min.js.map
ERR: 无法加载模块:Public

[ 2018-08-24T14:24:04+08:00 ] ::1 /Kangli/Public/Kangli/js/swiper.min.js.map
ERR: 无法加载模块:Public

[ 2018-08-24T14:24:07+08:00 ] ::1 /Kangli/Public/uploads/mobi/3052/1510556483_5913.jpg
ERR: 无法加载模块:Public

[ 2018-08-24T14:24:07+08:00 ] ::1 /Kangli/Public/Kangli/js/swiper.min.js.map
ERR: 无法加载模块:Public

[ 2018-08-24T14:24:11+08:00 ] ::1 /Kangli/Public/uploads/mobi/3052/1510556483_5913.jpg
ERR: 无法加载模块:Public

[ 2018-08-24T14:24:11+08:00 ] ::1 /Kangli/Public/Kangli/js/swiper.min.js.map
ERR: 无法加载模块:Public

[ 2018-08-24T14:24:16+08:00 ] ::1 /Kangli/Public/Kangli/js/swiper.min.js.map
ERR: 无法加载模块:Public

[ 2018-08-24T14:24:19+08:00 ] ::1 /Kangli/Public/Kangli/js/swiper.min.js.map
ERR: 无法加载模块:Public

[ 2018-08-24T14:25:16+08:00 ] ::1 /Kangli/Public/Kangli/js/swiper.min.js.map
ERR: 无法加载模块:Public

[ 2018-08-24T14:27:14+08:00 ] ::1 /Kangli/Public/uploads/mobi/3052/1510556483_5913.jpg
ERR: 无法加载模块:Public

[ 2018-08-24T14:27:14+08:00 ] ::1 /Kangli/Public/Kangli/js/swiper.min.js.map
ERR: 无法加载模块:Public

[ 2018-08-24T14:31:35+08:00 ] ::1 /Kangli/Public/Kangli/js/swiper.min.js.map
ERR: 无法加载模块:Public

[ 2018-08-24T14:32:01+08:00 ] ::1 /Kangli/Public/Kangli/js/swiper.min.js.map
ERR: 无法加载模块:Public

[ 2018-08-24T14:32:05+08:00 ] ::1 /Kangli/Public/Kangli/js/swiper.min.js.map
ERR: 无法加载模块:Public

[ 2018-08-24T14:32:11+08:00 ] ::1 /Kangli/Public/uploads/mobi/3052/1510556483_5913.jpg
ERR: 无法加载模块:Public

[ 2018-08-24T14:32:11+08:00 ] ::1 /Kangli/Public/Kangli/js/swiper.min.js.map
ERR: 无法加载模块:Public

[ 2018-08-24T14:32:21+08:00 ] ::1 /Kangli/Public/Kangli/js/swiper.min.js.map
ERR: 无法加载模块:Public

[ 2018-08-24T14:32:39+08:00 ] ::1 /Kangli/Public/Kangli/js/swiper.min.js.map
ERR: 无法加载模块:Public

[ 2018-08-24T14:32:48+08:00 ] ::1 /Kangli/Public/Kangli/js/swiper.min.js.map
ERR: 无法加载模块:Public

[ 2018-08-24T14:32:55+08:00 ] ::1 /Kangli/Public/Kangli/js/swiper.min.js.map
ERR: 无法加载模块:Public

[ 2018-08-24T14:32:57+08:00 ] ::1 /Kangli/Public/Kangli/js/swiper.min.js.map
ERR: 无法加载模块:Public

[ 2018-08-24T14:33:02+08:00 ] ::1 /Kangli/Public/Kangli/js/swiper.min.js.map
ERR: 无法加载模块:Public

[ 2018-08-24T14:33:06+08:00 ] ::1 /Kangli/Public/Kangli/js/swiper.min.js.map
ERR: 无法加载模块:Public

[ 2018-08-24T14:33:15+08:00 ] ::1 /Kangli/Public/Kangli/js/swiper.min.js.map
ERR: 无法加载模块:Public

[ 2018-08-24T14:33:30+08:00 ] ::1 /Kangli/Public/Kangli/js/swiper.min.js.map
ERR: 无法加载模块:Public

[ 2018-08-24T14:33:34+08:00 ] ::1 /Kangli/Public/Kangli/js/swiper.min.js.map
ERR: 无法加载模块:Public

[ 2018-08-24T14:33:39+08:00 ] ::1 /Kangli/Public/Kangli/js/swiper.min.js.map
ERR: 无法加载模块:Public

[ 2018-08-24T14:34:01+08:00 ] ::1 /Kangli/Public/Kangli/js/swiper.min.js.map
ERR: 无法加载模块:Public

[ 2018-08-24T14:34:25+08:00 ] ::1 /Kangli/Public/Kangli/js/swiper.min.js.map
ERR: 无法加载模块:Public

[ 2018-08-24T14:36:43+08:00 ] ::1 /Kangli/Public/Kangli/js/swiper.min.js.map
ERR: 无法加载模块:Public

[ 2018-08-24T14:36:46+08:00 ] ::1 /Kangli/Public/Kangli/js/swiper.min.js.map
ERR: 无法加载模块:Public

[ 2018-08-24T14:37:07+08:00 ] ::1 /Kangli/Public/Kangli/js/swiper.min.js.map
ERR: 无法加载模块:Public

[ 2018-08-24T14:37:21+08:00 ] ::1 /Kangli/Public/Kangli/js/swiper.min.js.map
ERR: 无法加载模块:Public

[ 2018-08-24T14:38:19+08:00 ] ::1 /Kangli/Public/Kangli/js/swiper.min.js.map
ERR: 无法加载模块:Public

[ 2018-08-24T14:39:01+08:00 ] ::1 /Kangli/Public/Kangli/js/swiper.min.js.map
ERR: 无法加载模块:Public

[ 2018-08-24T14:40:39+08:00 ] ::1 /Kangli/Public/Kangli/js/swiper.min.js.map
ERR: 无法加载模块:Public

[ 2018-08-24T14:40:39+08:00 ] ::1 /Kangli/Public/Kangli/js/swiper.min.js.map
ERR: 无法加载模块:Public

[ 2018-08-24T14:42:45+08:00 ] ::1 /Kangli/Public/Kangli/js/swiper.min.js.map
ERR: 无法加载模块:Public

[ 2018-08-24T14:42:45+08:00 ] ::1 /Kangli/Public/Kangli/js/swiper.min.js.map
ERR: 无法加载模块:Public

[ 2018-08-24T14:42:49+08:00 ] ::1 /Kangli/Public/Kangli/js/swiper.min.js.map
ERR: 无法加载模块:Public

[ 2018-08-24T14:51:12+08:00 ] ::1 /Kangli/Public/Kangli/js/swiper.min.js.map
ERR: 无法加载模块:Public

[ 2018-08-24T14:51:14+08:00 ] ::1 /Kangli/Public/Kangli/js/swiper.min.js.map
ERR: 无法加载模块:Public

[ 2018-08-24T14:51:33+08:00 ] ::1 /Kangli/Public/Kangli/js/swiper.min.js.map
ERR: 无法加载模块:Public

[ 2018-08-24T14:51:40+08:00 ] ::1 /Kangli/Public/Kangli/js/swiper.min.js.map
ERR: 无法加载模块:Public

[ 2018-08-24T14:51:54+08:00 ] ::1 /Kangli/Public/Kangli/js/swiper.min.js.map
ERR: 无法加载模块:Public

[ 2018-08-24T14:51:54+08:00 ] ::1 /Kangli/Public/Kangli/js/swiper.min.js.map
ERR: 无法加载模块:Public

[ 2018-08-24T14:52:01+08:00 ] ::1 /Kangli/Public/Kangli/js/swiper.min.js.map
ERR: 无法加载模块:Public

[ 2018-08-24T14:53:25+08:00 ] ::1 /Kangli/Public/Kangli/js/swiper.min.js.map
ERR: 无法加载模块:Public

[ 2018-08-24T14:53:28+08:00 ] ::1 /Kangli/Public/Kangli/js/swiper.min.js.map
ERR: 无法加载模块:Public

[ 2018-08-24T14:53:31+08:00 ] ::1 /Kangli/Public/Kangli/js/swiper.min.js.map
ERR: 无法加载模块:Public

[ 2018-08-24T14:54:18+08:00 ] ::1 /Kangli/Public/Kangli/js/swiper.min.js.map
ERR: 无法加载模块:Public

[ 2018-08-24T14:54:18+08:00 ] ::1 /Kangli/Public/Kangli/js/swiper.min.js.map
ERR: 无法加载模块:Public

[ 2018-08-24T14:54:28+08:00 ] ::1 /Kangli/Public/Kangli/js/swiper.min.js.map
ERR: 无法加载模块:Public

[ 2018-08-24T14:54:30+08:00 ] ::1 /Kangli/Public/Kangli/js/swiper.min.js.map
ERR: 无法加载模块:Public

[ 2018-08-24T14:54:33+08:00 ] ::1 /Kangli/Public/Kangli/js/swiper.min.js.map
ERR: 无法加载模块:Public

[ 2018-08-24T14:54:37+08:00 ] ::1 /Kangli/Public/Kangli/js/swiper.min.js.map
ERR: 无法加载模块:Public

[ 2018-08-24T14:54:37+08:00 ] ::1 /Kangli/Public/Kangli/js/swiper.min.js.map
ERR: 无法加载模块:Public

[ 2018-08-24T14:55:06+08:00 ] ::1 /Kangli/Public/Kangli/js/swiper.min.js.map
ERR: 无法加载模块:Public

[ 2018-08-24T14:55:12+08:00 ] ::1 /Kangli/Public/Kangli/js/swiper.min.js.map
ERR: 无法加载模块:Public

[ 2018-08-24T14:55:36+08:00 ] ::1 /Kangli/Public/Kangli/js/swiper.min.js.map
ERR: 无法加载模块:Public

[ 2018-08-24T14:55:36+08:00 ] ::1 /Kangli/Public/Kangli/js/swiper.min.js.map
ERR: 无法加载模块:Public

[ 2018-08-24T14:56:01+08:00 ] ::1 /Kangli/Public/Kangli/js/swiper.min.js.map
ERR: 无法加载模块:Public

[ 2018-08-24T14:56:32+08:00 ] ::1 /Kangli/Public/Kangli/js/swiper.min.js.map
ERR: 无法加载模块:Public

[ 2018-08-24T14:56:32+08:00 ] ::1 /Kangli/Public/Kangli/js/swiper.min.js.map
ERR: 无法加载模块:Public

[ 2018-08-24T14:57:57+08:00 ] ::1 /Kangli/Public/Kangli/js/swiper.min.js.map
ERR: 无法加载模块:Public

[ 2018-08-24T14:58:47+08:00 ] ::1 /Kangli/Public/Kangli/js/swiper.min.js.map
ERR: 无法加载模块:Public

[ 2018-08-24T14:59:07+08:00 ] ::1 /Kangli/Public/Kangli/js/swiper.min.js.map
ERR: 无法加载模块:Public

[ 2018-08-24T15:00:27+08:00 ] ::1 /Kangli/Public/Kangli/js/swiper.min.js.map
ERR: 无法加载模块:Public

[ 2018-08-24T15:00:27+08:00 ] ::1 /Kangli/Public/Kangli/js/swiper.min.js.map
ERR: 无法加载模块:Public

[ 2018-08-24T15:00:34+08:00 ] ::1 /Kangli/Public/Kangli/js/swiper.min.js.map
ERR: 无法加载模块:Public

[ 2018-08-24T15:00:58+08:00 ] ::1 /Kangli/Public/Kangli/js/swiper.min.js.map
ERR: 无法加载模块:Public

[ 2018-08-24T15:02:01+08:00 ] ::1 /Kangli/Public/Kangli/js/swiper.min.js.map
ERR: 无法加载模块:Public

[ 2018-08-24T15:02:39+08:00 ] ::1 /Kangli/Public/Kangli/js/swiper.min.js.map
ERR: 无法加载模块:Public

[ 2018-08-24T15:02:45+08:00 ] ::1 /Kangli/Public/Kangli/js/swiper.min.js.map
ERR: 无法加载模块:Public

[ 2018-08-24T15:02:45+08:00 ] ::1 /Kangli/Public/Kangli/js/swiper.min.js.map
ERR: 无法加载模块:Public

[ 2018-08-24T15:02:52+08:00 ] ::1 /Kangli/Public/Kangli/js/swiper.min.js.map
ERR: 无法加载模块:Public

[ 2018-08-24T15:03:13+08:00 ] ::1 /Kangli/Public/Kangli/js/swiper.min.js.map
ERR: 无法加载模块:Public

[ 2018-08-24T15:03:37+08:00 ] ::1 /Kangli/Public/Kangli/js/swiper.min.js.map
ERR: 无法加载模块:Public

[ 2018-08-24T15:04:01+08:00 ] ::1 /Kangli/Public/Kangli/js/swiper.min.js.map
ERR: 无法加载模块:Public

[ 2018-08-24T15:04:01+08:00 ] ::1 /Kangli/Public/Kangli/js/swiper.min.js.map
ERR: 无法加载模块:Public

[ 2018-08-24T15:04:15+08:00 ] ::1 /Kangli/Public/Kangli/js/swiper.min.js.map
ERR: 无法加载模块:Public

[ 2018-08-24T15:04:28+08:00 ] ::1 /Kangli/Public/Kangli/js/swiper.min.js.map
ERR: 无法加载模块:Public

[ 2018-08-24T15:04:33+08:00 ] ::1 /Kangli/Public/Kangli/js/swiper.min.js.map
ERR: 无法加载模块:Public

[ 2018-08-24T15:04:35+08:00 ] ::1 /Kangli/Public/Kangli/js/swiper.min.js.map
ERR: 无法加载模块:Public

[ 2018-08-24T15:04:38+08:00 ] ::1 /Kangli/Public/Kangli/js/swiper.min.js.map
ERR: 无法加载模块:Public

[ 2018-08-24T15:04:41+08:00 ] ::1 /Kangli/Public/Kangli/js/swiper.min.js.map
ERR: 无法加载模块:Public

[ 2018-08-24T15:04:48+08:00 ] ::1 /Kangli/Public/Kangli/js/swiper.min.js.map
ERR: 无法加载模块:Public

[ 2018-08-24T15:04:51+08:00 ] ::1 /Kangli/Public/Kangli/js/swiper.min.js.map
ERR: 无法加载模块:Public

[ 2018-08-24T15:04:58+08:00 ] ::1 /Kangli/Public/Kangli/js/swiper.min.js.map
ERR: 无法加载模块:Public

[ 2018-08-24T15:05:06+08:00 ] ::1 /Kangli/Public/Kangli/js/swiper.min.js.map
ERR: 无法加载模块:Public

[ 2018-08-24T15:05:10+08:00 ] ::1 /Kangli/Public/Kangli/js/swiper.min.js.map
ERR: 无法加载模块:Public

[ 2018-08-24T15:05:16+08:00 ] ::1 /Kangli/Public/Kangli/js/swiper.min.js.map
ERR: 无法加载模块:Public

[ 2018-08-24T15:05:23+08:00 ] ::1 /Kangli/Public/Kangli/js/swiper.min.js.map
ERR: 无法加载模块:Public

[ 2018-08-24T15:06:07+08:00 ] ::1 /Kangli/Public/Kangli/js/swiper.min.js.map
ERR: 无法加载模块:Public

[ 2018-08-24T15:06:15+08:00 ] ::1 /Kangli/Public/Kangli/js/swiper.min.js.map
ERR: 无法加载模块:Public

[ 2018-08-24T15:21:27+08:00 ] ::1 /Kangli/Public/Kangli/js/swiper.min.js.map
ERR: 无法加载模块:Public

[ 2018-08-24T15:21:27+08:00 ] ::1 /Kangli/Public/Kangli/js/swiper.min.js.map
ERR: 无法加载模块:Public

[ 2018-08-24T15:21:31+08:00 ] ::1 /Kangli/Public/Kangli/js/swiper.min.js.map
ERR: 无法加载模块:Public

[ 2018-08-24T15:21:39+08:00 ] ::1 /Kangli/Public/Kangli/js/swiper.min.js.map
ERR: 无法加载模块:Public

[ 2018-08-24T15:21:39+08:00 ] ::1 /Kangli/Public/Kangli/js/swiper.min.js.map
ERR: 无法加载模块:Public

[ 2018-08-24T15:21:43+08:00 ] ::1 /Kangli/Public/uploads/mobi/3052/1510556483_5913.jpg
ERR: 无法加载模块:Public

[ 2018-08-24T15:21:43+08:00 ] ::1 /Kangli/Public/Kangli/js/swiper.min.js.map
ERR: 无法加载模块:Public

[ 2018-08-24T15:21:50+08:00 ] ::1 /Kangli/Public/uploads/mobi/3052/1510556483_5913.jpg
ERR: 无法加载模块:Public

[ 2018-08-24T15:21:50+08:00 ] ::1 /Kangli/Public/Kangli/js/swiper.min.js.map
ERR: 无法加载模块:Public

[ 2018-08-24T15:21:56+08:00 ] ::1 /Kangli/Public/Kangli/js/swiper.min.js.map
ERR: 无法加载模块:Public

[ 2018-08-24T15:22:04+08:00 ] ::1 /Kangli/Public/uploads/mobi/3052/1510556483_5913.jpg
ERR: 无法加载模块:Public

[ 2018-08-24T15:22:04+08:00 ] ::1 /Kangli/Public/Kangli/js/swiper.min.js.map
ERR: 无法加载模块:Public

[ 2018-08-24T15:23:27+08:00 ] ::1 /Kangli/Public/Kangli/js/swiper.min.js.map
ERR: 无法加载模块:Public

[ 2018-08-24T15:23:31+08:00 ] ::1 /Kangli/Public/Kangli/js/swiper.min.js.map
ERR: 无法加载模块:Public

[ 2018-08-24T15:23:33+08:00 ] ::1 /Kangli/Public/Kangli/js/swiper.min.js.map
ERR: 无法加载模块:Public

[ 2018-08-24T15:23:37+08:00 ] ::1 /Kangli/Public/Kangli/js/swiper.min.js.map
ERR: 无法加载模块:Public

[ 2018-08-24T15:23:37+08:00 ] ::1 /Kangli/Public/Kangli/js/swiper.min.js.map
ERR: 无法加载模块:Public

[ 2018-08-24T15:23:43+08:00 ] ::1 /Kangli/Public/Kangli/js/swiper.min.js.map
ERR: 无法加载模块:Public

[ 2018-08-24T15:24:40+08:00 ] ::1 /Kangli/Public/Kangli/js/swiper.min.js.map
ERR: 无法加载模块:Public

[ 2018-08-24T15:24:49+08:00 ] ::1 /Kangli/Public/Kangli/js/swiper.min.js.map
ERR: 无法加载模块:Public

[ 2018-08-24T15:24:58+08:00 ] ::1 /Kangli/Public/Kangli/js/swiper.min.js.map
ERR: 无法加载模块:Public

[ 2018-08-24T15:24:58+08:00 ] ::1 /Kangli/Public/Kangli/js/swiper.min.js.map
ERR: 无法加载模块:Public

[ 2018-08-24T15:25:04+08:00 ] ::1 /Kangli/Public/Kangli/js/swiper.min.js.map
ERR: 无法加载模块:Public

[ 2018-08-24T15:25:21+08:00 ] ::1 /Kangli/Public/Kangli/js/swiper.min.js.map
ERR: 无法加载模块:Public

[ 2018-08-24T15:25:38+08:00 ] ::1 /Kangli/Public/Kangli/js/swiper.min.js.map
ERR: 无法加载模块:Public

[ 2018-08-24T15:25:44+08:00 ] ::1 /Kangli/Public/Kangli/js/swiper.min.js.map
ERR: 无法加载模块:Public

[ 2018-08-24T15:25:49+08:00 ] ::1 /Kangli/Public/Kangli/js/swiper.min.js.map
ERR: 无法加载模块:Public

[ 2018-08-24T15:25:55+08:00 ] ::1 /Kangli/Public/Kangli/js/swiper.min.js.map
ERR: 无法加载模块:Public

[ 2018-08-24T15:26:32+08:00 ] ::1 /Kangli/Public/Kangli/js/swiper.min.js.map
ERR: 无法加载模块:Public

[ 2018-08-24T15:26:43+08:00 ] ::1 /Kangli/Public/uploads/temp/59fd948f50b685485.jpeg
ERR: 无法加载模块:Public

[ 2018-08-24T15:26:43+08:00 ] ::1 /Kangli/Public/Kangli/js/swiper.min.js.map
ERR: 无法加载模块:Public

[ 2018-08-24T15:26:43+08:00 ] ::1 /Kangli/Public/Kangli/js/lrz.all.bundle.js.map
ERR: 无法加载模块:Public

[ 2018-08-24T15:27:01+08:00 ] ::1 /Kangli/Public/Kangli/js/swiper.min.js.map
ERR: 无法加载模块:Public

[ 2018-08-24T15:27:11+08:00 ] ::1 /Kangli/Public/Kangli/js/swiper.min.js.map
ERR: 无法加载模块:Public

[ 2018-08-24T15:27:25+08:00 ] ::1 /Kangli/Public/Kangli/js/swiper.min.js.map
ERR: 无法加载模块:Public

[ 2018-08-24T15:27:29+08:00 ] ::1 /Kangli/Public/Kangli/js/swiper.min.js.map
ERR: 无法加载模块:Public

[ 2018-08-24T15:27:42+08:00 ] ::1 /Kangli/Public/Kangli/js/swiper.min.js.map
ERR: 无法加载模块:Public

[ 2018-08-24T15:27:50+08:00 ] ::1 /Kangli/Public/Kangli/js/swiper.min.js.map
ERR: 无法加载模块:Public

[ 2018-08-24T15:29:43+08:00 ] ::1 /Kangli/Public/Kangli/js/swiper.min.js.map
ERR: 无法加载模块:Public

[ 2018-08-24T15:29:51+08:00 ] ::1 /Kangli/Public/Kangli/js/swiper.min.js.map
ERR: 无法加载模块:Public

[ 2018-08-24T15:29:54+08:00 ] ::1 /Kangli/Public/Kangli/js/swiper.min.js.map
ERR: 无法加载模块:Public

[ 2018-08-24T15:29:56+08:00 ] ::1 /Kangli/Public/Kangli/js/swiper.min.js.map
ERR: 无法加载模块:Public

[ 2018-08-24T15:30:02+08:00 ] ::1 /Kangli/Public/Kangli/js/swiper.min.js.map
ERR: 无法加载模块:Public

[ 2018-08-24T15:30:05+08:00 ] ::1 /Kangli/Public/Kangli/js/swiper.min.js.map
ERR: 无法加载模块:Public

[ 2018-08-24T15:30:08+08:00 ] ::1 /Kangli/Public/Kangli/js/swiper.min.js.map
ERR: 无法加载模块:Public

[ 2018-08-24T15:30:14+08:00 ] ::1 /Kangli/Public/Kangli/js/swiper.min.js.map
ERR: 无法加载模块:Public

[ 2018-08-24T15:31:09+08:00 ] ::1 /Kangli/Public/Kangli/js/swiper.min.js.map
ERR: 无法加载模块:Public

[ 2018-08-24T15:31:09+08:00 ] ::1 /Kangli/Public/Kangli/js/swiper.min.js.map
ERR: 无法加载模块:Public

[ 2018-08-24T15:31:47+08:00 ] ::1 /Kangli/Public/Kangli/js/swiper.min.js.map
ERR: 无法加载模块:Public

[ 2018-08-24T15:31:58+08:00 ] ::1 /Kangli/Public/Kangli/js/swiper.min.js.map
ERR: 无法加载模块:Public

[ 2018-08-24T15:31:58+08:00 ] ::1 /Kangli/Public/Kangli/js/swiper.min.js.map
ERR: 无法加载模块:Public

[ 2018-08-24T15:54:22+08:00 ] ::1 /Kangli/Public/Kangli/js/swiper.min.js.map
ERR: 无法加载模块:Public

[ 2018-08-24T16:02:02+08:00 ] ::1 /Kangli/Public/Kangli/js/swiper.min.js.map
ERR: 无法加载模块:Public

[ 2018-08-24T16:02:02+08:00 ] ::1 /Kangli/Public/Kangli/js/swiper.min.js.map
ERR: 无法加载模块:Public

[ 2018-08-24T16:02:08+08:00 ] ::1 /Kangli/Public/Kangli/js/swiper.min.js.map
ERR: 无法加载模块:Public

[ 2018-08-24T16:02:11+08:00 ] ::1 /Kangli/Public/Kangli/js/swiper.min.js.map
ERR: 无法加载模块:Public

[ 2018-08-24T16:02:11+08:00 ] ::1 /Kangli/Public/Kangli/js/swiper.min.js.map
ERR: 无法加载模块:Public

[ 2018-08-24T16:03:26+08:00 ] ::1 /Kangli/Public/Kangli/js/swiper.min.js.map
ERR: 无法加载模块:Public

[ 2018-08-24T16:03:31+08:00 ] ::1 /Kangli/Public/Kangli/js/swiper.min.js.map
ERR: 无法加载模块:Public

[ 2018-08-24T16:03:31+08:00 ] ::1 /Kangli/Public/Kangli/js/swiper.min.js.map
ERR: 无法加载模块:Public

[ 2018-08-24T16:03:37+08:00 ] ::1 /Kangli/Public/Kangli/js/swiper.min.js.map
ERR: 无法加载模块:Public

[ 2018-08-24T16:04:39+08:00 ] ::1 /Kangli/Public/Kangli/js/swiper.min.js.map
ERR: 无法加载模块:Public

[ 2018-08-24T16:05:42+08:00 ] ::1 /Kangli/Public/Kangli/js/swiper.min.js.map
ERR: 无法加载模块:Public

[ 2018-08-24T16:05:42+08:00 ] ::1 /Kangli/Public/Kangli/js/swiper.min.js.map
ERR: 无法加载模块:Public

[ 2018-08-24T16:05:53+08:00 ] ::1 /Kangli/Public/Kangli/js/swiper.min.js.map
ERR: 无法加载模块:Public

[ 2018-08-24T16:05:57+08:00 ] ::1 /Kangli/Public/Kangli/js/swiper.min.js.map
ERR: 无法加载模块:Public

[ 2018-08-24T16:05:58+08:00 ] ::1 /Kangli/Public/Kangli/js/swiper.min.js.map
ERR: 无法加载模块:Public

[ 2018-08-24T16:12:41+08:00 ] ::1 /Kangli/Public/Kangli/js/swiper.min.js.map
ERR: 无法加载模块:Public

[ 2018-08-24T16:12:43+08:00 ] ::1 /Kangli/Public/Kangli/js/swiper.min.js.map
ERR: 无法加载模块:Public

[ 2018-08-24T16:12:43+08:00 ] ::1 /Kangli/Public/Kangli/js/swiper.min.js.map
ERR: 无法加载模块:Public

[ 2018-08-24T16:12:47+08:00 ] ::1 /Kangli/Public/uploads/mobi/3052/1510556483_5913.jpg
ERR: 无法加载模块:Public

[ 2018-08-24T16:12:47+08:00 ] ::1 /Kangli/Public/Kangli/js/swiper.min.js.map
ERR: 无法加载模块:Public

[ 2018-08-24T16:12:52+08:00 ] ::1 /Kangli/Public/uploads/mobi/3052/1510556483_5913.jpg
ERR: 无法加载模块:Public

[ 2018-08-24T16:12:52+08:00 ] ::1 /Kangli/Public/Kangli/js/swiper.min.js.map
ERR: 无法加载模块:Public

[ 2018-08-24T16:12:57+08:00 ] ::1 /Kangli/Public/Kangli/js/swiper.min.js.map
ERR: 无法加载模块:Public

[ 2018-08-24T16:13:04+08:00 ] ::1 /Kangli/Public/uploads/mobi/3052/1510556483_5913.jpg
ERR: 无法加载模块:Public

[ 2018-08-24T16:13:04+08:00 ] ::1 /Kangli/Public/Kangli/js/swiper.min.js.map
ERR: 无法加载模块:Public

[ 2018-08-24T16:13:12+08:00 ] ::1 /Kangli/Public/Kangli/js/swiper.min.js.map
ERR: 无法加载模块:Public

[ 2018-08-24T16:13:28+08:00 ] ::1 /Kangli/Public/Kangli/js/swiper.min.js.map
ERR: 无法加载模块:Public

[ 2018-08-24T16:15:13+08:00 ] ::1 /Kangli/Public/Kangli/js/swiper.min.js.map
ERR: 无法加载模块:Public

[ 2018-08-24T16:15:27+08:00 ] ::1 /Kangli/Public/Kangli/js/swiper.min.js.map
ERR: 无法加载模块:Public

[ 2018-08-24T16:15:27+08:00 ] ::1 /Kangli/Public/Kangli/js/swiper.min.js.map
ERR: 无法加载模块:Public

[ 2018-08-24T16:15:31+08:00 ] ::1 /Kangli/Public/Kangli/js/swiper.min.js.map
ERR: 无法加载模块:Public

[ 2018-08-24T16:15:33+08:00 ] ::1 /Kangli/Public/Kangli/js/swiper.min.js.map
ERR: 无法加载模块:Public

[ 2018-08-24T16:15:37+08:00 ] ::1 /Kangli/Public/Kangli/js/swiper.min.js.map
ERR: 无法加载模块:Public

[ 2018-08-24T16:15:37+08:00 ] ::1 /Kangli/Public/Kangli/js/swiper.min.js.map
ERR: 无法加载模块:Public

[ 2018-08-24T16:15:44+08:00 ] ::1 /Kangli/Public/Kangli/js/swiper.min.js.map
ERR: 无法加载模块:Public

[ 2018-08-24T16:16:21+08:00 ] ::1 /Kangli/Public/Kangli/js/swiper.min.js.map
ERR: 无法加载模块:Public

[ 2018-08-24T16:16:29+08:00 ] ::1 /Kangli/Public/Kangli/js/swiper.min.js.map
ERR: 无法加载模块:Public

[ 2018-08-24T16:16:41+08:00 ] ::1 /Kangli/Public/Kangli/js/swiper.min.js.map
ERR: 无法加载模块:Public

[ 2018-08-24T16:17:02+08:00 ] ::1 /Kangli/Public/Kangli/js/swiper.min.js.map
ERR: 无法加载模块:Public

[ 2018-08-24T16:17:02+08:00 ] ::1 /Kangli/Public/Kangli/js/swiper.min.js.map
ERR: 无法加载模块:Public

[ 2018-08-24T16:18:10+08:00 ] ::1 /Kangli/Public/Kangli/js/swiper.min.js.map
ERR: 无法加载模块:Public

[ 2018-08-24T16:18:12+08:00 ] ::1 /Kangli/Public/Kangli/js/swiper.min.js.map
ERR: 无法加载模块:Public

[ 2018-08-24T16:18:12+08:00 ] ::1 /Kangli/Public/Kangli/js/swiper.min.js.map
ERR: 无法加载模块:Public

[ 2018-08-24T16:18:17+08:00 ] ::1 /Kangli/Public/uploads/mobi/3052/1510556483_5913.jpg
ERR: 无法加载模块:Public

[ 2018-08-24T16:18:17+08:00 ] ::1 /Kangli/Public/Kangli/js/swiper.min.js.map
ERR: 无法加载模块:Public

[ 2018-08-24T16:18:21+08:00 ] ::1 /Kangli/Public/uploads/mobi/3052/1510556483_5913.jpg
ERR: 无法加载模块:Public

[ 2018-08-24T16:18:21+08:00 ] ::1 /Kangli/Public/Kangli/js/swiper.min.js.map
ERR: 无法加载模块:Public

[ 2018-08-24T16:18:25+08:00 ] ::1 /Kangli/Public/Kangli/js/swiper.min.js.map
ERR: 无法加载模块:Public

[ 2018-08-24T16:18:31+08:00 ] ::1 /Kangli/Public/uploads/mobi/3052/1510556483_5913.jpg
ERR: 无法加载模块:Public

[ 2018-08-24T16:18:31+08:00 ] ::1 /Kangli/Public/Kangli/js/swiper.min.js.map
ERR: 无法加载模块:Public

[ 2018-08-24T16:18:38+08:00 ] ::1 /Kangli/Public/Kangli/js/swiper.min.js.map
ERR: 无法加载模块:Public

[ 2018-08-24T16:18:43+08:00 ] ::1 /Kangli/Public/Kangli/js/swiper.min.js.map
ERR: 无法加载模块:Public

[ 2018-08-24T16:18:43+08:00 ] ::1 /Kangli/Public/Kangli/js/swiper.min.js.map
ERR: 无法加载模块:Public

[ 2018-08-24T16:18:47+08:00 ] ::1 /Kangli/Public/Kangli/js/swiper.min.js.map
ERR: 无法加载模块:Public

[ 2018-08-24T16:18:49+08:00 ] ::1 /Kangli/Public/Kangli/js/swiper.min.js.map
ERR: 无法加载模块:Public

[ 2018-08-24T16:18:49+08:00 ] ::1 /Kangli/Public/Kangli/js/swiper.min.js.map
ERR: 无法加载模块:Public

[ 2018-08-24T16:18:53+08:00 ] ::1 /Kangli/Public/uploads/mobi/3052/1510556483_5913.jpg
ERR: 无法加载模块:Public

[ 2018-08-24T16:18:53+08:00 ] ::1 /Kangli/Public/Kangli/js/swiper.min.js.map
ERR: 无法加载模块:Public

[ 2018-08-24T16:18:56+08:00 ] ::1 /Kangli/Public/uploads/mobi/3052/1510556483_5913.jpg
ERR: 无法加载模块:Public

[ 2018-08-24T16:18:56+08:00 ] ::1 /Kangli/Public/Kangli/js/swiper.min.js.map
ERR: 无法加载模块:Public

[ 2018-08-24T16:19:00+08:00 ] ::1 /Kangli/Public/Kangli/js/swiper.min.js.map
ERR: 无法加载模块:Public

[ 2018-08-24T16:19:05+08:00 ] ::1 /Kangli/Public/uploads/mobi/3052/1510556483_5913.jpg
ERR: 无法加载模块:Public

[ 2018-08-24T16:19:05+08:00 ] ::1 /Kangli/Public/Kangli/js/swiper.min.js.map
ERR: 无法加载模块:Public

[ 2018-08-24T16:20:01+08:00 ] ::1 /Kangli/Public/uploads/mobi/3052/1510556483_5913.jpg
ERR: 无法加载模块:Public

[ 2018-08-24T16:20:01+08:00 ] ::1 /Kangli/Public/Kangli/js/swiper.min.js.map
ERR: 无法加载模块:Public

[ 2018-08-24T16:20:23+08:00 ] ::1 /Kangli/Public/uploads/mobi/3052/1510556483_5913.jpg
ERR: 无法加载模块:Public

[ 2018-08-24T16:20:23+08:00 ] ::1 /Kangli/Public/Kangli/js/swiper.min.js.map
ERR: 无法加载模块:Public

[ 2018-08-24T16:20:55+08:00 ] ::1 /Kangli/Public/uploads/mobi/3052/1510556483_5913.jpg
ERR: 无法加载模块:Public

[ 2018-08-24T16:20:55+08:00 ] ::1 /Kangli/Public/Kangli/js/swiper.min.js.map
ERR: 无法加载模块:Public

[ 2018-08-24T16:21:27+08:00 ] ::1 /Kangli/Public/uploads/mobi/3052/1510556483_5913.jpg
ERR: 无法加载模块:Public

[ 2018-08-24T16:21:27+08:00 ] ::1 /Kangli/Public/Kangli/js/swiper.min.js.map
ERR: 无法加载模块:Public

[ 2018-08-24T16:21:38+08:00 ] ::1 /Kangli/Public/uploads/mobi/3052/1510556483_5913.jpg
ERR: 无法加载模块:Public

[ 2018-08-24T16:21:38+08:00 ] ::1 /Kangli/Public/Kangli/js/swiper.min.js.map
ERR: 无法加载模块:Public

[ 2018-08-24T16:21:57+08:00 ] ::1 /Kangli/Public/Kangli/js/swiper.min.js.map
ERR: 无法加载模块:Public

[ 2018-08-24T16:22:00+08:00 ] ::1 /Kangli/Public/uploads/mobi/3052/1510556483_5913.jpg
ERR: 无法加载模块:Public

[ 2018-08-24T16:22:00+08:00 ] ::1 /Kangli/Public/Kangli/js/swiper.min.js.map
ERR: 无法加载模块:Public

[ 2018-08-24T16:22:04+08:00 ] ::1 /Kangli/Public/Kangli/js/swiper.min.js.map
ERR: 无法加载模块:Public

[ 2018-08-24T16:22:09+08:00 ] ::1 /Kangli/Public/Kangli/js/swiper.min.js.map
ERR: 无法加载模块:Public

[ 2018-08-24T16:22:12+08:00 ] ::1 /Kangli/Public/Kangli/js/swiper.min.js.map
ERR: 无法加载模块:Public

[ 2018-08-24T16:22:12+08:00 ] ::1 /Kangli/Public/Kangli/js/swiper.min.js.map
ERR: 无法加载模块:Public

[ 2018-08-24T16:22:23+08:00 ] ::1 /Kangli/Public/Kangli/js/swiper.min.js.map
ERR: 无法加载模块:Public

[ 2018-08-24T16:22:29+08:00 ] ::1 /Kangli/Public/Kangli/js/swiper.min.js.map
ERR: 无法加载模块:Public

[ 2018-08-24T16:22:33+08:00 ] ::1 /Kangli/Public/Kangli/js/swiper.min.js.map
ERR: 无法加载模块:Public

[ 2018-08-24T16:22:33+08:00 ] ::1 /Kangli/Public/Kangli/js/swiper.min.js.map
ERR: 无法加载模块:Public

[ 2018-08-24T16:22:39+08:00 ] ::1 /Kangli/Public/Kangli/js/swiper.min.js.map
ERR: 无法加载模块:Public

[ 2018-08-24T16:22:54+08:00 ] ::1 /Kangli/Public/Kangli/js/swiper.min.js.map
ERR: 无法加载模块:Public

[ 2018-08-24T16:22:58+08:00 ] ::1 /Kangli/Public/Kangli/js/swiper.min.js.map
ERR: 无法加载模块:Public

[ 2018-08-24T16:26:35+08:00 ] ::1 /Kangli/Public/Kangli/js/swiper.min.js.map
ERR: 无法加载模块:Public

[ 2018-08-24T16:26:40+08:00 ] ::1 /Kangli/Public/Kangli/js/swiper.min.js.map
ERR: 无法加载模块:Public

[ 2018-08-24T16:26:43+08:00 ] ::1 /Kangli/Public/Kangli/js/swiper.min.js.map
ERR: 无法加载模块:Public

[ 2018-08-24T16:27:20+08:00 ] ::1 /Kangli/Public/Kangli/js/swiper.min.js.map
ERR: 无法加载模块:Public

[ 2018-08-24T17:53:41+08:00 ] ::1 /Kangli/Public/uploads/mobi/3052/1510556483_5913.jpg
ERR: 无法加载模块:Public

[ 2018-08-24T17:53:45+08:00 ] ::1 /Kangli/Public/Kangli/js/swiper.min.js.map
ERR: 无法加载模块:Public

[ 2018-08-24T17:53:52+08:00 ] ::1 /Kangli/Public/Kangli/js/swiper.min.js.map
ERR: 无法加载模块:Public

[ 2018-08-24T17:55:05+08:00 ] ::1 /Kangli/Public/Kangli/js/swiper.min.js.map
ERR: 无法加载模块:Public

[ 2018-08-24T17:55:12+08:00 ] ::1 /Kangli/Public/Kangli/js/swiper.min.js.map
ERR: 无法加载模块:Public

[ 2018-08-24T17:55:47+08:00 ] ::1 /Kangli/Public/Kangli/js/swiper.min.js.map
ERR: 无法加载模块:Public

[ 2018-08-24T17:55:54+08:00 ] ::1 /Kangli/Public/Kangli/js/swiper.min.js.map
ERR: 无法加载模块:Public

[ 2018-08-24T17:55:57+08:00 ] ::1 /Kangli/Public/Kangli/js/swiper.min.js.map
ERR: 无法加载模块:Public

[ 2018-08-24T17:56:02+08:00 ] ::1 /Kangli/Public/Kangli/js/swiper.min.js.map
ERR: 无法加载模块:Public

[ 2018-08-24T17:56:02+08:00 ] ::1 /Kangli/Public/Kangli/js/swiper.min.js.map
ERR: 无法加载模块:Public

[ 2018-08-24T17:56:10+08:00 ] ::1 /Kangli/Public/Kangli/js/swiper.min.js.map
ERR: 无法加载模块:Public

[ 2018-08-24T17:56:21+08:00 ] ::1 /Kangli/Public/Kangli/js/swiper.min.js.map
ERR: 无法加载模块:Public

[ 2018-08-24T17:56:25+08:00 ] ::1 /Kangli/Public/Kangli/js/swiper.min.js.map
ERR: 无法加载模块:Public

