[ 2018-09-03T09:15:02+08:00 ] ::1 /Kangli/Public/uploads/mobi/3052/1510556483_5913.jpg
ERR: 无法加载模块:Public

[ 2018-09-03T09:15:15+08:00 ] ::1 /Kangli/Public/uploads/mobi/9999/1535515250_2586.jpg
ERR: 无法加载模块:Public

[ 2018-09-03T09:15:15+08:00 ] ::1 /Kangli/Public/uploads/mobi/3052/1510556483_5913.jpg
ERR: 无法加载模块:Public

[ 2018-09-03T09:15:30+08:00 ] ::1 /Kangli/Public/uploads/mobi/3052/1510556483_5913.jpg
ERR: 无法加载模块:Public

[ 2018-09-03T09:15:30+08:00 ] ::1 /Kangli/Public/uploads/mobi/9999/1535515250_2586.jpg
ERR: 无法加载模块:Public

[ 2018-09-03T09:15:56+08:00 ] ::1 /Kangli/Public/uploads/mobi/3052/1510556483_5913.jpg
ERR: 无法加载模块:Public

[ 2018-09-03T09:15:56+08:00 ] ::1 /Kangli/Public/uploads/mobi/9999/1535515250_2586.jpg
ERR: 无法加载模块:Public

[ 2018-09-03T09:16:20+08:00 ] ::1 /Kangli/Public/uploads/mobi/3052/1510556483_5913.jpg
ERR: 无法加载模块:Public

[ 2018-09-03T09:16:20+08:00 ] ::1 /Kangli/Public/uploads/mobi/9999/1535515250_2586.jpg
ERR: 无法加载模块:Public

[ 2018-09-03T09:16:48+08:00 ] ::1 /Kangli/Public/uploads/mobi/3052/1510556483_5913.jpg
ERR: 无法加载模块:Public

[ 2018-09-03T09:17:02+08:00 ] ::1 /Kangli/Public/uploads/mobi/3052/1510556483_5913.jpg
ERR: 无法加载模块:Public

[ 2018-09-03T09:17:22+08:00 ] ::1 /Kangli/Public/uploads/mobi/9999/1535515250_2586.jpg
ERR: 无法加载模块:Public

[ 2018-09-03T09:17:22+08:00 ] ::1 /Kangli/Public/uploads/mobi/3052/1510556483_5913.jpg
ERR: 无法加载模块:Public

[ 2018-09-03T09:17:27+08:00 ] ::1 /Kangli/Public/uploads/mobi/3052/1510556483_5913.jpg
ERR: 无法加载模块:Public

[ 2018-09-03T09:17:27+08:00 ] ::1 /Kangli/Public/uploads/mobi/9999/1535515250_2586.jpg
ERR: 无法加载模块:Public

[ 2018-09-03T09:17:33+08:00 ] ::1 /Kangli/Public/uploads/mobi/9999/1535515250_2586.jpg
ERR: 无法加载模块:Public

[ 2018-09-03T09:17:33+08:00 ] ::1 /Kangli/Public/uploads/mobi/3052/1510556483_5913.jpg
ERR: 无法加载模块:Public

[ 2018-09-03T09:17:36+08:00 ] ::1 /Kangli/Public/uploads/mobi/9999/1535515250_2586.jpg
ERR: 无法加载模块:Public

[ 2018-09-03T09:17:36+08:00 ] ::1 /Kangli/Public/uploads/mobi/3052/1510556483_5913.jpg
ERR: 无法加载模块:Public

[ 2018-09-03T09:57:15+08:00 ] ::1 /Kangli/Public/uploads/mobi/3052/1510556483_5913.jpg
ERR: 无法加载模块:Public

[ 2018-09-03T09:57:16+08:00 ] ::1 /Kangli/Public/uploads/mobi/3052/1510556483_5913.jpg
ERR: 无法加载模块:Public

[ 2018-09-03T09:57:55+08:00 ] ::1 /Kangli/Public/uploads/mobi/3052/1510556483_5913.jpg
ERR: 无法加载模块:Public

[ 2018-09-03T09:58:04+08:00 ] ::1 /Kangli/Public/uploads/mobi/3052/1510556483_5913.jpg
ERR: 无法加载模块:Public

[ 2018-09-03T09:58:23+08:00 ] ::1 /Kangli/Public/uploads/mobi/3052/1510556483_5913.jpg
ERR: 无法加载模块:Public

[ 2018-09-03T09:58:24+08:00 ] ::1 /Kangli/Public/uploads/mobi/3052/1510556483_5913.jpg
ERR: 无法加载模块:Public

[ 2018-09-03T09:58:33+08:00 ] ::1 /Kangli/Public/uploads/mobi/3052/1510556483_5913.jpg
ERR: 无法加载模块:Public

[ 2018-09-03T09:58:40+08:00 ] ::1 /Kangli/Public/uploads/mobi/3052/1510556483_5913.jpg
ERR: 无法加载模块:Public

[ 2018-09-03T09:58:41+08:00 ] ::1 /Kangli/Public/uploads/mobi/3052/1510556483_5913.jpg
ERR: 无法加载模块:Public

[ 2018-09-03T10:02:41+08:00 ] ::1 /Kangli/Public/uploads/mobi/3052/1510556483_5913.jpg
ERR: 无法加载模块:Public

[ 2018-09-03T10:02:50+08:00 ] ::1 /Kangli/Public/uploads/mobi/3052/1510556483_5913.jpg
ERR: 无法加载模块:Public

[ 2018-09-03T10:03:26+08:00 ] ::1 /Kangli/Public/uploads/mobi/3052/1510556483_5913.jpg
ERR: 无法加载模块:Public

[ 2018-09-03T10:04:36+08:00 ] ::1 /Kangli/Public/uploads/mobi/3052/1510556483_5913.jpg
ERR: 无法加载模块:Public

[ 2018-09-03T10:04:43+08:00 ] ::1 /Kangli/Public/uploads/mobi/3052/1510556483_5913.jpg
ERR: 无法加载模块:Public

[ 2018-09-03T10:04:48+08:00 ] ::1 /Kangli/Public/uploads/mobi/3052/1510556483_5913.jpg
ERR: 无法加载模块:Public

[ 2018-09-03T11:20:02+08:00 ] ::1 /Kangli/Public/uploads/mobi/3052/1510556483_5913.jpg
ERR: 无法加载模块:Public

[ 2018-09-03T11:20:34+08:00 ] ::1 /Kangli/Public/uploads/mobi/3052/1510556483_5913.jpg
ERR: 无法加载模块:Public

[ 2018-09-03T11:21:04+08:00 ] ::1 /Kangli/Public/uploads/mobi/3052/1510556483_5913.jpg
ERR: 无法加载模块:Public

[ 2018-09-03T11:21:05+08:00 ] ::1 /Kangli/Public/uploads/mobi/3052/1510556483_5913.jpg
ERR: 无法加载模块:Public

[ 2018-09-03T11:22:09+08:00 ] ::1 /Kangli/Public/uploads/mobi/3052/1510556483_5913.jpg
ERR: 无法加载模块:Public

[ 2018-09-03T11:22:11+08:00 ] ::1 /Kangli/Public/uploads/mobi/3052/1510556483_5913.jpg
ERR: 无法加载模块:Public

[ 2018-09-03T11:23:15+08:00 ] ::1 /Kangli/Public/uploads/mobi/9999/1535515250_2586.jpg
ERR: 无法加载模块:Public

[ 2018-09-03T11:23:15+08:00 ] ::1 /Kangli/Public/uploads/mobi/3052/1510556483_5913.jpg
ERR: 无法加载模块:Public

[ 2018-09-03T11:23:20+08:00 ] ::1 /Kangli/Public/uploads/mobi/3052/1510556483_5913.jpg
ERR: 无法加载模块:Public

[ 2018-09-03T11:23:20+08:00 ] ::1 /Kangli/Public/uploads/mobi/9999/1535515250_2586.jpg
ERR: 无法加载模块:Public

[ 2018-09-03T11:23:25+08:00 ] ::1 /Kangli/Public/uploads/mobi/3052/1510556483_5913.jpg
ERR: 无法加载模块:Public

[ 2018-09-03T11:23:29+08:00 ] ::1 /Kangli/Public/uploads/mobi/3052/1510556483_5913.jpg
ERR: 无法加载模块:Public

[ 2018-09-03T11:23:29+08:00 ] ::1 /Kangli/Public/uploads/mobi/9999/1535515250_2586.jpg
ERR: 无法加载模块:Public

[ 2018-09-03T11:23:50+08:00 ] ::1 /Kangli/Public/uploads/mobi/3052/1510556483_5913.jpg
ERR: 无法加载模块:Public

[ 2018-09-03T11:23:50+08:00 ] ::1 /Kangli/Public/uploads/mobi/9999/1535515250_2586.jpg
ERR: 无法加载模块:Public

[ 2018-09-03T11:24:31+08:00 ] ::1 /Kangli/Public/uploads/mobi/3052/1510556483_5913.jpg
ERR: 无法加载模块:Public

[ 2018-09-03T11:24:31+08:00 ] ::1 /Kangli/Public/uploads/mobi/9999/1535515250_2586.jpg
ERR: 无法加载模块:Public

[ 2018-09-03T11:24:40+08:00 ] ::1 /Kangli/Public/uploads/mobi/3052/1510556483_5913.jpg
ERR: 无法加载模块:Public

[ 2018-09-03T11:24:40+08:00 ] ::1 /Kangli/Public/uploads/mobi/9999/1535515250_2586.jpg
ERR: 无法加载模块:Public

[ 2018-09-03T11:24:44+08:00 ] ::1 /Kangli/Public/uploads/mobi/3052/1510556483_5913.jpg
ERR: 无法加载模块:Public

[ 2018-09-03T11:24:44+08:00 ] ::1 /Kangli/Public/uploads/mobi/9999/1535515250_2586.jpg
ERR: 无法加载模块:Public

[ 2018-09-03T11:36:17+08:00 ] ::1 /Kangli/Public/uploads/mobi/3052/1510556483_5913.jpg
ERR: 无法加载模块:Public

[ 2018-09-03T11:36:34+08:00 ] ::1 /Kangli/Public/uploads/mobi/3052/1510556483_5913.jpg
ERR: 无法加载模块:Public

[ 2018-09-03T11:36:44+08:00 ] ::1 /Kangli/Public/uploads/mobi/9999/1535515250_2586.jpg
ERR: 无法加载模块:Public

[ 2018-09-03T11:36:44+08:00 ] ::1 /Kangli/Public/uploads/mobi/3052/1510556483_5913.jpg
ERR: 无法加载模块:Public

[ 2018-09-03T11:36:52+08:00 ] ::1 /Kangli/Public/uploads/mobi/9999/1535515250_2586.jpg
ERR: 无法加载模块:Public

[ 2018-09-03T11:36:52+08:00 ] ::1 /Kangli/Public/uploads/mobi/3052/1510556483_5913.jpg
ERR: 无法加载模块:Public

[ 2018-09-03T11:36:56+08:00 ] ::1 /Kangli/Public/uploads/mobi/9999/1535515250_2586.jpg
ERR: 无法加载模块:Public

[ 2018-09-03T11:36:56+08:00 ] ::1 /Kangli/Public/uploads/mobi/3052/1510556483_5913.jpg
ERR: 无法加载模块:Public

[ 2018-09-03T11:36:59+08:00 ] ::1 /Kangli/Public/uploads/mobi/9999/1535515250_2586.jpg
ERR: 无法加载模块:Public

[ 2018-09-03T11:36:59+08:00 ] ::1 /Kangli/Public/uploads/mobi/3052/1510556483_5913.jpg
ERR: 无法加载模块:Public

[ 2018-09-03T11:37:02+08:00 ] ::1 /Kangli/Public/uploads/mobi/3052/1510556483_5913.jpg
ERR: 无法加载模块:Public

[ 2018-09-03T11:37:07+08:00 ] ::1 /Kangli/Public/uploads/mobi/9999/1535515250_2586.jpg
ERR: 无法加载模块:Public

[ 2018-09-03T11:37:07+08:00 ] ::1 /Kangli/Public/uploads/mobi/3052/1510556483_5913.jpg
ERR: 无法加载模块:Public

[ 2018-09-03T11:38:27+08:00 ] ::1 /Kangli/Public/uploads/mobi/3052/1510556483_5913.jpg
ERR: 无法加载模块:Public

[ 2018-09-03T11:38:27+08:00 ] ::1 /Kangli/Public/uploads/mobi/9999/1535515250_2586.jpg
ERR: 无法加载模块:Public

[ 2018-09-03T11:38:36+08:00 ] ::1 /Kangli/Public/uploads/mobi/3052/1510556483_5913.jpg
ERR: 无法加载模块:Public

[ 2018-09-03T11:38:36+08:00 ] ::1 /Kangli/Public/uploads/mobi/9999/1535515250_2586.jpg
ERR: 无法加载模块:Public

[ 2018-09-03T11:38:52+08:00 ] ::1 /Kangli/Public/uploads/mobi/3052/1510556483_5913.jpg
ERR: 无法加载模块:Public

[ 2018-09-03T11:38:52+08:00 ] ::1 /Kangli/Public/uploads/mobi/9999/1535515250_2586.jpg
ERR: 无法加载模块:Public

[ 2018-09-03T11:42:05+08:00 ] ::1 /Kangli/Public/uploads/mobi/3052/1510556483_5913.jpg
ERR: 无法加载模块:Public

[ 2018-09-03T11:42:11+08:00 ] ::1 /Kangli/Public/uploads/mobi/3052/1510556483_5913.jpg
ERR: 无法加载模块:Public

[ 2018-09-03T12:05:04+08:00 ] ::1 /Kangli/Public/uploads/mobi/9999/1535515250_2586.jpg
ERR: 无法加载模块:Public

[ 2018-09-03T12:05:04+08:00 ] ::1 /Kangli/Public/uploads/mobi/3052/1510556483_5913.jpg
ERR: 无法加载模块:Public

[ 2018-09-03T12:05:06+08:00 ] ::1 /Kangli/Public/uploads/mobi/3052/1510556483_5913.jpg
ERR: 无法加载模块:Public

[ 2018-09-03T12:05:06+08:00 ] ::1 /Kangli/Public/uploads/mobi/9999/1535515250_2586.jpg
ERR: 无法加载模块:Public

[ 2018-09-03T12:05:17+08:00 ] ::1 /Kangli/Public/uploads/mobi/9999/1535515250_2586.jpg
ERR: 无法加载模块:Public

[ 2018-09-03T12:05:17+08:00 ] ::1 /Kangli/Public/uploads/mobi/3052/1510556483_5913.jpg
ERR: 无法加载模块:Public

[ 2018-09-03T12:05:21+08:00 ] ::1 /Kangli/Public/uploads/mobi/3052/1510556483_5913.jpg
ERR: 无法加载模块:Public

[ 2018-09-03T12:05:21+08:00 ] ::1 /Kangli/Public/uploads/mobi/9999/1535515250_2586.jpg
ERR: 无法加载模块:Public

[ 2018-09-03T12:05:22+08:00 ] ::1 /Kangli/Public/uploads/mobi/3052/1510556483_5913.jpg
ERR: 无法加载模块:Public

[ 2018-09-03T12:05:22+08:00 ] ::1 /Kangli/Public/uploads/mobi/9999/1535515250_2586.jpg
ERR: 无法加载模块:Public

[ 2018-09-03T14:50:24+08:00 ] ::1 /Kangli/Public/Kangli/js/swiper.min.js.map
ERR: 无法加载模块:Public

[ 2018-09-03T14:51:39+08:00 ] ::1 /Kangli/Public/Kangli/js/swiper.min.js.map
ERR: 无法加载模块:Public

[ 2018-09-03T14:51:54+08:00 ] ::1 /Kangli/Public/Kangli/js/swiper.min.js.map
ERR: 无法加载模块:Public

[ 2018-09-03T14:53:13+08:00 ] ::1 /Kangli/Public/Kangli/js/swiper.min.js.map
ERR: 无法加载模块:Public

[ 2018-09-03T14:54:04+08:00 ] ::1 /Kangli/Public/Kangli/js/swiper.min.js.map
ERR: 无法加载模块:Public

[ 2018-09-03T14:54:43+08:00 ] ::1 /Kangli/Public/Kangli/js/swiper.min.js.map
ERR: 无法加载模块:Public

[ 2018-09-03T14:58:57+08:00 ] ::1 /Kangli/Public/Kangli/js/swiper.min.js.map
ERR: 无法加载模块:Public

[ 2018-09-03T14:59:03+08:00 ] ::1 /Kangli/Public/Kangli/js/swiper.min.js.map
ERR: 无法加载模块:Public

[ 2018-09-03T14:59:14+08:00 ] ::1 /Kangli/Public/Kangli/js/swiper.min.js.map
ERR: 无法加载模块:Public

[ 2018-09-03T14:59:26+08:00 ] ::1 /Kangli/Public/Kangli/js/swiper.min.js.map
ERR: 无法加载模块:Public

[ 2018-09-03T15:00:12+08:00 ] ::1 /Kangli/Public/Kangli/js/swiper.min.js.map
ERR: 无法加载模块:Public

[ 2018-09-03T15:13:01+08:00 ] ::1 /Kangli/Public/Kangli/js/swiper.min.js.map
ERR: 无法加载模块:Public

[ 2018-09-03T15:28:10+08:00 ] ::1 /Kangli/Public/uploads/mobi/3052/1510556483_5913.jpg
ERR: 无法加载模块:Public

[ 2018-09-03T15:28:27+08:00 ] ::1 /Kangli/Public/uploads/mobi/3052/1510556483_5913.jpg
ERR: 无法加载模块:Public

[ 2018-09-03T15:28:56+08:00 ] ::1 /Kangli/Public/uploads/mobi/9999/1535515250_2586.jpg
ERR: 无法加载模块:Public

[ 2018-09-03T15:28:56+08:00 ] ::1 /Kangli/Public/uploads/mobi/3052/1510556483_5913.jpg
ERR: 无法加载模块:Public

[ 2018-09-03T15:29:03+08:00 ] ::1 /Kangli/Public/uploads/mobi/9999/1535515250_2586.jpg
ERR: 无法加载模块:Public

[ 2018-09-03T15:29:03+08:00 ] ::1 /Kangli/Public/uploads/mobi/3052/1510556483_5913.jpg
ERR: 无法加载模块:Public

[ 2018-09-03T15:29:07+08:00 ] ::1 /Kangli/Public/uploads/mobi/9999/1535515250_2586.jpg
ERR: 无法加载模块:Public

[ 2018-09-03T15:29:07+08:00 ] ::1 /Kangli/Public/uploads/mobi/3052/1510556483_5913.jpg
ERR: 无法加载模块:Public

[ 2018-09-03T15:29:11+08:00 ] ::1 /Kangli/Public/uploads/mobi/9999/1535515250_2586.jpg
ERR: 无法加载模块:Public

[ 2018-09-03T15:29:11+08:00 ] ::1 /Kangli/Public/uploads/mobi/3052/1510556483_5913.jpg
ERR: 无法加载模块:Public

[ 2018-09-03T15:29:19+08:00 ] ::1 /Kangli/Public/uploads/mobi/9999/1535515250_2586.jpg
ERR: 无法加载模块:Public

[ 2018-09-03T15:29:19+08:00 ] ::1 /Kangli/Public/uploads/mobi/3052/1510556483_5913.jpg
ERR: 无法加载模块:Public

[ 2018-09-03T15:29:22+08:00 ] ::1 /Kangli/Public/uploads/mobi/9999/1535515250_2586.jpg
ERR: 无法加载模块:Public

[ 2018-09-03T15:29:22+08:00 ] ::1 /Kangli/Public/uploads/mobi/3052/1510556483_5913.jpg
ERR: 无法加载模块:Public

[ 2018-09-03T16:33:10+08:00 ] ::1 /Kangli/Apps/Kangli/View/Mine/__PUBLIC__/Kangli/static/chuanshu_min.png
ERR: 无法加载模块:Apps

[ 2018-09-03T16:55:38+08:00 ] ::1 /Kangli/Public/uploads/mobi/3052/1510556483_5913.jpg
ERR: 无法加载模块:Public

[ 2018-09-03T16:55:38+08:00 ] ::1 /Kangli/Public/uploads/mobi/9999/1535515250_2586.jpg
ERR: 无法加载模块:Public

[ 2018-09-03T16:55:40+08:00 ] ::1 /Kangli/Public/uploads/mobi/3052/1510556483_5913.jpg
ERR: 无法加载模块:Public

[ 2018-09-03T16:55:40+08:00 ] ::1 /Kangli/Public/uploads/mobi/9999/1535515250_2586.jpg
ERR: 无法加载模块:Public

[ 2018-09-03T17:00:01+08:00 ] ::1 /Kangli/Public/uploads/mobi/3052/1510556483_5913.jpg
ERR: 无法加载模块:Public

[ 2018-09-03T17:00:01+08:00 ] ::1 /Kangli/Public/uploads/mobi/9999/1535515250_2586.jpg
ERR: 无法加载模块:Public

[ 2018-09-03T17:00:02+08:00 ] ::1 /Kangli/Public/uploads/mobi/3052/1510556483_5913.jpg
ERR: 无法加载模块:Public

[ 2018-09-03T17:00:02+08:00 ] ::1 /Kangli/Public/uploads/mobi/9999/1535515250_2586.jpg
ERR: 无法加载模块:Public

[ 2018-09-03T17:00:43+08:00 ] ::1 /Kangli/Public/uploads/mobi/9999/1535515250_2586.jpg
ERR: 无法加载模块:Public

[ 2018-09-03T17:00:43+08:00 ] ::1 /Kangli/Public/uploads/mobi/3052/1510556483_5913.jpg
ERR: 无法加载模块:Public

