[ 2018-04-02T09:23:51+08:00 ] 127.0.0.1 /Kangli/Public/mp/js/echarts/theme/default/layer.css?v=3.1.0
INFO: [ app_init ] --START--
INFO: Run Behavior\BuildLiteBehavior [ RunTime:0.000000s ]
INFO: [ app_init ] --END-- [ RunTime:0.000000s ]
ERR: 无法加载模块:Public

[ 2018-04-02T10:33:14+08:00 ] 127.0.0.1 /Kangli/Public/mp/js/echarts/theme/default/layer.css?v=3.1.0
INFO: [ app_init ] --START--
INFO: Run Behavior\BuildLiteBehavior [ RunTime:0.000000s ]
INFO: [ app_init ] --END-- [ RunTime:0.000000s ]
ERR: 无法加载模块:Public

[ 2018-04-02T10:33:41+08:00 ] 127.0.0.1 /Kangli/Public/mp/js/echarts/theme/default/layer.css?v=3.1.0
INFO: [ app_init ] --START--
INFO: Run Behavior\BuildLiteBehavior [ RunTime:0.000000s ]
INFO: [ app_init ] --END-- [ RunTime:0.001000s ]
ERR: 无法加载模块:Public

[ 2018-04-02T10:34:23+08:00 ] 127.0.0.1 /Kangli/Public/mp/js/echarts/theme/default/layer.css?v=3.1.0
INFO: [ app_init ] --START--
INFO: Run Behavior\BuildLiteBehavior [ RunTime:0.000000s ]
INFO: [ app_init ] --END-- [ RunTime:0.000000s ]
ERR: 无法加载模块:Public

[ 2018-04-02T11:32:11+08:00 ] 127.0.0.1 /Kangli/Public/mp/js/echarts/theme/default/layer.css?v=3.1.0
INFO: [ app_init ] --START--
INFO: Run Behavior\BuildLiteBehavior [ RunTime:0.000000s ]
INFO: [ app_init ] --END-- [ RunTime:0.001000s ]
ERR: 无法加载模块:Public

[ 2018-04-02T11:32:16+08:00 ] 127.0.0.1 /Kangli/Public/mp/js/echarts/theme/default/layer.css?v=3.1.0
INFO: [ app_init ] --START--
INFO: Run Behavior\BuildLiteBehavior [ RunTime:0.000000s ]
INFO: [ app_init ] --END-- [ RunTime:0.001000s ]
ERR: 无法加载模块:Public

[ 2018-04-02T11:35:02+08:00 ] 127.0.0.1 /Kangli/Public/mp/js/echarts/theme/default/layer.css?v=3.1.0
INFO: [ app_init ] --START--
INFO: Run Behavior\BuildLiteBehavior [ RunTime:0.000000s ]
INFO: [ app_init ] --END-- [ RunTime:0.001000s ]
ERR: 无法加载模块:Public

[ 2018-04-02T11:35:06+08:00 ] 127.0.0.1 /Kangli/Public/mp/js/echarts/theme/default/layer.css?v=3.1.0
INFO: [ app_init ] --START--
INFO: Run Behavior\BuildLiteBehavior [ RunTime:0.000000s ]
INFO: [ app_init ] --END-- [ RunTime:0.001000s ]
ERR: 无法加载模块:Public

[ 2018-04-02T11:36:20+08:00 ] 127.0.0.1 /Kangli/Public/mp/js/echarts/theme/default/layer.css?v=3.1.0
INFO: [ app_init ] --START--
INFO: Run Behavior\BuildLiteBehavior [ RunTime:0.000000s ]
INFO: [ app_init ] --END-- [ RunTime:0.000000s ]
ERR: 无法加载模块:Public

[ 2018-04-02T11:36:27+08:00 ] 127.0.0.1 /Kangli/Public/mp/js/echarts/theme/default/layer.css?v=3.1.0
INFO: [ app_init ] --START--
INFO: Run Behavior\BuildLiteBehavior [ RunTime:0.000000s ]
INFO: [ app_init ] --END-- [ RunTime:0.001000s ]
ERR: 无法加载模块:Public

[ 2018-04-02T11:43:05+08:00 ] 127.0.0.1 /Kangli/Public/mp/js/echarts/theme/default/layer.css?v=3.1.0
INFO: [ app_init ] --START--
INFO: Run Behavior\BuildLiteBehavior [ RunTime:0.000000s ]
INFO: [ app_init ] --END-- [ RunTime:0.001000s ]
ERR: 无法加载模块:Public

[ 2018-04-02T11:43:06+08:00 ] 127.0.0.1 /Kangli/Public/mp/js/echarts/theme/default/layer.css?v=3.1.0
INFO: [ app_init ] --START--
INFO: Run Behavior\BuildLiteBehavior [ RunTime:0.000000s ]
INFO: [ app_init ] --END-- [ RunTime:0.000000s ]
ERR: 无法加载模块:Public

[ 2018-04-02T11:43:08+08:00 ] 127.0.0.1 /Kangli/Public/mp/js/echarts/theme/default/layer.css?v=3.1.0
INFO: [ app_init ] --START--
INFO: Run Behavior\BuildLiteBehavior [ RunTime:0.000000s ]
INFO: [ app_init ] --END-- [ RunTime:0.000000s ]
ERR: 无法加载模块:Public

[ 2018-04-02T11:45:22+08:00 ] 127.0.0.1 /Kangli/Public/mp/js/echarts/theme/default/layer.css?v=3.1.0
INFO: [ app_init ] --START--
INFO: Run Behavior\BuildLiteBehavior [ RunTime:0.000000s ]
INFO: [ app_init ] --END-- [ RunTime:0.000000s ]
ERR: 无法加载模块:Public

[ 2018-04-02T11:45:25+08:00 ] 127.0.0.1 /Kangli/Public/mp/js/echarts/theme/default/layer.css?v=3.1.0
INFO: [ app_init ] --START--
INFO: Run Behavior\BuildLiteBehavior [ RunTime:0.000000s ]
INFO: [ app_init ] --END-- [ RunTime:0.001000s ]
ERR: 无法加载模块:Public

[ 2018-04-02T11:45:28+08:00 ] 127.0.0.1 /Kangli/Public/mp/js/echarts/theme/default/layer.css?v=3.1.0
INFO: [ app_init ] --START--
INFO: Run Behavior\BuildLiteBehavior [ RunTime:0.000000s ]
INFO: [ app_init ] --END-- [ RunTime:0.000000s ]
ERR: 无法加载模块:Public

[ 2018-04-02T12:01:51+08:00 ] 127.0.0.1 /Kangli/Public/mp/js/echarts/theme/default/layer.css?v=3.1.0
INFO: [ app_init ] --START--
INFO: Run Behavior\BuildLiteBehavior [ RunTime:0.000000s ]
INFO: [ app_init ] --END-- [ RunTime:0.000000s ]
ERR: 无法加载模块:Public

[ 2018-04-02T12:01:53+08:00 ] 127.0.0.1 /Kangli/Public/mp/js/echarts/theme/default/layer.css?v=3.1.0
INFO: [ app_init ] --START--
INFO: Run Behavior\BuildLiteBehavior [ RunTime:0.000000s ]
INFO: [ app_init ] --END-- [ RunTime:0.000000s ]
ERR: 无法加载模块:Public

[ 2018-04-02T12:05:45+08:00 ] 127.0.0.1 /Kangli/Public/mp/js/echarts/theme/default/layer.css?v=3.1.0
INFO: [ app_init ] --START--
INFO: Run Behavior\BuildLiteBehavior [ RunTime:0.000000s ]
INFO: [ app_init ] --END-- [ RunTime:0.000000s ]
ERR: 无法加载模块:Public

[ 2018-04-02T14:05:59+08:00 ] 127.0.0.1 /Kangli/Public/mp/js/echarts/theme/default/layer.css?v=3.1.0
INFO: [ app_init ] --START--
INFO: Run Behavior\BuildLiteBehavior [ RunTime:0.000000s ]
INFO: [ app_init ] --END-- [ RunTime:0.000000s ]
ERR: 无法加载模块:Public

[ 2018-04-02T14:06:12+08:00 ] 127.0.0.1 /Kangli/Public/mp/js/echarts/theme/default/layer.css?v=3.1.0
INFO: [ app_init ] --START--
INFO: Run Behavior\BuildLiteBehavior [ RunTime:0.000000s ]
INFO: [ app_init ] --END-- [ RunTime:0.001000s ]
ERR: 无法加载模块:Public

[ 2018-04-02T14:06:31+08:00 ] 127.0.0.1 /Kangli/Public/mp/js/echarts/theme/default/layer.css?v=3.1.0
INFO: [ app_init ] --START--
INFO: Run Behavior\BuildLiteBehavior [ RunTime:0.000000s ]
INFO: [ app_init ] --END-- [ RunTime:0.000000s ]
ERR: 无法加载模块:Public

[ 2018-04-02T14:16:00+08:00 ] 127.0.0.1 /Kangli/Public/mp/js/echarts/theme/default/layer.css?v=3.1.0
INFO: [ app_init ] --START--
INFO: Run Behavior\BuildLiteBehavior [ RunTime:0.000000s ]
INFO: [ app_init ] --END-- [ RunTime:0.000000s ]
ERR: 无法加载模块:Public

[ 2018-04-02T14:16:02+08:00 ] 127.0.0.1 /Kangli/Public/mp/js/echarts/theme/default/layer.css?v=3.1.0
INFO: [ app_init ] --START--
INFO: Run Behavior\BuildLiteBehavior [ RunTime:0.000000s ]
INFO: [ app_init ] --END-- [ RunTime:0.001000s ]
ERR: 无法加载模块:Public

[ 2018-04-02T14:17:39+08:00 ] 127.0.0.1 /Kangli/Public/mp/js/echarts/theme/default/layer.css?v=3.1.0
INFO: [ app_init ] --START--
INFO: Run Behavior\BuildLiteBehavior [ RunTime:0.000000s ]
INFO: [ app_init ] --END-- [ RunTime:0.000000s ]
ERR: 无法加载模块:Public

[ 2018-04-02T14:18:15+08:00 ] 127.0.0.1 /Kangli/Public/mp/js/echarts/theme/default/layer.css?v=3.1.0
INFO: [ app_init ] --START--
INFO: Run Behavior\BuildLiteBehavior [ RunTime:0.000000s ]
INFO: [ app_init ] --END-- [ RunTime:0.000000s ]
ERR: 无法加载模块:Public

[ 2018-04-02T14:18:49+08:00 ] 127.0.0.1 /Kangli/Public/mp/js/echarts/theme/default/layer.css?v=3.1.0
INFO: [ app_init ] --START--
INFO: Run Behavior\BuildLiteBehavior [ RunTime:0.000000s ]
INFO: [ app_init ] --END-- [ RunTime:0.001000s ]
ERR: 无法加载模块:Public

[ 2018-04-02T14:20:22+08:00 ] 127.0.0.1 /Kangli/Public/mp/js/echarts/theme/default/layer.css?v=3.1.0
INFO: [ app_init ] --START--
INFO: Run Behavior\BuildLiteBehavior [ RunTime:0.001000s ]
INFO: [ app_init ] --END-- [ RunTime:0.001000s ]
ERR: 无法加载模块:Public

[ 2018-04-02T14:21:08+08:00 ] 127.0.0.1 /Kangli/Public/mp/js/echarts/theme/default/layer.css?v=3.1.0
INFO: [ app_init ] --START--
INFO: Run Behavior\BuildLiteBehavior [ RunTime:0.000000s ]
INFO: [ app_init ] --END-- [ RunTime:0.000000s ]
ERR: 无法加载模块:Public

[ 2018-04-02T14:22:00+08:00 ] 127.0.0.1 /Kangli/Public/mp/js/echarts/theme/default/layer.css?v=3.1.0
INFO: [ app_init ] --START--
INFO: Run Behavior\BuildLiteBehavior [ RunTime:0.000000s ]
INFO: [ app_init ] --END-- [ RunTime:0.001000s ]
ERR: 无法加载模块:Public

[ 2018-04-02T14:27:49+08:00 ] 127.0.0.1 /Kangli/Public/mp/js/echarts/theme/default/layer.css?v=3.1.0
INFO: [ app_init ] --START--
INFO: Run Behavior\BuildLiteBehavior [ RunTime:0.000000s ]
INFO: [ app_init ] --END-- [ RunTime:0.000000s ]
ERR: 无法加载模块:Public

[ 2018-04-02T14:29:28+08:00 ] 127.0.0.1 /Kangli/Public/mp/js/echarts/theme/default/layer.css?v=3.1.0
INFO: [ app_init ] --START--
INFO: Run Behavior\BuildLiteBehavior [ RunTime:0.000000s ]
INFO: [ app_init ] --END-- [ RunTime:0.000000s ]
ERR: 无法加载模块:Public

[ 2018-04-02T14:36:05+08:00 ] 127.0.0.1 /Kangli/Public/mp/js/echarts/theme/default/layer.css?v=3.1.0
INFO: [ app_init ] --START--
INFO: Run Behavior\BuildLiteBehavior [ RunTime:0.000000s ]
INFO: [ app_init ] --END-- [ RunTime:0.000000s ]
ERR: 无法加载模块:Public

[ 2018-04-02T14:38:20+08:00 ] 127.0.0.1 /Kangli/Public/mp/js/echarts/theme/default/layer.css?v=3.1.0
INFO: [ app_init ] --START--
INFO: Run Behavior\BuildLiteBehavior [ RunTime:0.000000s ]
INFO: [ app_init ] --END-- [ RunTime:0.001000s ]
ERR: 无法加载模块:Public

[ 2018-04-02T14:38:30+08:00 ] 127.0.0.1 /Kangli/Public/mp/js/echarts/theme/default/layer.css?v=3.1.0
INFO: [ app_init ] --START--
INFO: Run Behavior\BuildLiteBehavior [ RunTime:0.000000s ]
INFO: [ app_init ] --END-- [ RunTime:0.000000s ]
ERR: 无法加载模块:Public

[ 2018-04-02T14:39:17+08:00 ] 127.0.0.1 /Kangli/Public/mp/js/echarts/theme/default/layer.css?v=3.1.0
INFO: [ app_init ] --START--
INFO: Run Behavior\BuildLiteBehavior [ RunTime:0.000000s ]
INFO: [ app_init ] --END-- [ RunTime:0.000000s ]
ERR: 无法加载模块:Public

[ 2018-04-02T14:39:47+08:00 ] 127.0.0.1 /Kangli/Public/mp/js/echarts/theme/default/layer.css?v=3.1.0
INFO: [ app_init ] --START--
INFO: Run Behavior\BuildLiteBehavior [ RunTime:0.000000s ]
INFO: [ app_init ] --END-- [ RunTime:0.000000s ]
ERR: 无法加载模块:Public

[ 2018-04-02T14:43:43+08:00 ] 127.0.0.1 /Kangli/Public/mp/js/echarts/theme/default/layer.css?v=3.1.0
INFO: [ app_init ] --START--
INFO: Run Behavior\BuildLiteBehavior [ RunTime:0.000000s ]
INFO: [ app_init ] --END-- [ RunTime:0.000000s ]
ERR: 无法加载模块:Public

[ 2018-04-02T15:05:47+08:00 ] 127.0.0.1 /Kangli/Public/mp/js/echarts/theme/default/layer.css?v=3.1.0
INFO: [ app_init ] --START--
INFO: Run Behavior\BuildLiteBehavior [ RunTime:0.000000s ]
INFO: [ app_init ] --END-- [ RunTime:0.000000s ]
ERR: 无法加载模块:Public

[ 2018-04-02T15:08:33+08:00 ] 127.0.0.1 /Kangli/Public/mp/js/echarts/theme/default/layer.css?v=3.1.0
INFO: [ app_init ] --START--
INFO: Run Behavior\BuildLiteBehavior [ RunTime:0.000000s ]
INFO: [ app_init ] --END-- [ RunTime:0.000000s ]
ERR: 无法加载模块:Public

[ 2018-04-02T15:09:09+08:00 ] 127.0.0.1 /Kangli/Public/mp/js/echarts/theme/default/layer.css?v=3.1.0
INFO: [ app_init ] --START--
INFO: Run Behavior\BuildLiteBehavior [ RunTime:0.000000s ]
INFO: [ app_init ] --END-- [ RunTime:0.000000s ]
ERR: 无法加载模块:Public

[ 2018-04-02T15:11:01+08:00 ] 127.0.0.1 /Kangli/Public/mp/js/echarts/theme/default/layer.css?v=3.1.0
INFO: [ app_init ] --START--
INFO: Run Behavior\BuildLiteBehavior [ RunTime:0.000000s ]
INFO: [ app_init ] --END-- [ RunTime:0.000000s ]
ERR: 无法加载模块:Public

[ 2018-04-02T15:17:46+08:00 ] 127.0.0.1 /Kangli/Public/mp/js/echarts/theme/default/layer.css?v=3.1.0
INFO: [ app_init ] --START--
INFO: Run Behavior\BuildLiteBehavior [ RunTime:0.000000s ]
INFO: [ app_init ] --END-- [ RunTime:0.000000s ]
ERR: 无法加载模块:Public

[ 2018-04-02T15:19:44+08:00 ] 127.0.0.1 /Kangli/Public/mp/js/echarts/theme/default/layer.css?v=3.1.0
INFO: [ app_init ] --START--
INFO: Run Behavior\BuildLiteBehavior [ RunTime:0.000000s ]
INFO: [ app_init ] --END-- [ RunTime:0.000000s ]
ERR: 无法加载模块:Public

[ 2018-04-02T15:20:32+08:00 ] 127.0.0.1 /Kangli/Public/mp/js/echarts/theme/default/layer.css?v=3.1.0
INFO: [ app_init ] --START--
INFO: Run Behavior\BuildLiteBehavior [ RunTime:0.000000s ]
INFO: [ app_init ] --END-- [ RunTime:0.000000s ]
ERR: 无法加载模块:Public

[ 2018-04-02T15:22:43+08:00 ] 127.0.0.1 /Kangli/Public/mp/js/echarts/theme/default/layer.css?v=3.1.0
INFO: [ app_init ] --START--
INFO: Run Behavior\BuildLiteBehavior [ RunTime:0.000000s ]
INFO: [ app_init ] --END-- [ RunTime:0.000000s ]
ERR: 无法加载模块:Public

[ 2018-04-02T15:23:52+08:00 ] 127.0.0.1 /Kangli/Public/mp/js/echarts/theme/default/layer.css?v=3.1.0
INFO: [ app_init ] --START--
INFO: Run Behavior\BuildLiteBehavior [ RunTime:0.000000s ]
INFO: [ app_init ] --END-- [ RunTime:0.001000s ]
ERR: 无法加载模块:Public

[ 2018-04-02T15:25:24+08:00 ] 127.0.0.1 /Kangli/Public/mp/js/echarts/theme/default/layer.css?v=3.1.0
INFO: [ app_init ] --START--
INFO: Run Behavior\BuildLiteBehavior [ RunTime:0.000000s ]
INFO: [ app_init ] --END-- [ RunTime:0.000000s ]
ERR: 无法加载模块:Public

[ 2018-04-02T15:26:23+08:00 ] 127.0.0.1 /Kangli/Public/mp/js/echarts/theme/default/layer.css?v=3.1.0
INFO: [ app_init ] --START--
INFO: Run Behavior\BuildLiteBehavior [ RunTime:0.000000s ]
INFO: [ app_init ] --END-- [ RunTime:0.001000s ]
ERR: 无法加载模块:Public

[ 2018-04-02T15:28:33+08:00 ] 127.0.0.1 /Kangli/Public/mp/js/echarts/theme/default/layer.css?v=3.1.0
INFO: [ app_init ] --START--
INFO: Run Behavior\BuildLiteBehavior [ RunTime:0.000000s ]
INFO: [ app_init ] --END-- [ RunTime:0.001000s ]
ERR: 无法加载模块:Public

[ 2018-04-02T15:33:15+08:00 ] 127.0.0.1 /Kangli/Public/mp/js/echarts/theme/default/layer.css?v=3.1.0
INFO: [ app_init ] --START--
INFO: Run Behavior\BuildLiteBehavior [ RunTime:0.000000s ]
INFO: [ app_init ] --END-- [ RunTime:0.001000s ]
ERR: 无法加载模块:Public

[ 2018-04-02T15:48:51+08:00 ] 127.0.0.1 /Kangli/Public/mp/js/echarts/theme/default/layer.css?v=3.1.0
INFO: [ app_init ] --START--
INFO: Run Behavior\BuildLiteBehavior [ RunTime:0.000000s ]
INFO: [ app_init ] --END-- [ RunTime:0.001000s ]
ERR: 无法加载模块:Public

[ 2018-04-02T15:49:27+08:00 ] 127.0.0.1 /Kangli/Public/mp/js/echarts/theme/default/layer.css?v=3.1.0
INFO: [ app_init ] --START--
INFO: Run Behavior\BuildLiteBehavior [ RunTime:0.000000s ]
INFO: [ app_init ] --END-- [ RunTime:0.000000s ]
ERR: 无法加载模块:Public

[ 2018-04-02T17:11:51+08:00 ] 127.0.0.1 /Kangli/Public/mp/js/echarts/theme/default/layer.css?v=3.1.0
INFO: [ app_init ] --START--
INFO: Run Behavior\BuildLiteBehavior [ RunTime:0.000000s ]
INFO: [ app_init ] --END-- [ RunTime:0.000000s ]
ERR: 无法加载模块:Public

[ 2018-04-02T17:12:04+08:00 ] 127.0.0.1 /Kangli/Public/mp/js/echarts/theme/default/layer.css?v=3.1.0
INFO: [ app_init ] --START--
INFO: Run Behavior\BuildLiteBehavior [ RunTime:0.000000s ]
INFO: [ app_init ] --END-- [ RunTime:0.000000s ]
ERR: 无法加载模块:Public

[ 2018-04-02T17:15:36+08:00 ] 127.0.0.1 /Kangli/Public/mp/js/echarts/theme/default/layer.css?v=3.1.0
INFO: [ app_init ] --START--
INFO: Run Behavior\BuildLiteBehavior [ RunTime:0.000000s ]
INFO: [ app_init ] --END-- [ RunTime:0.000000s ]
ERR: 无法加载模块:Public

[ 2018-04-02T17:16:32+08:00 ] 127.0.0.1 /Kangli/Public/mp/js/echarts/theme/default/layer.css?v=3.1.0
INFO: [ app_init ] --START--
INFO: Run Behavior\BuildLiteBehavior [ RunTime:0.000000s ]
INFO: [ app_init ] --END-- [ RunTime:0.000000s ]
ERR: 无法加载模块:Public

[ 2018-04-02T17:19:26+08:00 ] 127.0.0.1 /Kangli/Public/mp/js/echarts/theme/default/layer.css?v=3.1.0
INFO: [ app_init ] --START--
INFO: Run Behavior\BuildLiteBehavior [ RunTime:0.000000s ]
INFO: [ app_init ] --END-- [ RunTime:0.000000s ]
ERR: 无法加载模块:Public

[ 2018-04-02T17:19:39+08:00 ] 127.0.0.1 /Kangli/Public/mp/js/echarts/theme/default/layer.css?v=3.1.0
INFO: [ app_init ] --START--
INFO: Run Behavior\BuildLiteBehavior [ RunTime:0.000000s ]
INFO: [ app_init ] --END-- [ RunTime:0.000000s ]
ERR: 无法加载模块:Public

[ 2018-04-02T17:20:53+08:00 ] 127.0.0.1 /Kangli/Public/mp/js/echarts/theme/default/layer.css?v=3.1.0
INFO: [ app_init ] --START--
INFO: Run Behavior\BuildLiteBehavior [ RunTime:0.000000s ]
INFO: [ app_init ] --END-- [ RunTime:0.000000s ]
ERR: 无法加载模块:Public

[ 2018-04-02T17:23:09+08:00 ] 127.0.0.1 /Kangli/Public/mp/js/echarts/theme/default/layer.css?v=3.1.0
INFO: [ app_init ] --START--
INFO: Run Behavior\BuildLiteBehavior [ RunTime:0.000000s ]
INFO: [ app_init ] --END-- [ RunTime:0.000000s ]
ERR: 无法加载模块:Public

[ 2018-04-02T17:24:07+08:00 ] 127.0.0.1 /Kangli/Public/mp/js/echarts/theme/default/layer.css?v=3.1.0
INFO: [ app_init ] --START--
INFO: Run Behavior\BuildLiteBehavior [ RunTime:0.000000s ]
INFO: [ app_init ] --END-- [ RunTime:0.000000s ]
ERR: 无法加载模块:Public

[ 2018-04-02T17:25:01+08:00 ] 127.0.0.1 /Kangli/Public/mp/js/echarts/theme/default/layer.css?v=3.1.0
INFO: [ app_init ] --START--
INFO: Run Behavior\BuildLiteBehavior [ RunTime:0.000000s ]
INFO: [ app_init ] --END-- [ RunTime:0.000000s ]
ERR: 无法加载模块:Public

[ 2018-04-02T17:32:07+08:00 ] 127.0.0.1 /Kangli/publicmp/img/logo_icon.png
INFO: [ app_init ] --START--
INFO: Run Behavior\BuildLiteBehavior [ RunTime:0.000000s ]
INFO: [ app_init ] --END-- [ RunTime:0.001000s ]
ERR: 无法加载模块:Publicmp

[ 2018-04-02T17:32:09+08:00 ] 127.0.0.1 /Kangli/Public/mp/js/echarts/theme/default/layer.css?v=3.1.0
INFO: [ app_init ] --START--
INFO: Run Behavior\BuildLiteBehavior [ RunTime:0.000000s ]
INFO: [ app_init ] --END-- [ RunTime:0.000000s ]
ERR: 无法加载模块:Public

[ 2018-04-02T17:32:11+08:00 ] 127.0.0.1 /Kangli/publicmp/img/logo_icon.png
INFO: [ app_init ] --START--
INFO: Run Behavior\BuildLiteBehavior [ RunTime:0.000000s ]
INFO: [ app_init ] --END-- [ RunTime:0.000000s ]
ERR: 无法加载模块:Publicmp

[ 2018-04-02T17:33:59+08:00 ] 127.0.0.1 /Kangli/Public/mp/js/echarts/theme/default/layer.css?v=3.1.0
INFO: [ app_init ] --START--
INFO: Run Behavior\BuildLiteBehavior [ RunTime:0.000000s ]
INFO: [ app_init ] --END-- [ RunTime:0.001000s ]
ERR: 无法加载模块:Public

[ 2018-04-02T17:34:01+08:00 ] 127.0.0.1 /Kangli/publicmp/img/logo_icon.png
INFO: [ app_init ] --START--
INFO: Run Behavior\BuildLiteBehavior [ RunTime:0.000000s ]
INFO: [ app_init ] --END-- [ RunTime:0.000000s ]
ERR: 无法加载模块:Publicmp

[ 2018-04-02T17:42:04+08:00 ] 127.0.0.1 /Kangli/Public/mp/js/echarts/theme/default/layer.css?v=3.1.0
INFO: [ app_init ] --START--
INFO: Run Behavior\BuildLiteBehavior [ RunTime:0.000000s ]
INFO: [ app_init ] --END-- [ RunTime:0.000000s ]
ERR: 无法加载模块:Public

[ 2018-04-02T17:42:06+08:00 ] 127.0.0.1 /Kangli/publicmp/img/logo_icon.png
INFO: [ app_init ] --START--
INFO: Run Behavior\BuildLiteBehavior [ RunTime:0.000000s ]
INFO: [ app_init ] --END-- [ RunTime:0.001000s ]
ERR: 无法加载模块:Publicmp

[ 2018-04-02T17:44:07+08:00 ] 127.0.0.1 /Kangli/Public/mp/js/echarts/theme/default/layer.css?v=3.1.0
INFO: [ app_init ] --START--
INFO: Run Behavior\BuildLiteBehavior [ RunTime:0.000000s ]
INFO: [ app_init ] --END-- [ RunTime:0.000000s ]
ERR: 无法加载模块:Public

[ 2018-04-02T17:44:09+08:00 ] 127.0.0.1 /Kangli/publicmp/img/logo_icon.png
INFO: [ app_init ] --START--
INFO: Run Behavior\BuildLiteBehavior [ RunTime:0.000000s ]
INFO: [ app_init ] --END-- [ RunTime:0.000000s ]
ERR: 无法加载模块:Publicmp

[ 2018-04-02T17:45:00+08:00 ] 127.0.0.1 /Kangli/Public/mp/js/echarts/theme/default/layer.css?v=3.1.0
INFO: [ app_init ] --START--
INFO: Run Behavior\BuildLiteBehavior [ RunTime:0.000000s ]
INFO: [ app_init ] --END-- [ RunTime:0.000000s ]
ERR: 无法加载模块:Public

[ 2018-04-02T17:45:02+08:00 ] 127.0.0.1 /Kangli/publicmp/img/logo_icon.png
INFO: [ app_init ] --START--
INFO: Run Behavior\BuildLiteBehavior [ RunTime:0.000000s ]
INFO: [ app_init ] --END-- [ RunTime:0.001000s ]
ERR: 无法加载模块:Publicmp

[ 2018-04-02T18:19:47+08:00 ] 127.0.0.1 /Kangli/Public/mp/js/echarts/theme/default/layer.css?v=3.1.0
INFO: [ app_init ] --START--
INFO: Run Behavior\BuildLiteBehavior [ RunTime:0.000000s ]
INFO: [ app_init ] --END-- [ RunTime:0.001000s ]
ERR: 无法加载模块:Public

[ 2018-04-02T18:19:49+08:00 ] 127.0.0.1 /Kangli/publicmp/img/logo_icon.png
INFO: [ app_init ] --START--
INFO: Run Behavior\BuildLiteBehavior [ RunTime:0.000000s ]
INFO: [ app_init ] --END-- [ RunTime:0.000000s ]
ERR: 无法加载模块:Publicmp

[ 2018-04-02T18:20:06+08:00 ] 127.0.0.1 /Kangli/Public/mp/js/echarts/theme/default/layer.css?v=3.1.0
INFO: [ app_init ] --START--
INFO: Run Behavior\BuildLiteBehavior [ RunTime:0.000000s ]
INFO: [ app_init ] --END-- [ RunTime:0.001000s ]
ERR: 无法加载模块:Public

[ 2018-04-02T18:20:27+08:00 ] 127.0.0.1 /Kangli/Public/mp/js/echarts/theme/default/layer.css?v=3.1.0
INFO: [ app_init ] --START--
INFO: Run Behavior\BuildLiteBehavior [ RunTime:0.000000s ]
INFO: [ app_init ] --END-- [ RunTime:0.001000s ]
ERR: 无法加载模块:Public

[ 2018-04-02T18:26:52+08:00 ] 127.0.0.1 /Kangli/Public/mp/js/echarts/theme/default/layer.css?v=3.1.0
INFO: [ app_init ] --START--
INFO: Run Behavior\BuildLiteBehavior [ RunTime:0.000000s ]
INFO: [ app_init ] --END-- [ RunTime:0.000000s ]
ERR: 无法加载模块:Public

[ 2018-04-02T18:26:58+08:00 ] 127.0.0.1 /Kangli/Public/mp/js/echarts/theme/default/layer.css?v=3.1.0
INFO: [ app_init ] --START--
INFO: Run Behavior\BuildLiteBehavior [ RunTime:0.000000s ]
INFO: [ app_init ] --END-- [ RunTime:0.001000s ]
ERR: 无法加载模块:Public

[ 2018-04-02T18:27:39+08:00 ] 127.0.0.1 /Kangli/Public/mp/js/echarts/theme/default/layer.css?v=3.1.0
INFO: [ app_init ] --START--
INFO: Run Behavior\BuildLiteBehavior [ RunTime:0.000000s ]
INFO: [ app_init ] --END-- [ RunTime:0.000000s ]
ERR: 无法加载模块:Public

[ 2018-04-02T18:30:06+08:00 ] 127.0.0.1 /Kangli/Public/mp/js/echarts/theme/default/layer.css?v=3.1.0
INFO: [ app_init ] --START--
INFO: Run Behavior\BuildLiteBehavior [ RunTime:0.000000s ]
INFO: [ app_init ] --END-- [ RunTime:0.000000s ]
ERR: 无法加载模块:Public

[ 2018-04-02T18:30:14+08:00 ] 127.0.0.1 /Kangli/Public/mp/js/echarts/theme/default/layer.css?v=3.1.0
INFO: [ app_init ] --START--
INFO: Run Behavior\BuildLiteBehavior [ RunTime:0.000000s ]
INFO: [ app_init ] --END-- [ RunTime:0.000000s ]
ERR: 无法加载模块:Public

