[ 2018-09-05T11:44:04+08:00 ] ::1 /Kangli/Public/uploads/temp/59fd948f50b685485.jpeg
ERR: 无法加载模块:Public

[ 2018-09-05T11:44:37+08:00 ] ::1 /Kangli/Public/uploads/temp/59fd948f50b685485.jpeg
ERR: 无法加载模块:Public

[ 2018-09-05T11:45:13+08:00 ] ::1 /Kangli/Public/uploads/temp/59fd948f50b685485.jpeg
ERR: 无法加载模块:Public

[ 2018-09-05T12:08:53+08:00 ] ::1 /Kangli/Public/uploads/temp/59fd948f50b685485.jpeg
ERR: 无法加载模块:Public

[ 2018-09-05T14:08:32+08:00 ] ::1 /Kangli/Public/uploads/temp/59fd948f50b685485.jpeg
ERR: 无法加载模块:Public

[ 2018-09-05T14:25:35+08:00 ] ::1 /Kangli/Public/uploads/temp/59fd948f50b685485.jpeg
ERR: 无法加载模块:Public

[ 2018-09-05T14:28:28+08:00 ] ::1 /Kangli/Public/uploads/temp/59fd948f50b685485.jpeg
ERR: 无法加载模块:Public

[ 2018-09-05T14:37:07+08:00 ] ::1 /Kangli/Public/uploads/temp/59fd948f50b685485.jpeg
ERR: 无法加载模块:Public

[ 2018-09-05T14:38:02+08:00 ] ::1 /Kangli/Public/uploads/temp/59fd948f50b685485.jpeg
ERR: 无法加载模块:Public

[ 2018-09-05T14:38:07+08:00 ] ::1 /Kangli/Public/Kangli/js/swiper.min.js.map
ERR: 无法加载模块:Public

[ 2018-09-05T14:38:07+08:00 ] ::1 /Kangli/Public/Kangli/js/lrz.all.bundle.js.map
ERR: 无法加载模块:Public

[ 2018-09-05T14:38:20+08:00 ] ::1 /Kangli/Public/uploads/temp/59fd948f50b685485.jpeg
ERR: 无法加载模块:Public

[ 2018-09-05T14:38:20+08:00 ] ::1 /Kangli/Public/Kangli/js/swiper.min.js.map
ERR: 无法加载模块:Public

[ 2018-09-05T14:38:20+08:00 ] ::1 /Kangli/Public/Kangli/js/lrz.all.bundle.js.map
ERR: 无法加载模块:Public

[ 2018-09-05T14:38:51+08:00 ] ::1 /Kangli/Public/uploads/temp/59fd948f50b685485.jpeg
ERR: 无法加载模块:Public

[ 2018-09-05T14:42:29+08:00 ] ::1 /Kangli/Public/uploads/temp/59fd948f50b685485.jpeg
ERR: 无法加载模块:Public

[ 2018-09-05T14:42:29+08:00 ] ::1 /Kangli/Public/Kangli/js/swiper.min.js.map
ERR: 无法加载模块:Public

[ 2018-09-05T14:42:29+08:00 ] ::1 /Kangli/Public/Kangli/js/lrz.all.bundle.js.map
ERR: 无法加载模块:Public

[ 2018-09-05T14:42:32+08:00 ] ::1 /Kangli/Public/Kangli/js/swiper.min.js.map
ERR: 无法加载模块:Public

[ 2018-09-05T14:42:35+08:00 ] ::1 /Kangli/Public/Kangli/js/swiper.min.js.map
ERR: 无法加载模块:Public

[ 2018-09-05T14:42:39+08:00 ] ::1 /Kangli/Public/Kangli/js/swiper.min.js.map
ERR: 无法加载模块:Public

[ 2018-09-05T14:43:38+08:00 ] ::1 /Kangli/Public/Kangli/js/swiper.min.js.map
ERR: 无法加载模块:Public

[ 2018-09-05T14:43:44+08:00 ] ::1 /Kangli/Public/Kangli/js/swiper.min.js.map
ERR: 无法加载模块:Public

[ 2018-09-05T14:43:51+08:00 ] ::1 /Kangli/Public/Kangli/js/swiper.min.js.map
ERR: 无法加载模块:Public

[ 2018-09-05T14:44:14+08:00 ] ::1 /Kangli/Public/Kangli/js/swiper.min.js.map
ERR: 无法加载模块:Public

[ 2018-09-05T14:44:20+08:00 ] ::1 /Kangli/Public/Kangli/js/swiper.min.js.map
ERR: 无法加载模块:Public

[ 2018-09-05T14:44:23+08:00 ] ::1 /Kangli/Public/uploads/temp/59fd948f50b685485.jpeg
ERR: 无法加载模块:Public

[ 2018-09-05T14:44:23+08:00 ] ::1 /Kangli/Public/Kangli/js/swiper.min.js.map
ERR: 无法加载模块:Public

[ 2018-09-05T14:44:24+08:00 ] ::1 /Kangli/Public/Kangli/js/lrz.all.bundle.js.map
ERR: 无法加载模块:Public

[ 2018-09-05T14:45:25+08:00 ] ::1 /Kangli/Public/Kangli/js/swiper.min.js.map
ERR: 无法加载模块:Public

[ 2018-09-05T14:45:27+08:00 ] ::1 /Kangli/Public/Kangli/js/swiper.min.js.map
ERR: 无法加载模块:Public

[ 2018-09-05T14:45:35+08:00 ] ::1 /Kangli/Public/Kangli/js/swiper.min.js.map
ERR: 无法加载模块:Public

[ 2018-09-05T14:45:43+08:00 ] ::1 /Kangli/Public/Kangli/js/swiper.min.js.map
ERR: 无法加载模块:Public

[ 2018-09-05T14:45:54+08:00 ] ::1 /Kangli/Public/Kangli/js/swiper.min.js.map
ERR: 无法加载模块:Public

[ 2018-09-05T14:50:33+08:00 ] ::1 /Kangli/Public/Kangli/js/swiper.min.js.map
ERR: 无法加载模块:Public

[ 2018-09-05T14:50:36+08:00 ] ::1 /Kangli/Public/Kangli/js/swiper.min.js.map
ERR: 无法加载模块:Public

[ 2018-09-05T14:50:39+08:00 ] ::1 /Kangli/Public/uploads/temp/59fd948f50b685485.jpeg
ERR: 无法加载模块:Public

[ 2018-09-05T14:50:39+08:00 ] ::1 /Kangli/Public/Kangli/js/swiper.min.js.map
ERR: 无法加载模块:Public

[ 2018-09-05T14:50:39+08:00 ] ::1 /Kangli/Public/Kangli/js/lrz.all.bundle.js.map
ERR: 无法加载模块:Public

[ 2018-09-05T14:50:49+08:00 ] ::1 /Kangli/Public/Kangli/js/swiper.min.js.map
ERR: 无法加载模块:Public

[ 2018-09-05T14:50:56+08:00 ] ::1 /Kangli/Public/Kangli/js/swiper.min.js.map
ERR: 无法加载模块:Public

[ 2018-09-05T14:51:00+08:00 ] ::1 /Kangli/Public/Kangli/js/swiper.min.js.map
ERR: 无法加载模块:Public

[ 2018-09-05T14:51:07+08:00 ] ::1 /Kangli/Public/Kangli/js/swiper.min.js.map
ERR: 无法加载模块:Public

[ 2018-09-05T14:51:12+08:00 ] ::1 /Kangli/Public/Kangli/js/swiper.min.js.map
ERR: 无法加载模块:Public

[ 2018-09-05T14:51:13+08:00 ] ::1 /Kangli/Public/Kangli/js/swiper.min.js.map
ERR: 无法加载模块:Public

[ 2018-09-05T14:51:22+08:00 ] ::1 /Kangli/Public/Kangli/js/swiper.min.js.map
ERR: 无法加载模块:Public

[ 2018-09-05T14:51:34+08:00 ] ::1 /Kangli/Public/Kangli/js/swiper.min.js.map
ERR: 无法加载模块:Public

[ 2018-09-05T14:51:41+08:00 ] ::1 /Kangli/Public/Kangli/js/swiper.min.js.map
ERR: 无法加载模块:Public

[ 2018-09-05T14:51:45+08:00 ] ::1 /Kangli/Public/Kangli/js/swiper.min.js.map
ERR: 无法加载模块:Public

[ 2018-09-05T14:51:52+08:00 ] ::1 /Kangli/Public/Kangli/js/swiper.min.js.map
ERR: 无法加载模块:Public

[ 2018-09-05T14:52:15+08:00 ] ::1 /Kangli/Public/Kangli/js/swiper.min.js.map
ERR: 无法加载模块:Public

[ 2018-09-05T14:52:27+08:00 ] ::1 /Kangli/Public/Kangli/js/swiper.min.js.map
ERR: 无法加载模块:Public

[ 2018-09-05T14:52:29+08:00 ] ::1 /Kangli/Public/uploads/temp/59fd948f50b685485.jpeg
ERR: 无法加载模块:Public

[ 2018-09-05T14:52:29+08:00 ] ::1 /Kangli/Public/Kangli/js/swiper.min.js.map
ERR: 无法加载模块:Public

[ 2018-09-05T14:52:29+08:00 ] ::1 /Kangli/Public/Kangli/js/lrz.all.bundle.js.map
ERR: 无法加载模块:Public

[ 2018-09-05T14:53:00+08:00 ] ::1 /Kangli/Public/Kangli/js/swiper.min.js.map
ERR: 无法加载模块:Public

[ 2018-09-05T14:53:05+08:00 ] ::1 /Kangli/Public/Kangli/js/swiper.min.js.map
ERR: 无法加载模块:Public

[ 2018-09-05T14:53:06+08:00 ] ::1 /Kangli/Public/Kangli/js/lrz.all.bundle.js.map
ERR: 无法加载模块:Public

[ 2018-09-05T14:53:11+08:00 ] ::1 /Kangli/Public/Kangli/js/swiper.min.js.map
ERR: 无法加载模块:Public

[ 2018-09-05T14:54:08+08:00 ] ::1 /Kangli/Public/uploads/temp/59fd948f50b685485.jpeg
ERR: 无法加载模块:Public

[ 2018-09-05T14:54:08+08:00 ] ::1 /Kangli/Public/Kangli/js/swiper.min.js.map
ERR: 无法加载模块:Public

[ 2018-09-05T14:54:08+08:00 ] ::1 /Kangli/Public/Kangli/js/lrz.all.bundle.js.map
ERR: 无法加载模块:Public

[ 2018-09-05T14:57:26+08:00 ] ::1 /Kangli/Public/uploads/temp/59fd948f50b685485.jpeg
ERR: 无法加载模块:Public

[ 2018-09-05T14:57:27+08:00 ] ::1 /Kangli/Public/Kangli/js/swiper.min.js.map
ERR: 无法加载模块:Public

[ 2018-09-05T14:57:27+08:00 ] ::1 /Kangli/Public/Kangli/js/lrz.all.bundle.js.map
ERR: 无法加载模块:Public

[ 2018-09-05T14:57:32+08:00 ] ::1 /Kangli/Public/uploads/temp/59fd948f50b685485.jpeg
ERR: 无法加载模块:Public

[ 2018-09-05T14:57:32+08:00 ] ::1 /Kangli/Public/Kangli/js/swiper.min.js.map
ERR: 无法加载模块:Public

[ 2018-09-05T14:57:33+08:00 ] ::1 /Kangli/Public/Kangli/js/lrz.all.bundle.js.map
ERR: 无法加载模块:Public

[ 2018-09-05T14:57:44+08:00 ] ::1 /Kangli/Public/uploads/temp/59fd948f50b685485.jpeg
ERR: 无法加载模块:Public

[ 2018-09-05T14:57:44+08:00 ] ::1 /Kangli/Public/Kangli/js/swiper.min.js.map
ERR: 无法加载模块:Public

[ 2018-09-05T14:57:44+08:00 ] ::1 /Kangli/Public/Kangli/js/lrz.all.bundle.js.map
ERR: 无法加载模块:Public

[ 2018-09-05T14:57:52+08:00 ] ::1 /Kangli/Public/uploads/temp/59fd948f50b685485.jpeg
ERR: 无法加载模块:Public

[ 2018-09-05T14:57:52+08:00 ] ::1 /Kangli/Public/Kangli/js/swiper.min.js.map
ERR: 无法加载模块:Public

[ 2018-09-05T14:57:53+08:00 ] ::1 /Kangli/Public/Kangli/js/lrz.all.bundle.js.map
ERR: 无法加载模块:Public

[ 2018-09-05T14:57:55+08:00 ] ::1 /Kangli/Public/Kangli/js/swiper.min.js.map
ERR: 无法加载模块:Public

[ 2018-09-05T14:57:59+08:00 ] ::1 /Kangli/Public/uploads/temp/59fd948f50b685485.jpeg
ERR: 无法加载模块:Public

[ 2018-09-05T14:58:00+08:00 ] ::1 /Kangli/Public/Kangli/js/swiper.min.js.map
ERR: 无法加载模块:Public

[ 2018-09-05T14:58:00+08:00 ] ::1 /Kangli/Public/Kangli/js/lrz.all.bundle.js.map
ERR: 无法加载模块:Public

[ 2018-09-05T14:58:06+08:00 ] ::1 /Kangli/Public/Kangli/js/swiper.min.js.map
ERR: 无法加载模块:Public

[ 2018-09-05T14:58:10+08:00 ] ::1 /Kangli/Public/Kangli/js/swiper.min.js.map
ERR: 无法加载模块:Public

[ 2018-09-05T14:58:20+08:00 ] ::1 /Kangli/Public/Kangli/js/swiper.min.js.map
ERR: 无法加载模块:Public

[ 2018-09-05T14:58:23+08:00 ] ::1 /Kangli/Public/Kangli/js/swiper.min.js.map
ERR: 无法加载模块:Public

[ 2018-09-05T15:29:42+08:00 ] ::1 /Kangli/Public/Kangli/js/swiper.min.js.map
ERR: 无法加载模块:Public

[ 2018-09-05T15:29:48+08:00 ] ::1 /Kangli/Public/Kangli/js/swiper.min.js.map
ERR: 无法加载模块:Public

[ 2018-09-05T15:29:51+08:00 ] ::1 /Kangli/Public/Kangli/js/swiper.min.js.map
ERR: 无法加载模块:Public

[ 2018-09-05T15:29:53+08:00 ] ::1 /Kangli/Public/uploads/temp/59fd948f50b685485.jpeg
ERR: 无法加载模块:Public

[ 2018-09-05T15:29:54+08:00 ] ::1 /Kangli/Public/Kangli/js/swiper.min.js.map
ERR: 无法加载模块:Public

[ 2018-09-05T15:29:54+08:00 ] ::1 /Kangli/Public/Kangli/js/lrz.all.bundle.js.map
ERR: 无法加载模块:Public

[ 2018-09-05T15:29:57+08:00 ] ::1 /Kangli/Public/Kangli/js/swiper.min.js.map
ERR: 无法加载模块:Public

[ 2018-09-05T15:30:01+08:00 ] ::1 /Kangli/Public/Kangli/js/swiper.min.js.map
ERR: 无法加载模块:Public

[ 2018-09-05T15:30:01+08:00 ] ::1 /Kangli/Public/Kangli/js/lrz.all.bundle.js.map
ERR: 无法加载模块:Public

[ 2018-09-05T15:30:04+08:00 ] ::1 /Kangli/Public/Kangli/js/swiper.min.js.map
ERR: 无法加载模块:Public

[ 2018-09-05T15:30:07+08:00 ] ::1 /Kangli/Public/uploads/temp/59fd948f50b685485.jpeg
ERR: 无法加载模块:Public

[ 2018-09-05T15:30:07+08:00 ] ::1 /Kangli/Public/Kangli/js/swiper.min.js.map
ERR: 无法加载模块:Public

[ 2018-09-05T15:30:08+08:00 ] ::1 /Kangli/Public/Kangli/js/lrz.all.bundle.js.map
ERR: 无法加载模块:Public

[ 2018-09-05T15:36:24+08:00 ] ::1 /Kangli/Public/Kangli/js/swiper.min.js.map
ERR: 无法加载模块:Public

[ 2018-09-05T15:36:30+08:00 ] ::1 /Kangli/Public/Kangli/js/swiper.min.js.map
ERR: 无法加载模块:Public

[ 2018-09-05T15:36:33+08:00 ] ::1 /Kangli/Public/Kangli/js/swiper.min.js.map
ERR: 无法加载模块:Public

[ 2018-09-05T15:36:39+08:00 ] ::1 /Kangli/Public/Kangli/js/swiper.min.js.map
ERR: 无法加载模块:Public

[ 2018-09-05T15:36:42+08:00 ] ::1 /Kangli/Public/Kangli/js/swiper.min.js.map
ERR: 无法加载模块:Public

[ 2018-09-05T15:36:47+08:00 ] ::1 /Kangli/Public/Kangli/js/swiper.min.js.map
ERR: 无法加载模块:Public

[ 2018-09-05T15:37:04+08:00 ] ::1 /Kangli/Public/Kangli/js/swiper.min.js.map
ERR: 无法加载模块:Public

[ 2018-09-05T15:37:12+08:00 ] ::1 /Kangli/Public/Kangli/js/swiper.min.js.map
ERR: 无法加载模块:Public

[ 2018-09-05T15:37:17+08:00 ] ::1 /Kangli/Public/Kangli/js/swiper.min.js.map
ERR: 无法加载模块:Public

[ 2018-09-05T15:37:21+08:00 ] ::1 /Kangli/Public/Kangli/js/swiper.min.js.map
ERR: 无法加载模块:Public

[ 2018-09-05T15:37:45+08:00 ] ::1 /Kangli/Public/Kangli/js/swiper.min.js.map
ERR: 无法加载模块:Public

[ 2018-09-05T15:37:48+08:00 ] ::1 /Kangli/Public/Kangli/js/swiper.min.js.map
ERR: 无法加载模块:Public

[ 2018-09-05T15:38:41+08:00 ] ::1 /Kangli/Public/Kangli/js/swiper.min.js.map
ERR: 无法加载模块:Public

[ 2018-09-05T15:38:45+08:00 ] ::1 /Kangli/Public/Kangli/js/swiper.min.js.map
ERR: 无法加载模块:Public

[ 2018-09-05T15:39:30+08:00 ] ::1 /Kangli/Public/Kangli/js/swiper.min.js.map
ERR: 无法加载模块:Public

[ 2018-09-05T15:39:42+08:00 ] ::1 /Kangli/Public/Kangli/js/swiper.min.js.map
ERR: 无法加载模块:Public

[ 2018-09-05T15:59:26+08:00 ] ::1 /Kangli/Public/Kangli/js/swiper.min.js.map
ERR: 无法加载模块:Public

[ 2018-09-05T15:59:29+08:00 ] ::1 /Kangli/Public/Kangli/js/swiper.min.js.map
ERR: 无法加载模块:Public

[ 2018-09-05T16:06:47+08:00 ] ::1 /Kangli/Public/Kangli/js/swiper.min.js.map
ERR: 无法加载模块:Public

[ 2018-09-05T16:06:47+08:00 ] ::1 /Kangli/Public/Kangli/js/lrz.all.bundle.js.map
ERR: 无法加载模块:Public

[ 2018-09-05T16:06:51+08:00 ] ::1 /Kangli/Public/Kangli/js/swiper.min.js.map
ERR: 无法加载模块:Public

[ 2018-09-05T16:07:13+08:00 ] ::1 /Kangli/Public/Kangli/js/swiper.min.js.map
ERR: 无法加载模块:Public

[ 2018-09-05T16:07:20+08:00 ] ::1 /Kangli/Public/Kangli/js/swiper.min.js.map
ERR: 无法加载模块:Public

[ 2018-09-05T16:07:23+08:00 ] ::1 /Kangli/Public/Kangli/js/swiper.min.js.map
ERR: 无法加载模块:Public

[ 2018-09-05T16:07:27+08:00 ] ::1 /Kangli/Public/Kangli/js/swiper.min.js.map
ERR: 无法加载模块:Public

[ 2018-09-05T16:07:56+08:00 ] ::1 /Kangli/Public/Kangli/js/swiper.min.js.map
ERR: 无法加载模块:Public

[ 2018-09-05T16:08:14+08:00 ] ::1 /Kangli/Public/Kangli/js/swiper.min.js.map
ERR: 无法加载模块:Public

[ 2018-09-05T16:08:35+08:00 ] ::1 /Kangli/Public/Kangli/js/swiper.min.js.map
ERR: 无法加载模块:Public

[ 2018-09-05T16:08:39+08:00 ] ::1 /Kangli/Public/Kangli/js/swiper.min.js.map
ERR: 无法加载模块:Public

[ 2018-09-05T16:08:44+08:00 ] ::1 /Kangli/Public/Kangli/js/swiper.min.js.map
ERR: 无法加载模块:Public

[ 2018-09-05T16:08:53+08:00 ] ::1 /Kangli/Public/Kangli/js/swiper.min.js.map
ERR: 无法加载模块:Public

[ 2018-09-05T16:08:56+08:00 ] ::1 /Kangli/Public/Kangli/js/swiper.min.js.map
ERR: 无法加载模块:Public

[ 2018-09-05T16:08:59+08:00 ] ::1 /Kangli/Public/Kangli/js/swiper.min.js.map
ERR: 无法加载模块:Public

[ 2018-09-05T16:09:06+08:00 ] ::1 /Kangli/Public/Kangli/js/swiper.min.js.map
ERR: 无法加载模块:Public

[ 2018-09-05T16:09:17+08:00 ] ::1 /Kangli/Public/Kangli/js/swiper.min.js.map
ERR: 无法加载模块:Public

[ 2018-09-05T16:09:22+08:00 ] ::1 /Kangli/Public/Kangli/js/swiper.min.js.map
ERR: 无法加载模块:Public

[ 2018-09-05T16:09:26+08:00 ] ::1 /Kangli/Public/Kangli/js/swiper.min.js.map
ERR: 无法加载模块:Public

[ 2018-09-05T16:13:40+08:00 ] ::1 /Kangli/Public/Kangli/js/swiper.min.js.map
ERR: 无法加载模块:Public

[ 2018-09-05T16:13:44+08:00 ] ::1 /Kangli/Public/Kangli/js/swiper.min.js.map
ERR: 无法加载模块:Public

[ 2018-09-05T16:13:46+08:00 ] ::1 /Kangli/Public/Kangli/js/swiper.min.js.map
ERR: 无法加载模块:Public

[ 2018-09-05T16:13:47+08:00 ] ::1 /Kangli/Public/Kangli/js/swiper.min.js.map
ERR: 无法加载模块:Public

[ 2018-09-05T16:13:51+08:00 ] ::1 /Kangli/Public/Kangli/js/swiper.min.js.map
ERR: 无法加载模块:Public

[ 2018-09-05T16:13:51+08:00 ] ::1 /Kangli/Public/Kangli/js/lrz.all.bundle.js.map
ERR: 无法加载模块:Public

[ 2018-09-05T16:13:57+08:00 ] ::1 /Kangli/Public/Kangli/js/swiper.min.js.map
ERR: 无法加载模块:Public

[ 2018-09-05T16:14:00+08:00 ] ::1 /Kangli/Public/Kangli/js/swiper.min.js.map
ERR: 无法加载模块:Public

[ 2018-09-05T16:14:05+08:00 ] ::1 /Kangli/Public/Kangli/js/swiper.min.js.map
ERR: 无法加载模块:Public

[ 2018-09-05T16:14:07+08:00 ] ::1 /Kangli/Public/Kangli/js/swiper.min.js.map
ERR: 无法加载模块:Public

[ 2018-09-05T16:14:12+08:00 ] ::1 /Kangli/Public/Kangli/js/swiper.min.js.map
ERR: 无法加载模块:Public

[ 2018-09-05T16:14:21+08:00 ] ::1 /Kangli/Public/Kangli/js/swiper.min.js.map
ERR: 无法加载模块:Public

[ 2018-09-05T16:14:21+08:00 ] ::1 /Kangli/Public/Kangli/js/swiper.min.js.map
ERR: 无法加载模块:Public

[ 2018-09-05T16:14:22+08:00 ] ::1 /Kangli/Public/Kangli/js/swiper.min.js.map
ERR: 无法加载模块:Public

[ 2018-09-05T16:14:28+08:00 ] ::1 /Kangli/Public/Kangli/js/swiper.min.js.map
ERR: 无法加载模块:Public

[ 2018-09-05T16:14:32+08:00 ] ::1 /Kangli/Public/Kangli/js/swiper.min.js.map
ERR: 无法加载模块:Public

[ 2018-09-05T16:14:37+08:00 ] ::1 /Kangli/Public/Kangli/js/swiper.min.js.map
ERR: 无法加载模块:Public

[ 2018-09-05T16:17:17+08:00 ] ::1 /Kangli/Public/Kangli/js/swiper.min.js.map
ERR: 无法加载模块:Public

[ 2018-09-05T16:17:21+08:00 ] ::1 /Kangli/Public/Kangli/js/swiper.min.js.map
ERR: 无法加载模块:Public

[ 2018-09-05T16:17:30+08:00 ] ::1 /Kangli/Public/Kangli/js/swiper.min.js.map
ERR: 无法加载模块:Public

[ 2018-09-05T16:17:52+08:00 ] ::1 /Kangli/Public/Kangli/js/swiper.min.js.map
ERR: 无法加载模块:Public

[ 2018-09-05T16:53:43+08:00 ] ::1 /Kangli/Public/uploads/mobi/3052/1510556483_5913.jpg
ERR: 无法加载模块:Public

