[ 2018-01-05T10:21:03+08:00 ] ::1 /Kangli/Xudetang/Dealer/login/ttamp/1515118863/sture/d530489be17e5388c9ade2deca2e4486/tagpage/aHR0cDovL2xvY2FsaG9zdC9YdWRldGFuZy9YdWRldGFuZy9NaW5l
INFO: [ app_init ] --START--
INFO: Run Behavior\BuildLiteBehavior [ RunTime:0.000000s ]
INFO: [ app_init ] --END-- [ RunTime:0.001000s ]
ERR: 无法加载模块:Xudetang

[ 2018-01-05T10:21:03+08:00 ] ::1 /Kangli/Xudetang/Dealer/login/ttamp/1515118863/sture/d530489be17e5388c9ade2deca2e4486/tagpage/aHR0cDovL2xvY2FsaG9zdC9YdWRldGFuZy9YdWRldGFuZy9NaW5l
INFO: [ app_init ] --START--
INFO: Run Behavior\BuildLiteBehavior [ RunTime:0.000000s ]
INFO: [ app_init ] --END-- [ RunTime:0.000000s ]
ERR: 无法加载模块:Xudetang

[ 2018-01-05T10:29:38+08:00 ] ::1 /Kangli/Xudetang/Dealer/login/ttamp/1515119378/sture/a25733d0eba66e961291867057901206/tagpage/aHR0cDovL2xvY2FsaG9zdC9YdWRldGFuZy9YdWRldGFuZy9NaW5l
INFO: [ app_init ] --START--
INFO: Run Behavior\BuildLiteBehavior [ RunTime:0.000000s ]
INFO: [ app_init ] --END-- [ RunTime:0.000000s ]
ERR: 无法加载模块:Xudetang

[ 2018-01-05T10:29:38+08:00 ] ::1 /Kangli/Xudetang/Dealer/login/ttamp/1515119378/sture/a25733d0eba66e961291867057901206/tagpage/aHR0cDovL2xvY2FsaG9zdC9YdWRldGFuZy9YdWRldGFuZy9NaW5l
INFO: [ app_init ] --START--
INFO: Run Behavior\BuildLiteBehavior [ RunTime:0.000000s ]
INFO: [ app_init ] --END-- [ RunTime:0.001000s ]
ERR: 无法加载模块:Xudetang

[ 2018-01-05T10:30:38+08:00 ] ::1 /Kangli/Xudetang/Dealer/login/ttamp/1515119438/sture/f1d648fcbe1b97d10218e6db79afa523/tagpage/aHR0cDovL2xvY2FsaG9zdC9YdWRldGFuZy9YdWRldGFuZy9NaW5l
INFO: [ app_init ] --START--
INFO: Run Behavior\BuildLiteBehavior [ RunTime:0.000000s ]
INFO: [ app_init ] --END-- [ RunTime:0.001000s ]
ERR: 无法加载模块:Xudetang

[ 2018-01-05T10:30:38+08:00 ] ::1 /Kangli/Xudetang/Dealer/login/ttamp/1515119438/sture/f1d648fcbe1b97d10218e6db79afa523/tagpage/aHR0cDovL2xvY2FsaG9zdC9YdWRldGFuZy9YdWRldGFuZy9NaW5l
INFO: [ app_init ] --START--
INFO: Run Behavior\BuildLiteBehavior [ RunTime:0.000000s ]
INFO: [ app_init ] --END-- [ RunTime:0.000000s ]
ERR: 无法加载模块:Xudetang

