[ 2018-08-11T16:28:01+08:00 ] ::1 /Kangli/Public/uploads/mobi/3052/1510556483_5913.jpg
INFO: [ app_init ] --START--
INFO: Run Behavior\BuildLiteBehavior [ RunTime:0.000000s ]
INFO: [ app_init ] --END-- [ RunTime:0.001000s ]
ERR: 无法加载模块:Public

[ 2018-08-11T16:28:08+08:00 ] ::1 /Kangli/Public/uploads/mobi/3052/1510556483_5913.jpg
INFO: [ app_init ] --START--
INFO: Run Behavior\BuildLiteBehavior [ RunTime:0.000000s ]
INFO: [ app_init ] --END-- [ RunTime:0.001000s ]
ERR: 无法加载模块:Public

[ 2018-08-11T16:28:08+08:00 ] ::1 /Kangli/Public/uploads/mobi/3052/1510556483_5913.jpg
INFO: [ app_init ] --START--
INFO: Run Behavior\BuildLiteBehavior [ RunTime:0.000000s ]
INFO: [ app_init ] --END-- [ RunTime:0.000000s ]
ERR: 无法加载模块:Public

[ 2018-08-11T16:28:18+08:00 ] ::1 /Kangli/Public/uploads/mobi/3052/1510556483_5913.jpg
INFO: [ app_init ] --START--
INFO: Run Behavior\BuildLiteBehavior [ RunTime:0.000000s ]
INFO: [ app_init ] --END-- [ RunTime:0.000000s ]
ERR: 无法加载模块:Public

[ 2018-08-11T16:28:22+08:00 ] ::1 /Kangli/Public/uploads/mobi/3052/1510556483_5913.jpg
INFO: [ app_init ] --START--
INFO: Run Behavior\BuildLiteBehavior [ RunTime:0.000000s ]
INFO: [ app_init ] --END-- [ RunTime:0.000000s ]
ERR: 无法加载模块:Public

[ 2018-08-11T16:28:23+08:00 ] ::1 /Kangli/Public/uploads/mobi/3052/1510556483_5913.jpg
INFO: [ app_init ] --START--
INFO: Run Behavior\BuildLiteBehavior [ RunTime:0.000000s ]
INFO: [ app_init ] --END-- [ RunTime:0.000000s ]
ERR: 无法加载模块:Public

[ 2018-08-11T16:29:12+08:00 ] ::1 /Kangli/Public/uploads/mobi/3052/1510556483_5913.jpg
INFO: [ app_init ] --START--
INFO: Run Behavior\BuildLiteBehavior [ RunTime:0.000000s ]
INFO: [ app_init ] --END-- [ RunTime:0.000000s ]
ERR: 无法加载模块:Public

[ 2018-08-11T16:29:22+08:00 ] ::1 /Kangli/Public/uploads/mobi/3052/1510556483_5913.jpg
INFO: [ app_init ] --START--
INFO: Run Behavior\BuildLiteBehavior [ RunTime:0.000000s ]
INFO: [ app_init ] --END-- [ RunTime:0.001000s ]
ERR: 无法加载模块:Public

[ 2018-08-11T16:29:22+08:00 ] ::1 /Kangli/Public/uploads/mobi/3052/1510556483_5913.jpg
INFO: [ app_init ] --START--
INFO: Run Behavior\BuildLiteBehavior [ RunTime:0.000000s ]
INFO: [ app_init ] --END-- [ RunTime:0.001000s ]
ERR: 无法加载模块:Public

[ 2018-08-11T16:32:24+08:00 ] ::1 /Kangli/Public/uploads/mobi/3052/1510556483_5913.jpg
INFO: [ app_init ] --START--
INFO: Run Behavior\BuildLiteBehavior [ RunTime:0.000000s ]
INFO: [ app_init ] --END-- [ RunTime:0.001000s ]
ERR: 无法加载模块:Public

[ 2018-08-11T16:32:24+08:00 ] ::1 /Kangli/Public/uploads/mobi/3052/1510556483_5913.jpg
INFO: [ app_init ] --START--
INFO: Run Behavior\BuildLiteBehavior [ RunTime:0.000000s ]
INFO: [ app_init ] --END-- [ RunTime:0.000000s ]
ERR: 无法加载模块:Public

[ 2018-08-11T16:32:32+08:00 ] ::1 /Kangli/Public/uploads/mobi/3052/1510556483_5913.jpg
INFO: [ app_init ] --START--
INFO: Run Behavior\BuildLiteBehavior [ RunTime:0.000000s ]
INFO: [ app_init ] --END-- [ RunTime:0.000000s ]
ERR: 无法加载模块:Public

[ 2018-08-11T16:32:32+08:00 ] ::1 /Kangli/Public/uploads/mobi/3052/1510556483_5913.jpg
INFO: [ app_init ] --START--
INFO: Run Behavior\BuildLiteBehavior [ RunTime:0.000000s ]
INFO: [ app_init ] --END-- [ RunTime:0.000000s ]
ERR: 无法加载模块:Public

[ 2018-08-11T16:32:33+08:00 ] ::1 /Kangli/Public/uploads/mobi/3052/1510556483_5913.jpg
INFO: [ app_init ] --START--
INFO: Run Behavior\BuildLiteBehavior [ RunTime:0.000000s ]
INFO: [ app_init ] --END-- [ RunTime:0.000000s ]
ERR: 无法加载模块:Public

[ 2018-08-11T16:33:44+08:00 ] ::1 /Kangli/Public/uploads/mobi/3052/1510556483_5913.jpg
INFO: [ app_init ] --START--
INFO: Run Behavior\BuildLiteBehavior [ RunTime:0.000000s ]
INFO: [ app_init ] --END-- [ RunTime:0.000000s ]
ERR: 无法加载模块:Public

[ 2018-08-11T16:33:44+08:00 ] ::1 /Kangli/Public/uploads/mobi/3052/1510556483_5913.jpg
INFO: [ app_init ] --START--
INFO: Run Behavior\BuildLiteBehavior [ RunTime:0.000000s ]
INFO: [ app_init ] --END-- [ RunTime:0.000000s ]
ERR: 无法加载模块:Public

[ 2018-08-11T16:34:20+08:00 ] ::1 /Kangli/Public/uploads/mobi/3052/1510556483_5913.jpg
INFO: [ app_init ] --START--
INFO: Run Behavior\BuildLiteBehavior [ RunTime:0.000000s ]
INFO: [ app_init ] --END-- [ RunTime:0.000000s ]
ERR: 无法加载模块:Public

[ 2018-08-11T16:34:25+08:00 ] ::1 /Kangli/Public/uploads/mobi/3052/1510556483_5913.jpg
INFO: [ app_init ] --START--
INFO: Run Behavior\BuildLiteBehavior [ RunTime:0.000000s ]
INFO: [ app_init ] --END-- [ RunTime:0.000000s ]
ERR: 无法加载模块:Public

[ 2018-08-11T16:34:25+08:00 ] ::1 /Kangli/Public/uploads/mobi/3052/1510556483_5913.jpg
INFO: [ app_init ] --START--
INFO: Run Behavior\BuildLiteBehavior [ RunTime:0.000000s ]
INFO: [ app_init ] --END-- [ RunTime:0.001000s ]
ERR: 无法加载模块:Public

[ 2018-08-11T16:35:48+08:00 ] ::1 /Kangli/Public/uploads/mobi/3052/1510556483_5913.jpg
INFO: [ app_init ] --START--
INFO: Run Behavior\BuildLiteBehavior [ RunTime:0.000000s ]
INFO: [ app_init ] --END-- [ RunTime:0.001000s ]
ERR: 无法加载模块:Public

[ 2018-08-11T16:35:57+08:00 ] ::1 /Kangli/Public/uploads/mobi/3052/1510556483_5913.jpg
INFO: [ app_init ] --START--
INFO: Run Behavior\BuildLiteBehavior [ RunTime:0.000000s ]
INFO: [ app_init ] --END-- [ RunTime:0.000000s ]
ERR: 无法加载模块:Public

[ 2018-08-11T16:35:57+08:00 ] ::1 /Kangli/Public/uploads/mobi/3052/1510556483_5913.jpg
INFO: [ app_init ] --START--
INFO: Run Behavior\BuildLiteBehavior [ RunTime:0.000000s ]
INFO: [ app_init ] --END-- [ RunTime:0.000000s ]
ERR: 无法加载模块:Public

[ 2018-08-11T16:36:36+08:00 ] ::1 /Kangli/Public/uploads/mobi/3052/1510556483_5913.jpg
INFO: [ app_init ] --START--
INFO: Run Behavior\BuildLiteBehavior [ RunTime:0.000000s ]
INFO: [ app_init ] --END-- [ RunTime:0.001000s ]
ERR: 无法加载模块:Public

[ 2018-08-11T16:36:36+08:00 ] ::1 /Kangli/Public/uploads/mobi/3052/1510556483_5913.jpg
INFO: [ app_init ] --START--
INFO: Run Behavior\BuildLiteBehavior [ RunTime:0.000000s ]
INFO: [ app_init ] --END-- [ RunTime:0.000000s ]
ERR: 无法加载模块:Public

[ 2018-08-11T16:36:59+08:00 ] ::1 /Kangli/Public/uploads/mobi/3052/1510556483_5913.jpg
INFO: [ app_init ] --START--
INFO: Run Behavior\BuildLiteBehavior [ RunTime:0.000000s ]
INFO: [ app_init ] --END-- [ RunTime:0.000000s ]
ERR: 无法加载模块:Public

[ 2018-08-11T16:37:18+08:00 ] ::1 /Kangli/Public/uploads/mobi/3052/1510556483_5913.jpg
INFO: [ app_init ] --START--
INFO: Run Behavior\BuildLiteBehavior [ RunTime:0.000000s ]
INFO: [ app_init ] --END-- [ RunTime:0.000000s ]
ERR: 无法加载模块:Public

[ 2018-08-11T16:37:18+08:00 ] ::1 /Kangli/Public/uploads/mobi/3052/1510556483_5913.jpg
INFO: [ app_init ] --START--
INFO: Run Behavior\BuildLiteBehavior [ RunTime:0.000000s ]
INFO: [ app_init ] --END-- [ RunTime:0.001000s ]
ERR: 无法加载模块:Public

[ 2018-08-11T16:37:25+08:00 ] ::1 /Kangli/Public/uploads/mobi/3052/1510556483_5913.jpg
INFO: [ app_init ] --START--
INFO: Run Behavior\BuildLiteBehavior [ RunTime:0.000000s ]
INFO: [ app_init ] --END-- [ RunTime:0.000000s ]
ERR: 无法加载模块:Public

[ 2018-08-11T16:37:32+08:00 ] ::1 /Kangli/Public/uploads/mobi/3052/1510556483_5913.jpg
INFO: [ app_init ] --START--
INFO: Run Behavior\BuildLiteBehavior [ RunTime:0.000000s ]
INFO: [ app_init ] --END-- [ RunTime:0.000000s ]
ERR: 无法加载模块:Public

[ 2018-08-11T16:37:32+08:00 ] ::1 /Kangli/Public/uploads/mobi/3052/1510556483_5913.jpg
INFO: [ app_init ] --START--
INFO: Run Behavior\BuildLiteBehavior [ RunTime:0.000000s ]
INFO: [ app_init ] --END-- [ RunTime:0.000000s ]
ERR: 无法加载模块:Public

[ 2018-08-11T16:37:44+08:00 ] ::1 /Kangli/Public/uploads/mobi/3052/1510556483_5913.jpg
INFO: [ app_init ] --START--
INFO: Run Behavior\BuildLiteBehavior [ RunTime:0.000000s ]
INFO: [ app_init ] --END-- [ RunTime:0.001000s ]
ERR: 无法加载模块:Public

[ 2018-08-11T16:41:00+08:00 ] ::1 /Kangli/Public/uploads/mobi/3052/1510556483_5913.jpg
INFO: [ app_init ] --START--
INFO: Run Behavior\BuildLiteBehavior [ RunTime:0.000000s ]
INFO: [ app_init ] --END-- [ RunTime:0.001000s ]
ERR: 无法加载模块:Public

[ 2018-08-11T16:41:00+08:00 ] ::1 /Kangli/Public/uploads/mobi/3052/1510556483_5913.jpg
INFO: [ app_init ] --START--
INFO: Run Behavior\BuildLiteBehavior [ RunTime:0.000000s ]
INFO: [ app_init ] --END-- [ RunTime:0.001000s ]
ERR: 无法加载模块:Public

