[ 2018-10-30T10:09:47+08:00 ] ::1 /kangli/Public/Kangli/js/swiper.min.js.map
ERR: 无法加载模块:Public

[ 2018-10-30T10:10:37+08:00 ] ::1 /kangli/Public/Kangli/js/swiper.min.js.map
ERR: 无法加载模块:Public

[ 2018-10-30T10:11:23+08:00 ] ::1 /kangli/dealer/qyshare/dltid/1
ERR: 无法加载模块:Dealer

[ 2018-10-30T10:13:50+08:00 ] ::1 /kangli/dealer/qyshare
ERR: 无法加载模块:Dealer

[ 2018-10-30T10:13:56+08:00 ] ::1 /Kangli/Public/Kangli/js/swiper.min.js.map
ERR: 无法加载模块:Public

[ 2018-10-30T10:14:07+08:00 ] ::1 /Kangli/Public/Kangli/js/swiper.min.js.map
ERR: 无法加载模块:Public

[ 2018-10-30T10:16:01+08:00 ] ::1 /Kangli/Public/Kangli/js/swiper.min.js.map
ERR: 无法加载模块:Public

[ 2018-10-30T10:53:20+08:00 ] ::1 /Kangli/Public/Kangli/js/swiper.min.js.map
ERR: 无法加载模块:Public

[ 2018-10-30T10:53:23+08:00 ] ::1 /Kangli/Public/Kangli/js/swiper.min.js.map
ERR: 无法加载模块:Public

[ 2018-10-30T10:53:23+08:00 ] ::1 /Kangli/Public/Kangli/js/swiper.min.js.map
ERR: 无法加载模块:Public

[ 2018-10-30T10:53:26+08:00 ] ::1 /Kangli/Public/Kangli/js/swiper.min.js.map
ERR: 无法加载模块:Public

[ 2018-10-30T10:53:27+08:00 ] ::1 /Kangli/Public/Kangli/js/swiper.min.js.map
ERR: 无法加载模块:Public

[ 2018-10-30T10:53:32+08:00 ] ::1 /Kangli/Public/Kangli/js/swiper.min.js.map
ERR: 无法加载模块:Public

[ 2018-10-30T10:53:32+08:00 ] ::1 /Kangli/Public/Kangli/js/swiper.min.js.map
ERR: 无法加载模块:Public

[ 2018-10-30T10:53:34+08:00 ] ::1 /Kangli/Public/Kangli/js/swiper.min.js.map
ERR: 无法加载模块:Public

[ 2018-10-30T10:53:35+08:00 ] ::1 /Kangli/Public/Kangli/js/swiper.min.js.map
ERR: 无法加载模块:Public

[ 2018-10-30T10:53:35+08:00 ] ::1 /Kangli/Public/Kangli/js/swiper.min.js.map
ERR: 无法加载模块:Public

[ 2018-10-30T10:53:37+08:00 ] ::1 /Kangli/Public/uploads/mobi/3052/1510556483_5913.jpg
ERR: 无法加载模块:Public

[ 2018-10-30T10:53:37+08:00 ] ::1 /Kangli/Public/Kangli/js/swiper.min.js.map
ERR: 无法加载模块:Public

[ 2018-10-30T10:53:48+08:00 ] ::1 /Kangli/Public/uploads/mobi/3052/1510556483_5913.jpg
ERR: 无法加载模块:Public

[ 2018-10-30T10:53:49+08:00 ] ::1 /Kangli/Public/Kangli/js/swiper.min.js.map
ERR: 无法加载模块:Public

[ 2018-10-30T10:53:49+08:00 ] ::1 /Kangli/Public/uploads/mobi/3052/1510556483_5913.jpg
ERR: 无法加载模块:Public

[ 2018-10-30T10:53:51+08:00 ] ::1 /Kangli/Public/Kangli/js/swiper.min.js.map
ERR: 无法加载模块:Public

[ 2018-10-30T10:53:52+08:00 ] ::1 /Kangli/Public/uploads/mobi/3052/1510556483_5913.jpg
ERR: 无法加载模块:Public

[ 2018-10-30T10:53:53+08:00 ] ::1 /Kangli/Public/Kangli/js/swiper.min.js.map
ERR: 无法加载模块:Public

[ 2018-10-30T10:54:25+08:00 ] ::1 /Kangli/Public/uploads/mobi/3052/1510556483_5913.jpg
ERR: 无法加载模块:Public

[ 2018-10-30T10:54:25+08:00 ] ::1 /Kangli/Public/Kangli/js/swiper.min.js.map
ERR: 无法加载模块:Public

[ 2018-10-30T10:54:30+08:00 ] ::1 /Kangli/Public/Kangli/js/swiper.min.js.map
ERR: 无法加载模块:Public

[ 2018-10-30T10:54:31+08:00 ] ::1 /Kangli/Public/Kangli/js/swiper.min.js.map
ERR: 无法加载模块:Public

[ 2018-10-30T10:54:34+08:00 ] ::1 /Kangli/Public/Kangli/js/swiper.min.js.map
ERR: 无法加载模块:Public

[ 2018-10-30T10:54:36+08:00 ] ::1 /Kangli/Public/Kangli/js/swiper.min.js.map
ERR: 无法加载模块:Public

[ 2018-10-30T10:54:36+08:00 ] ::1 /Kangli/Public/Kangli/js/swiper.min.js.map
ERR: 无法加载模块:Public

[ 2018-10-30T10:54:38+08:00 ] ::1 /Kangli/Public/uploads/mobi/3052/1510556483_5913.jpg
ERR: 无法加载模块:Public

[ 2018-10-30T10:54:39+08:00 ] ::1 /Kangli/Public/Kangli/js/swiper.min.js.map
ERR: 无法加载模块:Public

[ 2018-10-30T10:54:41+08:00 ] ::1 /Kangli/Public/uploads/mobi/3052/1510556483_5913.jpg
ERR: 无法加载模块:Public

[ 2018-10-30T10:54:42+08:00 ] ::1 /Kangli/Public/Kangli/js/swiper.min.js.map
ERR: 无法加载模块:Public

[ 2018-10-30T10:54:44+08:00 ] ::1 /Kangli/Public/uploads/mobi/3052/1510556483_5913.jpg
ERR: 无法加载模块:Public

[ 2018-10-30T10:54:45+08:00 ] ::1 /Kangli/Public/Kangli/js/swiper.min.js.map
ERR: 无法加载模块:Public

[ 2018-10-30T10:54:50+08:00 ] ::1 /Kangli/Public/uploads/mobi/3052/1510556483_5913.jpg
ERR: 无法加载模块:Public

[ 2018-10-30T10:54:51+08:00 ] ::1 /Kangli/Public/Kangli/js/swiper.min.js.map
ERR: 无法加载模块:Public

[ 2018-10-30T10:56:17+08:00 ] ::1 /Kangli/Public/Kangli/js/swiper.min.js.map
ERR: 无法加载模块:Public

[ 2018-10-30T10:58:07+08:00 ] ::1 /Kangli/Public/Kangli/js/swiper.min.js.map
ERR: 无法加载模块:Public

[ 2018-10-30T10:58:08+08:00 ] ::1 /Kangli/Public/Kangli/js/swiper.min.js.map
ERR: 无法加载模块:Public

[ 2018-10-30T10:58:08+08:00 ] ::1 /Kangli/Public/Kangli/js/swiper.min.js.map
ERR: 无法加载模块:Public

[ 2018-10-30T10:58:10+08:00 ] ::1 /Kangli/Public/Kangli/js/swiper.min.js.map
ERR: 无法加载模块:Public

[ 2018-10-30T10:59:13+08:00 ] ::1 /Kangli/Public/Kangli/js/swiper.min.js.map
ERR: 无法加载模块:Public

[ 2018-10-30T11:05:58+08:00 ] ::1 /Kangli/Public/Kangli/js/swiper.min.js.map
ERR: 无法加载模块:Public

[ 2018-10-30T11:05:59+08:00 ] ::1 /Kangli/Public/Kangli/js/swiper.min.js.map
ERR: 无法加载模块:Public

[ 2018-10-30T11:05:59+08:00 ] ::1 /Kangli/Public/Kangli/js/swiper.min.js.map
ERR: 无法加载模块:Public

[ 2018-10-30T11:06:02+08:00 ] ::1 /Kangli/Public/Kangli/js/swiper.min.js.map
ERR: 无法加载模块:Public

[ 2018-10-30T11:06:12+08:00 ] ::1 /Kangli/Public/Kangli/js/swiper.min.js.map
ERR: 无法加载模块:Public

[ 2018-10-30T11:06:15+08:00 ] ::1 /Kangli/Public/Kangli/js/swiper.min.js.map
ERR: 无法加载模块:Public

[ 2018-10-30T11:06:15+08:00 ] ::1 /Kangli/Public/Kangli/js/swiper.min.js.map
ERR: 无法加载模块:Public

[ 2018-10-30T11:06:18+08:00 ] ::1 /Kangli/Public/Kangli/js/swiper.min.js.map
ERR: 无法加载模块:Public

[ 2018-10-30T11:06:19+08:00 ] ::1 /Kangli/Public/Kangli/js/swiper.min.js.map
ERR: 无法加载模块:Public

[ 2018-10-30T11:06:19+08:00 ] ::1 /Kangli/Public/Kangli/js/swiper.min.js.map
ERR: 无法加载模块:Public

[ 2018-10-30T11:06:20+08:00 ] ::1 /Kangli/Public/uploads/mobi/3052/1510556483_5913.jpg
ERR: 无法加载模块:Public

[ 2018-10-30T11:06:20+08:00 ] ::1 /Kangli/Public/Kangli/js/swiper.min.js.map
ERR: 无法加载模块:Public

[ 2018-10-30T11:06:28+08:00 ] ::1 /Kangli/Public/Kangli/js/swiper.min.js.map
ERR: 无法加载模块:Public

[ 2018-10-30T11:06:29+08:00 ] ::1 /Kangli/Public/Kangli/js/swiper.min.js.map
ERR: 无法加载模块:Public

[ 2018-10-30T11:06:29+08:00 ] ::1 /Kangli/Public/Kangli/js/swiper.min.js.map
ERR: 无法加载模块:Public

[ 2018-10-30T11:06:31+08:00 ] ::1 /Kangli/Public/Kangli/js/swiper.min.js.map
ERR: 无法加载模块:Public

[ 2018-10-30T11:06:47+08:00 ] ::1 /Kangli/Public/Kangli/js/swiper.min.js.map
ERR: 无法加载模块:Public

[ 2018-10-30T11:06:48+08:00 ] ::1 /Kangli/Public/Kangli/js/swiper.min.js.map
ERR: 无法加载模块:Public

[ 2018-10-30T11:06:48+08:00 ] ::1 /Kangli/Public/Kangli/js/swiper.min.js.map
ERR: 无法加载模块:Public

[ 2018-10-30T11:06:50+08:00 ] ::1 /Kangli/Public/uploads/mobi/3052/1510556483_5913.jpg
ERR: 无法加载模块:Public

[ 2018-10-30T11:06:51+08:00 ] ::1 /Kangli/Public/Kangli/js/swiper.min.js.map
ERR: 无法加载模块:Public

[ 2018-10-30T11:06:51+08:00 ] ::1 /Kangli/Public/Kangli/js/swiper.min.js.map
ERR: 无法加载模块:Public

[ 2018-10-30T11:06:52+08:00 ] ::1 /Kangli/Public/Kangli/js/swiper.min.js.map
ERR: 无法加载模块:Public

[ 2018-10-30T11:06:53+08:00 ] ::1 /Kangli/Public/Kangli/js/swiper.min.js.map
ERR: 无法加载模块:Public

[ 2018-10-30T11:06:54+08:00 ] ::1 /Kangli/Public/Kangli/js/swiper.min.js.map
ERR: 无法加载模块:Public

[ 2018-10-30T11:06:56+08:00 ] ::1 /Kangli/Public/Kangli/js/swiper.min.js.map
ERR: 无法加载模块:Public

[ 2018-10-30T11:06:57+08:00 ] ::1 /Kangli/Public/Kangli/js/swiper.min.js.map
ERR: 无法加载模块:Public

[ 2018-10-30T11:06:57+08:00 ] ::1 /Kangli/Public/Kangli/js/swiper.min.js.map
ERR: 无法加载模块:Public

[ 2018-10-30T11:06:59+08:00 ] ::1 /Kangli/Public/uploads/mobi/3052/1510556483_5913.jpg
ERR: 无法加载模块:Public

[ 2018-10-30T11:07:00+08:00 ] ::1 /Kangli/Public/Kangli/js/swiper.min.js.map
ERR: 无法加载模块:Public

[ 2018-10-30T11:07:04+08:00 ] ::1 /Kangli/Public/Kangli/js/swiper.min.js.map
ERR: 无法加载模块:Public

[ 2018-10-30T11:07:05+08:00 ] ::1 /Kangli/Public/Kangli/js/swiper.min.js.map
ERR: 无法加载模块:Public

[ 2018-10-30T11:07:05+08:00 ] ::1 /Kangli/Public/Kangli/js/swiper.min.js.map
ERR: 无法加载模块:Public

[ 2018-10-30T11:10:08+08:00 ] ::1 /Kangli/Public/Kangli/js/swiper.min.js.map
ERR: 无法加载模块:Public

[ 2018-10-30T11:10:11+08:00 ] ::1 /Kangli/Public/Kangli/js/swiper.min.js.map
ERR: 无法加载模块:Public

[ 2018-10-30T11:10:13+08:00 ] ::1 /Kangli/Public/Kangli/js/swiper.min.js.map
ERR: 无法加载模块:Public

[ 2018-10-30T11:10:13+08:00 ] ::1 /Kangli/Public/Kangli/js/swiper.min.js.map
ERR: 无法加载模块:Public

[ 2018-10-30T11:10:14+08:00 ] ::1 /Kangli/Public/Kangli/js/swiper.min.js.map
ERR: 无法加载模块:Public

[ 2018-10-30T11:10:54+08:00 ] ::1 /Kangli/Public/Kangli/js/swiper.min.js.map
ERR: 无法加载模块:Public

[ 2018-10-30T11:11:00+08:00 ] ::1 /Kangli/Public/Kangli/js/swiper.min.js.map
ERR: 无法加载模块:Public

[ 2018-10-30T11:11:00+08:00 ] ::1 /Kangli/Public/Kangli/js/swiper.min.js.map
ERR: 无法加载模块:Public

[ 2018-10-30T11:11:01+08:00 ] ::1 /Kangli/Public/Kangli/js/swiper.min.js.map
ERR: 无法加载模块:Public

[ 2018-10-30T11:11:02+08:00 ] ::1 /Kangli/Public/Kangli/js/swiper.min.js.map
ERR: 无法加载模块:Public

[ 2018-10-30T11:11:02+08:00 ] ::1 /Kangli/Public/Kangli/js/swiper.min.js.map
ERR: 无法加载模块:Public

[ 2018-10-30T11:11:04+08:00 ] ::1 /Kangli/Public/Kangli/js/swiper.min.js.map
ERR: 无法加载模块:Public

[ 2018-10-30T11:11:05+08:00 ] ::1 /Kangli/Public/uploads/mobi/3052/1510556483_5913.jpg
ERR: 无法加载模块:Public

[ 2018-10-30T11:11:07+08:00 ] ::1 /Kangli/Public/uploads/mobi/3052/1510556483_5913.jpg
ERR: 无法加载模块:Public

[ 2018-10-30T11:11:08+08:00 ] ::1 /Kangli/Public/Kangli/js/swiper.min.js.map
ERR: 无法加载模块:Public

[ 2018-10-30T11:11:47+08:00 ] ::1 /Kangli/Public/uploads/mobi/3052/1510556483_5913.jpg
ERR: 无法加载模块:Public

[ 2018-10-30T11:11:56+08:00 ] ::1 /Kangli/Public/uploads/mobi/3052/1510556483_5913.jpg
ERR: 无法加载模块:Public

[ 2018-10-30T11:12:00+08:00 ] ::1 /Kangli/Public/uploads/mobi/3052/1510556483_5913.jpg
ERR: 无法加载模块:Public

[ 2018-10-30T11:12:02+08:00 ] ::1 /Kangli/Public/uploads/mobi/3052/1510556483_5913.jpg
ERR: 无法加载模块:Public

[ 2018-10-30T11:12:04+08:00 ] ::1 /Kangli/Public/uploads/mobi/3052/1510556483_5913.jpg
ERR: 无法加载模块:Public

[ 2018-10-30T11:12:55+08:00 ] ::1 /Kangli/Public/Kangli/js/swiper.min.js.map
ERR: 无法加载模块:Public

[ 2018-10-30T11:12:57+08:00 ] ::1 /Kangli/Public/Kangli/js/swiper.min.js.map
ERR: 无法加载模块:Public

[ 2018-10-30T11:12:57+08:00 ] ::1 /Kangli/Public/Kangli/js/swiper.min.js.map
ERR: 无法加载模块:Public

[ 2018-10-30T11:12:58+08:00 ] ::1 /Kangli/Public/Kangli/js/swiper.min.js.map
ERR: 无法加载模块:Public

[ 2018-10-30T11:12:59+08:00 ] ::1 /Kangli/Public/Kangli/js/swiper.min.js.map
ERR: 无法加载模块:Public

[ 2018-10-30T11:13:00+08:00 ] ::1 /Kangli/Public/Kangli/js/swiper.min.js.map
ERR: 无法加载模块:Public

[ 2018-10-30T11:13:00+08:00 ] ::1 /Kangli/Public/Kangli/js/swiper.min.js.map
ERR: 无法加载模块:Public

[ 2018-10-30T11:13:02+08:00 ] ::1 /Kangli/Public/uploads/mobi/3052/1510556483_5913.jpg
ERR: 无法加载模块:Public

[ 2018-10-30T11:13:02+08:00 ] ::1 /Kangli/Public/Kangli/js/swiper.min.js.map
ERR: 无法加载模块:Public

[ 2018-10-30T11:15:23+08:00 ] ::1 /Kangli/Public/uploads/mobi/9999/1538105636_1454.jpg
ERR: 无法加载模块:Public

[ 2018-10-30T11:15:26+08:00 ] ::1 /Kangli/Public/uploads/mobi/9999/1538105636_1454.jpg
ERR: 无法加载模块:Public

[ 2018-10-30T11:15:28+08:00 ] ::1 /Kangli/Public/uploads/mobi/9999/1538105636_1454.jpg
ERR: 无法加载模块:Public

[ 2018-10-30T11:16:07+08:00 ] ::1 /Kangli/Public/uploads/mobi/9999/1538105636_1454.jpg
ERR: 无法加载模块:Public

[ 2018-10-30T11:16:08+08:00 ] ::1 /Kangli/Public/uploads/mobi/3052/1510556483_5913.jpg
ERR: 无法加载模块:Public

[ 2018-10-30T11:16:18+08:00 ] ::1 /Kangli/Public/uploads/mobi/9999/1538105636_1454.jpg
ERR: 无法加载模块:Public

[ 2018-10-30T11:16:19+08:00 ] ::1 /Kangli/Public/uploads/mobi/3052/1510556483_5913.jpg
ERR: 无法加载模块:Public

[ 2018-10-30T11:16:20+08:00 ] ::1 /Kangli/Public/uploads/mobi/9999/1538105636_1454.jpg
ERR: 无法加载模块:Public

[ 2018-10-30T11:16:21+08:00 ] ::1 /Kangli/Public/uploads/mobi/3052/1510556483_5913.jpg
ERR: 无法加载模块:Public

[ 2018-10-30T11:17:02+08:00 ] ::1 /Kangli/Public/uploads/mobi/9999/1538105636_1454.jpg
ERR: 无法加载模块:Public

[ 2018-10-30T11:17:03+08:00 ] ::1 /Kangli/Public/uploads/mobi/3052/1510556483_5913.jpg
ERR: 无法加载模块:Public

[ 2018-10-30T11:17:40+08:00 ] ::1 /Kangli/Public/uploads/mobi/3052/1510556483_5913.jpg
ERR: 无法加载模块:Public

[ 2018-10-30T11:19:42+08:00 ] ::1 /Kangli/Public/uploads/mobi/9999/1538105636_1454.jpg
ERR: 无法加载模块:Public

[ 2018-10-30T11:19:46+08:00 ] ::1 /Kangli/Public/uploads/mobi/9999/1538105636_1454.jpg
ERR: 无法加载模块:Public

[ 2018-10-30T11:19:48+08:00 ] ::1 /Kangli/Public/uploads/mobi/9999/1538105636_1454.jpg
ERR: 无法加载模块:Public

[ 2018-10-30T11:20:01+08:00 ] ::1 /Kangli/Public/uploads/mobi/9999/1538105636_1454.jpg
ERR: 无法加载模块:Public

[ 2018-10-30T11:21:45+08:00 ] ::1 /Kangli/Public/uploads/mobi/9999/1538105636_1454.jpg
ERR: 无法加载模块:Public

[ 2018-10-30T11:21:57+08:00 ] ::1 /Kangli/Public/uploads/mobi/9999/1538105636_1454.jpg
ERR: 无法加载模块:Public

[ 2018-10-30T11:22:08+08:00 ] ::1 /Kangli/Public/uploads/mobi/9999/1538105636_1454.jpg
ERR: 无法加载模块:Public

[ 2018-10-30T11:22:28+08:00 ] ::1 /Kangli/Public/uploads/mobi/9999/1538105636_1454.jpg
ERR: 无法加载模块:Public

[ 2018-10-30T11:22:30+08:00 ] ::1 /Kangli/Public/uploads/mobi/9999/1538105636_1454.jpg
ERR: 无法加载模块:Public

[ 2018-10-30T11:22:32+08:00 ] ::1 /Kangli/Public/uploads/mobi/9999/1538105636_1454.jpg
ERR: 无法加载模块:Public

[ 2018-10-30T11:24:48+08:00 ] ::1 /Kangli/Public/uploads/mobi/3052/1510556483_5913.jpg
ERR: 无法加载模块:Public

[ 2018-10-30T11:24:54+08:00 ] ::1 /Kangli/Public/uploads/mobi/3052/1510556483_5913.jpg
ERR: 无法加载模块:Public

[ 2018-10-30T11:25:02+08:00 ] ::1 /Kangli/Public/uploads/mobi/3052/1510556483_5913.jpg
ERR: 无法加载模块:Public

[ 2018-10-30T11:25:05+08:00 ] ::1 /Kangli/Public/uploads/mobi/9999/1538105636_1454.jpg
ERR: 无法加载模块:Public

[ 2018-10-30T11:25:22+08:00 ] ::1 /Kangli/Public/uploads/mobi/3052/1510556483_5913.jpg
ERR: 无法加载模块:Public

[ 2018-10-30T11:25:30+08:00 ] ::1 /Kangli/Public/uploads/mobi/3052/1510556483_5913.jpg
ERR: 无法加载模块:Public

[ 2018-10-30T11:25:31+08:00 ] ::1 /Kangli/Public/uploads/mobi/3052/1510556483_5913.jpg
ERR: 无法加载模块:Public

[ 2018-10-30T11:25:33+08:00 ] ::1 /Kangli/Public/uploads/mobi/3052/1510556483_5913.jpg
ERR: 无法加载模块:Public

[ 2018-10-30T11:25:34+08:00 ] ::1 /Kangli/Public/uploads/mobi/9999/1538105636_1454.jpg
ERR: 无法加载模块:Public

[ 2018-10-30T11:27:15+08:00 ] ::1 /Kangli/Public/uploads/mobi/3052/1510556483_5913.jpg
ERR: 无法加载模块:Public

[ 2018-10-30T11:27:23+08:00 ] ::1 /Kangli/Public/uploads/mobi/3052/1510556483_5913.jpg
ERR: 无法加载模块:Public

[ 2018-10-30T11:27:24+08:00 ] ::1 /Kangli/Public/uploads/mobi/3052/1510556483_5913.jpg
ERR: 无法加载模块:Public

[ 2018-10-30T11:27:47+08:00 ] ::1 /Kangli/Public/uploads/mobi/3052/1510556483_5913.jpg
ERR: 无法加载模块:Public

[ 2018-10-30T11:27:56+08:00 ] ::1 /Kangli/Public/uploads/mobi/3052/1510556483_5913.jpg
ERR: 无法加载模块:Public

[ 2018-10-30T11:27:58+08:00 ] ::1 /Kangli/Public/uploads/mobi/3052/1510556483_5913.jpg
ERR: 无法加载模块:Public

[ 2018-10-30T11:28:00+08:00 ] ::1 /Kangli/Public/uploads/mobi/3052/1510556483_5913.jpg
ERR: 无法加载模块:Public

[ 2018-10-30T15:24:33+08:00 ] ::1 /Kangli/Public/uploads/mobi/3052/1510556483_5913.jpg
ERR: 无法加载模块:Public

[ 2018-10-30T15:24:37+08:00 ] ::1 /Kangli/Public/uploads/mobi/3052/1510556483_5913.jpg
ERR: 无法加载模块:Public

[ 2018-10-30T15:24:39+08:00 ] ::1 /Kangli/Public/uploads/mobi/3052/1510556483_5913.jpg
ERR: 无法加载模块:Public

[ 2018-10-30T15:24:41+08:00 ] ::1 /Kangli/Public/uploads/mobi/9999/1538105636_1454.jpg
ERR: 无法加载模块:Public

[ 2018-10-30T15:24:42+08:00 ] ::1 /Kangli/Public/uploads/mobi/3052/1510556483_5913.jpg
ERR: 无法加载模块:Public

[ 2018-10-30T15:25:02+08:00 ] ::1 /Kangli/Public/uploads/mobi/3052/1510556483_5913.jpg
ERR: 无法加载模块:Public

[ 2018-10-30T15:25:06+08:00 ] ::1 /Kangli/Public/uploads/mobi/3052/1510556483_5913.jpg
ERR: 无法加载模块:Public

[ 2018-10-30T15:25:09+08:00 ] ::1 /Kangli/Public/uploads/mobi/3052/1510556483_5913.jpg
ERR: 无法加载模块:Public

[ 2018-10-30T15:25:11+08:00 ] ::1 /Kangli/Public/uploads/mobi/3052/1510556483_5913.jpg
ERR: 无法加载模块:Public

[ 2018-10-30T15:25:11+08:00 ] ::1 /Kangli/Public/uploads/mobi/9999/1538105636_1454.jpg
ERR: 无法加载模块:Public

[ 2018-10-30T15:43:06+08:00 ] ::1 /Kangli/Public/uploads/mobi/3052/1510556483_5913.jpg
ERR: 无法加载模块:Public

[ 2018-10-30T15:43:10+08:00 ] ::1 /Kangli/Public/uploads/mobi/3052/1510556483_5913.jpg
ERR: 无法加载模块:Public

[ 2018-10-30T15:43:11+08:00 ] ::1 /Kangli/Public/uploads/mobi/3052/1510556483_5913.jpg
ERR: 无法加载模块:Public

[ 2018-10-30T15:43:13+08:00 ] ::1 /Kangli/Public/uploads/mobi/3052/1510556483_5913.jpg
ERR: 无法加载模块:Public

[ 2018-10-30T15:43:14+08:00 ] ::1 /Kangli/Public/uploads/mobi/9999/1538105636_1454.jpg
ERR: 无法加载模块:Public

[ 2018-10-30T16:52:58+08:00 ] ::1 /Kangli/Public/Kangli/js/swiper.min.js.map
ERR: 无法加载模块:Public

[ 2018-10-30T16:53:02+08:00 ] ::1 /Kangli/Public/Kangli/js/swiper.min.js.map
ERR: 无法加载模块:Public

[ 2018-10-30T16:53:04+08:00 ] ::1 /Kangli/Public/Kangli/js/swiper.min.js.map
ERR: 无法加载模块:Public

[ 2018-10-30T16:53:04+08:00 ] ::1 /Kangli/Public/Kangli/js/swiper.min.js.map
ERR: 无法加载模块:Public

[ 2018-10-30T16:53:05+08:00 ] ::1 /Kangli/Public/uploads/mobi/3052/1510556483_5913.jpg
ERR: 无法加载模块:Public

[ 2018-10-30T16:53:06+08:00 ] ::1 /Kangli/Public/uploads/mobi/9999/1538105636_1454.jpg
ERR: 无法加载模块:Public

[ 2018-10-30T16:53:07+08:00 ] ::1 /Kangli/Public/uploads/mobi/9999/1538105636_1454.jpg
ERR: 无法加载模块:Public

[ 2018-10-30T16:53:07+08:00 ] ::1 /Kangli/Public/uploads/mobi/3052/1510556483_5913.jpg
ERR: 无法加载模块:Public

[ 2018-10-30T16:53:07+08:00 ] ::1 /Kangli/Public/Kangli/js/swiper.min.js.map
ERR: 无法加载模块:Public

[ 2018-10-30T16:53:15+08:00 ] ::1 /Kangli/Public/Kangli/js/swiper.min.js.map
ERR: 无法加载模块:Public

[ 2018-10-30T16:53:15+08:00 ] ::1 /Kangli/Public/Kangli/js/lrz.all.bundle.js.map
ERR: 无法加载模块:Public

[ 2018-10-30T16:53:39+08:00 ] ::1 /Kangli/Public/Kangli/js/swiper.min.js.map
ERR: 无法加载模块:Public

[ 2018-10-30T16:53:59+08:00 ] ::1 /Kangli/Public/uploads/mobi/3052/1510556483_5913.jpg
ERR: 无法加载模块:Public

[ 2018-10-30T16:53:59+08:00 ] ::1 /Kangli/Public/Kangli/js/swiper.min.js.map
ERR: 无法加载模块:Public

[ 2018-10-30T16:54:00+08:00 ] ::1 /Kangli/Public/uploads/mobi/3052/1510556483_5913.jpg
ERR: 无法加载模块:Public

[ 2018-10-30T16:54:00+08:00 ] ::1 /Kangli/Public/uploads/mobi/9999/1538105636_1454.jpg
ERR: 无法加载模块:Public

[ 2018-10-30T16:54:02+08:00 ] ::1 /Kangli/Public/uploads/mobi/3052/1510556483_5913.jpg
ERR: 无法加载模块:Public

[ 2018-10-30T16:54:02+08:00 ] ::1 /Kangli/Public/uploads/mobi/9999/1538105636_1454.jpg
ERR: 无法加载模块:Public

[ 2018-10-30T16:54:02+08:00 ] ::1 /Kangli/Public/Kangli/js/swiper.min.js.map
ERR: 无法加载模块:Public

[ 2018-10-30T16:54:05+08:00 ] ::1 /Kangli/Public/Kangli/js/swiper.min.js.map
ERR: 无法加载模块:Public

[ 2018-10-30T16:54:05+08:00 ] ::1 /Kangli/Public/Kangli/js/swiper.min.js.map
ERR: 无法加载模块:Public

[ 2018-10-30T16:56:01+08:00 ] ::1 /Kangli/Public/uploads/mobi/3052/1510556483_5913.jpg
ERR: 无法加载模块:Public

[ 2018-10-30T16:56:01+08:00 ] ::1 /Kangli/Public/uploads/mobi/9999/1538105636_1454.jpg
ERR: 无法加载模块:Public

[ 2018-10-30T16:56:02+08:00 ] ::1 /Kangli/Public/uploads/mobi/3052/1510556483_5913.jpg
ERR: 无法加载模块:Public

[ 2018-10-30T16:56:02+08:00 ] ::1 /Kangli/Public/uploads/mobi/9999/1538105636_1454.jpg
ERR: 无法加载模块:Public

[ 2018-10-30T16:56:02+08:00 ] ::1 /Kangli/Public/Kangli/js/swiper.min.js.map
ERR: 无法加载模块:Public

[ 2018-10-30T16:56:04+08:00 ] ::1 /Kangli/Public/Kangli/js/swiper.min.js.map
ERR: 无法加载模块:Public

[ 2018-10-30T16:56:04+08:00 ] ::1 /Kangli/Public/Kangli/js/swiper.min.js.map
ERR: 无法加载模块:Public

[ 2018-10-30T16:56:05+08:00 ] ::1 /Kangli/Public/Kangli/js/swiper.min.js.map
ERR: 无法加载模块:Public

[ 2018-10-30T16:56:06+08:00 ] ::1 /Kangli/Public/Kangli/js/swiper.min.js.map
ERR: 无法加载模块:Public

[ 2018-10-30T16:56:06+08:00 ] ::1 /Kangli/Public/Kangli/js/swiper.min.js.map
ERR: 无法加载模块:Public

[ 2018-10-30T16:56:07+08:00 ] ::1 /Kangli/Public/uploads/mobi/3052/1510556483_5913.jpg
ERR: 无法加载模块:Public

[ 2018-10-30T16:56:07+08:00 ] ::1 /Kangli/Public/Kangli/js/swiper.min.js.map
ERR: 无法加载模块:Public

[ 2018-10-30T16:56:09+08:00 ] ::1 /Kangli/Public/uploads/mobi/3052/1510556483_5913.jpg
ERR: 无法加载模块:Public

[ 2018-10-30T16:56:09+08:00 ] ::1 /Kangli/Public/Kangli/js/swiper.min.js.map
ERR: 无法加载模块:Public

[ 2018-10-30T16:56:10+08:00 ] ::1 /Kangli/Public/uploads/mobi/3052/1510556483_5913.jpg
ERR: 无法加载模块:Public

[ 2018-10-30T16:56:10+08:00 ] ::1 /Kangli/Public/Kangli/js/swiper.min.js.map
ERR: 无法加载模块:Public

[ 2018-10-30T16:56:11+08:00 ] ::1 /Kangli/Public/uploads/mobi/3052/1510556483_5913.jpg
ERR: 无法加载模块:Public

[ 2018-10-30T16:56:11+08:00 ] ::1 /Kangli/Public/Kangli/js/swiper.min.js.map
ERR: 无法加载模块:Public

[ 2018-10-30T16:56:12+08:00 ] ::1 /Kangli/Public/uploads/mobi/3052/1510556483_5913.jpg
ERR: 无法加载模块:Public

[ 2018-10-30T16:56:12+08:00 ] ::1 /Kangli/Public/Kangli/js/swiper.min.js.map
ERR: 无法加载模块:Public

[ 2018-10-30T16:56:18+08:00 ] ::1 /Kangli/Public/uploads/mobi/3052/1510556483_5913.jpg
ERR: 无法加载模块:Public

[ 2018-10-30T16:56:18+08:00 ] ::1 /Kangli/Public/Kangli/js/swiper.min.js.map
ERR: 无法加载模块:Public

[ 2018-10-30T16:57:06+08:00 ] ::1 /Kangli/Public/uploads/mobi/3052/1510556483_5913.jpg
ERR: 无法加载模块:Public

[ 2018-10-30T16:57:06+08:00 ] ::1 /Kangli/Public/Kangli/js/swiper.min.js.map
ERR: 无法加载模块:Public

[ 2018-10-30T16:57:09+08:00 ] ::1 /Kangli/Public/uploads/mobi/3052/1510556483_5913.jpg
ERR: 无法加载模块:Public

[ 2018-10-30T16:57:09+08:00 ] ::1 /Kangli/Public/Kangli/js/swiper.min.js.map
ERR: 无法加载模块:Public

[ 2018-10-30T16:59:47+08:00 ] ::1 /Kangli/Public/Kangli/js/swiper.min.js.map
ERR: 无法加载模块:Public

[ 2018-10-30T16:59:49+08:00 ] ::1 /Kangli/Public/Kangli/js/swiper.min.js.map
ERR: 无法加载模块:Public

[ 2018-10-30T16:59:49+08:00 ] ::1 /Kangli/Public/Kangli/js/swiper.min.js.map
ERR: 无法加载模块:Public

