[ 2018-11-02T16:12:53+08:00 ] ::1 /kangli/Famaotang/Index/index
ERR: 无法加载模块:Famaotang

[ 2018-11-02T16:12:57+08:00 ] ::1 /kangli/Public/Kangli/js/swiper.min.js.map
ERR: 无法加载模块:Public

[ 2018-11-02T16:12:57+08:00 ] ::1 /kangli/Public/Kangli/js/swiper.min.js.map
ERR: 无法加载模块:Public

[ 2018-11-02T16:13:02+08:00 ] ::1 /Kangli/Public/Kangli/js/swiper.min.js.map
ERR: 无法加载模块:Public

[ 2018-11-02T16:13:04+08:00 ] ::1 /Kangli/Public/Kangli/js/swiper.min.js.map
ERR: 无法加载模块:Public

[ 2018-11-02T16:13:04+08:00 ] ::1 /Kangli/Public/Kangli/js/swiper.min.js.map
ERR: 无法加载模块:Public

[ 2018-11-02T16:13:05+08:00 ] ::1 /Kangli/Public/Kangli/js/swiper.min.js.map
ERR: 无法加载模块:Public

[ 2018-11-02T16:13:06+08:00 ] ::1 /Kangli/Public/Kangli/js/swiper.min.js.map
ERR: 无法加载模块:Public

[ 2018-11-02T16:13:06+08:00 ] ::1 /Kangli/Public/Kangli/js/swiper.min.js.map
ERR: 无法加载模块:Public

[ 2018-11-02T16:13:09+08:00 ] ::1 /Kangli/Public/Kangli/js/swiper.min.js.map
ERR: 无法加载模块:Public

[ 2018-11-02T16:13:11+08:00 ] ::1 /Kangli/Public/Kangli/js/swiper.min.js.map
ERR: 无法加载模块:Public

[ 2018-11-02T16:13:11+08:00 ] ::1 /Kangli/Public/Kangli/js/swiper.min.js.map
ERR: 无法加载模块:Public

[ 2018-11-02T16:13:13+08:00 ] ::1 /Kangli/Public/Kangli/js/swiper.min.js.map
ERR: 无法加载模块:Public

[ 2018-11-02T16:13:30+08:00 ] ::1 /Kangli/Public/Kangli/js/swiper.min.js.map
ERR: 无法加载模块:Public

