[ 2018-05-21T09:29:54+08:00 ] ::1 /Kangli/Kangli/Mine
INFO: [ app_init ] --START--
INFO: Run Behavior\BuildLiteBehavior [ RunTime:0.000000s ]
INFO: [ app_init ] --END-- [ RunTime:0.001000s ]
INFO: [ app_begin ] --START--
INFO: Run Behavior\ReadHtmlCacheBehavior [ RunTime:0.001000s ]
INFO: [ app_begin ] --END-- [ RunTime:0.001000s ]
INFO: [ action_begin ] --START--
SQL: SHOW COLUMNS FROM `fw_denyip` [ RunTime:0.0010s ]
SQL: SELECT * FROM `fw_denyip`  [ RunTime:0.0010s ]
INFO: Run Home\Behaviors\DenyipsBehavior [ RunTime:0.010000s ]
INFO: [ action_begin ] --END-- [ RunTime:0.010000s ]
SQL: SHOW COLUMNS FROM `fw_dealer` [ RunTime:0.0010s ]
SQL: SHOW COLUMNS FROM `fw_dltype` [ RunTime:0.0010s ]
SQL: SHOW COLUMNS FROM `fw_fanlidetail` [ RunTime:0.0010s ]
SQL: SHOW COLUMNS FROM `fw_orders` [ RunTime:0.0010s ]
SQL: SELECT `dl_id`,`dl_username`,`dl_name`,`dl_belong`,`dl_type`,`dl_level`,`dl_wxheadimg` FROM `fw_dealer` WHERE `dl_id` = 34 AND `dl_unitcode` = '9999' LIMIT 1   [ RunTime:0.0000s ]
SQL: SELECT `dl_id`,`dl_username`,`dl_name`,`dl_belong` FROM `fw_dealer` WHERE `dl_unitcode` = '9999' AND `dl_id` = 32 LIMIT 1   [ RunTime:0.0000s ]
SQL: SELECT `dlt_id`,`dlt_name` FROM `fw_dltype` WHERE `dlt_unitcode` = '9999' AND `dlt_id` = 8 AND `dlt_level` = 2 LIMIT 1   [ RunTime:0.0000s ]
SQL: SELECT SUM(fl_money) AS tp_sum FROM `fw_fanlidetail` WHERE `fl_dlid` = 34 AND `fl_unitcode` = '9999' AND `fl_state` = 0 LIMIT 1   [ RunTime:0.0010s ]
SQL: UPDATE `fw_dealer` SET `dl_fanli`='0' WHERE `dl_id` = 34 AND `dl_unitcode` = '9999' [ RunTime:0.0000s ]
SQL: SHOW COLUMNS FROM `fw_orders` [ RunTime:0.0010s ]
SQL: SELECT * FROM fw_orders a,fw_orderdetail b WHERE a.od_unitcode = '9999' AND a.od_state IN ('3','8') AND a.od_oddlid = '34' AND a.od_id =b.oddt_odid AND a.od_virtualstock = 1 ORDER BY a.od_addtime DESC  [ RunTime:0.0000s ]
SQL: SHOW COLUMNS FROM `fw_orders` [ RunTime:0.0010s ]
SQL: SELECT * FROM fw_orders a,fw_orderdetail b WHERE a.od_unitcode = '9999' AND a.od_state IN ('0','1','2','3','8') AND a.od_rcdlid = '34' AND a.od_id =b.oddt_odid AND a.od_virtualstock = 1 ORDER BY a.od_addtime DESC  [ RunTime:0.0010s ]
SQL: SHOW COLUMNS FROM `fw_orders` [ RunTime:0.0000s ]
SQL: SELECT * FROM fw_orders a,fw_orderdetail b WHERE a.od_unitcode = '9999' AND a.od_state IN ('0','1','2','3','8') AND a.od_oddlid = '34' AND a.od_id =b.oddt_odid AND a.od_virtualstock = 0 ORDER BY a.od_addtime DESC  [ RunTime:0.0010s ]
SQL: SELECT SUM(od_total) AS tp_sum FROM `fw_orders` WHERE `od_unitcode` = '9999' AND `od_rcdlid` = 34 AND `od_state` IN ('3','8') AND `od_virtualstock` = 1 LIMIT 1   [ RunTime:0.0010s ]
SQL: SELECT SUM(od_expressfee) AS tp_sum FROM `fw_orders` WHERE `od_unitcode` = '9999' AND `od_rcdlid` = 34 AND `od_state` IN ('3','8') AND `od_virtualstock` = 1 LIMIT 1   [ RunTime:0.0000s ]
SQL: SELECT SUM(od_total) AS tp_sum FROM `fw_orders` WHERE `od_unitcode` = '9999' AND `od_oddlid` = 34 AND `od_state` IN ('3','8') AND `od_virtualstock` = 1 AND `od_fugou` = 1 AND `od_addtime` BETWEEN 1525104000 AND 1526866194 LIMIT 1   [ RunTime:0.0000s ]
SQL: SELECT SUM(od_expressfee) AS tp_sum FROM `fw_orders` WHERE `od_unitcode` = '9999' AND `od_oddlid` = 34 AND `od_state` IN ('3','8') AND `od_virtualstock` = 1 AND `od_fugou` = 1 AND `od_addtime` BETWEEN 1525104000 AND 1526866194 LIMIT 1   [ RunTime:0.0000s ]
SQL: SELECT COUNT(*) AS tp_count FROM `fw_orders` WHERE `od_unitcode` = '9999' AND `od_rcdlid` = 34 AND `od_virtualstock` = 1 AND `od_state` = 0 LIMIT 1   [ RunTime:0.0000s ]
SQL: SELECT COUNT(*) AS tp_count FROM `fw_orders` WHERE `od_unitcode` = '9999' AND `od_rcdlid` = 34 AND `od_state` IN ('1','2') AND `od_virtualstock` = 1 LIMIT 1   [ RunTime:0.0000s ]
SQL: SELECT `dl_id`,`dl_username`,`dl_name`,`dl_belong`,`dl_type`,`dl_level`,`dl_wxheadimg` FROM `fw_dealer` WHERE `dl_unitcode` = '9999' AND `dl_level` = 2 LIMIT 1000   [ RunTime:0.0010s ]
INFO: [ view_parse ] --START--
INFO: [ template_filter ] --START--
INFO: Run Behavior\ContentReplaceBehavior [ RunTime:0.000000s ]
INFO: [ template_filter ] --END-- [ RunTime:0.000000s ]
NOTIC: [8] Undefined variable: item D:\wamp64\www\Kangli\Runtime\Cache\Kangli\71a806bdd4c5c4d7ad2968fc5894cbd0.php 第 143 行.
INFO: Run Behavior\ParseTemplateBehavior [ RunTime:0.014000s ]
INFO: [ view_parse ] --END-- [ RunTime:0.014000s ]
INFO: [ view_filter ] --START--
INFO: Run Behavior\WriteHtmlCacheBehavior [ RunTime:0.000000s ]
INFO: [ view_filter ] --END-- [ RunTime:0.000000s ]
INFO: [ app_end ] --START--
INFO: Run Behavior\ShowPageTraceBehavior [ RunTime:0.001000s ]
INFO: [ app_end ] --END-- [ RunTime:0.001000s ]
NOTIC: [2] ini_set(): A session is active. You cannot change the session module's ini settings at this time D:\wamp64\www\Kangli\index.php 第 31 行.

[ 2018-05-21T09:29:54+08:00 ] ::1 /Kangli/Kangli/Dealer/login/ttamp/1526866194/sture/90d40092e16e9bf637c4933171291cb8/tagpage/aHR0cDovL2xvY2FsaG9zdC9LYW5nbGkvS2FuZ2xpL01pbmU=
INFO: [ app_init ] --START--
INFO: Run Behavior\BuildLiteBehavior [ RunTime:0.000000s ]
INFO: [ app_init ] --END-- [ RunTime:0.000000s ]
INFO: [ app_begin ] --START--
INFO: Run Behavior\ReadHtmlCacheBehavior [ RunTime:0.001000s ]
INFO: [ app_begin ] --END-- [ RunTime:0.001000s ]
INFO: [ action_begin ] --START--
SQL: SHOW COLUMNS FROM `fw_denyip` [ RunTime:0.0000s ]
SQL: SELECT * FROM `fw_denyip`  [ RunTime:0.0000s ]
INFO: Run Home\Behaviors\DenyipsBehavior [ RunTime:0.007000s ]
INFO: [ action_begin ] --END-- [ RunTime:0.007000s ]
INFO: [ view_parse ] --START--
INFO: [ template_filter ] --START--
INFO: Run Behavior\ContentReplaceBehavior [ RunTime:0.000000s ]
INFO: [ template_filter ] --END-- [ RunTime:0.000000s ]
INFO: Run Behavior\ParseTemplateBehavior [ RunTime:0.006000s ]
INFO: [ view_parse ] --END-- [ RunTime:0.006000s ]
INFO: [ view_filter ] --START--
INFO: Run Behavior\WriteHtmlCacheBehavior [ RunTime:0.000000s ]
INFO: [ view_filter ] --END-- [ RunTime:0.001000s ]
INFO: [ app_end ] --START--
INFO: Run Behavior\ShowPageTraceBehavior [ RunTime:0.000000s ]
INFO: [ app_end ] --END-- [ RunTime:0.000000s ]
NOTIC: [2] ini_set(): A session is active. You cannot change the session module's ini settings at this time D:\wamp64\www\Kangli\index.php 第 31 行.

[ 2018-05-21T09:29:57+08:00 ] ::1 /Kangli/Kangli/
INFO: [ app_init ] --START--
INFO: Run Behavior\BuildLiteBehavior [ RunTime:0.000000s ]
INFO: [ app_init ] --END-- [ RunTime:0.001000s ]
INFO: [ app_begin ] --START--
INFO: Run Behavior\ReadHtmlCacheBehavior [ RunTime:0.001000s ]
INFO: [ app_begin ] --END-- [ RunTime:0.001000s ]
INFO: [ action_begin ] --START--
SQL: SHOW COLUMNS FROM `fw_denyip` [ RunTime:0.0010s ]
SQL: SELECT * FROM `fw_denyip`  [ RunTime:0.0010s ]
INFO: Run Home\Behaviors\DenyipsBehavior [ RunTime:0.016000s ]
INFO: [ action_begin ] --END-- [ RunTime:0.016000s ]
SQL: SHOW COLUMNS FROM `fw_jfmonews` [ RunTime:0.0010s ]
SQL: SELECT `news_id`,`news_title` FROM `fw_jfmonews` WHERE `news_isgg` = 1 AND `news_unitcode` = '9999' ORDER BY news_addtime DESC  [ RunTime:0.0000s ]
SQL: SHOW COLUMNS FROM `fw_adinfo` [ RunTime:0.0010s ]
SQL: SELECT * FROM `fw_adinfo` WHERE `ad_unitcode` = '9999' ORDER BY ad_addtime DESC LIMIT 5   [ RunTime:0.0010s ]
SQL: SELECT * FROM `fw_jfmonews` WHERE `news_type` = 2 AND `news_unitcode` = '9999' ORDER BY news_addtime DESC LIMIT 2   [ RunTime:0.0000s ]
SQL: SHOW COLUMNS FROM `fw_dealer` [ RunTime:0.0000s ]
SQL: SHOW COLUMNS FROM `fw_dltype` [ RunTime:0.0010s ]
SQL: SELECT `dlt_name`,`dlt_level` FROM `fw_dltype` WHERE `dlt_unitcode` = '9999' GROUP BY dlt_name,dlt_level ORDER BY dlt_level ASC  [ RunTime:0.0010s ]
SQL: SELECT * FROM `fw_dealer` WHERE `dl_id` = 34 AND `dl_unitcode` = '9999' LIMIT 1   [ RunTime:0.0010s ]
SQL: SELECT `dl_id`,`dl_name`,`dl_level`,`dl_status`,`dl_type` FROM `fw_dealer` WHERE `dl_belong` = 34 AND `dl_unitcode` = '9999'  [ RunTime:0.0000s ]
SQL: SELECT `dl_id`,`dl_name`,`dl_level`,`dl_status`,`dl_type` FROM `fw_dealer` WHERE `dl_belong` = 35 AND `dl_unitcode` = '9999'  [ RunTime:0.0000s ]
SQL: SELECT `dl_id`,`dl_name`,`dl_level`,`dl_status`,`dl_type` FROM `fw_dealer` WHERE `dl_belong` = 38 AND `dl_unitcode` = '9999'  [ RunTime:0.0000s ]
SQL: SELECT `dl_id`,`dl_name`,`dl_level`,`dl_status`,`dl_type` FROM `fw_dealer` WHERE `dl_belong` = 36 AND `dl_unitcode` = '9999'  [ RunTime:0.0010s ]
SQL: SELECT * FROM `fw_dealer` WHERE `dl_id` = 34 AND `dl_unitcode` = '9999' LIMIT 1   [ RunTime:0.0000s ]
SQL: SELECT `dl_id`,`dl_name`,`dl_level`,`dl_status`,`dl_type` FROM `fw_dealer` WHERE `dl_belong` = 34 AND `dl_unitcode` = '9999'  [ RunTime:0.0000s ]
SQL: SELECT `dl_id`,`dl_name`,`dl_level`,`dl_status`,`dl_type` FROM `fw_dealer` WHERE `dl_belong` = 35 AND `dl_unitcode` = '9999'  [ RunTime:0.0000s ]
SQL: SELECT `dl_id`,`dl_name`,`dl_level`,`dl_status`,`dl_type` FROM `fw_dealer` WHERE `dl_belong` = 38 AND `dl_unitcode` = '9999'  [ RunTime:0.0010s ]
SQL: SELECT `dl_id`,`dl_name`,`dl_level`,`dl_status`,`dl_type` FROM `fw_dealer` WHERE `dl_belong` = 36 AND `dl_unitcode` = '9999'  [ RunTime:0.0010s ]
SQL: SELECT * FROM `fw_dealer` WHERE `dl_id` = 34 AND `dl_unitcode` = '9999' LIMIT 1   [ RunTime:0.0010s ]
SQL: SELECT `dl_id`,`dl_name`,`dl_level`,`dl_status`,`dl_type` FROM `fw_dealer` WHERE `dl_belong` = 34 AND `dl_unitcode` = '9999'  [ RunTime:0.0000s ]
SQL: SELECT `dl_id`,`dl_name`,`dl_level`,`dl_status`,`dl_type` FROM `fw_dealer` WHERE `dl_belong` = 35 AND `dl_unitcode` = '9999'  [ RunTime:0.0000s ]
SQL: SELECT `dl_id`,`dl_name`,`dl_level`,`dl_status`,`dl_type` FROM `fw_dealer` WHERE `dl_belong` = 38 AND `dl_unitcode` = '9999'  [ RunTime:0.0000s ]
SQL: SELECT `dl_id`,`dl_name`,`dl_level`,`dl_status`,`dl_type` FROM `fw_dealer` WHERE `dl_belong` = 36 AND `dl_unitcode` = '9999'  [ RunTime:0.0010s ]
SQL: SELECT * FROM `fw_dealer` WHERE `dl_id` = 34 AND `dl_unitcode` = '9999' LIMIT 1   [ RunTime:0.0000s ]
SQL: SELECT `dl_id`,`dl_name`,`dl_level`,`dl_status`,`dl_type` FROM `fw_dealer` WHERE `dl_belong` = 34 AND `dl_unitcode` = '9999'  [ RunTime:0.0000s ]
SQL: SELECT `dl_id`,`dl_name`,`dl_level`,`dl_status`,`dl_type` FROM `fw_dealer` WHERE `dl_belong` = 35 AND `dl_unitcode` = '9999'  [ RunTime:0.0000s ]
SQL: SELECT `dl_id`,`dl_name`,`dl_level`,`dl_status`,`dl_type` FROM `fw_dealer` WHERE `dl_belong` = 38 AND `dl_unitcode` = '9999'  [ RunTime:0.0010s ]
SQL: SELECT `dl_id`,`dl_name`,`dl_level`,`dl_status`,`dl_type` FROM `fw_dealer` WHERE `dl_belong` = 36 AND `dl_unitcode` = '9999'  [ RunTime:0.0000s ]
SQL: SHOW COLUMNS FROM `fw_orders` [ RunTime:0.0000s ]
SQL: SHOW COLUMNS FROM `fw_product` [ RunTime:0.0000s ]
SQL: SHOW COLUMNS FROM `fw_orderdetail` [ RunTime:0.0010s ]
SQL: SHOW COLUMNS FROM `fw_shipment` [ RunTime:0.0020s ]
SQL: SELECT `od_id`,`od_state`,`od_orderid`,`od_total`,`od_addtime` FROM `fw_orders` WHERE `od_unitcode` = '9999' AND `od_rcdlid` = 34 AND `od_virtualstock` = 1 AND `od_state` = 0 ORDER BY od_addtime DESC  [ RunTime:0.0010s ]
SQL: SELECT `dl_id`,`dl_name`,`dl_weixin`,`dl_wxheadimg`,`dl_tel`,`dl_address`,`dl_addtime`,`dl_level` FROM `fw_dealer` WHERE `dl_unitcode` = '9999' AND `dl_belong` = 34 AND `dl_status` = 0 ORDER BY dl_id DESC  [ RunTime:0.0010s ]
NOTIC: [8] Undefined variable: bas_content D:\wamp64\www\Kangli\Apps\Kangli\Controller\IndexController.class.php 第 282 行.
NOTIC: [8] Undefined variable: bas_logopic D:\wamp64\www\Kangli\Apps\Kangli\Controller\IndexController.class.php 第 284 行.
NOTIC: [8] Undefined variable: bas_footpic D:\wamp64\www\Kangli\Apps\Kangli\Controller\IndexController.class.php 第 285 行.
INFO: [ view_parse ] --START--
INFO: [ template_filter ] --START--
INFO: Run Behavior\ContentReplaceBehavior [ RunTime:0.000000s ]
INFO: [ template_filter ] --END-- [ RunTime:0.001000s ]
NOTIC: [8] Use of undefined constant count - assumed 'count' D:\wamp64\www\Kangli\Runtime\Cache\Kangli\707ff3e6b0334ba29319d61e11de267d.php 第 242 行.
INFO: Run Behavior\ParseTemplateBehavior [ RunTime:0.027000s ]
INFO: [ view_parse ] --END-- [ RunTime:0.027000s ]
INFO: [ view_filter ] --START--
INFO: Run Behavior\WriteHtmlCacheBehavior [ RunTime:0.001000s ]
INFO: [ view_filter ] --END-- [ RunTime:0.001000s ]
INFO: [ app_end ] --START--
INFO: Run Behavior\ShowPageTraceBehavior [ RunTime:0.000000s ]
INFO: [ app_end ] --END-- [ RunTime:0.000000s ]
NOTIC: [2] ini_set(): A session is active. You cannot change the session module's ini settings at this time D:\wamp64\www\Kangli\index.php 第 31 行.

[ 2018-05-21T09:29:59+08:00 ] ::1 /Kangli/Kangli/Mine
INFO: [ app_init ] --START--
INFO: Run Behavior\BuildLiteBehavior [ RunTime:0.001000s ]
INFO: [ app_init ] --END-- [ RunTime:0.001000s ]
INFO: [ app_begin ] --START--
INFO: Run Behavior\ReadHtmlCacheBehavior [ RunTime:0.001000s ]
INFO: [ app_begin ] --END-- [ RunTime:0.002000s ]
INFO: [ action_begin ] --START--
SQL: SHOW COLUMNS FROM `fw_denyip` [ RunTime:0.0000s ]
SQL: SELECT * FROM `fw_denyip`  [ RunTime:0.0000s ]
INFO: Run Home\Behaviors\DenyipsBehavior [ RunTime:0.015000s ]
INFO: [ action_begin ] --END-- [ RunTime:0.015000s ]
SQL: SHOW COLUMNS FROM `fw_dealer` [ RunTime:0.0000s ]
SQL: SHOW COLUMNS FROM `fw_dltype` [ RunTime:0.0010s ]
SQL: SHOW COLUMNS FROM `fw_fanlidetail` [ RunTime:0.0010s ]
SQL: SHOW COLUMNS FROM `fw_orders` [ RunTime:0.0010s ]
SQL: SELECT `dl_id`,`dl_username`,`dl_name`,`dl_belong`,`dl_type`,`dl_level`,`dl_wxheadimg` FROM `fw_dealer` WHERE `dl_id` = 34 AND `dl_unitcode` = '9999' LIMIT 1   [ RunTime:0.0000s ]
SQL: SELECT `dl_id`,`dl_username`,`dl_name`,`dl_belong` FROM `fw_dealer` WHERE `dl_unitcode` = '9999' AND `dl_id` = 32 LIMIT 1   [ RunTime:0.0010s ]
SQL: SELECT `dlt_id`,`dlt_name` FROM `fw_dltype` WHERE `dlt_unitcode` = '9999' AND `dlt_id` = 8 AND `dlt_level` = 2 LIMIT 1   [ RunTime:0.0000s ]
SQL: SELECT SUM(fl_money) AS tp_sum FROM `fw_fanlidetail` WHERE `fl_dlid` = 34 AND `fl_unitcode` = '9999' AND `fl_state` = 0 LIMIT 1   [ RunTime:0.0000s ]
SQL: UPDATE `fw_dealer` SET `dl_fanli`='0' WHERE `dl_id` = 34 AND `dl_unitcode` = '9999' [ RunTime:0.0000s ]
SQL: SHOW COLUMNS FROM `fw_orders` [ RunTime:0.0010s ]
SQL: SELECT * FROM fw_orders a,fw_orderdetail b WHERE a.od_unitcode = '9999' AND a.od_state IN ('3','8') AND a.od_oddlid = '34' AND a.od_id =b.oddt_odid AND a.od_virtualstock = 1 ORDER BY a.od_addtime DESC  [ RunTime:0.0010s ]
SQL: SHOW COLUMNS FROM `fw_orders` [ RunTime:0.0000s ]
SQL: SELECT * FROM fw_orders a,fw_orderdetail b WHERE a.od_unitcode = '9999' AND a.od_state IN ('0','1','2','3','8') AND a.od_rcdlid = '34' AND a.od_id =b.oddt_odid AND a.od_virtualstock = 1 ORDER BY a.od_addtime DESC  [ RunTime:0.0000s ]
SQL: SHOW COLUMNS FROM `fw_orders` [ RunTime:0.0000s ]
SQL: SELECT * FROM fw_orders a,fw_orderdetail b WHERE a.od_unitcode = '9999' AND a.od_state IN ('0','1','2','3','8') AND a.od_oddlid = '34' AND a.od_id =b.oddt_odid AND a.od_virtualstock = 0 ORDER BY a.od_addtime DESC  [ RunTime:0.0000s ]
SQL: SELECT SUM(od_total) AS tp_sum FROM `fw_orders` WHERE `od_unitcode` = '9999' AND `od_rcdlid` = 34 AND `od_state` IN ('3','8') AND `od_virtualstock` = 1 LIMIT 1   [ RunTime:0.0000s ]
SQL: SELECT SUM(od_expressfee) AS tp_sum FROM `fw_orders` WHERE `od_unitcode` = '9999' AND `od_rcdlid` = 34 AND `od_state` IN ('3','8') AND `od_virtualstock` = 1 LIMIT 1   [ RunTime:0.0000s ]
SQL: SELECT SUM(od_total) AS tp_sum FROM `fw_orders` WHERE `od_unitcode` = '9999' AND `od_oddlid` = 34 AND `od_state` IN ('3','8') AND `od_virtualstock` = 1 AND `od_fugou` = 1 AND `od_addtime` BETWEEN 1525104000 AND 1526866199 LIMIT 1   [ RunTime:0.0000s ]
SQL: SELECT SUM(od_expressfee) AS tp_sum FROM `fw_orders` WHERE `od_unitcode` = '9999' AND `od_oddlid` = 34 AND `od_state` IN ('3','8') AND `od_virtualstock` = 1 AND `od_fugou` = 1 AND `od_addtime` BETWEEN 1525104000 AND 1526866199 LIMIT 1   [ RunTime:0.0000s ]
SQL: SELECT COUNT(*) AS tp_count FROM `fw_orders` WHERE `od_unitcode` = '9999' AND `od_rcdlid` = 34 AND `od_virtualstock` = 1 AND `od_state` = 0 LIMIT 1   [ RunTime:0.0000s ]
SQL: SELECT COUNT(*) AS tp_count FROM `fw_orders` WHERE `od_unitcode` = '9999' AND `od_rcdlid` = 34 AND `od_state` IN ('1','2') AND `od_virtualstock` = 1 LIMIT 1   [ RunTime:0.0010s ]
SQL: SELECT `dl_id`,`dl_username`,`dl_name`,`dl_belong`,`dl_type`,`dl_level`,`dl_wxheadimg` FROM `fw_dealer` WHERE `dl_unitcode` = '9999' AND `dl_level` = 2 LIMIT 1000   [ RunTime:0.0000s ]
INFO: [ view_parse ] --START--
INFO: [ template_filter ] --START--
INFO: Run Behavior\ContentReplaceBehavior [ RunTime:0.000000s ]
INFO: [ template_filter ] --END-- [ RunTime:0.000000s ]
NOTIC: [8] Undefined variable: item D:\wamp64\www\Kangli\Runtime\Cache\Kangli\71a806bdd4c5c4d7ad2968fc5894cbd0.php 第 143 行.
INFO: Run Behavior\ParseTemplateBehavior [ RunTime:0.011000s ]
INFO: [ view_parse ] --END-- [ RunTime:0.011000s ]
INFO: [ view_filter ] --START--
INFO: Run Behavior\WriteHtmlCacheBehavior [ RunTime:0.001000s ]
INFO: [ view_filter ] --END-- [ RunTime:0.001000s ]
INFO: [ app_end ] --START--
INFO: Run Behavior\ShowPageTraceBehavior [ RunTime:0.000000s ]
INFO: [ app_end ] --END-- [ RunTime:0.000000s ]
NOTIC: [2] ini_set(): A session is active. You cannot change the session module's ini settings at this time D:\wamp64\www\Kangli\index.php 第 31 行.

[ 2018-05-21T09:29:59+08:00 ] ::1 /Kangli/Kangli/Dealer/login/ttamp/1526866199/sture/e4f0cd88e9d8ad762de877c04ead4d5c/tagpage/aHR0cDovL2xvY2FsaG9zdC9LYW5nbGkvS2FuZ2xpL01pbmU=
INFO: [ app_init ] --START--
INFO: Run Behavior\BuildLiteBehavior [ RunTime:0.000000s ]
INFO: [ app_init ] --END-- [ RunTime:0.000000s ]
INFO: [ app_begin ] --START--
INFO: Run Behavior\ReadHtmlCacheBehavior [ RunTime:0.000000s ]
INFO: [ app_begin ] --END-- [ RunTime:0.001000s ]
INFO: [ action_begin ] --START--
SQL: SHOW COLUMNS FROM `fw_denyip` [ RunTime:0.0010s ]
SQL: SELECT * FROM `fw_denyip`  [ RunTime:0.0000s ]
INFO: Run Home\Behaviors\DenyipsBehavior [ RunTime:0.008000s ]
INFO: [ action_begin ] --END-- [ RunTime:0.008000s ]
INFO: [ view_parse ] --START--
INFO: [ template_filter ] --START--
INFO: Run Behavior\ContentReplaceBehavior [ RunTime:0.000000s ]
INFO: [ template_filter ] --END-- [ RunTime:0.000000s ]
INFO: Run Behavior\ParseTemplateBehavior [ RunTime:0.006000s ]
INFO: [ view_parse ] --END-- [ RunTime:0.007000s ]
INFO: [ view_filter ] --START--
INFO: Run Behavior\WriteHtmlCacheBehavior [ RunTime:0.000000s ]
INFO: [ view_filter ] --END-- [ RunTime:0.000000s ]
INFO: [ app_end ] --START--
INFO: Run Behavior\ShowPageTraceBehavior [ RunTime:0.000000s ]
INFO: [ app_end ] --END-- [ RunTime:0.001000s ]
NOTIC: [2] ini_set(): A session is active. You cannot change the session module's ini settings at this time D:\wamp64\www\Kangli\index.php 第 31 行.

[ 2018-05-21T09:30:00+08:00 ] ::1 /Kangli/Kangli/Mine
INFO: [ app_init ] --START--
INFO: Run Behavior\BuildLiteBehavior [ RunTime:0.000000s ]
INFO: [ app_init ] --END-- [ RunTime:0.001000s ]
INFO: [ app_begin ] --START--
INFO: Run Behavior\ReadHtmlCacheBehavior [ RunTime:0.000000s ]
INFO: [ app_begin ] --END-- [ RunTime:0.000000s ]
INFO: [ action_begin ] --START--
SQL: SHOW COLUMNS FROM `fw_denyip` [ RunTime:0.0010s ]
SQL: SELECT * FROM `fw_denyip`  [ RunTime:0.0000s ]
INFO: Run Home\Behaviors\DenyipsBehavior [ RunTime:0.016000s ]
INFO: [ action_begin ] --END-- [ RunTime:0.016000s ]
SQL: SHOW COLUMNS FROM `fw_dealer` [ RunTime:0.0000s ]
SQL: SHOW COLUMNS FROM `fw_dltype` [ RunTime:0.0010s ]
SQL: SHOW COLUMNS FROM `fw_fanlidetail` [ RunTime:0.0010s ]
SQL: SHOW COLUMNS FROM `fw_orders` [ RunTime:0.0010s ]
SQL: SELECT `dl_id`,`dl_username`,`dl_name`,`dl_belong`,`dl_type`,`dl_level`,`dl_wxheadimg` FROM `fw_dealer` WHERE `dl_id` = 34 AND `dl_unitcode` = '9999' LIMIT 1   [ RunTime:0.0000s ]
SQL: SELECT `dl_id`,`dl_username`,`dl_name`,`dl_belong` FROM `fw_dealer` WHERE `dl_unitcode` = '9999' AND `dl_id` = 32 LIMIT 1   [ RunTime:0.0000s ]
SQL: SELECT `dlt_id`,`dlt_name` FROM `fw_dltype` WHERE `dlt_unitcode` = '9999' AND `dlt_id` = 8 AND `dlt_level` = 2 LIMIT 1   [ RunTime:0.0000s ]
SQL: SELECT SUM(fl_money) AS tp_sum FROM `fw_fanlidetail` WHERE `fl_dlid` = 34 AND `fl_unitcode` = '9999' AND `fl_state` = 0 LIMIT 1   [ RunTime:0.0010s ]
SQL: UPDATE `fw_dealer` SET `dl_fanli`='0' WHERE `dl_id` = 34 AND `dl_unitcode` = '9999' [ RunTime:0.0010s ]
SQL: SHOW COLUMNS FROM `fw_orders` [ RunTime:0.0010s ]
SQL: SELECT * FROM fw_orders a,fw_orderdetail b WHERE a.od_unitcode = '9999' AND a.od_state IN ('3','8') AND a.od_oddlid = '34' AND a.od_id =b.oddt_odid AND a.od_virtualstock = 1 ORDER BY a.od_addtime DESC  [ RunTime:0.0010s ]
SQL: SHOW COLUMNS FROM `fw_orders` [ RunTime:0.0010s ]
SQL: SELECT * FROM fw_orders a,fw_orderdetail b WHERE a.od_unitcode = '9999' AND a.od_state IN ('0','1','2','3','8') AND a.od_rcdlid = '34' AND a.od_id =b.oddt_odid AND a.od_virtualstock = 1 ORDER BY a.od_addtime DESC  [ RunTime:0.0010s ]
SQL: SHOW COLUMNS FROM `fw_orders` [ RunTime:0.0000s ]
SQL: SELECT * FROM fw_orders a,fw_orderdetail b WHERE a.od_unitcode = '9999' AND a.od_state IN ('0','1','2','3','8') AND a.od_oddlid = '34' AND a.od_id =b.oddt_odid AND a.od_virtualstock = 0 ORDER BY a.od_addtime DESC  [ RunTime:0.0000s ]
SQL: SELECT SUM(od_total) AS tp_sum FROM `fw_orders` WHERE `od_unitcode` = '9999' AND `od_rcdlid` = 34 AND `od_state` IN ('3','8') AND `od_virtualstock` = 1 LIMIT 1   [ RunTime:0.0000s ]
SQL: SELECT SUM(od_expressfee) AS tp_sum FROM `fw_orders` WHERE `od_unitcode` = '9999' AND `od_rcdlid` = 34 AND `od_state` IN ('3','8') AND `od_virtualstock` = 1 LIMIT 1   [ RunTime:0.0000s ]
SQL: SELECT SUM(od_total) AS tp_sum FROM `fw_orders` WHERE `od_unitcode` = '9999' AND `od_oddlid` = 34 AND `od_state` IN ('3','8') AND `od_virtualstock` = 1 AND `od_fugou` = 1 AND `od_addtime` BETWEEN 1525104000 AND 1526866200 LIMIT 1   [ RunTime:0.0000s ]
SQL: SELECT SUM(od_expressfee) AS tp_sum FROM `fw_orders` WHERE `od_unitcode` = '9999' AND `od_oddlid` = 34 AND `od_state` IN ('3','8') AND `od_virtualstock` = 1 AND `od_fugou` = 1 AND `od_addtime` BETWEEN 1525104000 AND 1526866200 LIMIT 1   [ RunTime:0.0000s ]
SQL: SELECT COUNT(*) AS tp_count FROM `fw_orders` WHERE `od_unitcode` = '9999' AND `od_rcdlid` = 34 AND `od_virtualstock` = 1 AND `od_state` = 0 LIMIT 1   [ RunTime:0.0010s ]
SQL: SELECT COUNT(*) AS tp_count FROM `fw_orders` WHERE `od_unitcode` = '9999' AND `od_rcdlid` = 34 AND `od_state` IN ('1','2') AND `od_virtualstock` = 1 LIMIT 1   [ RunTime:0.0010s ]
SQL: SELECT `dl_id`,`dl_username`,`dl_name`,`dl_belong`,`dl_type`,`dl_level`,`dl_wxheadimg` FROM `fw_dealer` WHERE `dl_unitcode` = '9999' AND `dl_level` = 2 LIMIT 1000   [ RunTime:0.0000s ]
INFO: [ view_parse ] --START--
INFO: [ template_filter ] --START--
INFO: Run Behavior\ContentReplaceBehavior [ RunTime:0.000000s ]
INFO: [ template_filter ] --END-- [ RunTime:0.000000s ]
NOTIC: [8] Undefined variable: item D:\wamp64\www\Kangli\Runtime\Cache\Kangli\71a806bdd4c5c4d7ad2968fc5894cbd0.php 第 143 行.
INFO: Run Behavior\ParseTemplateBehavior [ RunTime:0.011000s ]
INFO: [ view_parse ] --END-- [ RunTime:0.011000s ]
INFO: [ view_filter ] --START--
INFO: Run Behavior\WriteHtmlCacheBehavior [ RunTime:0.000000s ]
INFO: [ view_filter ] --END-- [ RunTime:0.000000s ]
INFO: [ app_end ] --START--
INFO: Run Behavior\ShowPageTraceBehavior [ RunTime:0.001000s ]
INFO: [ app_end ] --END-- [ RunTime:0.001000s ]
NOTIC: [2] ini_set(): A session is active. You cannot change the session module's ini settings at this time D:\wamp64\www\Kangli\index.php 第 31 行.

[ 2018-05-21T09:30:00+08:00 ] ::1 /Kangli/Kangli/Dealer/login/ttamp/1526866200/sture/85a2d7a623ed4bc18f3d4a2c087c9123/tagpage/aHR0cDovL2xvY2FsaG9zdC9LYW5nbGkvS2FuZ2xpL01pbmU=
INFO: [ app_init ] --START--
INFO: Run Behavior\BuildLiteBehavior [ RunTime:0.000000s ]
INFO: [ app_init ] --END-- [ RunTime:0.001000s ]
INFO: [ app_begin ] --START--
INFO: Run Behavior\ReadHtmlCacheBehavior [ RunTime:0.001000s ]
INFO: [ app_begin ] --END-- [ RunTime:0.001000s ]
INFO: [ action_begin ] --START--
SQL: SHOW COLUMNS FROM `fw_denyip` [ RunTime:0.0010s ]
SQL: SELECT * FROM `fw_denyip`  [ RunTime:0.0010s ]
INFO: Run Home\Behaviors\DenyipsBehavior [ RunTime:0.017000s ]
INFO: [ action_begin ] --END-- [ RunTime:0.017000s ]
INFO: [ view_parse ] --START--
INFO: [ template_filter ] --START--
INFO: Run Behavior\ContentReplaceBehavior [ RunTime:0.000000s ]
INFO: [ template_filter ] --END-- [ RunTime:0.000000s ]
INFO: Run Behavior\ParseTemplateBehavior [ RunTime:0.006000s ]
INFO: [ view_parse ] --END-- [ RunTime:0.007000s ]
INFO: [ view_filter ] --START--
INFO: Run Behavior\WriteHtmlCacheBehavior [ RunTime:0.000000s ]
INFO: [ view_filter ] --END-- [ RunTime:0.000000s ]
INFO: [ app_end ] --START--
INFO: Run Behavior\ShowPageTraceBehavior [ RunTime:0.000000s ]
INFO: [ app_end ] --END-- [ RunTime:0.000000s ]
NOTIC: [2] ini_set(): A session is active. You cannot change the session module's ini settings at this time D:\wamp64\www\Kangli\index.php 第 31 行.

[ 2018-05-21T09:30:07+08:00 ] ::1 /Kangli/Kangli/Dealer/login
INFO: [ app_init ] --START--
INFO: Run Behavior\BuildLiteBehavior [ RunTime:0.000000s ]
INFO: [ app_init ] --END-- [ RunTime:0.001000s ]
INFO: [ app_begin ] --START--
INFO: Run Behavior\ReadHtmlCacheBehavior [ RunTime:0.000000s ]
INFO: [ app_begin ] --END-- [ RunTime:0.000000s ]
INFO: [ action_begin ] --START--
SQL: SHOW COLUMNS FROM `fw_denyip` [ RunTime:0.0010s ]
SQL: SELECT * FROM `fw_denyip`  [ RunTime:0.0000s ]
INFO: Run Home\Behaviors\DenyipsBehavior [ RunTime:0.011000s ]
INFO: [ action_begin ] --END-- [ RunTime:0.011000s ]
SQL: SHOW COLUMNS FROM `fw_dealer` [ RunTime:0.0000s ]
SQL: SELECT * FROM `fw_dealer` WHERE `dl_username` = 'test03' AND `dl_unitcode` = '9999' LIMIT 1   [ RunTime:0.0010s ]
SQL: SHOW COLUMNS FROM `fw_log` [ RunTime:0.0010s ]
SQL: INSERT INTO `fw_log` (`log_qyid`,`log_user`,`log_qycode`,`log_action`,`log_type`,`log_addtime`,`log_ip`,`log_link`,`log_remark`) VALUES ('38','test03','9999','经销商账号登录','2','1526866207','0.0.0.0','/Kangli/Kangli/Dealer/login','') [ RunTime:0.0010s ]
SQL: UPDATE `fw_dealer` SET `dl_logintime`='1526866207' WHERE `dl_username` = 'test03' AND `dl_unitcode` = '9999' [ RunTime:0.0000s ]

[ 2018-05-21T09:30:07+08:00 ] ::1 /Kangli/Kangli/Mine
INFO: [ app_init ] --START--
INFO: Run Behavior\BuildLiteBehavior [ RunTime:0.000000s ]
INFO: [ app_init ] --END-- [ RunTime:0.000000s ]
INFO: [ app_begin ] --START--
INFO: Run Behavior\ReadHtmlCacheBehavior [ RunTime:0.001000s ]
INFO: [ app_begin ] --END-- [ RunTime:0.001000s ]
INFO: [ action_begin ] --START--
SQL: SHOW COLUMNS FROM `fw_denyip` [ RunTime:0.0000s ]
SQL: SELECT * FROM `fw_denyip`  [ RunTime:0.0000s ]
INFO: Run Home\Behaviors\DenyipsBehavior [ RunTime:0.017000s ]
INFO: [ action_begin ] --END-- [ RunTime:0.017000s ]
SQL: SHOW COLUMNS FROM `fw_dealer` [ RunTime:0.0010s ]
SQL: SHOW COLUMNS FROM `fw_dltype` [ RunTime:0.0000s ]
SQL: SHOW COLUMNS FROM `fw_fanlidetail` [ RunTime:0.0000s ]
SQL: SHOW COLUMNS FROM `fw_orders` [ RunTime:0.0000s ]
SQL: SELECT `dl_id`,`dl_username`,`dl_name`,`dl_belong`,`dl_type`,`dl_level`,`dl_wxheadimg` FROM `fw_dealer` WHERE `dl_id` = 38 AND `dl_unitcode` = '9999' LIMIT 1   [ RunTime:0.0000s ]
SQL: SELECT `dl_id`,`dl_username`,`dl_name`,`dl_belong` FROM `fw_dealer` WHERE `dl_unitcode` = '9999' AND `dl_id` = 35 LIMIT 1   [ RunTime:0.0010s ]
SQL: SELECT `dlt_id`,`dlt_name` FROM `fw_dltype` WHERE `dlt_unitcode` = '9999' AND `dlt_id` = 10 AND `dlt_level` = 4 LIMIT 1   [ RunTime:0.0000s ]
SQL: SELECT SUM(fl_money) AS tp_sum FROM `fw_fanlidetail` WHERE `fl_dlid` = 38 AND `fl_unitcode` = '9999' AND `fl_state` = 0 LIMIT 1   [ RunTime:0.0000s ]
SQL: UPDATE `fw_dealer` SET `dl_fanli`='0' WHERE `dl_id` = 38 AND `dl_unitcode` = '9999' [ RunTime:0.0010s ]
SQL: SHOW COLUMNS FROM `fw_orders` [ RunTime:0.0000s ]
SQL: SELECT * FROM fw_orders a,fw_orderdetail b WHERE a.od_unitcode = '9999' AND a.od_state IN ('3','8') AND a.od_oddlid = '38' AND a.od_id =b.oddt_odid AND a.od_virtualstock = 1 ORDER BY a.od_addtime DESC  [ RunTime:0.0000s ]
SQL: SHOW COLUMNS FROM `fw_orders` [ RunTime:0.0000s ]
SQL: SELECT * FROM fw_orders a,fw_orderdetail b WHERE a.od_unitcode = '9999' AND a.od_state IN ('0','1','2','3','8') AND a.od_rcdlid = '38' AND a.od_id =b.oddt_odid AND a.od_virtualstock = 1 ORDER BY a.od_addtime DESC  [ RunTime:0.0000s ]
SQL: SHOW COLUMNS FROM `fw_orders` [ RunTime:0.0010s ]
SQL: SELECT * FROM fw_orders a,fw_orderdetail b WHERE a.od_unitcode = '9999' AND a.od_state IN ('0','1','2','3','8') AND a.od_oddlid = '38' AND a.od_id =b.oddt_odid AND a.od_virtualstock = 0 ORDER BY a.od_addtime DESC  [ RunTime:0.0010s ]
SQL: SELECT SUM(od_total) AS tp_sum FROM `fw_orders` WHERE `od_unitcode` = '9999' AND `od_rcdlid` = 38 AND `od_state` IN ('3','8') AND `od_virtualstock` = 1 LIMIT 1   [ RunTime:0.0010s ]
SQL: SELECT SUM(od_expressfee) AS tp_sum FROM `fw_orders` WHERE `od_unitcode` = '9999' AND `od_rcdlid` = 38 AND `od_state` IN ('3','8') AND `od_virtualstock` = 1 LIMIT 1   [ RunTime:0.0010s ]
SQL: SELECT SUM(od_total) AS tp_sum FROM `fw_orders` WHERE `od_unitcode` = '9999' AND `od_oddlid` = 38 AND `od_state` IN ('3','8') AND `od_virtualstock` = 1 AND `od_fugou` = 1 AND `od_addtime` BETWEEN 1525104000 AND 1526866207 LIMIT 1   [ RunTime:0.0000s ]
SQL: SELECT SUM(od_expressfee) AS tp_sum FROM `fw_orders` WHERE `od_unitcode` = '9999' AND `od_oddlid` = 38 AND `od_state` IN ('3','8') AND `od_virtualstock` = 1 AND `od_fugou` = 1 AND `od_addtime` BETWEEN 1525104000 AND 1526866207 LIMIT 1   [ RunTime:0.0000s ]
SQL: SELECT COUNT(*) AS tp_count FROM `fw_orders` WHERE `od_unitcode` = '9999' AND `od_rcdlid` = 38 AND `od_virtualstock` = 1 AND `od_state` = 0 LIMIT 1   [ RunTime:0.0000s ]
SQL: SELECT COUNT(*) AS tp_count FROM `fw_orders` WHERE `od_unitcode` = '9999' AND `od_rcdlid` = 38 AND `od_state` IN ('1','2') AND `od_virtualstock` = 1 LIMIT 1   [ RunTime:0.0000s ]
SQL: SELECT `dl_id`,`dl_username`,`dl_name`,`dl_belong`,`dl_type`,`dl_level`,`dl_wxheadimg` FROM `fw_dealer` WHERE `dl_unitcode` = '9999' AND `dl_level` = 4 LIMIT 1000   [ RunTime:0.0000s ]
INFO: [ view_parse ] --START--
INFO: [ template_filter ] --START--
INFO: Run Behavior\ContentReplaceBehavior [ RunTime:0.000000s ]
INFO: [ template_filter ] --END-- [ RunTime:0.000000s ]
NOTIC: [8] Undefined variable: item D:\wamp64\www\Kangli\Runtime\Cache\Kangli\71a806bdd4c5c4d7ad2968fc5894cbd0.php 第 143 行.
INFO: Run Behavior\ParseTemplateBehavior [ RunTime:0.012000s ]
INFO: [ view_parse ] --END-- [ RunTime:0.012000s ]
INFO: [ view_filter ] --START--
INFO: Run Behavior\WriteHtmlCacheBehavior [ RunTime:0.000000s ]
INFO: [ view_filter ] --END-- [ RunTime:0.000000s ]
INFO: [ app_end ] --START--
INFO: Run Behavior\ShowPageTraceBehavior [ RunTime:0.000000s ]
INFO: [ app_end ] --END-- [ RunTime:0.001000s ]
NOTIC: [2] ini_set(): A session is active. You cannot change the session module's ini settings at this time D:\wamp64\www\Kangli\index.php 第 31 行.

[ 2018-05-21T09:30:10+08:00 ] ::1 /Kangli/Kangli/Index
INFO: [ app_init ] --START--
INFO: Run Behavior\BuildLiteBehavior [ RunTime:0.000000s ]
INFO: [ app_init ] --END-- [ RunTime:0.001000s ]
INFO: [ app_begin ] --START--
INFO: Run Behavior\ReadHtmlCacheBehavior [ RunTime:0.000000s ]
INFO: [ app_begin ] --END-- [ RunTime:0.001000s ]
INFO: [ action_begin ] --START--
SQL: SHOW COLUMNS FROM `fw_denyip` [ RunTime:0.0000s ]
SQL: SELECT * FROM `fw_denyip`  [ RunTime:0.0000s ]
INFO: Run Home\Behaviors\DenyipsBehavior [ RunTime:0.011000s ]
INFO: [ action_begin ] --END-- [ RunTime:0.011000s ]
SQL: SHOW COLUMNS FROM `fw_jfmonews` [ RunTime:0.0000s ]
SQL: SELECT `news_id`,`news_title` FROM `fw_jfmonews` WHERE `news_isgg` = 1 AND `news_unitcode` = '9999' ORDER BY news_addtime DESC  [ RunTime:0.0000s ]
SQL: SHOW COLUMNS FROM `fw_adinfo` [ RunTime:0.0010s ]
SQL: SELECT * FROM `fw_adinfo` WHERE `ad_unitcode` = '9999' ORDER BY ad_addtime DESC LIMIT 5   [ RunTime:0.0010s ]
SQL: SELECT * FROM `fw_jfmonews` WHERE `news_type` = 2 AND `news_unitcode` = '9999' ORDER BY news_addtime DESC LIMIT 2   [ RunTime:0.0010s ]
SQL: SHOW COLUMNS FROM `fw_dealer` [ RunTime:0.0010s ]
SQL: SHOW COLUMNS FROM `fw_dltype` [ RunTime:0.0000s ]
SQL: SELECT `dlt_name`,`dlt_level` FROM `fw_dltype` WHERE `dlt_unitcode` = '9999' GROUP BY dlt_name,dlt_level ORDER BY dlt_level ASC  [ RunTime:0.0000s ]
SQL: SELECT * FROM `fw_dealer` WHERE `dl_id` = 38 AND `dl_unitcode` = '9999' LIMIT 1   [ RunTime:0.0000s ]
SQL: SELECT `dl_id`,`dl_name`,`dl_level`,`dl_status`,`dl_type` FROM `fw_dealer` WHERE `dl_belong` = 38 AND `dl_unitcode` = '9999'  [ RunTime:0.0010s ]
SQL: SELECT * FROM `fw_dealer` WHERE `dl_id` = 38 AND `dl_unitcode` = '9999' LIMIT 1   [ RunTime:0.0000s ]
SQL: SELECT `dl_id`,`dl_name`,`dl_level`,`dl_status`,`dl_type` FROM `fw_dealer` WHERE `dl_belong` = 38 AND `dl_unitcode` = '9999'  [ RunTime:0.0000s ]
SQL: SELECT * FROM `fw_dealer` WHERE `dl_id` = 38 AND `dl_unitcode` = '9999' LIMIT 1   [ RunTime:0.0010s ]
SQL: SELECT `dl_id`,`dl_name`,`dl_level`,`dl_status`,`dl_type` FROM `fw_dealer` WHERE `dl_belong` = 38 AND `dl_unitcode` = '9999'  [ RunTime:0.0000s ]
SQL: SELECT * FROM `fw_dealer` WHERE `dl_id` = 38 AND `dl_unitcode` = '9999' LIMIT 1   [ RunTime:0.0000s ]
SQL: SELECT `dl_id`,`dl_name`,`dl_level`,`dl_status`,`dl_type` FROM `fw_dealer` WHERE `dl_belong` = 38 AND `dl_unitcode` = '9999'  [ RunTime:0.0000s ]
SQL: SHOW COLUMNS FROM `fw_orders` [ RunTime:0.0000s ]
SQL: SHOW COLUMNS FROM `fw_product` [ RunTime:0.0000s ]
SQL: SHOW COLUMNS FROM `fw_orderdetail` [ RunTime:0.0000s ]
SQL: SHOW COLUMNS FROM `fw_shipment` [ RunTime:0.0000s ]
SQL: SELECT `od_id`,`od_state`,`od_orderid`,`od_total`,`od_addtime` FROM `fw_orders` WHERE `od_unitcode` = '9999' AND `od_rcdlid` = 38 AND `od_virtualstock` = 1 AND `od_state` = 0 ORDER BY od_addtime DESC  [ RunTime:0.0000s ]
SQL: SELECT `dl_id`,`dl_name`,`dl_weixin`,`dl_wxheadimg`,`dl_tel`,`dl_address`,`dl_addtime`,`dl_level` FROM `fw_dealer` WHERE `dl_unitcode` = '9999' AND `dl_belong` = 38 AND `dl_status` = 0 ORDER BY dl_id DESC  [ RunTime:0.0000s ]
NOTIC: [8] Undefined variable: bas_content D:\wamp64\www\Kangli\Apps\Kangli\Controller\IndexController.class.php 第 282 行.
NOTIC: [8] Undefined variable: bas_logopic D:\wamp64\www\Kangli\Apps\Kangli\Controller\IndexController.class.php 第 284 行.
NOTIC: [8] Undefined variable: bas_footpic D:\wamp64\www\Kangli\Apps\Kangli\Controller\IndexController.class.php 第 285 行.
INFO: [ view_parse ] --START--
INFO: [ template_filter ] --START--
INFO: Run Behavior\ContentReplaceBehavior [ RunTime:0.000000s ]
INFO: [ template_filter ] --END-- [ RunTime:0.001000s ]
NOTIC: [8] Use of undefined constant count - assumed 'count' D:\wamp64\www\Kangli\Runtime\Cache\Kangli\707ff3e6b0334ba29319d61e11de267d.php 第 242 行.
INFO: Run Behavior\ParseTemplateBehavior [ RunTime:0.024000s ]
INFO: [ view_parse ] --END-- [ RunTime:0.024000s ]
INFO: [ view_filter ] --START--
INFO: Run Behavior\WriteHtmlCacheBehavior [ RunTime:0.001000s ]
INFO: [ view_filter ] --END-- [ RunTime:0.001000s ]
INFO: [ app_end ] --START--
INFO: Run Behavior\ShowPageTraceBehavior [ RunTime:0.000000s ]
INFO: [ app_end ] --END-- [ RunTime:0.000000s ]
NOTIC: [2] ini_set(): A session is active. You cannot change the session module's ini settings at this time D:\wamp64\www\Kangli\index.php 第 31 行.

[ 2018-05-21T09:30:10+08:00 ] ::1 /Kangli/Kangli/Index
INFO: [ app_init ] --START--
INFO: Run Behavior\BuildLiteBehavior [ RunTime:0.000000s ]
INFO: [ app_init ] --END-- [ RunTime:0.000000s ]
INFO: [ app_begin ] --START--
INFO: Run Behavior\ReadHtmlCacheBehavior [ RunTime:0.001000s ]
INFO: [ app_begin ] --END-- [ RunTime:0.001000s ]
INFO: [ action_begin ] --START--
SQL: SHOW COLUMNS FROM `fw_denyip` [ RunTime:0.0000s ]
SQL: SELECT * FROM `fw_denyip`  [ RunTime:0.0010s ]
INFO: Run Home\Behaviors\DenyipsBehavior [ RunTime:0.010000s ]
INFO: [ action_begin ] --END-- [ RunTime:0.010000s ]
SQL: SHOW COLUMNS FROM `fw_jfmonews` [ RunTime:0.0000s ]
SQL: SELECT `news_id`,`news_title` FROM `fw_jfmonews` WHERE `news_isgg` = 1 AND `news_unitcode` = '9999' ORDER BY news_addtime DESC  [ RunTime:0.0000s ]
SQL: SHOW COLUMNS FROM `fw_adinfo` [ RunTime:0.0010s ]
SQL: SELECT * FROM `fw_adinfo` WHERE `ad_unitcode` = '9999' ORDER BY ad_addtime DESC LIMIT 5   [ RunTime:0.0000s ]
SQL: SELECT * FROM `fw_jfmonews` WHERE `news_type` = 2 AND `news_unitcode` = '9999' ORDER BY news_addtime DESC LIMIT 2   [ RunTime:0.0010s ]
SQL: SHOW COLUMNS FROM `fw_dealer` [ RunTime:0.0010s ]
SQL: SHOW COLUMNS FROM `fw_dltype` [ RunTime:0.0010s ]
SQL: SELECT `dlt_name`,`dlt_level` FROM `fw_dltype` WHERE `dlt_unitcode` = '9999' GROUP BY dlt_name,dlt_level ORDER BY dlt_level ASC  [ RunTime:0.0010s ]
SQL: SELECT * FROM `fw_dealer` WHERE `dl_id` = 38 AND `dl_unitcode` = '9999' LIMIT 1   [ RunTime:0.0010s ]
SQL: SELECT `dl_id`,`dl_name`,`dl_level`,`dl_status`,`dl_type` FROM `fw_dealer` WHERE `dl_belong` = 38 AND `dl_unitcode` = '9999'  [ RunTime:0.0010s ]
SQL: SELECT * FROM `fw_dealer` WHERE `dl_id` = 38 AND `dl_unitcode` = '9999' LIMIT 1   [ RunTime:0.0000s ]
SQL: SELECT `dl_id`,`dl_name`,`dl_level`,`dl_status`,`dl_type` FROM `fw_dealer` WHERE `dl_belong` = 38 AND `dl_unitcode` = '9999'  [ RunTime:0.0000s ]
SQL: SELECT * FROM `fw_dealer` WHERE `dl_id` = 38 AND `dl_unitcode` = '9999' LIMIT 1   [ RunTime:0.0000s ]
SQL: SELECT `dl_id`,`dl_name`,`dl_level`,`dl_status`,`dl_type` FROM `fw_dealer` WHERE `dl_belong` = 38 AND `dl_unitcode` = '9999'  [ RunTime:0.0000s ]
SQL: SELECT * FROM `fw_dealer` WHERE `dl_id` = 38 AND `dl_unitcode` = '9999' LIMIT 1   [ RunTime:0.0000s ]
SQL: SELECT `dl_id`,`dl_name`,`dl_level`,`dl_status`,`dl_type` FROM `fw_dealer` WHERE `dl_belong` = 38 AND `dl_unitcode` = '9999'  [ RunTime:0.0010s ]
SQL: SHOW COLUMNS FROM `fw_orders` [ RunTime:0.0000s ]
SQL: SHOW COLUMNS FROM `fw_product` [ RunTime:0.0000s ]
SQL: SHOW COLUMNS FROM `fw_orderdetail` [ RunTime:0.0010s ]
SQL: SHOW COLUMNS FROM `fw_shipment` [ RunTime:0.0010s ]
SQL: SELECT `od_id`,`od_state`,`od_orderid`,`od_total`,`od_addtime` FROM `fw_orders` WHERE `od_unitcode` = '9999' AND `od_rcdlid` = 38 AND `od_virtualstock` = 1 AND `od_state` = 0 ORDER BY od_addtime DESC  [ RunTime:0.0010s ]
SQL: SELECT `dl_id`,`dl_name`,`dl_weixin`,`dl_wxheadimg`,`dl_tel`,`dl_address`,`dl_addtime`,`dl_level` FROM `fw_dealer` WHERE `dl_unitcode` = '9999' AND `dl_belong` = 38 AND `dl_status` = 0 ORDER BY dl_id DESC  [ RunTime:0.0010s ]
NOTIC: [8] Undefined variable: bas_content D:\wamp64\www\Kangli\Apps\Kangli\Controller\IndexController.class.php 第 282 行.
NOTIC: [8] Undefined variable: bas_logopic D:\wamp64\www\Kangli\Apps\Kangli\Controller\IndexController.class.php 第 284 行.
NOTIC: [8] Undefined variable: bas_footpic D:\wamp64\www\Kangli\Apps\Kangli\Controller\IndexController.class.php 第 285 行.
INFO: [ view_parse ] --START--
INFO: [ template_filter ] --START--
INFO: Run Behavior\ContentReplaceBehavior [ RunTime:0.000000s ]
INFO: [ template_filter ] --END-- [ RunTime:0.000000s ]
NOTIC: [8] Use of undefined constant count - assumed 'count' D:\wamp64\www\Kangli\Runtime\Cache\Kangli\707ff3e6b0334ba29319d61e11de267d.php 第 242 行.
INFO: Run Behavior\ParseTemplateBehavior [ RunTime:0.020000s ]
INFO: [ view_parse ] --END-- [ RunTime:0.020000s ]
INFO: [ view_filter ] --START--
INFO: Run Behavior\WriteHtmlCacheBehavior [ RunTime:0.001000s ]
INFO: [ view_filter ] --END-- [ RunTime:0.001000s ]
INFO: [ app_end ] --START--
INFO: Run Behavior\ShowPageTraceBehavior [ RunTime:0.000000s ]
INFO: [ app_end ] --END-- [ RunTime:0.000000s ]
NOTIC: [2] ini_set(): A session is active. You cannot change the session module's ini settings at this time D:\wamp64\www\Kangli\index.php 第 31 行.

[ 2018-05-21T09:30:11+08:00 ] ::1 /Kangli/Kangli/Product/index/stock/1
INFO: [ app_init ] --START--
INFO: Run Behavior\BuildLiteBehavior [ RunTime:0.000000s ]
INFO: [ app_init ] --END-- [ RunTime:0.001000s ]
INFO: [ app_begin ] --START--
INFO: Run Behavior\ReadHtmlCacheBehavior [ RunTime:0.001000s ]
INFO: [ app_begin ] --END-- [ RunTime:0.001000s ]
INFO: [ action_begin ] --START--
SQL: SHOW COLUMNS FROM `fw_denyip` [ RunTime:0.0010s ]
SQL: SELECT * FROM `fw_denyip`  [ RunTime:0.0000s ]
INFO: Run Home\Behaviors\DenyipsBehavior [ RunTime:0.009000s ]
INFO: [ action_begin ] --END-- [ RunTime:0.009000s ]
SQL: SHOW COLUMNS FROM `fw_dealer` [ RunTime:0.0000s ]
SQL: SELECT * FROM `fw_dealer` WHERE `dl_id` = 38 AND `dl_unitcode` = '9999' AND `dl_status` = 1 LIMIT 1   [ RunTime:0.0010s ]
SQL: SHOW COLUMNS FROM `fw_product` [ RunTime:0.0000s ]
SQL: SELECT COUNT(*) AS tp_count FROM `fw_product` WHERE `pro_unitcode` = '9999' AND `pro_active` = 1 LIMIT 1   [ RunTime:0.0000s ]
SQL: SELECT * FROM `fw_product` WHERE `pro_unitcode` = '9999' AND `pro_active` = 1 ORDER BY pro_order ASC LIMIT 0,20   [ RunTime:0.0000s ]
SQL: SHOW COLUMNS FROM `fw_proprice` [ RunTime:0.0010s ]
SQL: SELECT * FROM `fw_proprice` WHERE `pri_proid` = 5 AND `pri_unitcode` = '9999' AND `pri_dltype` = 10 LIMIT 1   [ RunTime:0.0000s ]
SQL: SELECT * FROM `fw_proprice` WHERE `pri_proid` = 6 AND `pri_unitcode` = '9999' AND `pri_dltype` = 10 LIMIT 1   [ RunTime:0.0000s ]
SQL: SELECT * FROM `fw_proprice` WHERE `pri_proid` = 7 AND `pri_unitcode` = '9999' AND `pri_dltype` = 10 LIMIT 1   [ RunTime:0.0010s ]
SQL: SELECT * FROM `fw_proprice` WHERE `pri_proid` = 8 AND `pri_unitcode` = '9999' AND `pri_dltype` = 10 LIMIT 1   [ RunTime:0.0000s ]
SQL: SELECT * FROM `fw_proprice` WHERE `pri_proid` = 9 AND `pri_unitcode` = '9999' AND `pri_dltype` = 10 LIMIT 1   [ RunTime:0.0000s ]
SQL: SHOW COLUMNS FROM `fw_protype` [ RunTime:0.0000s ]
SQL: SELECT `pro_typeid` FROM `fw_product` WHERE `pro_unitcode` = '9999' AND `pro_active` = 1 GROUP BY pro_typeid  [ RunTime:0.0000s ]
SQL: SELECT `protype_id`,`protype_name` FROM `fw_protype` WHERE `protype_unitcode` = '9999' AND `protype_iswho` = 0 AND `protype_id` = 3 ORDER BY protype_id ASC LIMIT 1   [ RunTime:0.0000s ]
NOTIC: [8] Undefined variable: protype_name D:\wamp64\www\Kangli\Apps\Kangli\Controller\ProductController.class.php 第 113 行.
INFO: [ view_parse ] --START--
INFO: [ template_filter ] --START--
INFO: Run Behavior\ContentReplaceBehavior [ RunTime:0.000000s ]
INFO: [ template_filter ] --END-- [ RunTime:0.000000s ]
INFO: Run Behavior\ParseTemplateBehavior [ RunTime:0.010000s ]
INFO: [ view_parse ] --END-- [ RunTime:0.010000s ]
INFO: [ view_filter ] --START--
INFO: Run Behavior\WriteHtmlCacheBehavior [ RunTime:0.001000s ]
INFO: [ view_filter ] --END-- [ RunTime:0.001000s ]
INFO: [ app_end ] --START--
INFO: Run Behavior\ShowPageTraceBehavior [ RunTime:0.000000s ]
INFO: [ app_end ] --END-- [ RunTime:0.000000s ]
NOTIC: [2] ini_set(): A session is active. You cannot change the session module's ini settings at this time D:\wamp64\www\Kangli\index.php 第 31 行.

[ 2018-05-21T09:30:11+08:00 ] ::1 /Kangli/Kangli/Product/index/stock/1
INFO: [ app_init ] --START--
INFO: Run Behavior\BuildLiteBehavior [ RunTime:0.000000s ]
INFO: [ app_init ] --END-- [ RunTime:0.001000s ]
INFO: [ app_begin ] --START--
INFO: Run Behavior\ReadHtmlCacheBehavior [ RunTime:0.001000s ]
INFO: [ app_begin ] --END-- [ RunTime:0.001000s ]
INFO: [ action_begin ] --START--
SQL: SHOW COLUMNS FROM `fw_denyip` [ RunTime:0.0010s ]
SQL: SELECT * FROM `fw_denyip`  [ RunTime:0.0000s ]
INFO: Run Home\Behaviors\DenyipsBehavior [ RunTime:0.016000s ]
INFO: [ action_begin ] --END-- [ RunTime:0.016000s ]
SQL: SHOW COLUMNS FROM `fw_dealer` [ RunTime:0.0010s ]
SQL: SELECT * FROM `fw_dealer` WHERE `dl_id` = 38 AND `dl_unitcode` = '9999' AND `dl_status` = 1 LIMIT 1   [ RunTime:0.0000s ]
SQL: SHOW COLUMNS FROM `fw_product` [ RunTime:0.0010s ]
SQL: SELECT COUNT(*) AS tp_count FROM `fw_product` WHERE `pro_unitcode` = '9999' AND `pro_active` = 1 LIMIT 1   [ RunTime:0.0000s ]
SQL: SELECT * FROM `fw_product` WHERE `pro_unitcode` = '9999' AND `pro_active` = 1 ORDER BY pro_order ASC LIMIT 0,20   [ RunTime:0.0010s ]
SQL: SHOW COLUMNS FROM `fw_proprice` [ RunTime:0.0010s ]
SQL: SELECT * FROM `fw_proprice` WHERE `pri_proid` = 5 AND `pri_unitcode` = '9999' AND `pri_dltype` = 10 LIMIT 1   [ RunTime:0.0000s ]
SQL: SELECT * FROM `fw_proprice` WHERE `pri_proid` = 6 AND `pri_unitcode` = '9999' AND `pri_dltype` = 10 LIMIT 1   [ RunTime:0.0000s ]
SQL: SELECT * FROM `fw_proprice` WHERE `pri_proid` = 7 AND `pri_unitcode` = '9999' AND `pri_dltype` = 10 LIMIT 1   [ RunTime:0.0000s ]
SQL: SELECT * FROM `fw_proprice` WHERE `pri_proid` = 8 AND `pri_unitcode` = '9999' AND `pri_dltype` = 10 LIMIT 1   [ RunTime:0.0000s ]
SQL: SELECT * FROM `fw_proprice` WHERE `pri_proid` = 9 AND `pri_unitcode` = '9999' AND `pri_dltype` = 10 LIMIT 1   [ RunTime:0.0000s ]
SQL: SHOW COLUMNS FROM `fw_protype` [ RunTime:0.0000s ]
SQL: SELECT `pro_typeid` FROM `fw_product` WHERE `pro_unitcode` = '9999' AND `pro_active` = 1 GROUP BY pro_typeid  [ RunTime:0.0000s ]
SQL: SELECT `protype_id`,`protype_name` FROM `fw_protype` WHERE `protype_unitcode` = '9999' AND `protype_iswho` = 0 AND `protype_id` = 3 ORDER BY protype_id ASC LIMIT 1   [ RunTime:0.0010s ]
NOTIC: [8] Undefined variable: protype_name D:\wamp64\www\Kangli\Apps\Kangli\Controller\ProductController.class.php 第 113 行.
INFO: [ view_parse ] --START--
INFO: [ template_filter ] --START--
INFO: Run Behavior\ContentReplaceBehavior [ RunTime:0.000000s ]
INFO: [ template_filter ] --END-- [ RunTime:0.001000s ]
INFO: Run Behavior\ParseTemplateBehavior [ RunTime:0.010000s ]
INFO: [ view_parse ] --END-- [ RunTime:0.010000s ]
INFO: [ view_filter ] --START--
INFO: Run Behavior\WriteHtmlCacheBehavior [ RunTime:0.000000s ]
INFO: [ view_filter ] --END-- [ RunTime:0.000000s ]
INFO: [ app_end ] --START--
INFO: Run Behavior\ShowPageTraceBehavior [ RunTime:0.000000s ]
INFO: [ app_end ] --END-- [ RunTime:0.000000s ]
NOTIC: [2] ini_set(): A session is active. You cannot change the session module's ini settings at this time D:\wamp64\www\Kangli\index.php 第 31 行.

[ 2018-05-21T09:30:12+08:00 ] ::1 /Kangli/Kangli/Product/detail/pro_id/5/stock/1
INFO: [ app_init ] --START--
INFO: Run Behavior\BuildLiteBehavior [ RunTime:0.000000s ]
INFO: [ app_init ] --END-- [ RunTime:0.001000s ]
INFO: [ app_begin ] --START--
INFO: Run Behavior\ReadHtmlCacheBehavior [ RunTime:0.001000s ]
INFO: [ app_begin ] --END-- [ RunTime:0.001000s ]
INFO: [ action_begin ] --START--
SQL: SHOW COLUMNS FROM `fw_denyip` [ RunTime:0.0010s ]
SQL: SELECT * FROM `fw_denyip`  [ RunTime:0.0000s ]
INFO: Run Home\Behaviors\DenyipsBehavior [ RunTime:0.019000s ]
INFO: [ action_begin ] --END-- [ RunTime:0.020000s ]
SQL: SHOW COLUMNS FROM `fw_dealer` [ RunTime:0.0020s ]
SQL: SELECT * FROM `fw_dealer` WHERE `dl_id` = 38 AND `dl_unitcode` = '9999' AND `dl_status` = 1 LIMIT 1   [ RunTime:0.0010s ]
SQL: SHOW COLUMNS FROM `fw_product` [ RunTime:0.0010s ]
SQL: SELECT * FROM `fw_product` WHERE `pro_id` = 5 AND `pro_unitcode` = '9999' AND `pro_active` = 1 LIMIT 1   [ RunTime:0.0010s ]
SQL: SHOW COLUMNS FROM `fw_proprice` [ RunTime:0.0010s ]
SQL: SELECT * FROM `fw_proprice` WHERE `pri_proid` = 5 AND `pri_unitcode` = '9999' AND `pri_dltype` = 10 LIMIT 1   [ RunTime:0.0010s ]
SQL: SHOW COLUMNS FROM `fw_yifuattr` [ RunTime:0.0010s ]
SQL: SELECT `attr_color` FROM `fw_yifuattr` WHERE `attr_unitcode` = '9999' AND `attr_proid` = 5 GROUP BY attr_color  [ RunTime:0.0000s ]
SQL: SELECT `attr_size` FROM `fw_yifuattr` WHERE `attr_unitcode` = '9999' AND `attr_proid` = 5 GROUP BY attr_size  [ RunTime:0.0010s ]
NOTIC: [8] Undefined variable: adlist D:\wamp64\www\Kangli\Apps\Kangli\Controller\ProductController.class.php 第 234 行.
NOTIC: [2] getimagesize(D:\wamp64\www\Kangli/Public/uploads/product/): failed to open stream: No such file or directory D:\wamp64\www\Kangli\Apps\Kangli\Controller\ProductController.class.php 第 234 行.
SQL: SHOW COLUMNS FROM `fw_shopcart` [ RunTime:0.0010s ]
SQL: DELETE FROM `fw_shopcart` WHERE `sc_unitcode` = '9999' AND `sc_dlid` = 38 AND `sc_addtime` <= 1526779812 [ RunTime:0.0000s ]
SQL: SELECT SUM(sc_qty) AS tp_sum FROM `fw_shopcart` WHERE `sc_unitcode` = '9999' AND `sc_dlid` = 38 AND `sc_virtualstock` = 1 LIMIT 1   [ RunTime:0.0010s ]
INFO: [ view_parse ] --START--
INFO: [ template_filter ] --START--
INFO: Run Behavior\ContentReplaceBehavior [ RunTime:0.001000s ]
INFO: [ template_filter ] --END-- [ RunTime:0.001000s ]
NOTIC: [8] Undefined variable: adlist D:\wamp64\www\Kangli\Runtime\Cache\Kangli\1c372a2c00faa78983379a3f9293d72d.php 第 89 行.
INFO: Run Behavior\ParseTemplateBehavior [ RunTime:0.037000s ]
INFO: [ view_parse ] --END-- [ RunTime:0.037000s ]
INFO: [ view_filter ] --START--
INFO: Run Behavior\WriteHtmlCacheBehavior [ RunTime:0.000000s ]
INFO: [ view_filter ] --END-- [ RunTime:0.001000s ]
INFO: [ app_end ] --START--
INFO: Run Behavior\ShowPageTraceBehavior [ RunTime:0.001000s ]
INFO: [ app_end ] --END-- [ RunTime:0.002000s ]
NOTIC: [2] ini_set(): A session is active. You cannot change the session module's ini settings at this time D:\wamp64\www\Kangli\index.php 第 31 行.

[ 2018-05-21T09:30:14+08:00 ] ::1 /Kangli/Kangli/Orders/shopcart/stock/1
INFO: [ app_init ] --START--
INFO: Run Behavior\BuildLiteBehavior [ RunTime:0.000000s ]
INFO: [ app_init ] --END-- [ RunTime:0.001000s ]
INFO: [ app_begin ] --START--
INFO: Run Behavior\ReadHtmlCacheBehavior [ RunTime:0.001000s ]
INFO: [ app_begin ] --END-- [ RunTime:0.001000s ]
INFO: [ action_begin ] --START--
SQL: SHOW COLUMNS FROM `fw_denyip` [ RunTime:0.0010s ]
SQL: SELECT * FROM `fw_denyip`  [ RunTime:0.0000s ]
INFO: Run Home\Behaviors\DenyipsBehavior [ RunTime:0.009000s ]
INFO: [ action_begin ] --END-- [ RunTime:0.009000s ]
SQL: SHOW COLUMNS FROM `fw_dealer` [ RunTime:0.0010s ]
SQL: SELECT * FROM `fw_dealer` WHERE `dl_id` = 38 AND `dl_unitcode` = '9999' AND `dl_status` = 1 LIMIT 1   [ RunTime:0.0000s ]
SQL: SHOW COLUMNS FROM `fw_shopcart` [ RunTime:0.0000s ]
SQL: DELETE FROM `fw_shopcart` WHERE `sc_unitcode` = '9999' AND `sc_dlid` = 38 AND `sc_addtime` <= 1526779814 [ RunTime:0.0000s ]
SQL: SELECT * FROM `fw_shopcart` WHERE `sc_unitcode` = '9999' AND `sc_dlid` = 38 AND `sc_virtualstock` = 1 ORDER BY sc_addtime DESC  [ RunTime:0.0000s ]
SQL: SHOW COLUMNS FROM `fw_product` [ RunTime:0.0000s ]
SQL: SHOW COLUMNS FROM `fw_proprice` [ RunTime:0.0000s ]
SQL: SELECT * FROM `fw_product` WHERE `pro_id` = 5 AND `pro_unitcode` = '9999' AND `pro_active` = 1 LIMIT 1   [ RunTime:0.0000s ]
SQL: SELECT * FROM `fw_proprice` WHERE `pri_proid` = 5 AND `pri_unitcode` = '9999' AND `pri_dltype` = 10 LIMIT 1   [ RunTime:0.0010s ]
NOTIC: [8] Undefined variable: vv D:\wamp64\www\Kangli\Apps\Kangli\Controller\OrdersController.class.php 第 4131 行.
SQL: SHOW COLUMNS FROM `fw_orders` [ RunTime:0.0000s ]
SQL: SELECT * FROM fw_orders a,fw_orderdetail b WHERE a.od_unitcode = '9999' AND a.od_state IN ('3','8') AND a.od_oddlid = '35' AND a.od_id =b.oddt_odid AND a.od_virtualstock = 1 AND b.oddt_proid = '5' ORDER BY a.od_addtime DESC  [ RunTime:0.0010s ]
SQL: SHOW COLUMNS FROM `fw_orders` [ RunTime:0.0010s ]
SQL: SELECT * FROM fw_orders a,fw_orderdetail b WHERE a.od_unitcode = '9999' AND a.od_state IN ('0','1','2','3','8') AND a.od_rcdlid = '35' AND a.od_id =b.oddt_odid AND a.od_virtualstock = 1 AND b.oddt_proid = '5' ORDER BY a.od_addtime DESC  [ RunTime:0.0000s ]
SQL: SHOW COLUMNS FROM `fw_orders` [ RunTime:0.0010s ]
SQL: SELECT * FROM fw_orders a,fw_orderdetail b WHERE a.od_unitcode = '9999' AND a.od_state IN ('0','1','2','3','8') AND a.od_oddlid = '35' AND a.od_id =b.oddt_odid AND a.od_virtualstock = 0 AND b.oddt_proid = '5' ORDER BY a.od_addtime DESC  [ RunTime:0.0010s ]
INFO: [ view_parse ] --START--
INFO: [ template_filter ] --START--
INFO: Run Behavior\ContentReplaceBehavior [ RunTime:0.000000s ]
INFO: [ template_filter ] --END-- [ RunTime:0.000000s ]
NOTIC: [8] Undefined variable: proinfo D:\wamp64\www\Kangli\Runtime\Cache\Kangli\f2897c0936a588ce44244e8f4d00d151.php 第 91 行.
INFO: Run Behavior\ParseTemplateBehavior [ RunTime:0.014000s ]
INFO: [ view_parse ] --END-- [ RunTime:0.014000s ]
INFO: [ view_filter ] --START--
INFO: Run Behavior\WriteHtmlCacheBehavior [ RunTime:0.001000s ]
INFO: [ view_filter ] --END-- [ RunTime:0.001000s ]
INFO: [ app_end ] --START--
INFO: Run Behavior\ShowPageTraceBehavior [ RunTime:0.001000s ]
INFO: [ app_end ] --END-- [ RunTime:0.001000s ]
NOTIC: [2] ini_set(): A session is active. You cannot change the session module's ini settings at this time D:\wamp64\www\Kangli\index.php 第 31 行.

[ 2018-05-21T09:30:19+08:00 ] ::1 /Kangli/Kangli/Orders/modifycart/sc_id/116/sc_qty/1/stock/1
INFO: [ app_init ] --START--
INFO: Run Behavior\BuildLiteBehavior [ RunTime:0.000000s ]
INFO: [ app_init ] --END-- [ RunTime:0.001000s ]
INFO: [ app_begin ] --START--
INFO: Run Behavior\ReadHtmlCacheBehavior [ RunTime:0.000000s ]
INFO: [ app_begin ] --END-- [ RunTime:0.000000s ]
INFO: [ action_begin ] --START--
SQL: SHOW COLUMNS FROM `fw_denyip` [ RunTime:0.0010s ]
SQL: SELECT * FROM `fw_denyip`  [ RunTime:0.0000s ]
INFO: Run Home\Behaviors\DenyipsBehavior [ RunTime:0.009000s ]
INFO: [ action_begin ] --END-- [ RunTime:0.009000s ]
SQL: SHOW COLUMNS FROM `fw_dealer` [ RunTime:0.0010s ]
SQL: SELECT * FROM `fw_dealer` WHERE `dl_id` = 38 AND `dl_unitcode` = '9999' AND `dl_status` = 1 LIMIT 1   [ RunTime:0.0010s ]
SQL: SHOW COLUMNS FROM `fw_shopcart` [ RunTime:0.0010s ]
SQL: SELECT * FROM `fw_shopcart` WHERE `sc_id` = 116 AND `sc_unitcode` = '9999' AND `sc_dlid` = 38 AND `sc_virtualstock` = 1 LIMIT 1   [ RunTime:0.0010s ]
SQL: SHOW COLUMNS FROM `fw_product` [ RunTime:0.0000s ]
SQL: SELECT * FROM `fw_product` WHERE `pro_id` = 5 AND `pro_unitcode` = '9999' AND `pro_active` = 1 LIMIT 1   [ RunTime:0.0000s ]
SQL: UPDATE `fw_shopcart` SET `sc_qty`='1' WHERE `sc_id` = 116 AND `sc_unitcode` = '9999' AND `sc_dlid` = 38 AND `sc_virtualstock` = 1 [ RunTime:0.0000s ]
SQL: SELECT * FROM `fw_shopcart` WHERE `sc_unitcode` = '9999' AND `sc_dlid` = 38 AND `sc_virtualstock` = 1 ORDER BY sc_addtime DESC  [ RunTime:0.0000s ]
SQL: SHOW COLUMNS FROM `fw_proprice` [ RunTime:0.0010s ]
SQL: SELECT * FROM `fw_product` WHERE `pro_id` = 5 AND `pro_unitcode` = '9999' AND `pro_active` = 1 LIMIT 1   [ RunTime:0.0010s ]
SQL: SELECT * FROM `fw_proprice` WHERE `pri_proid` = 5 AND `pri_unitcode` = '9999' AND `pri_dltype` = 10 LIMIT 1   [ RunTime:0.0010s ]

[ 2018-05-21T09:30:19+08:00 ] ::1 /Kangli/Kangli/Orders/shopcart/stock/1
INFO: [ app_init ] --START--
INFO: Run Behavior\BuildLiteBehavior [ RunTime:0.000000s ]
INFO: [ app_init ] --END-- [ RunTime:0.001000s ]
INFO: [ app_begin ] --START--
INFO: Run Behavior\ReadHtmlCacheBehavior [ RunTime:0.001000s ]
INFO: [ app_begin ] --END-- [ RunTime:0.001000s ]
INFO: [ action_begin ] --START--
SQL: SHOW COLUMNS FROM `fw_denyip` [ RunTime:0.0010s ]
SQL: SELECT * FROM `fw_denyip`  [ RunTime:0.0000s ]
INFO: Run Home\Behaviors\DenyipsBehavior [ RunTime:0.008000s ]
INFO: [ action_begin ] --END-- [ RunTime:0.009000s ]
SQL: SHOW COLUMNS FROM `fw_dealer` [ RunTime:0.0010s ]
SQL: SELECT * FROM `fw_dealer` WHERE `dl_id` = 38 AND `dl_unitcode` = '9999' AND `dl_status` = 1 LIMIT 1   [ RunTime:0.0010s ]
SQL: SHOW COLUMNS FROM `fw_shopcart` [ RunTime:0.0010s ]
SQL: DELETE FROM `fw_shopcart` WHERE `sc_unitcode` = '9999' AND `sc_dlid` = 38 AND `sc_addtime` <= 1526779819 [ RunTime:0.0010s ]
SQL: SELECT * FROM `fw_shopcart` WHERE `sc_unitcode` = '9999' AND `sc_dlid` = 38 AND `sc_virtualstock` = 1 ORDER BY sc_addtime DESC  [ RunTime:0.0000s ]
SQL: SHOW COLUMNS FROM `fw_product` [ RunTime:0.0000s ]
SQL: SHOW COLUMNS FROM `fw_proprice` [ RunTime:0.0000s ]
SQL: SELECT * FROM `fw_product` WHERE `pro_id` = 5 AND `pro_unitcode` = '9999' AND `pro_active` = 1 LIMIT 1   [ RunTime:0.0000s ]
SQL: SELECT * FROM `fw_proprice` WHERE `pri_proid` = 5 AND `pri_unitcode` = '9999' AND `pri_dltype` = 10 LIMIT 1   [ RunTime:0.0000s ]
NOTIC: [8] Undefined variable: vv D:\wamp64\www\Kangli\Apps\Kangli\Controller\OrdersController.class.php 第 4131 行.
SQL: SHOW COLUMNS FROM `fw_orders` [ RunTime:0.0000s ]
SQL: SELECT * FROM fw_orders a,fw_orderdetail b WHERE a.od_unitcode = '9999' AND a.od_state IN ('3','8') AND a.od_oddlid = '35' AND a.od_id =b.oddt_odid AND a.od_virtualstock = 1 AND b.oddt_proid = '5' ORDER BY a.od_addtime DESC  [ RunTime:0.0000s ]
SQL: SHOW COLUMNS FROM `fw_orders` [ RunTime:0.0000s ]
SQL: SELECT * FROM fw_orders a,fw_orderdetail b WHERE a.od_unitcode = '9999' AND a.od_state IN ('0','1','2','3','8') AND a.od_rcdlid = '35' AND a.od_id =b.oddt_odid AND a.od_virtualstock = 1 AND b.oddt_proid = '5' ORDER BY a.od_addtime DESC  [ RunTime:0.0010s ]
SQL: SHOW COLUMNS FROM `fw_orders` [ RunTime:0.0000s ]
SQL: SELECT * FROM fw_orders a,fw_orderdetail b WHERE a.od_unitcode = '9999' AND a.od_state IN ('0','1','2','3','8') AND a.od_oddlid = '35' AND a.od_id =b.oddt_odid AND a.od_virtualstock = 0 AND b.oddt_proid = '5' ORDER BY a.od_addtime DESC  [ RunTime:0.0010s ]
INFO: [ view_parse ] --START--
INFO: [ template_filter ] --START--
INFO: Run Behavior\ContentReplaceBehavior [ RunTime:0.000000s ]
INFO: [ template_filter ] --END-- [ RunTime:0.000000s ]
NOTIC: [8] Undefined variable: proinfo D:\wamp64\www\Kangli\Runtime\Cache\Kangli\f2897c0936a588ce44244e8f4d00d151.php 第 91 行.
INFO: Run Behavior\ParseTemplateBehavior [ RunTime:0.016000s ]
INFO: [ view_parse ] --END-- [ RunTime:0.016000s ]
INFO: [ view_filter ] --START--
INFO: Run Behavior\WriteHtmlCacheBehavior [ RunTime:0.000000s ]
INFO: [ view_filter ] --END-- [ RunTime:0.001000s ]
INFO: [ app_end ] --START--
INFO: Run Behavior\ShowPageTraceBehavior [ RunTime:0.000000s ]
INFO: [ app_end ] --END-- [ RunTime:0.000000s ]
NOTIC: [2] ini_set(): A session is active. You cannot change the session module's ini settings at this time D:\wamp64\www\Kangli\index.php 第 31 行.

[ 2018-05-21T09:30:23+08:00 ] ::1 /Kangli/Kangli/Product/index/stock/1
INFO: [ app_init ] --START--
INFO: Run Behavior\BuildLiteBehavior [ RunTime:0.000000s ]
INFO: [ app_init ] --END-- [ RunTime:0.002000s ]
INFO: [ app_begin ] --START--
INFO: Run Behavior\ReadHtmlCacheBehavior [ RunTime:0.001000s ]
INFO: [ app_begin ] --END-- [ RunTime:0.002000s ]
INFO: [ action_begin ] --START--
SQL: SHOW COLUMNS FROM `fw_denyip` [ RunTime:0.0010s ]
SQL: SELECT * FROM `fw_denyip`  [ RunTime:0.0010s ]
INFO: Run Home\Behaviors\DenyipsBehavior [ RunTime:0.032000s ]
INFO: [ action_begin ] --END-- [ RunTime:0.032000s ]
SQL: SHOW COLUMNS FROM `fw_dealer` [ RunTime:0.0010s ]
SQL: SELECT * FROM `fw_dealer` WHERE `dl_id` = 38 AND `dl_unitcode` = '9999' AND `dl_status` = 1 LIMIT 1   [ RunTime:0.0010s ]
SQL: SHOW COLUMNS FROM `fw_product` [ RunTime:0.0010s ]
SQL: SELECT COUNT(*) AS tp_count FROM `fw_product` WHERE `pro_unitcode` = '9999' AND `pro_active` = 1 LIMIT 1   [ RunTime:0.0000s ]
SQL: SELECT * FROM `fw_product` WHERE `pro_unitcode` = '9999' AND `pro_active` = 1 ORDER BY pro_order ASC LIMIT 0,20   [ RunTime:0.0010s ]
SQL: SHOW COLUMNS FROM `fw_proprice` [ RunTime:0.0010s ]
SQL: SELECT * FROM `fw_proprice` WHERE `pri_proid` = 5 AND `pri_unitcode` = '9999' AND `pri_dltype` = 10 LIMIT 1   [ RunTime:0.0010s ]
SQL: SELECT * FROM `fw_proprice` WHERE `pri_proid` = 6 AND `pri_unitcode` = '9999' AND `pri_dltype` = 10 LIMIT 1   [ RunTime:0.0010s ]
SQL: SELECT * FROM `fw_proprice` WHERE `pri_proid` = 7 AND `pri_unitcode` = '9999' AND `pri_dltype` = 10 LIMIT 1   [ RunTime:0.0000s ]
SQL: SELECT * FROM `fw_proprice` WHERE `pri_proid` = 8 AND `pri_unitcode` = '9999' AND `pri_dltype` = 10 LIMIT 1   [ RunTime:0.0010s ]
SQL: SELECT * FROM `fw_proprice` WHERE `pri_proid` = 9 AND `pri_unitcode` = '9999' AND `pri_dltype` = 10 LIMIT 1   [ RunTime:0.0010s ]
SQL: SHOW COLUMNS FROM `fw_protype` [ RunTime:0.0010s ]
SQL: SELECT `pro_typeid` FROM `fw_product` WHERE `pro_unitcode` = '9999' AND `pro_active` = 1 GROUP BY pro_typeid  [ RunTime:0.0010s ]
SQL: SELECT `protype_id`,`protype_name` FROM `fw_protype` WHERE `protype_unitcode` = '9999' AND `protype_iswho` = 0 AND `protype_id` = 3 ORDER BY protype_id ASC LIMIT 1   [ RunTime:0.0000s ]
NOTIC: [8] Undefined variable: protype_name D:\wamp64\www\Kangli\Apps\Kangli\Controller\ProductController.class.php 第 113 行.
INFO: [ view_parse ] --START--
INFO: [ template_filter ] --START--
INFO: Run Behavior\ContentReplaceBehavior [ RunTime:0.000000s ]
INFO: [ template_filter ] --END-- [ RunTime:0.000000s ]
INFO: Run Behavior\ParseTemplateBehavior [ RunTime:0.026000s ]
INFO: [ view_parse ] --END-- [ RunTime:0.026000s ]
INFO: [ view_filter ] --START--
INFO: Run Behavior\WriteHtmlCacheBehavior [ RunTime:0.001000s ]
INFO: [ view_filter ] --END-- [ RunTime:0.001000s ]
INFO: [ app_end ] --START--
INFO: Run Behavior\ShowPageTraceBehavior [ RunTime:0.001000s ]
INFO: [ app_end ] --END-- [ RunTime:0.001000s ]
NOTIC: [2] ini_set(): A session is active. You cannot change the session module's ini settings at this time D:\wamp64\www\Kangli\index.php 第 31 行.

[ 2018-05-21T09:30:23+08:00 ] ::1 /Kangli/Kangli/Product/index/stock/1
INFO: [ app_init ] --START--
INFO: Run Behavior\BuildLiteBehavior [ RunTime:0.000000s ]
INFO: [ app_init ] --END-- [ RunTime:0.000000s ]
INFO: [ app_begin ] --START--
INFO: Run Behavior\ReadHtmlCacheBehavior [ RunTime:0.001000s ]
INFO: [ app_begin ] --END-- [ RunTime:0.001000s ]
INFO: [ action_begin ] --START--
SQL: SHOW COLUMNS FROM `fw_denyip` [ RunTime:0.0010s ]
SQL: SELECT * FROM `fw_denyip`  [ RunTime:0.0000s ]
INFO: Run Home\Behaviors\DenyipsBehavior [ RunTime:0.011000s ]
INFO: [ action_begin ] --END-- [ RunTime:0.012000s ]
SQL: SHOW COLUMNS FROM `fw_dealer` [ RunTime:0.0010s ]
SQL: SELECT * FROM `fw_dealer` WHERE `dl_id` = 38 AND `dl_unitcode` = '9999' AND `dl_status` = 1 LIMIT 1   [ RunTime:0.0000s ]
SQL: SHOW COLUMNS FROM `fw_product` [ RunTime:0.0000s ]
SQL: SELECT COUNT(*) AS tp_count FROM `fw_product` WHERE `pro_unitcode` = '9999' AND `pro_active` = 1 LIMIT 1   [ RunTime:0.0010s ]
SQL: SELECT * FROM `fw_product` WHERE `pro_unitcode` = '9999' AND `pro_active` = 1 ORDER BY pro_order ASC LIMIT 0,20   [ RunTime:0.0010s ]
SQL: SHOW COLUMNS FROM `fw_proprice` [ RunTime:0.0010s ]
SQL: SELECT * FROM `fw_proprice` WHERE `pri_proid` = 5 AND `pri_unitcode` = '9999' AND `pri_dltype` = 10 LIMIT 1   [ RunTime:0.0010s ]
SQL: SELECT * FROM `fw_proprice` WHERE `pri_proid` = 6 AND `pri_unitcode` = '9999' AND `pri_dltype` = 10 LIMIT 1   [ RunTime:0.0010s ]
SQL: SELECT * FROM `fw_proprice` WHERE `pri_proid` = 7 AND `pri_unitcode` = '9999' AND `pri_dltype` = 10 LIMIT 1   [ RunTime:0.0010s ]
SQL: SELECT * FROM `fw_proprice` WHERE `pri_proid` = 8 AND `pri_unitcode` = '9999' AND `pri_dltype` = 10 LIMIT 1   [ RunTime:0.0010s ]
SQL: SELECT * FROM `fw_proprice` WHERE `pri_proid` = 9 AND `pri_unitcode` = '9999' AND `pri_dltype` = 10 LIMIT 1   [ RunTime:0.0010s ]
SQL: SHOW COLUMNS FROM `fw_protype` [ RunTime:0.0010s ]
SQL: SELECT `pro_typeid` FROM `fw_product` WHERE `pro_unitcode` = '9999' AND `pro_active` = 1 GROUP BY pro_typeid  [ RunTime:0.0010s ]
SQL: SELECT `protype_id`,`protype_name` FROM `fw_protype` WHERE `protype_unitcode` = '9999' AND `protype_iswho` = 0 AND `protype_id` = 3 ORDER BY protype_id ASC LIMIT 1   [ RunTime:0.0010s ]
NOTIC: [8] Undefined variable: protype_name D:\wamp64\www\Kangli\Apps\Kangli\Controller\ProductController.class.php 第 113 行.
INFO: [ view_parse ] --START--
INFO: [ template_filter ] --START--
INFO: Run Behavior\ContentReplaceBehavior [ RunTime:0.001000s ]
INFO: [ template_filter ] --END-- [ RunTime:0.001000s ]
INFO: Run Behavior\ParseTemplateBehavior [ RunTime:0.015000s ]
INFO: [ view_parse ] --END-- [ RunTime:0.015000s ]
INFO: [ view_filter ] --START--
INFO: Run Behavior\WriteHtmlCacheBehavior [ RunTime:0.000000s ]
INFO: [ view_filter ] --END-- [ RunTime:0.001000s ]
INFO: [ app_end ] --START--
INFO: Run Behavior\ShowPageTraceBehavior [ RunTime:0.000000s ]
INFO: [ app_end ] --END-- [ RunTime:0.001000s ]
NOTIC: [2] ini_set(): A session is active. You cannot change the session module's ini settings at this time D:\wamp64\www\Kangli\index.php 第 31 行.

[ 2018-05-21T10:25:43+08:00 ] ::1 /Kangli/Kangli/Index
INFO: [ app_init ] --START--
INFO: Run Behavior\BuildLiteBehavior [ RunTime:0.000000s ]
INFO: [ app_init ] --END-- [ RunTime:0.000000s ]
INFO: [ app_begin ] --START--
INFO: Run Behavior\ReadHtmlCacheBehavior [ RunTime:0.001000s ]
INFO: [ app_begin ] --END-- [ RunTime:0.001000s ]
INFO: [ action_begin ] --START--
SQL: SHOW COLUMNS FROM `fw_denyip` [ RunTime:0.0010s ]
SQL: SELECT * FROM `fw_denyip`  [ RunTime:0.0000s ]
INFO: Run Home\Behaviors\DenyipsBehavior [ RunTime:0.022000s ]
INFO: [ action_begin ] --END-- [ RunTime:0.022000s ]
SQL: SHOW COLUMNS FROM `fw_jfmonews` [ RunTime:0.0000s ]
SQL: SELECT `news_id`,`news_title` FROM `fw_jfmonews` WHERE `news_isgg` = 1 AND `news_unitcode` = '9999' ORDER BY news_addtime DESC  [ RunTime:0.0000s ]
SQL: SHOW COLUMNS FROM `fw_adinfo` [ RunTime:0.0010s ]
SQL: SELECT * FROM `fw_adinfo` WHERE `ad_unitcode` = '9999' ORDER BY ad_addtime DESC LIMIT 5   [ RunTime:0.0000s ]
SQL: SELECT * FROM `fw_jfmonews` WHERE `news_type` = 2 AND `news_unitcode` = '9999' ORDER BY news_addtime DESC LIMIT 2   [ RunTime:0.0000s ]
SQL: SHOW COLUMNS FROM `fw_dealer` [ RunTime:0.0000s ]
SQL: SHOW COLUMNS FROM `fw_dltype` [ RunTime:0.0010s ]
SQL: SELECT `dlt_name`,`dlt_level` FROM `fw_dltype` WHERE `dlt_unitcode` = '9999' GROUP BY dlt_name,dlt_level ORDER BY dlt_level ASC  [ RunTime:0.0010s ]
SQL: SELECT * FROM `fw_dealer` WHERE `dl_id` = 38 AND `dl_unitcode` = '9999' LIMIT 1   [ RunTime:0.0010s ]
SQL: SELECT `dl_id`,`dl_name`,`dl_level`,`dl_status`,`dl_type` FROM `fw_dealer` WHERE `dl_belong` = 38 AND `dl_unitcode` = '9999'  [ RunTime:0.0000s ]
SQL: SELECT * FROM `fw_dealer` WHERE `dl_id` = 38 AND `dl_unitcode` = '9999' LIMIT 1   [ RunTime:0.0000s ]
SQL: SELECT `dl_id`,`dl_name`,`dl_level`,`dl_status`,`dl_type` FROM `fw_dealer` WHERE `dl_belong` = 38 AND `dl_unitcode` = '9999'  [ RunTime:0.0010s ]
SQL: SELECT * FROM `fw_dealer` WHERE `dl_id` = 38 AND `dl_unitcode` = '9999' LIMIT 1   [ RunTime:0.0000s ]
SQL: SELECT `dl_id`,`dl_name`,`dl_level`,`dl_status`,`dl_type` FROM `fw_dealer` WHERE `dl_belong` = 38 AND `dl_unitcode` = '9999'  [ RunTime:0.0000s ]
SQL: SELECT * FROM `fw_dealer` WHERE `dl_id` = 38 AND `dl_unitcode` = '9999' LIMIT 1   [ RunTime:0.0010s ]
SQL: SELECT `dl_id`,`dl_name`,`dl_level`,`dl_status`,`dl_type` FROM `fw_dealer` WHERE `dl_belong` = 38 AND `dl_unitcode` = '9999'  [ RunTime:0.0000s ]
SQL: SHOW COLUMNS FROM `fw_orders` [ RunTime:0.0000s ]
SQL: SHOW COLUMNS FROM `fw_product` [ RunTime:0.0010s ]
SQL: SHOW COLUMNS FROM `fw_orderdetail` [ RunTime:0.0010s ]
SQL: SHOW COLUMNS FROM `fw_shipment` [ RunTime:0.0000s ]
SQL: SELECT `od_id`,`od_state`,`od_orderid`,`od_total`,`od_addtime` FROM `fw_orders` WHERE `od_unitcode` = '9999' AND `od_rcdlid` = 38 AND `od_virtualstock` = 1 AND `od_state` = 0 ORDER BY od_addtime DESC  [ RunTime:0.0000s ]
SQL: SELECT `dl_id`,`dl_name`,`dl_weixin`,`dl_wxheadimg`,`dl_tel`,`dl_address`,`dl_addtime`,`dl_level` FROM `fw_dealer` WHERE `dl_unitcode` = '9999' AND `dl_belong` = 38 AND `dl_status` = 0 ORDER BY dl_id DESC  [ RunTime:0.0000s ]
NOTIC: [8] Undefined variable: bas_content D:\wamp64\www\Kangli\Apps\Kangli\Controller\IndexController.class.php 第 282 行.
NOTIC: [8] Undefined variable: bas_logopic D:\wamp64\www\Kangli\Apps\Kangli\Controller\IndexController.class.php 第 284 行.
NOTIC: [8] Undefined variable: bas_footpic D:\wamp64\www\Kangli\Apps\Kangli\Controller\IndexController.class.php 第 285 行.
INFO: [ view_parse ] --START--
INFO: [ template_filter ] --START--
INFO: Run Behavior\ContentReplaceBehavior [ RunTime:0.000000s ]
INFO: [ template_filter ] --END-- [ RunTime:0.000000s ]
NOTIC: [8] Use of undefined constant count - assumed 'count' D:\wamp64\www\Kangli\Runtime\Cache\Kangli\707ff3e6b0334ba29319d61e11de267d.php 第 242 行.
INFO: Run Behavior\ParseTemplateBehavior [ RunTime:0.023000s ]
INFO: [ view_parse ] --END-- [ RunTime:0.023000s ]
INFO: [ view_filter ] --START--
INFO: Run Behavior\WriteHtmlCacheBehavior [ RunTime:0.001000s ]
INFO: [ view_filter ] --END-- [ RunTime:0.001000s ]
INFO: [ app_end ] --START--
INFO: Run Behavior\ShowPageTraceBehavior [ RunTime:0.000000s ]
INFO: [ app_end ] --END-- [ RunTime:0.001000s ]
NOTIC: [2] ini_set(): A session is active. You cannot change the session module's ini settings at this time D:\wamp64\www\Kangli\index.php 第 31 行.

[ 2018-05-21T10:25:44+08:00 ] ::1 /Kangli/Kangli/Index
INFO: [ app_init ] --START--
INFO: Run Behavior\BuildLiteBehavior [ RunTime:0.000000s ]
INFO: [ app_init ] --END-- [ RunTime:0.000000s ]
INFO: [ app_begin ] --START--
INFO: Run Behavior\ReadHtmlCacheBehavior [ RunTime:0.001000s ]
INFO: [ app_begin ] --END-- [ RunTime:0.001000s ]
INFO: [ action_begin ] --START--
SQL: SHOW COLUMNS FROM `fw_denyip` [ RunTime:0.0000s ]
SQL: SELECT * FROM `fw_denyip`  [ RunTime:0.0000s ]
INFO: Run Home\Behaviors\DenyipsBehavior [ RunTime:0.009000s ]
INFO: [ action_begin ] --END-- [ RunTime:0.009000s ]
SQL: SHOW COLUMNS FROM `fw_jfmonews` [ RunTime:0.0000s ]
SQL: SELECT `news_id`,`news_title` FROM `fw_jfmonews` WHERE `news_isgg` = 1 AND `news_unitcode` = '9999' ORDER BY news_addtime DESC  [ RunTime:0.0000s ]
SQL: SHOW COLUMNS FROM `fw_adinfo` [ RunTime:0.0000s ]
SQL: SELECT * FROM `fw_adinfo` WHERE `ad_unitcode` = '9999' ORDER BY ad_addtime DESC LIMIT 5   [ RunTime:0.0000s ]
SQL: SELECT * FROM `fw_jfmonews` WHERE `news_type` = 2 AND `news_unitcode` = '9999' ORDER BY news_addtime DESC LIMIT 2   [ RunTime:0.0010s ]
SQL: SHOW COLUMNS FROM `fw_dealer` [ RunTime:0.0010s ]
SQL: SHOW COLUMNS FROM `fw_dltype` [ RunTime:0.0010s ]
SQL: SELECT `dlt_name`,`dlt_level` FROM `fw_dltype` WHERE `dlt_unitcode` = '9999' GROUP BY dlt_name,dlt_level ORDER BY dlt_level ASC  [ RunTime:0.0000s ]
SQL: SELECT * FROM `fw_dealer` WHERE `dl_id` = 38 AND `dl_unitcode` = '9999' LIMIT 1   [ RunTime:0.0000s ]
SQL: SELECT `dl_id`,`dl_name`,`dl_level`,`dl_status`,`dl_type` FROM `fw_dealer` WHERE `dl_belong` = 38 AND `dl_unitcode` = '9999'  [ RunTime:0.0000s ]
SQL: SELECT * FROM `fw_dealer` WHERE `dl_id` = 38 AND `dl_unitcode` = '9999' LIMIT 1   [ RunTime:0.0000s ]
SQL: SELECT `dl_id`,`dl_name`,`dl_level`,`dl_status`,`dl_type` FROM `fw_dealer` WHERE `dl_belong` = 38 AND `dl_unitcode` = '9999'  [ RunTime:0.0000s ]
SQL: SELECT * FROM `fw_dealer` WHERE `dl_id` = 38 AND `dl_unitcode` = '9999' LIMIT 1   [ RunTime:0.0010s ]
SQL: SELECT `dl_id`,`dl_name`,`dl_level`,`dl_status`,`dl_type` FROM `fw_dealer` WHERE `dl_belong` = 38 AND `dl_unitcode` = '9999'  [ RunTime:0.0000s ]
SQL: SELECT * FROM `fw_dealer` WHERE `dl_id` = 38 AND `dl_unitcode` = '9999' LIMIT 1   [ RunTime:0.0010s ]
SQL: SELECT `dl_id`,`dl_name`,`dl_level`,`dl_status`,`dl_type` FROM `fw_dealer` WHERE `dl_belong` = 38 AND `dl_unitcode` = '9999'  [ RunTime:0.0000s ]
SQL: SHOW COLUMNS FROM `fw_orders` [ RunTime:0.0000s ]
SQL: SHOW COLUMNS FROM `fw_product` [ RunTime:0.0000s ]
SQL: SHOW COLUMNS FROM `fw_orderdetail` [ RunTime:0.0000s ]
SQL: SHOW COLUMNS FROM `fw_shipment` [ RunTime:0.0010s ]
SQL: SELECT `od_id`,`od_state`,`od_orderid`,`od_total`,`od_addtime` FROM `fw_orders` WHERE `od_unitcode` = '9999' AND `od_rcdlid` = 38 AND `od_virtualstock` = 1 AND `od_state` = 0 ORDER BY od_addtime DESC  [ RunTime:0.0010s ]
SQL: SELECT `dl_id`,`dl_name`,`dl_weixin`,`dl_wxheadimg`,`dl_tel`,`dl_address`,`dl_addtime`,`dl_level` FROM `fw_dealer` WHERE `dl_unitcode` = '9999' AND `dl_belong` = 38 AND `dl_status` = 0 ORDER BY dl_id DESC  [ RunTime:0.0000s ]
NOTIC: [8] Undefined variable: bas_content D:\wamp64\www\Kangli\Apps\Kangli\Controller\IndexController.class.php 第 282 行.
NOTIC: [8] Undefined variable: bas_logopic D:\wamp64\www\Kangli\Apps\Kangli\Controller\IndexController.class.php 第 284 行.
NOTIC: [8] Undefined variable: bas_footpic D:\wamp64\www\Kangli\Apps\Kangli\Controller\IndexController.class.php 第 285 行.
INFO: [ view_parse ] --START--
INFO: [ template_filter ] --START--
INFO: Run Behavior\ContentReplaceBehavior [ RunTime:0.000000s ]
INFO: [ template_filter ] --END-- [ RunTime:0.000000s ]
NOTIC: [8] Use of undefined constant count - assumed 'count' D:\wamp64\www\Kangli\Runtime\Cache\Kangli\707ff3e6b0334ba29319d61e11de267d.php 第 242 行.
INFO: Run Behavior\ParseTemplateBehavior [ RunTime:0.021000s ]
INFO: [ view_parse ] --END-- [ RunTime:0.021000s ]
INFO: [ view_filter ] --START--
INFO: Run Behavior\WriteHtmlCacheBehavior [ RunTime:0.000000s ]
INFO: [ view_filter ] --END-- [ RunTime:0.000000s ]
INFO: [ app_end ] --START--
INFO: Run Behavior\ShowPageTraceBehavior [ RunTime:0.000000s ]
INFO: [ app_end ] --END-- [ RunTime:0.000000s ]
NOTIC: [2] ini_set(): A session is active. You cannot change the session module's ini settings at this time D:\wamp64\www\Kangli\index.php 第 31 行.

[ 2018-05-21T10:25:45+08:00 ] ::1 /Kangli/Kangli/Query
INFO: [ app_init ] --START--
INFO: Run Behavior\BuildLiteBehavior [ RunTime:0.000000s ]
INFO: [ app_init ] --END-- [ RunTime:0.001000s ]
INFO: [ app_begin ] --START--
INFO: Run Behavior\ReadHtmlCacheBehavior [ RunTime:0.001000s ]
INFO: [ app_begin ] --END-- [ RunTime:0.001000s ]
INFO: [ action_begin ] --START--
SQL: SHOW COLUMNS FROM `fw_denyip` [ RunTime:0.0000s ]
SQL: SELECT * FROM `fw_denyip`  [ RunTime:0.0010s ]
INFO: Run Home\Behaviors\DenyipsBehavior [ RunTime:0.012000s ]
INFO: [ action_begin ] --END-- [ RunTime:0.012000s ]
NOTIC: [8] Undefined variable: prodata D:\wamp64\www\Kangli\Apps\Kangli\Controller\QueryController.class.php 第 192 行.
INFO: [ view_parse ] --START--
INFO: [ template_filter ] --START--
INFO: Run Behavior\ContentReplaceBehavior [ RunTime:0.000000s ]
INFO: [ template_filter ] --END-- [ RunTime:0.001000s ]
INFO: Run Behavior\ParseTemplateBehavior [ RunTime:0.010000s ]
INFO: [ view_parse ] --END-- [ RunTime:0.010000s ]
INFO: [ view_filter ] --START--
INFO: Run Behavior\WriteHtmlCacheBehavior [ RunTime:0.001000s ]
INFO: [ view_filter ] --END-- [ RunTime:0.001000s ]
INFO: [ app_end ] --START--
INFO: Run Behavior\ShowPageTraceBehavior [ RunTime:0.000000s ]
INFO: [ app_end ] --END-- [ RunTime:0.000000s ]
NOTIC: [2] ini_set(): A session is active. You cannot change the session module's ini settings at this time D:\wamp64\www\Kangli\index.php 第 31 行.

[ 2018-05-21T10:25:45+08:00 ] ::1 /Kangli/Kangli/Query/verify
INFO: [ app_init ] --START--
INFO: Run Behavior\BuildLiteBehavior [ RunTime:0.000000s ]
INFO: [ app_init ] --END-- [ RunTime:0.000000s ]
INFO: [ app_begin ] --START--
INFO: Run Behavior\ReadHtmlCacheBehavior [ RunTime:0.000000s ]
INFO: [ app_begin ] --END-- [ RunTime:0.000000s ]
INFO: [ action_begin ] --START--
SQL: SHOW COLUMNS FROM `fw_denyip` [ RunTime:0.0000s ]
SQL: SELECT * FROM `fw_denyip`  [ RunTime:0.0000s ]
INFO: Run Home\Behaviors\DenyipsBehavior [ RunTime:0.009000s ]
INFO: [ action_begin ] --END-- [ RunTime:0.009000s ]

[ 2018-05-21T10:26:04+08:00 ] ::1 /Kangli/Kangli/Query/ajaxres
INFO: [ app_init ] --START--
INFO: Run Behavior\BuildLiteBehavior [ RunTime:0.000000s ]
INFO: [ app_init ] --END-- [ RunTime:0.000000s ]
INFO: [ app_begin ] --START--
INFO: Run Behavior\ReadHtmlCacheBehavior [ RunTime:0.001000s ]
INFO: [ app_begin ] --END-- [ RunTime:0.002000s ]
INFO: [ action_begin ] --START--
SQL: SHOW COLUMNS FROM `fw_denyip` [ RunTime:0.0010s ]
SQL: SELECT * FROM `fw_denyip`  [ RunTime:0.0010s ]
INFO: Run Home\Behaviors\DenyipsBehavior [ RunTime:0.021000s ]
INFO: [ action_begin ] --END-- [ RunTime:0.021000s ]
SQL: SHOW COLUMNS FROM `fw_templist` [ RunTime:0.0010s ]
SQL: SELECT COUNT(*) AS tp_count FROM `fw_templist` WHERE `tmp_ip` = '0.0.0.0' AND `tmp_addtime` >= 1526867764 LIMIT 1   [ RunTime:0.0000s ]
SQL: SELECT COUNT(*) AS tp_count FROM `fw_templist` WHERE `tmp_unitcode` = '5768' AND `tmp_state` = 1 AND `tmp_addtime` >= 1526847964 LIMIT 1   [ RunTime:0.0000s ]
SQL: SHOW COLUMNS FROM `fw_qyinfo` [ RunTime:0.0010s ]
SQL: SELECT a.qy_id,a.qy_code,a.qy_fwkey,a.qy_fwsecret,a.qy_querytimes,b.* FROM fw_qyinfo a,fw_cust b WHERE a.qy_code =b.unitcode AND a.qy_active = 1 AND b.unitcode = '5768' AND b.codelen = 17 LIMIT 1   [ RunTime:0.0010s ]

[ 2018-05-21T10:54:17+08:00 ] ::1 /Kangli/Kangli/Query/ajaxres
INFO: [ app_init ] --START--
INFO: Run Behavior\BuildLiteBehavior [ RunTime:0.000000s ]
INFO: [ app_init ] --END-- [ RunTime:0.001000s ]
INFO: [ app_begin ] --START--
INFO: Run Behavior\ReadHtmlCacheBehavior [ RunTime:0.001000s ]
INFO: [ app_begin ] --END-- [ RunTime:0.001000s ]
INFO: [ action_begin ] --START--
SQL: SHOW COLUMNS FROM `fw_denyip` [ RunTime:0.0010s ]
SQL: SELECT * FROM `fw_denyip`  [ RunTime:0.0000s ]
INFO: Run Home\Behaviors\DenyipsBehavior [ RunTime:0.016000s ]
INFO: [ action_begin ] --END-- [ RunTime:0.017000s ]
SQL: SHOW COLUMNS FROM `fw_templist` [ RunTime:0.0010s ]
SQL: SELECT COUNT(*) AS tp_count FROM `fw_templist` WHERE `tmp_ip` = '0.0.0.0' AND `tmp_addtime` >= 1526869455 LIMIT 1   [ RunTime:0.0000s ]
SQL: SELECT COUNT(*) AS tp_count FROM `fw_templist` WHERE `tmp_unitcode` = '9999' AND `tmp_state` = 1 AND `tmp_addtime` >= 1526849655 LIMIT 1   [ RunTime:0.0000s ]
SQL: SHOW COLUMNS FROM `fw_qyinfo` [ RunTime:0.0010s ]
SQL: SELECT a.qy_id,a.qy_code,a.qy_fwkey,a.qy_fwsecret,a.qy_querytimes,b.* FROM fw_qyinfo a,fw_cust b WHERE a.qy_code =b.unitcode AND a.qy_active = 1 AND b.unitcode = '9999' AND b.codelen = 12 LIMIT 1   [ RunTime:0.0010s ]
SQL: SHOW COLUMNS FROM `fw_code` [ RunTime:0.0000s ]
SQL: SELECT * FROM `fw_code` WHERE `unitcode` = '9999' AND `codea` = '6774' LIMIT 1   [ RunTime:0.0020s ]
SQL: SELECT * FROM `fw_code` WHERE `unitcode` = '9999' AND `codeb` = '6978' LIMIT 1   [ RunTime:0.0010s ]
SQL: SELECT * FROM `fw_code` WHERE `unitcode` = '9999' AND `codec` = '6945' LIMIT 1   [ RunTime:0.0010s ]
SQL: SHOW COLUMNS FROM `fw_sellrecord` [ RunTime:0.0010s ]
SQL: SELECT * FROM `fw_sellrecord` WHERE `unitcode` = '9999' AND `mybegin` <= 17 ORDER BY mybegin DESC  [ RunTime:0.0010s ]
SQL: SHOW COLUMNS FROM `fw_shipment` [ RunTime:0.0010s ]
SQL: SELECT * FROM `fw_shipment` WHERE ( `ship_barcode` = '15000000117' OR `ship_barcode` = '150000001' ) AND `ship_unitcode` = '9999' ORDER BY ship_id DESC LIMIT 1   [ RunTime:0.0010s ]

