[ 2018-09-20T14:40:14+08:00 ] ::1 /kangli/Kangli/Dealer
INFO: [ app_begin ] --START--
INFO: Run Behavior\ReadHtmlCacheBehavior [ RunTime:0.002000s ]
INFO: [ app_begin ] --END-- [ RunTime:0.002000s ]
INFO: [ action_begin ] --START--
SQL: SHOW COLUMNS FROM `fw_denyip` [ RunTime:0.0270s ]
SQL: SELECT * FROM `fw_denyip`  [ RunTime:0.0030s ]
INFO: Run Home\Behaviors\DenyipsBehavior [ RunTime:1.050060s ]
INFO: [ action_begin ] --END-- [ RunTime:1.050060s ]
SQL: SHOW COLUMNS FROM `fw_dltype` [ RunTime:0.0210s ]
SQL: SHOW COLUMNS FROM `fw_dealer` [ RunTime:0.0120s ]
SQL: SELECT `dlt_id`,`dlt_name`,`dlt_level` FROM `fw_dltype` WHERE `dlt_unitcode` = '9999' ORDER BY dlt_level ASC,dlt_id ASC  [ RunTime:0.0010s ]
SQL: SELECT COUNT(*) AS tp_count FROM `fw_dealer` WHERE `dl_unitcode` = '9999' AND `dl_belong` = null AND `dl_type` = 7 AND `dl_status` = 1 LIMIT 1   [ RunTime:0.0010s ]
SQL: SELECT COUNT(*) AS tp_count FROM `fw_dealer` WHERE `dl_unitcode` = '9999' AND `dl_belong` = null AND `dl_type` = 8 AND `dl_status` = 1 LIMIT 1   [ RunTime:0.0000s ]
SQL: SELECT COUNT(*) AS tp_count FROM `fw_dealer` WHERE `dl_unitcode` = '9999' AND `dl_belong` = null AND `dl_type` = 9 AND `dl_status` = 1 LIMIT 1   [ RunTime:0.0010s ]
SQL: SELECT COUNT(*) AS tp_count FROM `fw_dealer` WHERE `dl_unitcode` = '9999' AND `dl_belong` = null AND `dl_type` = 10 AND `dl_status` = 1 LIMIT 1   [ RunTime:0.0010s ]
SQL: SELECT `dl_id`,`dl_name`,`dl_weixin`,`dl_wxheadimg`,`dl_tel`,`dl_address`,`dl_addtime`,`dl_level` FROM `fw_dealer` WHERE `dl_unitcode` = '9999' AND `dl_belong` = null AND `dl_status` = 0 ORDER BY dl_id DESC  [ RunTime:0.0010s ]
INFO: [ view_parse ] --START--
INFO: [ template_filter ] --START--
INFO: Run Behavior\ContentReplaceBehavior [ RunTime:0.000000s ]
INFO: [ template_filter ] --END-- [ RunTime:0.000000s ]
INFO: Run Behavior\ParseTemplateBehavior [ RunTime:0.024001s ]
INFO: [ view_parse ] --END-- [ RunTime:0.025001s ]
INFO: [ view_filter ] --START--
INFO: Run Behavior\WriteHtmlCacheBehavior [ RunTime:0.000000s ]
INFO: [ view_filter ] --END-- [ RunTime:0.000000s ]
INFO: [ app_end ] --START--
INFO: Run Behavior\ShowPageTraceBehavior [ RunTime:0.001000s ]
INFO: [ app_end ] --END-- [ RunTime:0.001000s ]
NOTIC: [2] ini_set(): A session is active. You cannot change the session module's ini settings at this time D:\Aroot\myphp_www\PHPTutorial\WWW\Kangli\index.php 第 30 行.

[ 2018-09-20T14:40:16+08:00 ] ::1 /kangli/Kangli/Dealer/login/ttamp/1537425614/sture/9eb10a27a1dccb36733a7ecd3a7dfd4b/tagpage/aHR0cDovL2xvY2FsaG9zdC9rYW5nbGkvS2FuZ2xpL0RlYWxlcg==
INFO: [ app_begin ] --START--
INFO: Run Behavior\ReadHtmlCacheBehavior [ RunTime:0.001000s ]
INFO: [ app_begin ] --END-- [ RunTime:0.001000s ]
INFO: [ action_begin ] --START--
SQL: SHOW COLUMNS FROM `fw_denyip` [ RunTime:0.0170s ]
SQL: SELECT * FROM `fw_denyip`  [ RunTime:0.0010s ]
INFO: Run Home\Behaviors\DenyipsBehavior [ RunTime:1.037059s ]
INFO: [ action_begin ] --END-- [ RunTime:1.038060s ]
INFO: [ view_parse ] --START--
INFO: [ template_filter ] --START--
INFO: Run Behavior\ContentReplaceBehavior [ RunTime:0.000000s ]
INFO: [ template_filter ] --END-- [ RunTime:0.000000s ]
INFO: Run Behavior\ParseTemplateBehavior [ RunTime:0.025001s ]
INFO: [ view_parse ] --END-- [ RunTime:0.025001s ]
INFO: [ view_filter ] --START--
INFO: Run Behavior\WriteHtmlCacheBehavior [ RunTime:0.000000s ]
INFO: [ view_filter ] --END-- [ RunTime:0.000000s ]
INFO: [ app_end ] --START--
INFO: Run Behavior\ShowPageTraceBehavior [ RunTime:0.000000s ]
INFO: [ app_end ] --END-- [ RunTime:0.000000s ]
NOTIC: [2] ini_set(): A session is active. You cannot change the session module's ini settings at this time D:\Aroot\myphp_www\PHPTutorial\WWW\Kangli\index.php 第 30 行.

[ 2018-09-20T14:40:22+08:00 ] ::1 /Kangli/Kangli/Index
INFO: [ app_begin ] --START--
INFO: Run Behavior\ReadHtmlCacheBehavior [ RunTime:0.001000s ]
INFO: [ app_begin ] --END-- [ RunTime:0.002000s ]
INFO: [ action_begin ] --START--
SQL: SHOW COLUMNS FROM `fw_denyip` [ RunTime:0.0320s ]
SQL: SELECT * FROM `fw_denyip`  [ RunTime:0.0010s ]
INFO: Run Home\Behaviors\DenyipsBehavior [ RunTime:1.052061s ]
INFO: [ action_begin ] --END-- [ RunTime:1.052061s ]
SQL: SHOW COLUMNS FROM `fw_jfmonews` [ RunTime:0.0150s ]
SQL: SELECT `news_id`,`news_title` FROM `fw_jfmonews` WHERE `news_isgg` = 1 AND `news_unitcode` = '9999' ORDER BY news_addtime DESC  [ RunTime:0.0020s ]
SQL: SHOW COLUMNS FROM `fw_adinfo` [ RunTime:0.0140s ]
SQL: SELECT * FROM `fw_adinfo` WHERE `ad_unitcode` = '9999' ORDER BY ad_addtime DESC LIMIT 5   [ RunTime:0.0010s ]
SQL: SELECT * FROM `fw_jfmonews` WHERE `news_type` = 2 AND `news_unitcode` = '9999' ORDER BY news_addtime DESC LIMIT 2   [ RunTime:0.0010s ]
SQL: SHOW COLUMNS FROM `fw_dealer` [ RunTime:0.0120s ]
SQL: SHOW COLUMNS FROM `fw_dltype` [ RunTime:0.0110s ]
SQL: SELECT `dlt_name`,`dlt_level` FROM `fw_dltype` WHERE `dlt_unitcode` = '9999' GROUP BY dlt_name,dlt_level ORDER BY dlt_level ASC  [ RunTime:0.0020s ]
SQL: SHOW COLUMNS FROM `fw_orders` [ RunTime:0.0100s ]
SQL: SHOW COLUMNS FROM `fw_product` [ RunTime:0.0110s ]
SQL: SHOW COLUMNS FROM `fw_orderdetail` [ RunTime:0.0100s ]
SQL: SHOW COLUMNS FROM `fw_shipment` [ RunTime:0.0100s ]
SQL: SELECT `od_id`,`od_state`,`od_orderid`,`od_total`,`od_addtime` FROM `fw_orders` WHERE `od_unitcode` = '9999' AND `od_rcdlid` = null AND `od_virtualstock` = 1 AND `od_state` = 0 ORDER BY od_addtime DESC  [ RunTime:0.0010s ]
SQL: SELECT `dl_id`,`dl_name`,`dl_weixin`,`dl_wxheadimg`,`dl_tel`,`dl_address`,`dl_addtime`,`dl_level` FROM `fw_dealer` WHERE `dl_unitcode` = '9999' AND `dl_belong` = null AND `dl_status` = 0 ORDER BY dl_id DESC  [ RunTime:0.0010s ]
NOTIC: [8] Undefined variable: bas_content D:\Aroot\myphp_www\PHPTutorial\WWW\Kangli\Apps\Kangli\Controller\IndexController.class.php 第 300 行.
NOTIC: [8] Undefined variable: bas_logopic D:\Aroot\myphp_www\PHPTutorial\WWW\Kangli\Apps\Kangli\Controller\IndexController.class.php 第 302 行.
NOTIC: [8] Undefined variable: bas_footpic D:\Aroot\myphp_www\PHPTutorial\WWW\Kangli\Apps\Kangli\Controller\IndexController.class.php 第 303 行.
INFO: [ view_parse ] --START--
INFO: [ template_filter ] --START--
INFO: Run Behavior\ContentReplaceBehavior [ RunTime:0.001000s ]
INFO: [ template_filter ] --END-- [ RunTime:0.001000s ]
NOTIC: [8] Use of undefined constant count - assumed 'count' D:\Aroot\myphp_www\PHPTutorial\WWW\Kangli\Runtime\Cache\Kangli\707ff3e6b0334ba29319d61e11de267d.php 第 242 行.
NOTIC: [8] Undefined variable: oauthttamp D:\Aroot\myphp_www\PHPTutorial\WWW\Kangli\Runtime\Cache\Kangli\707ff3e6b0334ba29319d61e11de267d.php 第 605 行.
NOTIC: [8] Undefined variable: oauthtsture D:\Aroot\myphp_www\PHPTutorial\WWW\Kangli\Runtime\Cache\Kangli\707ff3e6b0334ba29319d61e11de267d.php 第 606 行.
INFO: Run Behavior\ParseTemplateBehavior [ RunTime:0.017001s ]
INFO: [ view_parse ] --END-- [ RunTime:0.017001s ]
INFO: [ view_filter ] --START--
INFO: Run Behavior\WriteHtmlCacheBehavior [ RunTime:0.000000s ]
INFO: [ view_filter ] --END-- [ RunTime:0.000000s ]
INFO: [ app_end ] --START--
INFO: Run Behavior\ShowPageTraceBehavior [ RunTime:0.000000s ]
INFO: [ app_end ] --END-- [ RunTime:0.001000s ]
NOTIC: [2] ini_set(): A session is active. You cannot change the session module's ini settings at this time D:\Aroot\myphp_www\PHPTutorial\WWW\Kangli\index.php 第 30 行.

[ 2018-09-20T14:40:32+08:00 ] ::1 /Kangli/Kangli/Mine
INFO: [ app_begin ] --START--
INFO: Run Behavior\ReadHtmlCacheBehavior [ RunTime:0.000000s ]
INFO: [ app_begin ] --END-- [ RunTime:0.001000s ]
INFO: [ action_begin ] --START--
SQL: SHOW COLUMNS FROM `fw_denyip` [ RunTime:0.0320s ]
SQL: SELECT * FROM `fw_denyip`  [ RunTime:0.0020s ]
INFO: Run Home\Behaviors\DenyipsBehavior [ RunTime:1.058060s ]
INFO: [ action_begin ] --END-- [ RunTime:1.058060s ]
SQL: SHOW COLUMNS FROM `fw_dealer` [ RunTime:0.0160s ]
SQL: SHOW COLUMNS FROM `fw_dltype` [ RunTime:0.0150s ]
SQL: SHOW COLUMNS FROM `fw_fanlidetail` [ RunTime:0.0370s ]
SQL: SHOW COLUMNS FROM `fw_orders` [ RunTime:0.0090s ]
SQL: SELECT `dl_id`,`dl_username`,`dl_name`,`dl_belong`,`dl_type`,`dl_level`,`dl_wxheadimg` FROM `fw_dealer` WHERE `dl_id` = null AND `dl_unitcode` = '9999' LIMIT 1   [ RunTime:0.0010s ]
INFO: [ view_parse ] --START--
INFO: [ template_filter ] --START--
INFO: Run Behavior\ContentReplaceBehavior [ RunTime:0.000000s ]
INFO: [ template_filter ] --END-- [ RunTime:0.000000s ]
NOTIC: [8] Undefined variable: item D:\Aroot\myphp_www\PHPTutorial\WWW\Kangli\Runtime\Cache\Kangli\71a806bdd4c5c4d7ad2968fc5894cbd0.php 第 143 行.
INFO: Run Behavior\ParseTemplateBehavior [ RunTime:0.016001s ]
INFO: [ view_parse ] --END-- [ RunTime:0.016001s ]
INFO: [ view_filter ] --START--
INFO: Run Behavior\WriteHtmlCacheBehavior [ RunTime:0.000000s ]
INFO: [ view_filter ] --END-- [ RunTime:0.000000s ]
INFO: [ app_end ] --START--
INFO: Run Behavior\ShowPageTraceBehavior [ RunTime:0.001000s ]
INFO: [ app_end ] --END-- [ RunTime:0.001000s ]
NOTIC: [2] ini_set(): A session is active. You cannot change the session module's ini settings at this time D:\Aroot\myphp_www\PHPTutorial\WWW\Kangli\index.php 第 30 行.

[ 2018-09-20T14:40:33+08:00 ] ::1 /kangli/Kangli/Dealer/login/ttamp/1537425632/sture/68eb29cedfdc11694a5238740efcd1e9/tagpage/aHR0cDovL2xvY2FsaG9zdC9LYW5nbGkvS2FuZ2xpL01pbmU=
INFO: [ app_begin ] --START--
INFO: Run Behavior\ReadHtmlCacheBehavior [ RunTime:0.001000s ]
INFO: [ app_begin ] --END-- [ RunTime:0.001000s ]
INFO: [ action_begin ] --START--
SQL: SHOW COLUMNS FROM `fw_denyip` [ RunTime:0.0290s ]
SQL: SELECT * FROM `fw_denyip`  [ RunTime:0.0020s ]
INFO: Run Home\Behaviors\DenyipsBehavior [ RunTime:1.055061s ]
INFO: [ action_begin ] --END-- [ RunTime:1.055061s ]
INFO: [ view_parse ] --START--
INFO: [ template_filter ] --START--
INFO: Run Behavior\ContentReplaceBehavior [ RunTime:0.000000s ]
INFO: [ template_filter ] --END-- [ RunTime:0.000000s ]
INFO: Run Behavior\ParseTemplateBehavior [ RunTime:0.012000s ]
INFO: [ view_parse ] --END-- [ RunTime:0.013000s ]
INFO: [ view_filter ] --START--
INFO: Run Behavior\WriteHtmlCacheBehavior [ RunTime:0.001000s ]
INFO: [ view_filter ] --END-- [ RunTime:0.001000s ]
INFO: [ app_end ] --START--
INFO: Run Behavior\ShowPageTraceBehavior [ RunTime:0.001000s ]
INFO: [ app_end ] --END-- [ RunTime:0.001000s ]
NOTIC: [2] ini_set(): A session is active. You cannot change the session module's ini settings at this time D:\Aroot\myphp_www\PHPTutorial\WWW\Kangli\index.php 第 30 行.

[ 2018-09-20T14:40:48+08:00 ] ::1 /Kangli/Kangli/Index
INFO: [ app_begin ] --START--
INFO: Run Behavior\ReadHtmlCacheBehavior [ RunTime:0.000000s ]
INFO: [ app_begin ] --END-- [ RunTime:0.001000s ]
INFO: [ action_begin ] --START--
SQL: SHOW COLUMNS FROM `fw_denyip` [ RunTime:0.0320s ]
SQL: SELECT * FROM `fw_denyip`  [ RunTime:0.0020s ]
INFO: Run Home\Behaviors\DenyipsBehavior [ RunTime:1.051060s ]
INFO: [ action_begin ] --END-- [ RunTime:1.051060s ]
SQL: SHOW COLUMNS FROM `fw_jfmonews` [ RunTime:0.0170s ]
SQL: SELECT `news_id`,`news_title` FROM `fw_jfmonews` WHERE `news_isgg` = 1 AND `news_unitcode` = '9999' ORDER BY news_addtime DESC  [ RunTime:0.0010s ]
SQL: SHOW COLUMNS FROM `fw_adinfo` [ RunTime:0.0140s ]
SQL: SELECT * FROM `fw_adinfo` WHERE `ad_unitcode` = '9999' ORDER BY ad_addtime DESC LIMIT 5   [ RunTime:0.0010s ]
SQL: SELECT * FROM `fw_jfmonews` WHERE `news_type` = 2 AND `news_unitcode` = '9999' ORDER BY news_addtime DESC LIMIT 2   [ RunTime:0.0010s ]
SQL: SHOW COLUMNS FROM `fw_dealer` [ RunTime:0.0120s ]
SQL: SHOW COLUMNS FROM `fw_dltype` [ RunTime:0.0110s ]
SQL: SELECT `dlt_name`,`dlt_level` FROM `fw_dltype` WHERE `dlt_unitcode` = '9999' GROUP BY dlt_name,dlt_level ORDER BY dlt_level ASC  [ RunTime:0.0020s ]
SQL: SHOW COLUMNS FROM `fw_orders` [ RunTime:0.0100s ]
SQL: SHOW COLUMNS FROM `fw_product` [ RunTime:0.0120s ]
SQL: SHOW COLUMNS FROM `fw_orderdetail` [ RunTime:0.0130s ]
SQL: SHOW COLUMNS FROM `fw_shipment` [ RunTime:0.0120s ]
SQL: SELECT `od_id`,`od_state`,`od_orderid`,`od_total`,`od_addtime` FROM `fw_orders` WHERE `od_unitcode` = '9999' AND `od_rcdlid` = null AND `od_virtualstock` = 1 AND `od_state` = 0 ORDER BY od_addtime DESC  [ RunTime:0.0010s ]
SQL: SELECT `dl_id`,`dl_name`,`dl_weixin`,`dl_wxheadimg`,`dl_tel`,`dl_address`,`dl_addtime`,`dl_level` FROM `fw_dealer` WHERE `dl_unitcode` = '9999' AND `dl_belong` = null AND `dl_status` = 0 ORDER BY dl_id DESC  [ RunTime:0.0010s ]
NOTIC: [8] Undefined variable: bas_content D:\Aroot\myphp_www\PHPTutorial\WWW\Kangli\Apps\Kangli\Controller\IndexController.class.php 第 300 行.
NOTIC: [8] Undefined variable: bas_logopic D:\Aroot\myphp_www\PHPTutorial\WWW\Kangli\Apps\Kangli\Controller\IndexController.class.php 第 302 行.
NOTIC: [8] Undefined variable: bas_footpic D:\Aroot\myphp_www\PHPTutorial\WWW\Kangli\Apps\Kangli\Controller\IndexController.class.php 第 303 行.
INFO: [ view_parse ] --START--
INFO: [ template_filter ] --START--
INFO: Run Behavior\ContentReplaceBehavior [ RunTime:0.000000s ]
INFO: [ template_filter ] --END-- [ RunTime:0.000000s ]
NOTIC: [8] Use of undefined constant count - assumed 'count' D:\Aroot\myphp_www\PHPTutorial\WWW\Kangli\Runtime\Cache\Kangli\707ff3e6b0334ba29319d61e11de267d.php 第 242 行.
NOTIC: [8] Undefined variable: oauthttamp D:\Aroot\myphp_www\PHPTutorial\WWW\Kangli\Runtime\Cache\Kangli\707ff3e6b0334ba29319d61e11de267d.php 第 605 行.
NOTIC: [8] Undefined variable: oauthtsture D:\Aroot\myphp_www\PHPTutorial\WWW\Kangli\Runtime\Cache\Kangli\707ff3e6b0334ba29319d61e11de267d.php 第 606 行.
INFO: Run Behavior\ParseTemplateBehavior [ RunTime:0.017001s ]
INFO: [ view_parse ] --END-- [ RunTime:0.018001s ]
INFO: [ view_filter ] --START--
INFO: Run Behavior\WriteHtmlCacheBehavior [ RunTime:0.000000s ]
INFO: [ view_filter ] --END-- [ RunTime:0.000000s ]
INFO: [ app_end ] --START--
INFO: Run Behavior\ShowPageTraceBehavior [ RunTime:0.001000s ]
INFO: [ app_end ] --END-- [ RunTime:0.001000s ]
NOTIC: [2] ini_set(): A session is active. You cannot change the session module's ini settings at this time D:\Aroot\myphp_www\PHPTutorial\WWW\Kangli\index.php 第 30 行.

[ 2018-09-20T14:40:53+08:00 ] ::1 /Kangli/Kangli/Mine
INFO: [ app_begin ] --START--
INFO: Run Behavior\ReadHtmlCacheBehavior [ RunTime:0.001000s ]
INFO: [ app_begin ] --END-- [ RunTime:0.001000s ]
INFO: [ action_begin ] --START--
SQL: SHOW COLUMNS FROM `fw_denyip` [ RunTime:0.0300s ]
SQL: SELECT * FROM `fw_denyip`  [ RunTime:0.0020s ]
INFO: Run Home\Behaviors\DenyipsBehavior [ RunTime:1.047060s ]
INFO: [ action_begin ] --END-- [ RunTime:1.047060s ]
SQL: SHOW COLUMNS FROM `fw_dealer` [ RunTime:0.0190s ]
SQL: SHOW COLUMNS FROM `fw_dltype` [ RunTime:0.0110s ]
SQL: SHOW COLUMNS FROM `fw_fanlidetail` [ RunTime:0.0110s ]
SQL: SHOW COLUMNS FROM `fw_orders` [ RunTime:0.0120s ]
SQL: SELECT `dl_id`,`dl_username`,`dl_name`,`dl_belong`,`dl_type`,`dl_level`,`dl_wxheadimg` FROM `fw_dealer` WHERE `dl_id` = null AND `dl_unitcode` = '9999' LIMIT 1   [ RunTime:0.0000s ]
INFO: [ view_parse ] --START--
INFO: [ template_filter ] --START--
INFO: Run Behavior\ContentReplaceBehavior [ RunTime:0.000000s ]
INFO: [ template_filter ] --END-- [ RunTime:0.000000s ]
NOTIC: [8] Undefined variable: item D:\Aroot\myphp_www\PHPTutorial\WWW\Kangli\Runtime\Cache\Kangli\71a806bdd4c5c4d7ad2968fc5894cbd0.php 第 143 行.
INFO: Run Behavior\ParseTemplateBehavior [ RunTime:0.010001s ]
INFO: [ view_parse ] --END-- [ RunTime:0.011001s ]
INFO: [ view_filter ] --START--
INFO: Run Behavior\WriteHtmlCacheBehavior [ RunTime:0.000000s ]
INFO: [ view_filter ] --END-- [ RunTime:0.000000s ]
INFO: [ app_end ] --START--
INFO: Run Behavior\ShowPageTraceBehavior [ RunTime:0.001000s ]
INFO: [ app_end ] --END-- [ RunTime:0.001000s ]
NOTIC: [2] ini_set(): A session is active. You cannot change the session module's ini settings at this time D:\Aroot\myphp_www\PHPTutorial\WWW\Kangli\index.php 第 30 行.

[ 2018-09-20T14:40:54+08:00 ] ::1 /kangli/Kangli/Dealer/login/ttamp/1537425653/sture/6f45882ac67fb06cbb7b0faa6bcf1f49/tagpage/aHR0cDovL2xvY2FsaG9zdC9LYW5nbGkvS2FuZ2xpL01pbmU=
INFO: [ app_begin ] --START--
INFO: Run Behavior\ReadHtmlCacheBehavior [ RunTime:0.000000s ]
INFO: [ app_begin ] --END-- [ RunTime:0.000000s ]
INFO: [ action_begin ] --START--
SQL: SHOW COLUMNS FROM `fw_denyip` [ RunTime:0.0330s ]
SQL: SELECT * FROM `fw_denyip`  [ RunTime:0.0010s ]
INFO: Run Home\Behaviors\DenyipsBehavior [ RunTime:1.064061s ]
INFO: [ action_begin ] --END-- [ RunTime:1.064061s ]
INFO: [ view_parse ] --START--
INFO: [ template_filter ] --START--
INFO: Run Behavior\ContentReplaceBehavior [ RunTime:0.001000s ]
INFO: [ template_filter ] --END-- [ RunTime:0.001000s ]
INFO: Run Behavior\ParseTemplateBehavior [ RunTime:0.011001s ]
INFO: [ view_parse ] --END-- [ RunTime:0.012001s ]
INFO: [ view_filter ] --START--
INFO: Run Behavior\WriteHtmlCacheBehavior [ RunTime:0.000000s ]
INFO: [ view_filter ] --END-- [ RunTime:0.000000s ]
INFO: [ app_end ] --START--
INFO: Run Behavior\ShowPageTraceBehavior [ RunTime:0.001000s ]
INFO: [ app_end ] --END-- [ RunTime:0.001000s ]
NOTIC: [2] ini_set(): A session is active. You cannot change the session module's ini settings at this time D:\Aroot\myphp_www\PHPTutorial\WWW\Kangli\index.php 第 30 行.

[ 2018-09-20T14:41:03+08:00 ] ::1 /Kangli/Kangli/Dealer/login
INFO: [ app_begin ] --START--
INFO: Run Behavior\ReadHtmlCacheBehavior [ RunTime:0.000000s ]
INFO: [ app_begin ] --END-- [ RunTime:0.001000s ]
INFO: [ action_begin ] --START--
SQL: SHOW COLUMNS FROM `fw_denyip` [ RunTime:0.0410s ]
SQL: SELECT * FROM `fw_denyip`  [ RunTime:0.0010s ]
INFO: Run Home\Behaviors\DenyipsBehavior [ RunTime:1.068061s ]
INFO: [ action_begin ] --END-- [ RunTime:1.068061s ]
SQL: SHOW COLUMNS FROM `fw_dealer` [ RunTime:0.0160s ]
SQL: SELECT * FROM `fw_dealer` WHERE `dl_username` = 'test99' AND `dl_unitcode` = '9999' LIMIT 1   [ RunTime:0.0020s ]
SQL: SHOW COLUMNS FROM `fw_log` [ RunTime:0.0390s ]
SQL: INSERT INTO `fw_log` (`log_qyid`,`log_user`,`log_qycode`,`log_action`,`log_type`,`log_addtime`,`log_ip`,`log_link`,`log_remark`) VALUES ('32','test99','9999','经销商账号登录','2','1537425662','0.0.0.0','/Kangli/Kangli/Dealer/login','') [ RunTime:0.0070s ]
SQL: UPDATE `fw_dealer` SET `dl_logintime`='1537425663' WHERE `dl_username` = 'test99' AND `dl_unitcode` = '9999' [ RunTime:0.0020s ]

[ 2018-09-20T14:41:13+08:00 ] ::1 /Kangli/Kangli/Orders
INFO: [ app_begin ] --START--
INFO: Run Behavior\ReadHtmlCacheBehavior [ RunTime:0.000000s ]
INFO: [ app_begin ] --END-- [ RunTime:0.001000s ]
INFO: [ action_begin ] --START--
SQL: SHOW COLUMNS FROM `fw_denyip` [ RunTime:0.0270s ]
SQL: SELECT * FROM `fw_denyip`  [ RunTime:0.0010s ]
INFO: Run Home\Behaviors\DenyipsBehavior [ RunTime:1.046059s ]
INFO: [ action_begin ] --END-- [ RunTime:1.047059s ]
SQL: SHOW COLUMNS FROM `fw_orders` [ RunTime:0.0200s ]
SQL: SELECT COUNT(*) AS tp_count FROM `fw_orders` WHERE `od_unitcode` = '9999' AND `od_rcdlid` = 32 AND `od_state` = 0 AND `od_virtualstock` = 1 LIMIT 1   [ RunTime:0.0010s ]
SQL: SELECT COUNT(*) AS tp_count FROM `fw_orders` WHERE `od_unitcode` = '9999' AND `od_rcdlid` = 32 AND `od_state` IN ('1','2') AND `od_virtualstock` = 1 LIMIT 1   [ RunTime:0.0010s ]
SQL: SELECT COUNT(*) AS tp_count FROM `fw_orders` WHERE `od_unitcode` = '9999' AND `od_rcdlid` = 32 AND `od_state` IN ('3','8') AND `od_virtualstock` = 1 LIMIT 1   [ RunTime:0.0010s ]
SQL: SELECT COUNT(*) AS tp_count FROM `fw_orders` WHERE `od_unitcode` = '9999' AND `od_rcdlid` = 32 AND `od_state` = 9 AND `od_virtualstock` = 1 LIMIT 1   [ RunTime:0.0010s ]
SQL: SELECT COUNT(*) AS tp_count FROM `fw_orders` WHERE `od_unitcode` = '9999' AND `od_oddlid` = 32 AND `od_state` < '8' AND `od_virtualstock` = 1 LIMIT 1   [ RunTime:0.0010s ]
SQL: SELECT COUNT(*) AS tp_count FROM `fw_orders` WHERE `od_unitcode` = '9999' AND `od_oddlid` = 32 AND `od_state` = 0 AND `od_virtualstock` = 0 LIMIT 1   [ RunTime:0.0010s ]
SQL: SELECT COUNT(*) AS tp_count FROM `fw_orders` WHERE `od_unitcode` = '9999' AND `od_oddlid` = 32 AND `od_state` IN ('1','2') AND `od_virtualstock` = 0 LIMIT 1   [ RunTime:0.0010s ]
SQL: SELECT COUNT(*) AS tp_count FROM `fw_orders` WHERE `od_unitcode` = '9999' AND `od_oddlid` = 32 AND `od_state` = 3 AND `od_virtualstock` = 0 LIMIT 1   [ RunTime:0.0010s ]
SQL: SELECT COUNT(*) AS tp_count FROM `fw_orders` WHERE `od_unitcode` = '9999' AND `od_oddlid` = 32 AND `od_virtualstock` = 0 LIMIT 1   [ RunTime:0.0010s ]
NOTIC: [8] Undefined variable: parameter D:\Aroot\myphp_www\PHPTutorial\WWW\Kangli\Apps\Kangli\Controller\OrdersController.class.php 第 96 行.
SQL: SELECT `od_id`,`od_state`,`od_orderid`,`od_total`,`od_addtime` FROM `fw_orders` WHERE `od_unitcode` = '9999' AND `od_oddlid` = 32 AND `od_virtualstock` = 0 ORDER BY od_addtime DESC LIMIT 0,20   [ RunTime:0.0010s ]
SQL: SHOW COLUMNS FROM `fw_product` [ RunTime:0.0120s ]
SQL: SHOW COLUMNS FROM `fw_orderdetail` [ RunTime:0.0110s ]
SQL: SHOW COLUMNS FROM `fw_shipment` [ RunTime:0.0120s ]
SQL: SELECT * FROM `fw_orderdetail` WHERE `oddt_unitcode` = '9999' AND `oddt_odid` = 118 ORDER BY oddt_id DESC LIMIT 100   [ RunTime:0.0020s ]
SQL: SELECT `pro_id`,`pro_pic` FROM `fw_product` WHERE `pro_id` = 5 AND `pro_unitcode` = '9999' LIMIT 1   [ RunTime:0.0010s ]
SQL: SELECT SUM(ship_proqty) AS tp_sum FROM `fw_shipment` WHERE `ship_pro` = 5 AND `ship_unitcode` = '9999' AND `ship_odid` = 118 AND `ship_dealer` = 32 LIMIT 1   [ RunTime:0.0100s ]
SQL: SELECT * FROM `fw_orderdetail` WHERE `oddt_unitcode` = '9999' AND `oddt_odid` = 117 ORDER BY oddt_id DESC LIMIT 100   [ RunTime:0.0010s ]
SQL: SELECT `pro_id`,`pro_pic` FROM `fw_product` WHERE `pro_id` = 5 AND `pro_unitcode` = '9999' LIMIT 1   [ RunTime:0.0000s ]
SQL: SELECT SUM(ship_proqty) AS tp_sum FROM `fw_shipment` WHERE `ship_pro` = 5 AND `ship_unitcode` = '9999' AND `ship_odid` = 117 AND `ship_dealer` = 32 LIMIT 1   [ RunTime:0.0000s ]
SQL: SELECT * FROM `fw_orderdetail` WHERE `oddt_unitcode` = '9999' AND `oddt_odid` = 115 ORDER BY oddt_id DESC LIMIT 100   [ RunTime:0.0020s ]
SQL: SELECT `pro_id`,`pro_pic` FROM `fw_product` WHERE `pro_id` = 5 AND `pro_unitcode` = '9999' LIMIT 1   [ RunTime:0.0010s ]
SQL: SELECT SUM(ship_proqty) AS tp_sum FROM `fw_shipment` WHERE `ship_pro` = 5 AND `ship_unitcode` = '9999' AND `ship_odid` = 115 AND `ship_dealer` = 32 LIMIT 1   [ RunTime:0.0030s ]
SQL: SELECT * FROM `fw_orderdetail` WHERE `oddt_unitcode` = '9999' AND `oddt_odid` = 113 ORDER BY oddt_id DESC LIMIT 100   [ RunTime:0.0010s ]
SQL: SELECT `pro_id`,`pro_pic` FROM `fw_product` WHERE `pro_id` = 5 AND `pro_unitcode` = '9999' LIMIT 1   [ RunTime:0.0010s ]
SQL: SELECT SUM(ship_proqty) AS tp_sum FROM `fw_shipment` WHERE `ship_pro` = 5 AND `ship_unitcode` = '9999' AND `ship_odid` = 113 AND `ship_dealer` = 32 LIMIT 1   [ RunTime:0.0010s ]
SQL: SELECT `pro_id`,`pro_pic` FROM `fw_product` WHERE `pro_id` = 7 AND `pro_unitcode` = '9999' LIMIT 1   [ RunTime:0.0010s ]
SQL: SELECT SUM(ship_proqty) AS tp_sum FROM `fw_shipment` WHERE `ship_pro` = 7 AND `ship_unitcode` = '9999' AND `ship_odid` = 113 AND `ship_dealer` = 32 LIMIT 1   [ RunTime:0.0010s ]
SQL: SELECT `pro_id`,`pro_pic` FROM `fw_product` WHERE `pro_id` = 11 AND `pro_unitcode` = '9999' LIMIT 1   [ RunTime:0.0000s ]
SQL: SELECT SUM(ship_proqty) AS tp_sum FROM `fw_shipment` WHERE `ship_pro` = 11 AND `ship_unitcode` = '9999' AND `ship_odid` = 113 AND `ship_dealer` = 32 LIMIT 1   [ RunTime:0.0010s ]
SQL: SELECT * FROM `fw_orderdetail` WHERE `oddt_unitcode` = '9999' AND `oddt_odid` = 112 ORDER BY oddt_id DESC LIMIT 100   [ RunTime:0.0000s ]
SQL: SELECT `pro_id`,`pro_pic` FROM `fw_product` WHERE `pro_id` = 5 AND `pro_unitcode` = '9999' LIMIT 1   [ RunTime:0.0000s ]
SQL: SELECT SUM(ship_proqty) AS tp_sum FROM `fw_shipment` WHERE `ship_pro` = 5 AND `ship_unitcode` = '9999' AND `ship_odid` = 112 AND `ship_dealer` = 32 LIMIT 1   [ RunTime:0.0000s ]
SQL: SELECT `pro_id`,`pro_pic` FROM `fw_product` WHERE `pro_id` = 7 AND `pro_unitcode` = '9999' LIMIT 1   [ RunTime:0.0010s ]
SQL: SELECT SUM(ship_proqty) AS tp_sum FROM `fw_shipment` WHERE `ship_pro` = 7 AND `ship_unitcode` = '9999' AND `ship_odid` = 112 AND `ship_dealer` = 32 LIMIT 1   [ RunTime:0.0020s ]
SQL: SELECT `pro_id`,`pro_pic` FROM `fw_product` WHERE `pro_id` = 11 AND `pro_unitcode` = '9999' LIMIT 1   [ RunTime:0.0010s ]
SQL: SELECT SUM(ship_proqty) AS tp_sum FROM `fw_shipment` WHERE `ship_pro` = 11 AND `ship_unitcode` = '9999' AND `ship_odid` = 112 AND `ship_dealer` = 32 LIMIT 1   [ RunTime:0.0010s ]
SQL: SELECT * FROM `fw_orderdetail` WHERE `oddt_unitcode` = '9999' AND `oddt_odid` = 104 ORDER BY oddt_id DESC LIMIT 100   [ RunTime:0.0010s ]
SQL: SELECT `pro_id`,`pro_pic` FROM `fw_product` WHERE `pro_id` = 5 AND `pro_unitcode` = '9999' LIMIT 1   [ RunTime:0.0000s ]
SQL: SELECT SUM(ship_proqty) AS tp_sum FROM `fw_shipment` WHERE `ship_pro` = 5 AND `ship_unitcode` = '9999' AND `ship_odid` = 104 AND `ship_dealer` = 32 LIMIT 1   [ RunTime:0.0000s ]
SQL: SELECT `pro_id`,`pro_pic` FROM `fw_product` WHERE `pro_id` = 7 AND `pro_unitcode` = '9999' LIMIT 1   [ RunTime:0.0000s ]
SQL: SELECT SUM(ship_proqty) AS tp_sum FROM `fw_shipment` WHERE `ship_pro` = 7 AND `ship_unitcode` = '9999' AND `ship_odid` = 104 AND `ship_dealer` = 32 LIMIT 1   [ RunTime:0.0000s ]
SQL: SELECT * FROM `fw_orderdetail` WHERE `oddt_unitcode` = '9999' AND `oddt_odid` = 102 ORDER BY oddt_id DESC LIMIT 100   [ RunTime:0.0010s ]
SQL: SELECT `pro_id`,`pro_pic` FROM `fw_product` WHERE `pro_id` = 5 AND `pro_unitcode` = '9999' LIMIT 1   [ RunTime:0.0010s ]
SQL: SELECT SUM(ship_proqty) AS tp_sum FROM `fw_shipment` WHERE `ship_pro` = 5 AND `ship_unitcode` = '9999' AND `ship_odid` = 102 AND `ship_dealer` = 32 LIMIT 1   [ RunTime:0.0010s ]
SQL: SELECT `pro_id`,`pro_pic` FROM `fw_product` WHERE `pro_id` = 7 AND `pro_unitcode` = '9999' LIMIT 1   [ RunTime:0.0080s ]
SQL: SELECT SUM(ship_proqty) AS tp_sum FROM `fw_shipment` WHERE `ship_pro` = 7 AND `ship_unitcode` = '9999' AND `ship_odid` = 102 AND `ship_dealer` = 32 LIMIT 1   [ RunTime:0.0010s ]
SQL: SELECT * FROM `fw_orderdetail` WHERE `oddt_unitcode` = '9999' AND `oddt_odid` = 98 ORDER BY oddt_id DESC LIMIT 100   [ RunTime:0.0010s ]
SQL: SELECT `pro_id`,`pro_pic` FROM `fw_product` WHERE `pro_id` = 5 AND `pro_unitcode` = '9999' LIMIT 1   [ RunTime:0.0010s ]
SQL: SELECT SUM(ship_proqty) AS tp_sum FROM `fw_shipment` WHERE `ship_pro` = 5 AND `ship_unitcode` = '9999' AND `ship_odid` = 98 AND `ship_dealer` = 32 LIMIT 1   [ RunTime:0.0000s ]
INFO: [ view_parse ] --START--
INFO: [ template_filter ] --START--
INFO: Run Behavior\ContentReplaceBehavior [ RunTime:0.000000s ]
INFO: [ template_filter ] --END-- [ RunTime:0.000000s ]
INFO: Run Behavior\ParseTemplateBehavior [ RunTime:0.035002s ]
INFO: [ view_parse ] --END-- [ RunTime:0.035002s ]
INFO: [ view_filter ] --START--
INFO: Run Behavior\WriteHtmlCacheBehavior [ RunTime:0.000000s ]
INFO: [ view_filter ] --END-- [ RunTime:0.000000s ]
INFO: [ app_end ] --START--
INFO: Run Behavior\ShowPageTraceBehavior [ RunTime:0.001000s ]
INFO: [ app_end ] --END-- [ RunTime:0.001000s ]
NOTIC: [2] ini_set(): A session is active. You cannot change the session module's ini settings at this time D:\Aroot\myphp_www\PHPTutorial\WWW\Kangli\index.php 第 30 行.

[ 2018-09-20T14:41:26+08:00 ] ::1 /Kangli/Kangli/Dealer
INFO: [ app_begin ] --START--
INFO: Run Behavior\ReadHtmlCacheBehavior [ RunTime:0.000000s ]
INFO: [ app_begin ] --END-- [ RunTime:0.001000s ]
INFO: [ action_begin ] --START--
SQL: SHOW COLUMNS FROM `fw_denyip` [ RunTime:0.0320s ]
SQL: SELECT * FROM `fw_denyip`  [ RunTime:0.0030s ]
INFO: Run Home\Behaviors\DenyipsBehavior [ RunTime:1.051060s ]
INFO: [ action_begin ] --END-- [ RunTime:1.051060s ]
SQL: SHOW COLUMNS FROM `fw_dltype` [ RunTime:0.0180s ]
SQL: SHOW COLUMNS FROM `fw_dealer` [ RunTime:0.0130s ]
SQL: SELECT `dlt_id`,`dlt_name`,`dlt_level` FROM `fw_dltype` WHERE `dlt_unitcode` = '9999' ORDER BY dlt_level ASC,dlt_id ASC  [ RunTime:0.0010s ]
SQL: SELECT COUNT(*) AS tp_count FROM `fw_dealer` WHERE `dl_unitcode` = '9999' AND `dl_belong` = 32 AND `dl_type` = 7 AND `dl_status` = 1 LIMIT 1   [ RunTime:0.0020s ]
SQL: SELECT COUNT(*) AS tp_count FROM `fw_dealer` WHERE `dl_unitcode` = '9999' AND `dl_belong` = 32 AND `dl_type` = 8 AND `dl_status` = 1 LIMIT 1   [ RunTime:0.0010s ]
SQL: SELECT COUNT(*) AS tp_count FROM `fw_dealer` WHERE `dl_unitcode` = '9999' AND `dl_belong` = 32 AND `dl_type` = 9 AND `dl_status` = 1 LIMIT 1   [ RunTime:0.0010s ]
SQL: SELECT COUNT(*) AS tp_count FROM `fw_dealer` WHERE `dl_unitcode` = '9999' AND `dl_belong` = 32 AND `dl_type` = 10 AND `dl_status` = 1 LIMIT 1   [ RunTime:0.0010s ]
SQL: SELECT `dl_id`,`dl_name`,`dl_weixin`,`dl_wxheadimg`,`dl_tel`,`dl_address`,`dl_addtime`,`dl_level` FROM `fw_dealer` WHERE `dl_unitcode` = '9999' AND `dl_belong` = 32 AND `dl_status` = 0 ORDER BY dl_id DESC  [ RunTime:0.0010s ]
INFO: [ view_parse ] --START--
INFO: [ template_filter ] --START--
INFO: Run Behavior\ContentReplaceBehavior [ RunTime:0.000000s ]
INFO: [ template_filter ] --END-- [ RunTime:0.000000s ]
INFO: Run Behavior\ParseTemplateBehavior [ RunTime:0.010000s ]
INFO: [ view_parse ] --END-- [ RunTime:0.010000s ]
INFO: [ view_filter ] --START--
INFO: Run Behavior\WriteHtmlCacheBehavior [ RunTime:0.001000s ]
INFO: [ view_filter ] --END-- [ RunTime:0.001000s ]
INFO: [ app_end ] --START--
INFO: Run Behavior\ShowPageTraceBehavior [ RunTime:0.000000s ]
INFO: [ app_end ] --END-- [ RunTime:0.000000s ]
NOTIC: [2] ini_set(): A session is active. You cannot change the session module's ini settings at this time D:\Aroot\myphp_www\PHPTutorial\WWW\Kangli\index.php 第 30 行.

[ 2018-09-20T14:41:43+08:00 ] ::1 /Kangli/Kangli/Dealer
INFO: [ app_begin ] --START--
INFO: Run Behavior\ReadHtmlCacheBehavior [ RunTime:0.001000s ]
INFO: [ app_begin ] --END-- [ RunTime:0.001000s ]
INFO: [ action_begin ] --START--
SQL: SHOW COLUMNS FROM `fw_denyip` [ RunTime:0.0310s ]
SQL: SELECT * FROM `fw_denyip`  [ RunTime:0.0020s ]
INFO: Run Home\Behaviors\DenyipsBehavior [ RunTime:1.047060s ]
INFO: [ action_begin ] --END-- [ RunTime:1.047060s ]
SQL: SHOW COLUMNS FROM `fw_dltype` [ RunTime:0.0200s ]
SQL: SHOW COLUMNS FROM `fw_dealer` [ RunTime:0.0120s ]
SQL: SELECT `dlt_id`,`dlt_name`,`dlt_level` FROM `fw_dltype` WHERE `dlt_unitcode` = '9999' ORDER BY dlt_level ASC,dlt_id ASC  [ RunTime:0.0010s ]
SQL: SELECT COUNT(*) AS tp_count FROM `fw_dealer` WHERE `dl_unitcode` = '9999' AND `dl_belong` = 32 AND `dl_type` = 7 AND `dl_status` = 1 LIMIT 1   [ RunTime:0.0010s ]
SQL: SELECT COUNT(*) AS tp_count FROM `fw_dealer` WHERE `dl_unitcode` = '9999' AND `dl_belong` = 32 AND `dl_type` = 8 AND `dl_status` = 1 LIMIT 1   [ RunTime:0.0010s ]
SQL: SELECT COUNT(*) AS tp_count FROM `fw_dealer` WHERE `dl_unitcode` = '9999' AND `dl_belong` = 32 AND `dl_type` = 9 AND `dl_status` = 1 LIMIT 1   [ RunTime:0.0010s ]
SQL: SELECT COUNT(*) AS tp_count FROM `fw_dealer` WHERE `dl_unitcode` = '9999' AND `dl_belong` = 32 AND `dl_type` = 10 AND `dl_status` = 1 LIMIT 1   [ RunTime:0.0010s ]
SQL: SELECT `dl_id`,`dl_name`,`dl_weixin`,`dl_wxheadimg`,`dl_tel`,`dl_address`,`dl_addtime`,`dl_level` FROM `fw_dealer` WHERE `dl_unitcode` = '9999' AND `dl_belong` = 32 AND `dl_status` = 0 ORDER BY dl_id DESC  [ RunTime:0.0010s ]
INFO: [ view_parse ] --START--
INFO: [ template_filter ] --START--
INFO: Run Behavior\ContentReplaceBehavior [ RunTime:0.000000s ]
INFO: [ template_filter ] --END-- [ RunTime:0.000000s ]
INFO: Run Behavior\ParseTemplateBehavior [ RunTime:0.010001s ]
INFO: [ view_parse ] --END-- [ RunTime:0.010001s ]
INFO: [ view_filter ] --START--
INFO: Run Behavior\WriteHtmlCacheBehavior [ RunTime:0.001000s ]
INFO: [ view_filter ] --END-- [ RunTime:0.001000s ]
INFO: [ app_end ] --START--
INFO: Run Behavior\ShowPageTraceBehavior [ RunTime:0.001000s ]
INFO: [ app_end ] --END-- [ RunTime:0.001000s ]
NOTIC: [2] ini_set(): A session is active. You cannot change the session module's ini settings at this time D:\Aroot\myphp_www\PHPTutorial\WWW\Kangli\index.php 第 30 行.

[ 2018-09-20T14:41:53+08:00 ] ::1 /Kangli/Kangli/Index
INFO: [ app_begin ] --START--
INFO: Run Behavior\ReadHtmlCacheBehavior [ RunTime:0.003000s ]
INFO: [ app_begin ] --END-- [ RunTime:0.003000s ]
INFO: [ action_begin ] --START--
SQL: SHOW COLUMNS FROM `fw_denyip` [ RunTime:0.0380s ]
SQL: SELECT * FROM `fw_denyip`  [ RunTime:0.0020s ]
INFO: Run Home\Behaviors\DenyipsBehavior [ RunTime:1.057060s ]
INFO: [ action_begin ] --END-- [ RunTime:1.057060s ]
SQL: SHOW COLUMNS FROM `fw_jfmonews` [ RunTime:0.0200s ]
SQL: SELECT `news_id`,`news_title` FROM `fw_jfmonews` WHERE `news_isgg` = 1 AND `news_unitcode` = '9999' ORDER BY news_addtime DESC  [ RunTime:0.0010s ]
SQL: SHOW COLUMNS FROM `fw_adinfo` [ RunTime:0.0130s ]
SQL: SELECT * FROM `fw_adinfo` WHERE `ad_unitcode` = '9999' ORDER BY ad_addtime DESC LIMIT 5   [ RunTime:0.0010s ]
SQL: SELECT * FROM `fw_jfmonews` WHERE `news_type` = 2 AND `news_unitcode` = '9999' ORDER BY news_addtime DESC LIMIT 2   [ RunTime:0.0010s ]
SQL: SHOW COLUMNS FROM `fw_dealer` [ RunTime:0.0130s ]
SQL: SHOW COLUMNS FROM `fw_dltype` [ RunTime:0.0130s ]
SQL: SELECT `dlt_name`,`dlt_level` FROM `fw_dltype` WHERE `dlt_unitcode` = '9999' GROUP BY dlt_name,dlt_level ORDER BY dlt_level ASC  [ RunTime:0.0020s ]
SQL: SELECT * FROM `fw_dealer` WHERE `dl_id` = 32 AND `dl_unitcode` = '9999' LIMIT 1   [ RunTime:0.0010s ]
SQL: SELECT `dl_id`,`dl_name`,`dl_level`,`dl_status`,`dl_type` FROM `fw_dealer` WHERE `dl_belong` = 32 AND `dl_unitcode` = '9999'  [ RunTime:0.0000s ]
SQL: SELECT `dl_id`,`dl_name`,`dl_level`,`dl_status`,`dl_type` FROM `fw_dealer` WHERE `dl_belong` = 34 AND `dl_unitcode` = '9999'  [ RunTime:0.0000s ]
SQL: SELECT `dl_id`,`dl_name`,`dl_level`,`dl_status`,`dl_type` FROM `fw_dealer` WHERE `dl_belong` = 35 AND `dl_unitcode` = '9999'  [ RunTime:0.0010s ]
SQL: SELECT `dl_id`,`dl_name`,`dl_level`,`dl_status`,`dl_type` FROM `fw_dealer` WHERE `dl_belong` = 38 AND `dl_unitcode` = '9999'  [ RunTime:0.0010s ]
SQL: SELECT `dl_id`,`dl_name`,`dl_level`,`dl_status`,`dl_type` FROM `fw_dealer` WHERE `dl_belong` = 36 AND `dl_unitcode` = '9999'  [ RunTime:0.0010s ]
SQL: SELECT `dl_id`,`dl_name`,`dl_level`,`dl_status`,`dl_type` FROM `fw_dealer` WHERE `dl_belong` = 39 AND `dl_unitcode` = '9999'  [ RunTime:0.0000s ]
SQL: SELECT `dl_id`,`dl_name`,`dl_level`,`dl_status`,`dl_type` FROM `fw_dealer` WHERE `dl_belong` = 61 AND `dl_unitcode` = '9999'  [ RunTime:0.0010s ]
SQL: SELECT `dl_id`,`dl_name`,`dl_level`,`dl_status`,`dl_type` FROM `fw_dealer` WHERE `dl_belong` = 63 AND `dl_unitcode` = '9999'  [ RunTime:0.0010s ]
SQL: SELECT `dl_id`,`dl_name`,`dl_level`,`dl_status`,`dl_type` FROM `fw_dealer` WHERE `dl_belong` = 44 AND `dl_unitcode` = '9999'  [ RunTime:0.0010s ]
SQL: SELECT `dl_id`,`dl_name`,`dl_level`,`dl_status`,`dl_type` FROM `fw_dealer` WHERE `dl_belong` = 65 AND `dl_unitcode` = '9999'  [ RunTime:0.0000s ]
SQL: SELECT * FROM `fw_dealer` WHERE `dl_id` = 32 AND `dl_unitcode` = '9999' LIMIT 1   [ RunTime:0.0010s ]
SQL: SELECT `dl_id`,`dl_name`,`dl_level`,`dl_status`,`dl_type` FROM `fw_dealer` WHERE `dl_belong` = 32 AND `dl_unitcode` = '9999'  [ RunTime:0.0010s ]
SQL: SELECT `dl_id`,`dl_name`,`dl_level`,`dl_status`,`dl_type` FROM `fw_dealer` WHERE `dl_belong` = 34 AND `dl_unitcode` = '9999'  [ RunTime:0.0010s ]
SQL: SELECT `dl_id`,`dl_name`,`dl_level`,`dl_status`,`dl_type` FROM `fw_dealer` WHERE `dl_belong` = 35 AND `dl_unitcode` = '9999'  [ RunTime:0.0010s ]
SQL: SELECT `dl_id`,`dl_name`,`dl_level`,`dl_status`,`dl_type` FROM `fw_dealer` WHERE `dl_belong` = 38 AND `dl_unitcode` = '9999'  [ RunTime:0.0010s ]
SQL: SELECT `dl_id`,`dl_name`,`dl_level`,`dl_status`,`dl_type` FROM `fw_dealer` WHERE `dl_belong` = 36 AND `dl_unitcode` = '9999'  [ RunTime:0.0010s ]
SQL: SELECT `dl_id`,`dl_name`,`dl_level`,`dl_status`,`dl_type` FROM `fw_dealer` WHERE `dl_belong` = 39 AND `dl_unitcode` = '9999'  [ RunTime:0.0000s ]
SQL: SELECT `dl_id`,`dl_name`,`dl_level`,`dl_status`,`dl_type` FROM `fw_dealer` WHERE `dl_belong` = 61 AND `dl_unitcode` = '9999'  [ RunTime:0.0000s ]
SQL: SELECT `dl_id`,`dl_name`,`dl_level`,`dl_status`,`dl_type` FROM `fw_dealer` WHERE `dl_belong` = 63 AND `dl_unitcode` = '9999'  [ RunTime:0.0010s ]
SQL: SELECT `dl_id`,`dl_name`,`dl_level`,`dl_status`,`dl_type` FROM `fw_dealer` WHERE `dl_belong` = 44 AND `dl_unitcode` = '9999'  [ RunTime:0.0010s ]
SQL: SELECT `dl_id`,`dl_name`,`dl_level`,`dl_status`,`dl_type` FROM `fw_dealer` WHERE `dl_belong` = 65 AND `dl_unitcode` = '9999'  [ RunTime:0.0000s ]
SQL: SELECT * FROM `fw_dealer` WHERE `dl_id` = 32 AND `dl_unitcode` = '9999' LIMIT 1   [ RunTime:0.0000s ]
SQL: SELECT `dl_id`,`dl_name`,`dl_level`,`dl_status`,`dl_type` FROM `fw_dealer` WHERE `dl_belong` = 32 AND `dl_unitcode` = '9999'  [ RunTime:0.0000s ]
SQL: SELECT `dl_id`,`dl_name`,`dl_level`,`dl_status`,`dl_type` FROM `fw_dealer` WHERE `dl_belong` = 34 AND `dl_unitcode` = '9999'  [ RunTime:0.0010s ]
SQL: SELECT `dl_id`,`dl_name`,`dl_level`,`dl_status`,`dl_type` FROM `fw_dealer` WHERE `dl_belong` = 35 AND `dl_unitcode` = '9999'  [ RunTime:0.0010s ]
SQL: SELECT `dl_id`,`dl_name`,`dl_level`,`dl_status`,`dl_type` FROM `fw_dealer` WHERE `dl_belong` = 38 AND `dl_unitcode` = '9999'  [ RunTime:0.0000s ]
SQL: SELECT `dl_id`,`dl_name`,`dl_level`,`dl_status`,`dl_type` FROM `fw_dealer` WHERE `dl_belong` = 36 AND `dl_unitcode` = '9999'  [ RunTime:0.0000s ]
SQL: SELECT `dl_id`,`dl_name`,`dl_level`,`dl_status`,`dl_type` FROM `fw_dealer` WHERE `dl_belong` = 39 AND `dl_unitcode` = '9999'  [ RunTime:0.0010s ]
SQL: SELECT `dl_id`,`dl_name`,`dl_level`,`dl_status`,`dl_type` FROM `fw_dealer` WHERE `dl_belong` = 61 AND `dl_unitcode` = '9999'  [ RunTime:0.0010s ]
SQL: SELECT `dl_id`,`dl_name`,`dl_level`,`dl_status`,`dl_type` FROM `fw_dealer` WHERE `dl_belong` = 63 AND `dl_unitcode` = '9999'  [ RunTime:0.0000s ]
SQL: SELECT `dl_id`,`dl_name`,`dl_level`,`dl_status`,`dl_type` FROM `fw_dealer` WHERE `dl_belong` = 44 AND `dl_unitcode` = '9999'  [ RunTime:0.0000s ]
SQL: SELECT `dl_id`,`dl_name`,`dl_level`,`dl_status`,`dl_type` FROM `fw_dealer` WHERE `dl_belong` = 65 AND `dl_unitcode` = '9999'  [ RunTime:0.0010s ]
SQL: SELECT * FROM `fw_dealer` WHERE `dl_id` = 32 AND `dl_unitcode` = '9999' LIMIT 1   [ RunTime:0.0010s ]
SQL: SELECT `dl_id`,`dl_name`,`dl_level`,`dl_status`,`dl_type` FROM `fw_dealer` WHERE `dl_belong` = 32 AND `dl_unitcode` = '9999'  [ RunTime:0.0020s ]
SQL: SELECT `dl_id`,`dl_name`,`dl_level`,`dl_status`,`dl_type` FROM `fw_dealer` WHERE `dl_belong` = 34 AND `dl_unitcode` = '9999'  [ RunTime:0.0020s ]
SQL: SELECT `dl_id`,`dl_name`,`dl_level`,`dl_status`,`dl_type` FROM `fw_dealer` WHERE `dl_belong` = 35 AND `dl_unitcode` = '9999'  [ RunTime:0.0010s ]
SQL: SELECT `dl_id`,`dl_name`,`dl_level`,`dl_status`,`dl_type` FROM `fw_dealer` WHERE `dl_belong` = 38 AND `dl_unitcode` = '9999'  [ RunTime:0.0010s ]
SQL: SELECT `dl_id`,`dl_name`,`dl_level`,`dl_status`,`dl_type` FROM `fw_dealer` WHERE `dl_belong` = 36 AND `dl_unitcode` = '9999'  [ RunTime:0.0000s ]
SQL: SELECT `dl_id`,`dl_name`,`dl_level`,`dl_status`,`dl_type` FROM `fw_dealer` WHERE `dl_belong` = 39 AND `dl_unitcode` = '9999'  [ RunTime:0.0010s ]
SQL: SELECT `dl_id`,`dl_name`,`dl_level`,`dl_status`,`dl_type` FROM `fw_dealer` WHERE `dl_belong` = 61 AND `dl_unitcode` = '9999'  [ RunTime:0.0010s ]
SQL: SELECT `dl_id`,`dl_name`,`dl_level`,`dl_status`,`dl_type` FROM `fw_dealer` WHERE `dl_belong` = 63 AND `dl_unitcode` = '9999'  [ RunTime:0.0010s ]
SQL: SELECT `dl_id`,`dl_name`,`dl_level`,`dl_status`,`dl_type` FROM `fw_dealer` WHERE `dl_belong` = 44 AND `dl_unitcode` = '9999'  [ RunTime:0.0000s ]
SQL: SELECT `dl_id`,`dl_name`,`dl_level`,`dl_status`,`dl_type` FROM `fw_dealer` WHERE `dl_belong` = 65 AND `dl_unitcode` = '9999'  [ RunTime:0.0010s ]
SQL: SHOW COLUMNS FROM `fw_orders` [ RunTime:0.0100s ]
SQL: SHOW COLUMNS FROM `fw_product` [ RunTime:0.0130s ]
SQL: SHOW COLUMNS FROM `fw_orderdetail` [ RunTime:0.0110s ]
SQL: SHOW COLUMNS FROM `fw_shipment` [ RunTime:0.0120s ]
SQL: SELECT `od_id`,`od_state`,`od_orderid`,`od_total`,`od_addtime` FROM `fw_orders` WHERE `od_unitcode` = '9999' AND `od_rcdlid` = 32 AND `od_virtualstock` = 1 AND `od_state` = 0 ORDER BY od_addtime DESC  [ RunTime:0.0010s ]
SQL: SELECT `dl_id`,`dl_name`,`dl_weixin`,`dl_wxheadimg`,`dl_tel`,`dl_address`,`dl_addtime`,`dl_level` FROM `fw_dealer` WHERE `dl_unitcode` = '9999' AND `dl_belong` = 32 AND `dl_status` = 0 ORDER BY dl_id DESC  [ RunTime:0.0010s ]
NOTIC: [8] Undefined variable: bas_content D:\Aroot\myphp_www\PHPTutorial\WWW\Kangli\Apps\Kangli\Controller\IndexController.class.php 第 300 行.
NOTIC: [8] Undefined variable: bas_logopic D:\Aroot\myphp_www\PHPTutorial\WWW\Kangli\Apps\Kangli\Controller\IndexController.class.php 第 302 行.
NOTIC: [8] Undefined variable: bas_footpic D:\Aroot\myphp_www\PHPTutorial\WWW\Kangli\Apps\Kangli\Controller\IndexController.class.php 第 303 行.
INFO: [ view_parse ] --START--
INFO: [ template_filter ] --START--
INFO: Run Behavior\ContentReplaceBehavior [ RunTime:0.000000s ]
INFO: [ template_filter ] --END-- [ RunTime:0.000000s ]
NOTIC: [8] Use of undefined constant count - assumed 'count' D:\Aroot\myphp_www\PHPTutorial\WWW\Kangli\Runtime\Cache\Kangli\707ff3e6b0334ba29319d61e11de267d.php 第 242 行.
NOTIC: [8] Undefined variable: oauthttamp D:\Aroot\myphp_www\PHPTutorial\WWW\Kangli\Runtime\Cache\Kangli\707ff3e6b0334ba29319d61e11de267d.php 第 605 行.
NOTIC: [8] Undefined variable: oauthtsture D:\Aroot\myphp_www\PHPTutorial\WWW\Kangli\Runtime\Cache\Kangli\707ff3e6b0334ba29319d61e11de267d.php 第 606 行.
INFO: Run Behavior\ParseTemplateBehavior [ RunTime:0.016001s ]
INFO: [ view_parse ] --END-- [ RunTime:0.017001s ]
INFO: [ view_filter ] --START--
INFO: Run Behavior\WriteHtmlCacheBehavior [ RunTime:0.000000s ]
INFO: [ view_filter ] --END-- [ RunTime:0.001000s ]
INFO: [ app_end ] --START--
INFO: Run Behavior\ShowPageTraceBehavior [ RunTime:0.000000s ]
INFO: [ app_end ] --END-- [ RunTime:0.000000s ]
NOTIC: [2] ini_set(): A session is active. You cannot change the session module's ini settings at this time D:\Aroot\myphp_www\PHPTutorial\WWW\Kangli\index.php 第 30 行.

[ 2018-09-20T14:44:53+08:00 ] ::1 /Kangli/Kangli/Index
INFO: [ app_begin ] --START--
INFO: Run Behavior\ReadHtmlCacheBehavior [ RunTime:0.001000s ]
INFO: [ app_begin ] --END-- [ RunTime:0.001000s ]
INFO: [ action_begin ] --START--
SQL: SHOW COLUMNS FROM `fw_denyip` [ RunTime:0.0340s ]
SQL: SELECT * FROM `fw_denyip`  [ RunTime:0.0030s ]
INFO: Run Home\Behaviors\DenyipsBehavior [ RunTime:1.056060s ]
INFO: [ action_begin ] --END-- [ RunTime:1.056060s ]
SQL: SHOW COLUMNS FROM `fw_jfmonews` [ RunTime:0.0200s ]
SQL: SELECT `news_id`,`news_title` FROM `fw_jfmonews` WHERE `news_isgg` = 1 AND `news_unitcode` = '9999' ORDER BY news_addtime DESC  [ RunTime:0.0010s ]
SQL: SHOW COLUMNS FROM `fw_adinfo` [ RunTime:0.0100s ]
SQL: SELECT * FROM `fw_adinfo` WHERE `ad_unitcode` = '9999' ORDER BY ad_addtime DESC LIMIT 5   [ RunTime:0.0010s ]
SQL: SELECT * FROM `fw_jfmonews` WHERE `news_type` = 2 AND `news_unitcode` = '9999' ORDER BY news_addtime DESC LIMIT 2   [ RunTime:0.0010s ]
SQL: SHOW COLUMNS FROM `fw_dealer` [ RunTime:0.0130s ]
SQL: SHOW COLUMNS FROM `fw_dltype` [ RunTime:0.0120s ]
SQL: SELECT `dlt_name`,`dlt_level` FROM `fw_dltype` WHERE `dlt_unitcode` = '9999' GROUP BY dlt_name,dlt_level ORDER BY dlt_level ASC  [ RunTime:0.0020s ]
SQL: SELECT * FROM `fw_dealer` WHERE `dl_id` = 32 AND `dl_unitcode` = '9999' LIMIT 1   [ RunTime:0.0010s ]
SQL: SELECT `dl_id`,`dl_name`,`dl_level`,`dl_status`,`dl_type` FROM `fw_dealer` WHERE `dl_belong` = 32 AND `dl_unitcode` = '9999'  [ RunTime:0.0000s ]
SQL: SELECT `dl_id`,`dl_name`,`dl_level`,`dl_status`,`dl_type` FROM `fw_dealer` WHERE `dl_belong` = 34 AND `dl_unitcode` = '9999'  [ RunTime:0.0000s ]
SQL: SELECT `dl_id`,`dl_name`,`dl_level`,`dl_status`,`dl_type` FROM `fw_dealer` WHERE `dl_belong` = 35 AND `dl_unitcode` = '9999'  [ RunTime:0.0000s ]
SQL: SELECT `dl_id`,`dl_name`,`dl_level`,`dl_status`,`dl_type` FROM `fw_dealer` WHERE `dl_belong` = 38 AND `dl_unitcode` = '9999'  [ RunTime:0.0010s ]
SQL: SELECT `dl_id`,`dl_name`,`dl_level`,`dl_status`,`dl_type` FROM `fw_dealer` WHERE `dl_belong` = 36 AND `dl_unitcode` = '9999'  [ RunTime:0.0010s ]
SQL: SELECT `dl_id`,`dl_name`,`dl_level`,`dl_status`,`dl_type` FROM `fw_dealer` WHERE `dl_belong` = 39 AND `dl_unitcode` = '9999'  [ RunTime:0.0080s ]
SQL: SELECT `dl_id`,`dl_name`,`dl_level`,`dl_status`,`dl_type` FROM `fw_dealer` WHERE `dl_belong` = 61 AND `dl_unitcode` = '9999'  [ RunTime:0.0010s ]
SQL: SELECT `dl_id`,`dl_name`,`dl_level`,`dl_status`,`dl_type` FROM `fw_dealer` WHERE `dl_belong` = 63 AND `dl_unitcode` = '9999'  [ RunTime:0.0010s ]
SQL: SELECT `dl_id`,`dl_name`,`dl_level`,`dl_status`,`dl_type` FROM `fw_dealer` WHERE `dl_belong` = 44 AND `dl_unitcode` = '9999'  [ RunTime:0.0010s ]
SQL: SELECT `dl_id`,`dl_name`,`dl_level`,`dl_status`,`dl_type` FROM `fw_dealer` WHERE `dl_belong` = 65 AND `dl_unitcode` = '9999'  [ RunTime:0.0010s ]
SQL: SELECT * FROM `fw_dealer` WHERE `dl_id` = 32 AND `dl_unitcode` = '9999' LIMIT 1   [ RunTime:0.0000s ]
SQL: SELECT `dl_id`,`dl_name`,`dl_level`,`dl_status`,`dl_type` FROM `fw_dealer` WHERE `dl_belong` = 32 AND `dl_unitcode` = '9999'  [ RunTime:0.0000s ]
SQL: SELECT `dl_id`,`dl_name`,`dl_level`,`dl_status`,`dl_type` FROM `fw_dealer` WHERE `dl_belong` = 34 AND `dl_unitcode` = '9999'  [ RunTime:0.0010s ]
SQL: SELECT `dl_id`,`dl_name`,`dl_level`,`dl_status`,`dl_type` FROM `fw_dealer` WHERE `dl_belong` = 35 AND `dl_unitcode` = '9999'  [ RunTime:0.0010s ]
SQL: SELECT `dl_id`,`dl_name`,`dl_level`,`dl_status`,`dl_type` FROM `fw_dealer` WHERE `dl_belong` = 38 AND `dl_unitcode` = '9999'  [ RunTime:0.0040s ]
SQL: SELECT `dl_id`,`dl_name`,`dl_level`,`dl_status`,`dl_type` FROM `fw_dealer` WHERE `dl_belong` = 36 AND `dl_unitcode` = '9999'  [ RunTime:0.0010s ]
SQL: SELECT `dl_id`,`dl_name`,`dl_level`,`dl_status`,`dl_type` FROM `fw_dealer` WHERE `dl_belong` = 39 AND `dl_unitcode` = '9999'  [ RunTime:0.0010s ]
SQL: SELECT `dl_id`,`dl_name`,`dl_level`,`dl_status`,`dl_type` FROM `fw_dealer` WHERE `dl_belong` = 61 AND `dl_unitcode` = '9999'  [ RunTime:0.0000s ]
SQL: SELECT `dl_id`,`dl_name`,`dl_level`,`dl_status`,`dl_type` FROM `fw_dealer` WHERE `dl_belong` = 63 AND `dl_unitcode` = '9999'  [ RunTime:0.0000s ]
SQL: SELECT `dl_id`,`dl_name`,`dl_level`,`dl_status`,`dl_type` FROM `fw_dealer` WHERE `dl_belong` = 44 AND `dl_unitcode` = '9999'  [ RunTime:0.0010s ]
SQL: SELECT `dl_id`,`dl_name`,`dl_level`,`dl_status`,`dl_type` FROM `fw_dealer` WHERE `dl_belong` = 65 AND `dl_unitcode` = '9999'  [ RunTime:0.0010s ]
SQL: SELECT * FROM `fw_dealer` WHERE `dl_id` = 32 AND `dl_unitcode` = '9999' LIMIT 1   [ RunTime:0.0010s ]
SQL: SELECT `dl_id`,`dl_name`,`dl_level`,`dl_status`,`dl_type` FROM `fw_dealer` WHERE `dl_belong` = 32 AND `dl_unitcode` = '9999'  [ RunTime:0.0000s ]
SQL: SELECT `dl_id`,`dl_name`,`dl_level`,`dl_status`,`dl_type` FROM `fw_dealer` WHERE `dl_belong` = 34 AND `dl_unitcode` = '9999'  [ RunTime:0.0000s ]
SQL: SELECT `dl_id`,`dl_name`,`dl_level`,`dl_status`,`dl_type` FROM `fw_dealer` WHERE `dl_belong` = 35 AND `dl_unitcode` = '9999'  [ RunTime:0.0010s ]
SQL: SELECT `dl_id`,`dl_name`,`dl_level`,`dl_status`,`dl_type` FROM `fw_dealer` WHERE `dl_belong` = 38 AND `dl_unitcode` = '9999'  [ RunTime:0.0010s ]
SQL: SELECT `dl_id`,`dl_name`,`dl_level`,`dl_status`,`dl_type` FROM `fw_dealer` WHERE `dl_belong` = 36 AND `dl_unitcode` = '9999'  [ RunTime:0.0010s ]
SQL: SELECT `dl_id`,`dl_name`,`dl_level`,`dl_status`,`dl_type` FROM `fw_dealer` WHERE `dl_belong` = 39 AND `dl_unitcode` = '9999'  [ RunTime:0.0010s ]
SQL: SELECT `dl_id`,`dl_name`,`dl_level`,`dl_status`,`dl_type` FROM `fw_dealer` WHERE `dl_belong` = 61 AND `dl_unitcode` = '9999'  [ RunTime:0.0000s ]
SQL: SELECT `dl_id`,`dl_name`,`dl_level`,`dl_status`,`dl_type` FROM `fw_dealer` WHERE `dl_belong` = 63 AND `dl_unitcode` = '9999'  [ RunTime:0.0000s ]
SQL: SELECT `dl_id`,`dl_name`,`dl_level`,`dl_status`,`dl_type` FROM `fw_dealer` WHERE `dl_belong` = 44 AND `dl_unitcode` = '9999'  [ RunTime:0.0010s ]
SQL: SELECT `dl_id`,`dl_name`,`dl_level`,`dl_status`,`dl_type` FROM `fw_dealer` WHERE `dl_belong` = 65 AND `dl_unitcode` = '9999'  [ RunTime:0.0010s ]
SQL: SELECT * FROM `fw_dealer` WHERE `dl_id` = 32 AND `dl_unitcode` = '9999' LIMIT 1   [ RunTime:0.0010s ]
SQL: SELECT `dl_id`,`dl_name`,`dl_level`,`dl_status`,`dl_type` FROM `fw_dealer` WHERE `dl_belong` = 32 AND `dl_unitcode` = '9999'  [ RunTime:0.0010s ]
SQL: SELECT `dl_id`,`dl_name`,`dl_level`,`dl_status`,`dl_type` FROM `fw_dealer` WHERE `dl_belong` = 34 AND `dl_unitcode` = '9999'  [ RunTime:0.0010s ]
SQL: SELECT `dl_id`,`dl_name`,`dl_level`,`dl_status`,`dl_type` FROM `fw_dealer` WHERE `dl_belong` = 35 AND `dl_unitcode` = '9999'  [ RunTime:0.0000s ]
SQL: SELECT `dl_id`,`dl_name`,`dl_level`,`dl_status`,`dl_type` FROM `fw_dealer` WHERE `dl_belong` = 38 AND `dl_unitcode` = '9999'  [ RunTime:0.0000s ]
SQL: SELECT `dl_id`,`dl_name`,`dl_level`,`dl_status`,`dl_type` FROM `fw_dealer` WHERE `dl_belong` = 36 AND `dl_unitcode` = '9999'  [ RunTime:0.0010s ]
SQL: SELECT `dl_id`,`dl_name`,`dl_level`,`dl_status`,`dl_type` FROM `fw_dealer` WHERE `dl_belong` = 39 AND `dl_unitcode` = '9999'  [ RunTime:0.0040s ]
SQL: SELECT `dl_id`,`dl_name`,`dl_level`,`dl_status`,`dl_type` FROM `fw_dealer` WHERE `dl_belong` = 61 AND `dl_unitcode` = '9999'  [ RunTime:0.0020s ]
SQL: SELECT `dl_id`,`dl_name`,`dl_level`,`dl_status`,`dl_type` FROM `fw_dealer` WHERE `dl_belong` = 63 AND `dl_unitcode` = '9999'  [ RunTime:0.0010s ]
SQL: SELECT `dl_id`,`dl_name`,`dl_level`,`dl_status`,`dl_type` FROM `fw_dealer` WHERE `dl_belong` = 44 AND `dl_unitcode` = '9999'  [ RunTime:0.0010s ]
SQL: SELECT `dl_id`,`dl_name`,`dl_level`,`dl_status`,`dl_type` FROM `fw_dealer` WHERE `dl_belong` = 65 AND `dl_unitcode` = '9999'  [ RunTime:0.0000s ]
SQL: SHOW COLUMNS FROM `fw_orders` [ RunTime:0.0100s ]
SQL: SHOW COLUMNS FROM `fw_product` [ RunTime:0.0110s ]
SQL: SHOW COLUMNS FROM `fw_orderdetail` [ RunTime:0.0110s ]
SQL: SHOW COLUMNS FROM `fw_shipment` [ RunTime:0.0120s ]
SQL: SELECT `od_id`,`od_state`,`od_orderid`,`od_total`,`od_addtime` FROM `fw_orders` WHERE `od_unitcode` = '9999' AND `od_rcdlid` = 32 AND `od_virtualstock` = 1 AND `od_state` = 0 ORDER BY od_addtime DESC  [ RunTime:0.0030s ]
SQL: SELECT `dl_id`,`dl_name`,`dl_weixin`,`dl_wxheadimg`,`dl_tel`,`dl_address`,`dl_addtime`,`dl_level` FROM `fw_dealer` WHERE `dl_unitcode` = '9999' AND `dl_belong` = 32 AND `dl_status` = 0 ORDER BY dl_id DESC  [ RunTime:0.0010s ]
NOTIC: [8] Undefined variable: bas_content D:\Aroot\myphp_www\PHPTutorial\WWW\Kangli\Apps\Kangli\Controller\IndexController.class.php 第 300 行.
NOTIC: [8] Undefined variable: bas_logopic D:\Aroot\myphp_www\PHPTutorial\WWW\Kangli\Apps\Kangli\Controller\IndexController.class.php 第 302 行.
NOTIC: [8] Undefined variable: bas_footpic D:\Aroot\myphp_www\PHPTutorial\WWW\Kangli\Apps\Kangli\Controller\IndexController.class.php 第 303 行.
INFO: [ view_parse ] --START--
INFO: [ template_filter ] --START--
INFO: Run Behavior\ContentReplaceBehavior [ RunTime:0.000000s ]
INFO: [ template_filter ] --END-- [ RunTime:0.000000s ]
NOTIC: [8] Use of undefined constant count - assumed 'count' D:\Aroot\myphp_www\PHPTutorial\WWW\Kangli\Runtime\Cache\Kangli\707ff3e6b0334ba29319d61e11de267d.php 第 242 行.
NOTIC: [8] Undefined variable: oauthttamp D:\Aroot\myphp_www\PHPTutorial\WWW\Kangli\Runtime\Cache\Kangli\707ff3e6b0334ba29319d61e11de267d.php 第 605 行.
NOTIC: [8] Undefined variable: oauthtsture D:\Aroot\myphp_www\PHPTutorial\WWW\Kangli\Runtime\Cache\Kangli\707ff3e6b0334ba29319d61e11de267d.php 第 606 行.
INFO: Run Behavior\ParseTemplateBehavior [ RunTime:0.017001s ]
INFO: [ view_parse ] --END-- [ RunTime:0.017001s ]
INFO: [ view_filter ] --START--
INFO: Run Behavior\WriteHtmlCacheBehavior [ RunTime:0.000000s ]
INFO: [ view_filter ] --END-- [ RunTime:0.000000s ]
INFO: [ app_end ] --START--
INFO: Run Behavior\ShowPageTraceBehavior [ RunTime:0.001000s ]
INFO: [ app_end ] --END-- [ RunTime:0.001000s ]
NOTIC: [2] ini_set(): A session is active. You cannot change the session module's ini settings at this time D:\Aroot\myphp_www\PHPTutorial\WWW\Kangli\index.php 第 30 行.

