[ 2018-04-17T18:27:27+08:00 ] ::1 /kangli/kangli
INFO: [ app_init ] --START--
INFO: Run Behavior\BuildLiteBehavior [ RunTime:0.000000s ]
INFO: [ app_init ] --END-- [ RunTime:0.001000s ]
INFO: [ app_begin ] --START--
INFO: Run Behavior\ReadHtmlCacheBehavior [ RunTime:0.001000s ]
INFO: [ app_begin ] --END-- [ RunTime:0.002000s ]
INFO: [ action_begin ] --START--
SQL: SHOW COLUMNS FROM `fw_denyip` [ RunTime:0.0000s ]
SQL: SELECT * FROM `fw_denyip`  [ RunTime:0.0010s ]
INFO: Run Home\Behaviors\DenyipsBehavior [ RunTime:0.012000s ]
INFO: [ action_begin ] --END-- [ RunTime:0.012000s ]
SQL: SHOW COLUMNS FROM `fw_jfmonews` [ RunTime:0.0000s ]
SQL: SELECT `news_id`,`news_title` FROM `fw_jfmonews` WHERE `news_isgg` = 1 AND `news_unitcode` = '9999' ORDER BY news_addtime DESC  [ RunTime:0.0010s ]
SQL: SHOW COLUMNS FROM `fw_adinfo` [ RunTime:0.0000s ]
SQL: SELECT * FROM `fw_adinfo` WHERE `ad_unitcode` = '9999' ORDER BY ad_addtime DESC LIMIT 5   [ RunTime:0.0000s ]
SQL: SELECT * FROM `fw_jfmonews` WHERE `news_type` = 2 AND `news_unitcode` = '9999' ORDER BY news_addtime DESC LIMIT 2   [ RunTime:0.0010s ]
SQL: SHOW COLUMNS FROM `fw_dealer` [ RunTime:0.0010s ]
SQL: SHOW COLUMNS FROM `fw_dltype` [ RunTime:0.0000s ]
SQL: SELECT `dlt_name`,`dlt_level` FROM `fw_dltype` WHERE `dlt_unitcode` = '9999' GROUP BY dlt_name,dlt_level ORDER BY dlt_level ASC  [ RunTime:0.0000s ]
SQL: SHOW COLUMNS FROM `fw_orders` [ RunTime:0.0010s ]
SQL: SHOW COLUMNS FROM `fw_product` [ RunTime:0.0000s ]
SQL: SHOW COLUMNS FROM `fw_orderdetail` [ RunTime:0.0010s ]
SQL: SHOW COLUMNS FROM `fw_shipment` [ RunTime:0.0000s ]
SQL: SELECT `od_id`,`od_state`,`od_orderid`,`od_total`,`od_addtime` FROM `fw_orders` WHERE `od_unitcode` = '9999' AND `od_rcdlid` = null AND `od_virtualstock` = 1 AND `od_state` = 0 ORDER BY od_addtime DESC  [ RunTime:0.0000s ]
SQL: SELECT `dl_id`,`dl_name`,`dl_weixin`,`dl_wxheadimg`,`dl_tel`,`dl_address`,`dl_addtime`,`dl_level` FROM `fw_dealer` WHERE `dl_unitcode` = '9999' AND `dl_belong` = null AND `dl_status` = 0 ORDER BY dl_id DESC  [ RunTime:0.0000s ]
NOTIC: [8] Undefined variable: bas_content D:\wamp64\www\Kangli\Apps\Kangli\Controller\IndexController.class.php 第 282 行.
NOTIC: [8] Undefined variable: bas_logopic D:\wamp64\www\Kangli\Apps\Kangli\Controller\IndexController.class.php 第 284 行.
NOTIC: [8] Undefined variable: bas_footpic D:\wamp64\www\Kangli\Apps\Kangli\Controller\IndexController.class.php 第 285 行.
INFO: [ view_parse ] --START--
INFO: [ template_filter ] --START--
INFO: Run Behavior\ContentReplaceBehavior [ RunTime:0.000000s ]
INFO: [ template_filter ] --END-- [ RunTime:0.000000s ]
NOTIC: [8] Use of undefined constant count - assumed 'count' D:\wamp64\www\Kangli\Runtime\Cache\Kangli\707ff3e6b0334ba29319d61e11de267d.php 第 242 行.
INFO: Run Behavior\ParseTemplateBehavior [ RunTime:0.013000s ]
INFO: [ view_parse ] --END-- [ RunTime:0.013000s ]
INFO: [ view_filter ] --START--
INFO: Run Behavior\WriteHtmlCacheBehavior [ RunTime:0.000000s ]
INFO: [ view_filter ] --END-- [ RunTime:0.001000s ]
INFO: [ app_end ] --START--
INFO: Run Behavior\ShowPageTraceBehavior [ RunTime:0.001000s ]
INFO: [ app_end ] --END-- [ RunTime:0.001000s ]
NOTIC: [2] ini_set(): A session is active. You cannot change the session module's ini settings at this time D:\wamp64\www\Kangli\index.php 第 31 行.

[ 2018-04-17T18:27:29+08:00 ] ::1 /Kangli/Kangli/Mine
INFO: [ app_init ] --START--
INFO: Run Behavior\BuildLiteBehavior [ RunTime:0.000000s ]
INFO: [ app_init ] --END-- [ RunTime:0.000000s ]
INFO: [ app_begin ] --START--
INFO: Run Behavior\ReadHtmlCacheBehavior [ RunTime:0.001000s ]
INFO: [ app_begin ] --END-- [ RunTime:0.001000s ]
INFO: [ action_begin ] --START--
SQL: SHOW COLUMNS FROM `fw_denyip` [ RunTime:0.0010s ]
SQL: SELECT * FROM `fw_denyip`  [ RunTime:0.0000s ]
INFO: Run Home\Behaviors\DenyipsBehavior [ RunTime:0.017000s ]
INFO: [ action_begin ] --END-- [ RunTime:0.017000s ]
SQL: SHOW COLUMNS FROM `fw_dealer` [ RunTime:0.0010s ]
SQL: SHOW COLUMNS FROM `fw_dltype` [ RunTime:0.0010s ]
SQL: SHOW COLUMNS FROM `fw_fanlidetail` [ RunTime:0.0000s ]
SQL: SHOW COLUMNS FROM `fw_orders` [ RunTime:0.0010s ]
SQL: SELECT `dl_id`,`dl_username`,`dl_name`,`dl_belong`,`dl_type`,`dl_level`,`dl_wxheadimg` FROM `fw_dealer` WHERE `dl_id` = null AND `dl_unitcode` = '9999' LIMIT 1   [ RunTime:0.0000s ]
INFO: [ view_parse ] --START--
INFO: [ template_filter ] --START--
INFO: Run Behavior\ContentReplaceBehavior [ RunTime:0.000000s ]
INFO: [ template_filter ] --END-- [ RunTime:0.000000s ]
NOTIC: [8] Undefined variable: item D:\wamp64\www\Kangli\Runtime\Cache\Kangli\71a806bdd4c5c4d7ad2968fc5894cbd0.php 第 143 行.
INFO: Run Behavior\ParseTemplateBehavior [ RunTime:0.007000s ]
INFO: [ view_parse ] --END-- [ RunTime:0.007000s ]
INFO: [ view_filter ] --START--
INFO: Run Behavior\WriteHtmlCacheBehavior [ RunTime:0.000000s ]
INFO: [ view_filter ] --END-- [ RunTime:0.000000s ]
INFO: [ app_end ] --START--
INFO: Run Behavior\ShowPageTraceBehavior [ RunTime:0.001000s ]
INFO: [ app_end ] --END-- [ RunTime:0.001000s ]
NOTIC: [2] ini_set(): A session is active. You cannot change the session module's ini settings at this time D:\wamp64\www\Kangli\index.php 第 31 行.

[ 2018-04-17T18:27:29+08:00 ] ::1 /Kangli/Kangli/Dealer/login/ttamp/1523960849/sture/751340b3bc53d0fdfdad86273c7d6b68/tagpage/aHR0cDovL2xvY2FsaG9zdC9LYW5nbGkvS2FuZ2xpL01pbmU=
INFO: [ app_init ] --START--
INFO: Run Behavior\BuildLiteBehavior [ RunTime:0.000000s ]
INFO: [ app_init ] --END-- [ RunTime:0.000000s ]
INFO: [ app_begin ] --START--
INFO: Run Behavior\ReadHtmlCacheBehavior [ RunTime:0.000000s ]
INFO: [ app_begin ] --END-- [ RunTime:0.000000s ]
INFO: [ action_begin ] --START--
SQL: SHOW COLUMNS FROM `fw_denyip` [ RunTime:0.0010s ]
SQL: SELECT * FROM `fw_denyip`  [ RunTime:0.0000s ]
INFO: Run Home\Behaviors\DenyipsBehavior [ RunTime:0.017000s ]
INFO: [ action_begin ] --END-- [ RunTime:0.017000s ]
INFO: [ view_parse ] --START--
INFO: [ template_filter ] --START--
INFO: Run Behavior\ContentReplaceBehavior [ RunTime:0.000000s ]
INFO: [ template_filter ] --END-- [ RunTime:0.000000s ]
INFO: Run Behavior\ParseTemplateBehavior [ RunTime:0.005000s ]
INFO: [ view_parse ] --END-- [ RunTime:0.005000s ]
INFO: [ view_filter ] --START--
INFO: Run Behavior\WriteHtmlCacheBehavior [ RunTime:0.000000s ]
INFO: [ view_filter ] --END-- [ RunTime:0.000000s ]
INFO: [ app_end ] --START--
INFO: Run Behavior\ShowPageTraceBehavior [ RunTime:0.000000s ]
INFO: [ app_end ] --END-- [ RunTime:0.000000s ]
NOTIC: [2] ini_set(): A session is active. You cannot change the session module's ini settings at this time D:\wamp64\www\Kangli\index.php 第 31 行.

[ 2018-04-17T18:27:29+08:00 ] ::1 /Kangli/Kangli/Mine
INFO: [ app_init ] --START--
INFO: Run Behavior\BuildLiteBehavior [ RunTime:0.000000s ]
INFO: [ app_init ] --END-- [ RunTime:0.000000s ]
INFO: [ app_begin ] --START--
INFO: Run Behavior\ReadHtmlCacheBehavior [ RunTime:0.001000s ]
INFO: [ app_begin ] --END-- [ RunTime:0.001000s ]
INFO: [ action_begin ] --START--
SQL: SHOW COLUMNS FROM `fw_denyip` [ RunTime:0.0000s ]
SQL: SELECT * FROM `fw_denyip`  [ RunTime:0.0010s ]
INFO: Run Home\Behaviors\DenyipsBehavior [ RunTime:0.008000s ]
INFO: [ action_begin ] --END-- [ RunTime:0.008000s ]
SQL: SHOW COLUMNS FROM `fw_dealer` [ RunTime:0.0000s ]
SQL: SHOW COLUMNS FROM `fw_dltype` [ RunTime:0.0000s ]
SQL: SHOW COLUMNS FROM `fw_fanlidetail` [ RunTime:0.0010s ]
SQL: SHOW COLUMNS FROM `fw_orders` [ RunTime:0.0000s ]
SQL: SELECT `dl_id`,`dl_username`,`dl_name`,`dl_belong`,`dl_type`,`dl_level`,`dl_wxheadimg` FROM `fw_dealer` WHERE `dl_id` = null AND `dl_unitcode` = '9999' LIMIT 1   [ RunTime:0.0000s ]
INFO: [ view_parse ] --START--
INFO: [ template_filter ] --START--
INFO: Run Behavior\ContentReplaceBehavior [ RunTime:0.000000s ]
INFO: [ template_filter ] --END-- [ RunTime:0.000000s ]
NOTIC: [8] Undefined variable: item D:\wamp64\www\Kangli\Runtime\Cache\Kangli\71a806bdd4c5c4d7ad2968fc5894cbd0.php 第 143 行.
INFO: Run Behavior\ParseTemplateBehavior [ RunTime:0.006000s ]
INFO: [ view_parse ] --END-- [ RunTime:0.007000s ]
INFO: [ view_filter ] --START--
INFO: Run Behavior\WriteHtmlCacheBehavior [ RunTime:0.000000s ]
INFO: [ view_filter ] --END-- [ RunTime:0.000000s ]
INFO: [ app_end ] --START--
INFO: Run Behavior\ShowPageTraceBehavior [ RunTime:0.001000s ]
INFO: [ app_end ] --END-- [ RunTime:0.001000s ]
NOTIC: [2] ini_set(): A session is active. You cannot change the session module's ini settings at this time D:\wamp64\www\Kangli\index.php 第 31 行.

[ 2018-04-17T18:27:29+08:00 ] ::1 /Kangli/Kangli/Dealer/login/ttamp/1523960849/sture/751340b3bc53d0fdfdad86273c7d6b68/tagpage/aHR0cDovL2xvY2FsaG9zdC9LYW5nbGkvS2FuZ2xpL01pbmU=
INFO: [ app_init ] --START--
INFO: Run Behavior\BuildLiteBehavior [ RunTime:0.000000s ]
INFO: [ app_init ] --END-- [ RunTime:0.000000s ]
INFO: [ app_begin ] --START--
INFO: Run Behavior\ReadHtmlCacheBehavior [ RunTime:0.000000s ]
INFO: [ app_begin ] --END-- [ RunTime:0.000000s ]
INFO: [ action_begin ] --START--
SQL: SHOW COLUMNS FROM `fw_denyip` [ RunTime:0.0010s ]
SQL: SELECT * FROM `fw_denyip`  [ RunTime:0.0000s ]
INFO: Run Home\Behaviors\DenyipsBehavior [ RunTime:0.016000s ]
INFO: [ action_begin ] --END-- [ RunTime:0.016000s ]
INFO: [ view_parse ] --START--
INFO: [ template_filter ] --START--
INFO: Run Behavior\ContentReplaceBehavior [ RunTime:0.001000s ]
INFO: [ template_filter ] --END-- [ RunTime:0.001000s ]
INFO: Run Behavior\ParseTemplateBehavior [ RunTime:0.004000s ]
INFO: [ view_parse ] --END-- [ RunTime:0.004000s ]
INFO: [ view_filter ] --START--
INFO: Run Behavior\WriteHtmlCacheBehavior [ RunTime:0.001000s ]
INFO: [ view_filter ] --END-- [ RunTime:0.001000s ]
INFO: [ app_end ] --START--
INFO: Run Behavior\ShowPageTraceBehavior [ RunTime:0.000000s ]
INFO: [ app_end ] --END-- [ RunTime:0.000000s ]
NOTIC: [2] ini_set(): A session is active. You cannot change the session module's ini settings at this time D:\wamp64\www\Kangli\index.php 第 31 行.

[ 2018-04-17T18:27:40+08:00 ] ::1 /Kangli/Kangli/Dealer/login
INFO: [ app_init ] --START--
INFO: Run Behavior\BuildLiteBehavior [ RunTime:0.000000s ]
INFO: [ app_init ] --END-- [ RunTime:0.001000s ]
INFO: [ app_begin ] --START--
INFO: Run Behavior\ReadHtmlCacheBehavior [ RunTime:0.001000s ]
INFO: [ app_begin ] --END-- [ RunTime:0.001000s ]
INFO: [ action_begin ] --START--
SQL: SHOW COLUMNS FROM `fw_denyip` [ RunTime:0.0000s ]
SQL: SELECT * FROM `fw_denyip`  [ RunTime:0.0000s ]
INFO: Run Home\Behaviors\DenyipsBehavior [ RunTime:0.022000s ]
INFO: [ action_begin ] --END-- [ RunTime:0.022000s ]
SQL: SHOW COLUMNS FROM `fw_dealer` [ RunTime:0.0010s ]
SQL: SELECT * FROM `fw_dealer` WHERE `dl_username` = 'test99' AND `dl_unitcode` = '9999' LIMIT 1   [ RunTime:0.0010s ]
SQL: SHOW COLUMNS FROM `fw_log` [ RunTime:0.0000s ]
SQL: INSERT INTO `fw_log` (`log_qyid`,`log_user`,`log_qycode`,`log_action`,`log_type`,`log_addtime`,`log_ip`,`log_link`,`log_remark`) VALUES ('32','test99','9999','经销商账号登录','2','1523960860','0.0.0.0','/Kangli/Kangli/Dealer/login','') [ RunTime:0.0000s ]
SQL: UPDATE `fw_dealer` SET `dl_logintime`='1523960860' WHERE `dl_username` = 'test99' AND `dl_unitcode` = '9999' [ RunTime:0.0000s ]

[ 2018-04-17T18:27:40+08:00 ] ::1 /Kangli/Kangli/Mine
INFO: [ app_init ] --START--
INFO: Run Behavior\BuildLiteBehavior [ RunTime:0.000000s ]
INFO: [ app_init ] --END-- [ RunTime:0.001000s ]
INFO: [ app_begin ] --START--
INFO: Run Behavior\ReadHtmlCacheBehavior [ RunTime:0.001000s ]
INFO: [ app_begin ] --END-- [ RunTime:0.001000s ]
INFO: [ action_begin ] --START--
SQL: SHOW COLUMNS FROM `fw_denyip` [ RunTime:0.0000s ]
SQL: SELECT * FROM `fw_denyip`  [ RunTime:0.0010s ]
INFO: Run Home\Behaviors\DenyipsBehavior [ RunTime:0.011000s ]
INFO: [ action_begin ] --END-- [ RunTime:0.011000s ]
SQL: SHOW COLUMNS FROM `fw_dealer` [ RunTime:0.0010s ]
SQL: SHOW COLUMNS FROM `fw_dltype` [ RunTime:0.0000s ]
SQL: SHOW COLUMNS FROM `fw_fanlidetail` [ RunTime:0.0000s ]
SQL: SHOW COLUMNS FROM `fw_orders` [ RunTime:0.0010s ]
SQL: SELECT `dl_id`,`dl_username`,`dl_name`,`dl_belong`,`dl_type`,`dl_level`,`dl_wxheadimg` FROM `fw_dealer` WHERE `dl_id` = 32 AND `dl_unitcode` = '9999' LIMIT 1   [ RunTime:0.0010s ]
SQL: SELECT `dlt_id`,`dlt_name` FROM `fw_dltype` WHERE `dlt_unitcode` = '9999' AND `dlt_id` = 7 AND `dlt_level` = 1 LIMIT 1   [ RunTime:0.0000s ]
SQL: SELECT SUM(fl_money) AS tp_sum FROM `fw_fanlidetail` WHERE `fl_dlid` = 32 AND `fl_unitcode` = '9999' AND `fl_state` = 0 LIMIT 1   [ RunTime:0.0000s ]
SQL: UPDATE `fw_dealer` SET `dl_fanli`='0' WHERE `dl_id` = 32 AND `dl_unitcode` = '9999' [ RunTime:0.0000s ]
SQL: SHOW COLUMNS FROM `fw_orders` [ RunTime:0.0000s ]
SQL: SELECT * FROM fw_orders a,fw_orderdetail b WHERE a.od_unitcode = '9999' AND a.od_state IN ('3','8') AND a.od_oddlid = '32' AND a.od_id =b.oddt_odid AND a.od_virtualstock = 1 ORDER BY a.od_addtime DESC  [ RunTime:0.0000s ]
SQL: SHOW COLUMNS FROM `fw_orders` [ RunTime:0.0010s ]
SQL: SELECT * FROM fw_orders a,fw_orderdetail b WHERE a.od_unitcode = '9999' AND a.od_state IN ('0','1','2','3','8') AND a.od_rcdlid = '32' AND a.od_id =b.oddt_odid AND a.od_virtualstock = 1 ORDER BY a.od_addtime DESC  [ RunTime:0.0010s ]
SQL: SHOW COLUMNS FROM `fw_orders` [ RunTime:0.0000s ]
SQL: SELECT * FROM fw_orders a,fw_orderdetail b WHERE a.od_unitcode = '9999' AND a.od_state IN ('0','1','2','3','8') AND a.od_oddlid = '32' AND a.od_id =b.oddt_odid AND a.od_virtualstock = 0 ORDER BY a.od_addtime DESC  [ RunTime:0.0010s ]
SQL: SELECT SUM(od_total) AS tp_sum FROM `fw_orders` WHERE `od_unitcode` = '9999' AND `od_rcdlid` = 32 AND `od_state` IN ('3','8') AND `od_virtualstock` = 1 LIMIT 1   [ RunTime:0.0000s ]
SQL: SELECT SUM(od_expressfee) AS tp_sum FROM `fw_orders` WHERE `od_unitcode` = '9999' AND `od_rcdlid` = 32 AND `od_state` IN ('3','8') AND `od_virtualstock` = 1 LIMIT 1   [ RunTime:0.0010s ]
SQL: SELECT SUM(od_total) AS tp_sum FROM `fw_orders` WHERE `od_unitcode` = '9999' AND `od_oddlid` = 32 AND `od_state` IN ('3','8') AND `od_virtualstock` = 1 AND `od_fugou` = 1 AND `od_addtime` BETWEEN 1522512000 AND 1523960860 LIMIT 1   [ RunTime:0.0000s ]
SQL: SELECT SUM(od_expressfee) AS tp_sum FROM `fw_orders` WHERE `od_unitcode` = '9999' AND `od_oddlid` = 32 AND `od_state` IN ('3','8') AND `od_virtualstock` = 1 AND `od_fugou` = 1 AND `od_addtime` BETWEEN 1522512000 AND 1523960860 LIMIT 1   [ RunTime:0.0000s ]
SQL: SELECT COUNT(*) AS tp_count FROM `fw_orders` WHERE `od_unitcode` = '9999' AND `od_rcdlid` = 32 AND `od_virtualstock` = 1 AND `od_state` = 0 LIMIT 1   [ RunTime:0.0000s ]
SQL: SELECT COUNT(*) AS tp_count FROM `fw_orders` WHERE `od_unitcode` = '9999' AND `od_rcdlid` = 32 AND `od_state` IN ('1','2') AND `od_virtualstock` = 1 LIMIT 1   [ RunTime:0.0000s ]
SQL: SELECT `dl_id`,`dl_username`,`dl_name`,`dl_belong`,`dl_type`,`dl_level`,`dl_wxheadimg` FROM `fw_dealer` WHERE `dl_unitcode` = '9999' AND `dl_level` = 1 LIMIT 1000   [ RunTime:0.0000s ]
INFO: [ view_parse ] --START--
INFO: [ template_filter ] --START--
INFO: Run Behavior\ContentReplaceBehavior [ RunTime:0.000000s ]
INFO: [ template_filter ] --END-- [ RunTime:0.000000s ]
NOTIC: [8] Undefined variable: item D:\wamp64\www\Kangli\Runtime\Cache\Kangli\71a806bdd4c5c4d7ad2968fc5894cbd0.php 第 143 行.
INFO: Run Behavior\ParseTemplateBehavior [ RunTime:0.007000s ]
INFO: [ view_parse ] --END-- [ RunTime:0.007000s ]
INFO: [ view_filter ] --START--
INFO: Run Behavior\WriteHtmlCacheBehavior [ RunTime:0.000000s ]
INFO: [ view_filter ] --END-- [ RunTime:0.000000s ]
INFO: [ app_end ] --START--
INFO: Run Behavior\ShowPageTraceBehavior [ RunTime:0.000000s ]
INFO: [ app_end ] --END-- [ RunTime:0.000000s ]
NOTIC: [2] ini_set(): A session is active. You cannot change the session module's ini settings at this time D:\wamp64\www\Kangli\index.php 第 31 行.

[ 2018-04-17T18:27:41+08:00 ] ::1 /Kangli/Kangli/Orders
INFO: [ app_init ] --START--
INFO: Run Behavior\BuildLiteBehavior [ RunTime:0.000000s ]
INFO: [ app_init ] --END-- [ RunTime:0.000000s ]
INFO: [ app_begin ] --START--
INFO: Run Behavior\ReadHtmlCacheBehavior [ RunTime:0.001000s ]
INFO: [ app_begin ] --END-- [ RunTime:0.001000s ]
INFO: [ action_begin ] --START--
SQL: SHOW COLUMNS FROM `fw_denyip` [ RunTime:0.0010s ]
SQL: SELECT * FROM `fw_denyip`  [ RunTime:0.0000s ]
INFO: Run Home\Behaviors\DenyipsBehavior [ RunTime:0.008000s ]
INFO: [ action_begin ] --END-- [ RunTime:0.008000s ]
SQL: SHOW COLUMNS FROM `fw_orders` [ RunTime:0.0010s ]
SQL: SELECT COUNT(*) AS tp_count FROM `fw_orders` WHERE `od_unitcode` = '9999' AND `od_rcdlid` = 32 AND `od_state` = 0 AND `od_virtualstock` = 1 LIMIT 1   [ RunTime:0.0010s ]
SQL: SELECT COUNT(*) AS tp_count FROM `fw_orders` WHERE `od_unitcode` = '9999' AND `od_rcdlid` = 32 AND `od_state` IN ('1','2') AND `od_virtualstock` = 1 LIMIT 1   [ RunTime:0.0000s ]
SQL: SELECT COUNT(*) AS tp_count FROM `fw_orders` WHERE `od_unitcode` = '9999' AND `od_rcdlid` = 32 AND `od_state` IN ('3','8') AND `od_virtualstock` = 1 LIMIT 1   [ RunTime:0.0000s ]
SQL: SELECT COUNT(*) AS tp_count FROM `fw_orders` WHERE `od_unitcode` = '9999' AND `od_rcdlid` = 32 AND `od_state` = 9 AND `od_virtualstock` = 1 LIMIT 1   [ RunTime:0.0000s ]
SQL: SELECT COUNT(*) AS tp_count FROM `fw_orders` WHERE `od_unitcode` = '9999' AND `od_oddlid` = 32 AND `od_state` < '8' AND `od_virtualstock` = 1 LIMIT 1   [ RunTime:0.0000s ]
SQL: SELECT COUNT(*) AS tp_count FROM `fw_orders` WHERE `od_unitcode` = '9999' AND `od_oddlid` = 32 AND `od_state` = 0 AND `od_virtualstock` = 0 LIMIT 1   [ RunTime:0.0000s ]
SQL: SELECT COUNT(*) AS tp_count FROM `fw_orders` WHERE `od_unitcode` = '9999' AND `od_oddlid` = 32 AND `od_state` IN ('1','2') AND `od_virtualstock` = 0 LIMIT 1   [ RunTime:0.0000s ]
SQL: SELECT COUNT(*) AS tp_count FROM `fw_orders` WHERE `od_unitcode` = '9999' AND `od_oddlid` = 32 AND `od_state` = 3 AND `od_virtualstock` = 0 LIMIT 1   [ RunTime:0.0000s ]
SQL: SELECT COUNT(*) AS tp_count FROM `fw_orders` WHERE `od_unitcode` = '9999' AND `od_oddlid` = 32 AND `od_virtualstock` = 0 LIMIT 1   [ RunTime:0.0000s ]
NOTIC: [8] Undefined variable: parameter D:\wamp64\www\Kangli\Apps\Kangli\Controller\OrdersController.class.php 第 96 行.
SQL: SELECT `od_id`,`od_state`,`od_orderid`,`od_total`,`od_addtime` FROM `fw_orders` WHERE `od_unitcode` = '9999' AND `od_oddlid` = 32 AND `od_virtualstock` = 0 ORDER BY od_addtime DESC LIMIT 0,20   [ RunTime:0.0000s ]
SQL: SHOW COLUMNS FROM `fw_product` [ RunTime:0.0000s ]
SQL: SHOW COLUMNS FROM `fw_orderdetail` [ RunTime:0.0010s ]
SQL: SHOW COLUMNS FROM `fw_shipment` [ RunTime:0.0000s ]
SQL: SELECT * FROM `fw_orderdetail` WHERE `oddt_unitcode` = '9999' AND `oddt_odid` = 63 ORDER BY oddt_id DESC LIMIT 100   [ RunTime:0.0000s ]
SQL: SELECT `pro_id`,`pro_pic` FROM `fw_product` WHERE `pro_id` = 5 AND `pro_unitcode` = '9999' LIMIT 1   [ RunTime:0.0000s ]
SQL: SELECT SUM(ship_proqty) AS tp_sum FROM `fw_shipment` WHERE `ship_pro` = 5 AND `ship_unitcode` = '9999' AND `ship_odid` = 63 AND `ship_dealer` = 32 LIMIT 1   [ RunTime:0.0000s ]
SQL: SELECT * FROM `fw_orderdetail` WHERE `oddt_unitcode` = '9999' AND `oddt_odid` = 61 ORDER BY oddt_id DESC LIMIT 100   [ RunTime:0.0010s ]
SQL: SELECT `pro_id`,`pro_pic` FROM `fw_product` WHERE `pro_id` = 5 AND `pro_unitcode` = '9999' LIMIT 1   [ RunTime:0.0000s ]
SQL: SELECT SUM(ship_proqty) AS tp_sum FROM `fw_shipment` WHERE `ship_pro` = 5 AND `ship_unitcode` = '9999' AND `ship_odid` = 61 AND `ship_dealer` = 32 LIMIT 1   [ RunTime:0.0010s ]
SQL: SELECT * FROM `fw_orderdetail` WHERE `oddt_unitcode` = '9999' AND `oddt_odid` = 60 ORDER BY oddt_id DESC LIMIT 100   [ RunTime:0.0000s ]
SQL: SELECT `pro_id`,`pro_pic` FROM `fw_product` WHERE `pro_id` = 5 AND `pro_unitcode` = '9999' LIMIT 1   [ RunTime:0.0000s ]
SQL: SELECT SUM(ship_proqty) AS tp_sum FROM `fw_shipment` WHERE `ship_pro` = 5 AND `ship_unitcode` = '9999' AND `ship_odid` = 60 AND `ship_dealer` = 32 LIMIT 1   [ RunTime:0.0010s ]
INFO: [ view_parse ] --START--
INFO: [ template_filter ] --START--
INFO: Run Behavior\ContentReplaceBehavior [ RunTime:0.000000s ]
INFO: [ template_filter ] --END-- [ RunTime:0.000000s ]
INFO: Run Behavior\ParseTemplateBehavior [ RunTime:0.023000s ]
INFO: [ view_parse ] --END-- [ RunTime:0.023000s ]
INFO: [ view_filter ] --START--
INFO: Run Behavior\WriteHtmlCacheBehavior [ RunTime:0.000000s ]
INFO: [ view_filter ] --END-- [ RunTime:0.001000s ]
INFO: [ app_end ] --START--
INFO: Run Behavior\ShowPageTraceBehavior [ RunTime:0.001000s ]
INFO: [ app_end ] --END-- [ RunTime:0.001000s ]
NOTIC: [2] ini_set(): A session is active. You cannot change the session module's ini settings at this time D:\wamp64\www\Kangli\index.php 第 31 行.

[ 2018-04-17T18:27:41+08:00 ] ::1 /Kangli/Kangli/Orders
INFO: [ app_init ] --START--
INFO: Run Behavior\BuildLiteBehavior [ RunTime:0.000000s ]
INFO: [ app_init ] --END-- [ RunTime:0.000000s ]
INFO: [ app_begin ] --START--
INFO: Run Behavior\ReadHtmlCacheBehavior [ RunTime:0.001000s ]
INFO: [ app_begin ] --END-- [ RunTime:0.001000s ]
INFO: [ action_begin ] --START--
SQL: SHOW COLUMNS FROM `fw_denyip` [ RunTime:0.0000s ]
SQL: SELECT * FROM `fw_denyip`  [ RunTime:0.0010s ]
INFO: Run Home\Behaviors\DenyipsBehavior [ RunTime:0.008000s ]
INFO: [ action_begin ] --END-- [ RunTime:0.008000s ]
SQL: SHOW COLUMNS FROM `fw_orders` [ RunTime:0.0000s ]
SQL: SELECT COUNT(*) AS tp_count FROM `fw_orders` WHERE `od_unitcode` = '9999' AND `od_rcdlid` = 32 AND `od_state` = 0 AND `od_virtualstock` = 1 LIMIT 1   [ RunTime:0.0010s ]
SQL: SELECT COUNT(*) AS tp_count FROM `fw_orders` WHERE `od_unitcode` = '9999' AND `od_rcdlid` = 32 AND `od_state` IN ('1','2') AND `od_virtualstock` = 1 LIMIT 1   [ RunTime:0.0000s ]
SQL: SELECT COUNT(*) AS tp_count FROM `fw_orders` WHERE `od_unitcode` = '9999' AND `od_rcdlid` = 32 AND `od_state` IN ('3','8') AND `od_virtualstock` = 1 LIMIT 1   [ RunTime:0.0010s ]
SQL: SELECT COUNT(*) AS tp_count FROM `fw_orders` WHERE `od_unitcode` = '9999' AND `od_rcdlid` = 32 AND `od_state` = 9 AND `od_virtualstock` = 1 LIMIT 1   [ RunTime:0.0000s ]
SQL: SELECT COUNT(*) AS tp_count FROM `fw_orders` WHERE `od_unitcode` = '9999' AND `od_oddlid` = 32 AND `od_state` < '8' AND `od_virtualstock` = 1 LIMIT 1   [ RunTime:0.0010s ]
SQL: SELECT COUNT(*) AS tp_count FROM `fw_orders` WHERE `od_unitcode` = '9999' AND `od_oddlid` = 32 AND `od_state` = 0 AND `od_virtualstock` = 0 LIMIT 1   [ RunTime:0.0000s ]
SQL: SELECT COUNT(*) AS tp_count FROM `fw_orders` WHERE `od_unitcode` = '9999' AND `od_oddlid` = 32 AND `od_state` IN ('1','2') AND `od_virtualstock` = 0 LIMIT 1   [ RunTime:0.0000s ]
SQL: SELECT COUNT(*) AS tp_count FROM `fw_orders` WHERE `od_unitcode` = '9999' AND `od_oddlid` = 32 AND `od_state` = 3 AND `od_virtualstock` = 0 LIMIT 1   [ RunTime:0.0000s ]
SQL: SELECT COUNT(*) AS tp_count FROM `fw_orders` WHERE `od_unitcode` = '9999' AND `od_oddlid` = 32 AND `od_virtualstock` = 0 LIMIT 1   [ RunTime:0.0000s ]
NOTIC: [8] Undefined variable: parameter D:\wamp64\www\Kangli\Apps\Kangli\Controller\OrdersController.class.php 第 96 行.
SQL: SELECT `od_id`,`od_state`,`od_orderid`,`od_total`,`od_addtime` FROM `fw_orders` WHERE `od_unitcode` = '9999' AND `od_oddlid` = 32 AND `od_virtualstock` = 0 ORDER BY od_addtime DESC LIMIT 0,20   [ RunTime:0.0000s ]
SQL: SHOW COLUMNS FROM `fw_product` [ RunTime:0.0000s ]
SQL: SHOW COLUMNS FROM `fw_orderdetail` [ RunTime:0.0010s ]
SQL: SHOW COLUMNS FROM `fw_shipment` [ RunTime:0.0000s ]
SQL: SELECT * FROM `fw_orderdetail` WHERE `oddt_unitcode` = '9999' AND `oddt_odid` = 63 ORDER BY oddt_id DESC LIMIT 100   [ RunTime:0.0000s ]
SQL: SELECT `pro_id`,`pro_pic` FROM `fw_product` WHERE `pro_id` = 5 AND `pro_unitcode` = '9999' LIMIT 1   [ RunTime:0.0000s ]
SQL: SELECT SUM(ship_proqty) AS tp_sum FROM `fw_shipment` WHERE `ship_pro` = 5 AND `ship_unitcode` = '9999' AND `ship_odid` = 63 AND `ship_dealer` = 32 LIMIT 1   [ RunTime:0.0000s ]
SQL: SELECT * FROM `fw_orderdetail` WHERE `oddt_unitcode` = '9999' AND `oddt_odid` = 61 ORDER BY oddt_id DESC LIMIT 100   [ RunTime:0.0000s ]
SQL: SELECT `pro_id`,`pro_pic` FROM `fw_product` WHERE `pro_id` = 5 AND `pro_unitcode` = '9999' LIMIT 1   [ RunTime:0.0010s ]
SQL: SELECT SUM(ship_proqty) AS tp_sum FROM `fw_shipment` WHERE `ship_pro` = 5 AND `ship_unitcode` = '9999' AND `ship_odid` = 61 AND `ship_dealer` = 32 LIMIT 1   [ RunTime:0.0000s ]
SQL: SELECT * FROM `fw_orderdetail` WHERE `oddt_unitcode` = '9999' AND `oddt_odid` = 60 ORDER BY oddt_id DESC LIMIT 100   [ RunTime:0.0000s ]
SQL: SELECT `pro_id`,`pro_pic` FROM `fw_product` WHERE `pro_id` = 5 AND `pro_unitcode` = '9999' LIMIT 1   [ RunTime:0.0000s ]
SQL: SELECT SUM(ship_proqty) AS tp_sum FROM `fw_shipment` WHERE `ship_pro` = 5 AND `ship_unitcode` = '9999' AND `ship_odid` = 60 AND `ship_dealer` = 32 LIMIT 1   [ RunTime:0.0000s ]
INFO: [ view_parse ] --START--
INFO: [ template_filter ] --START--
INFO: Run Behavior\ContentReplaceBehavior [ RunTime:0.000000s ]
INFO: [ template_filter ] --END-- [ RunTime:0.000000s ]
INFO: Run Behavior\ParseTemplateBehavior [ RunTime:0.020000s ]
INFO: [ view_parse ] --END-- [ RunTime:0.020000s ]
INFO: [ view_filter ] --START--
INFO: Run Behavior\WriteHtmlCacheBehavior [ RunTime:0.001000s ]
INFO: [ view_filter ] --END-- [ RunTime:0.001000s ]
INFO: [ app_end ] --START--
INFO: Run Behavior\ShowPageTraceBehavior [ RunTime:0.000000s ]
INFO: [ app_end ] --END-- [ RunTime:0.001000s ]
NOTIC: [2] ini_set(): A session is active. You cannot change the session module's ini settings at this time D:\wamp64\www\Kangli\index.php 第 31 行.

[ 2018-04-17T18:27:43+08:00 ] ::1 /Kangli/Kangli/Orders/dlorders/od_state/1
INFO: [ app_init ] --START--
INFO: Run Behavior\BuildLiteBehavior [ RunTime:0.000000s ]
INFO: [ app_init ] --END-- [ RunTime:0.000000s ]
INFO: [ app_begin ] --START--
INFO: Run Behavior\ReadHtmlCacheBehavior [ RunTime:0.000000s ]
INFO: [ app_begin ] --END-- [ RunTime:0.000000s ]
INFO: [ action_begin ] --START--
SQL: SHOW COLUMNS FROM `fw_denyip` [ RunTime:0.0010s ]
SQL: SELECT * FROM `fw_denyip`  [ RunTime:0.0000s ]
INFO: Run Home\Behaviors\DenyipsBehavior [ RunTime:0.007000s ]
INFO: [ action_begin ] --END-- [ RunTime:0.007000s ]
SQL: SHOW COLUMNS FROM `fw_orders` [ RunTime:0.0010s ]
SQL: SELECT COUNT(*) AS tp_count FROM `fw_orders` WHERE `od_unitcode` = '9999' AND `od_rcdlid` = 32 AND `od_virtualstock` = 1 AND `od_state` = 0 LIMIT 1   [ RunTime:0.0000s ]
SQL: SELECT COUNT(*) AS tp_count FROM `fw_orders` WHERE `od_unitcode` = '9999' AND `od_rcdlid` = 32 AND `od_virtualstock` = 1 AND `od_state` IN ('1','2') LIMIT 1   [ RunTime:0.0000s ]
SQL: SELECT COUNT(*) AS tp_count FROM `fw_orders` WHERE `od_unitcode` = '9999' AND `od_rcdlid` = 32 AND `od_virtualstock` = 1 AND `od_state` = 3 LIMIT 1   [ RunTime:0.0000s ]
SQL: SELECT COUNT(*) AS tp_count FROM `fw_orders` WHERE `od_unitcode` = '9999' AND `od_rcdlid` = 32 AND `od_virtualstock` = 1 LIMIT 1   [ RunTime:0.0000s ]
NOTIC: [8] Undefined variable: parameter D:\wamp64\www\Kangli\Apps\Kangli\Controller\OrdersController.class.php 第 902 行.
SQL: SELECT `od_id`,`od_state`,`od_orderid`,`od_total`,`od_addtime` FROM `fw_orders` WHERE `od_unitcode` = '9999' AND `od_rcdlid` = 32 AND `od_virtualstock` = 1 ORDER BY od_addtime DESC LIMIT 0,20   [ RunTime:0.0000s ]
SQL: SHOW COLUMNS FROM `fw_product` [ RunTime:0.0000s ]
SQL: SHOW COLUMNS FROM `fw_orderdetail` [ RunTime:0.0000s ]
SQL: SHOW COLUMNS FROM `fw_shipment` [ RunTime:0.0000s ]
SQL: SELECT * FROM `fw_orderdetail` WHERE `oddt_unitcode` = '9999' AND `oddt_odid` = 55 ORDER BY oddt_id DESC LIMIT 100   [ RunTime:0.0010s ]
SQL: SELECT `pro_id`,`pro_pic` FROM `fw_product` WHERE `pro_id` = 5 AND `pro_unitcode` = '9999' LIMIT 1   [ RunTime:0.0010s ]
SQL: SELECT SUM(ship_proqty) AS tp_sum FROM `fw_shipment` WHERE `ship_pro` = 5 AND `ship_unitcode` = '9999' AND `ship_odid` = 55 AND `ship_deliver` = 32 LIMIT 1   [ RunTime:0.0000s ]
SQL: SELECT * FROM `fw_orderdetail` WHERE `oddt_unitcode` = '9999' AND `oddt_odid` = 52 ORDER BY oddt_id DESC LIMIT 100   [ RunTime:0.0010s ]
SQL: SELECT `pro_id`,`pro_pic` FROM `fw_product` WHERE `pro_id` = 5 AND `pro_unitcode` = '9999' LIMIT 1   [ RunTime:0.0000s ]
SQL: SELECT SUM(ship_proqty) AS tp_sum FROM `fw_shipment` WHERE `ship_pro` = 5 AND `ship_unitcode` = '9999' AND `ship_odid` = 52 AND `ship_deliver` = 32 LIMIT 1   [ RunTime:0.0000s ]
SQL: SELECT * FROM `fw_orderdetail` WHERE `oddt_unitcode` = '9999' AND `oddt_odid` = 51 ORDER BY oddt_id DESC LIMIT 100   [ RunTime:0.0010s ]
SQL: SELECT `pro_id`,`pro_pic` FROM `fw_product` WHERE `pro_id` = 5 AND `pro_unitcode` = '9999' LIMIT 1   [ RunTime:0.0000s ]
SQL: SELECT SUM(ship_proqty) AS tp_sum FROM `fw_shipment` WHERE `ship_pro` = 5 AND `ship_unitcode` = '9999' AND `ship_odid` = 51 AND `ship_deliver` = 32 LIMIT 1   [ RunTime:0.0010s ]
SQL: SELECT * FROM `fw_orderdetail` WHERE `oddt_unitcode` = '9999' AND `oddt_odid` = 49 ORDER BY oddt_id DESC LIMIT 100   [ RunTime:0.0000s ]
SQL: SELECT `pro_id`,`pro_pic` FROM `fw_product` WHERE `pro_id` = 5 AND `pro_unitcode` = '9999' LIMIT 1   [ RunTime:0.0010s ]
SQL: SELECT SUM(ship_proqty) AS tp_sum FROM `fw_shipment` WHERE `ship_pro` = 5 AND `ship_unitcode` = '9999' AND `ship_odid` = 49 AND `ship_deliver` = 32 LIMIT 1   [ RunTime:0.0000s ]
NOTIC: [8] Undefined variable: dlcodcount D:\wamp64\www\Kangli\Apps\Kangli\Controller\OrdersController.class.php 第 1015 行.
INFO: [ view_parse ] --START--
INFO: [ template_filter ] --START--
INFO: Run Behavior\ContentReplaceBehavior [ RunTime:0.001000s ]
INFO: [ template_filter ] --END-- [ RunTime:0.001000s ]
INFO: Run Behavior\ParseTemplateBehavior [ RunTime:0.023000s ]
INFO: [ view_parse ] --END-- [ RunTime:0.023000s ]
INFO: [ view_filter ] --START--
INFO: Run Behavior\WriteHtmlCacheBehavior [ RunTime:0.000000s ]
INFO: [ view_filter ] --END-- [ RunTime:0.000000s ]
INFO: [ app_end ] --START--
INFO: Run Behavior\ShowPageTraceBehavior [ RunTime:0.000000s ]
INFO: [ app_end ] --END-- [ RunTime:0.000000s ]
NOTIC: [2] ini_set(): A session is active. You cannot change the session module's ini settings at this time D:\wamp64\www\Kangli\index.php 第 31 行.

[ 2018-04-17T18:27:46+08:00 ] ::1 /Kangli/Kangli/Orders/odfinishship/od_id/52
INFO: [ app_init ] --START--
INFO: Run Behavior\BuildLiteBehavior [ RunTime:0.000000s ]
INFO: [ app_init ] --END-- [ RunTime:0.000000s ]
INFO: [ app_begin ] --START--
INFO: Run Behavior\ReadHtmlCacheBehavior [ RunTime:0.001000s ]
INFO: [ app_begin ] --END-- [ RunTime:0.001000s ]
INFO: [ action_begin ] --START--
SQL: SHOW COLUMNS FROM `fw_denyip` [ RunTime:0.0010s ]
SQL: SELECT * FROM `fw_denyip`  [ RunTime:0.0000s ]
INFO: Run Home\Behaviors\DenyipsBehavior [ RunTime:0.018000s ]
INFO: [ action_begin ] --END-- [ RunTime:0.018000s ]
SQL: SHOW COLUMNS FROM `fw_orders` [ RunTime:0.0000s ]
SQL: SELECT * FROM `fw_orders` WHERE `od_unitcode` = '9999' AND `od_id` = 52 AND `od_rcdlid` = 32 LIMIT 1   [ RunTime:0.0010s ]
SQL: SHOW COLUMNS FROM `fw_orderdetail` [ RunTime:0.0000s ]
SQL: SHOW COLUMNS FROM `fw_shipment` [ RunTime:0.0000s ]
SQL: SELECT * FROM `fw_orderdetail` WHERE `oddt_unitcode` = '9999' AND `oddt_odid` = 52 ORDER BY oddt_id DESC LIMIT 100   [ RunTime:0.0010s ]
SQL: SELECT SUM(ship_proqty) AS tp_sum FROM `fw_shipment` WHERE `ship_pro` = 5 AND `ship_unitcode` = '9999' AND `ship_odid` = 52 AND `ship_oddtid` = 61 AND `ship_dealer` = 34 LIMIT 1   [ RunTime:0.0000s ]
SQL: SHOW COLUMNS FROM `fw_express` [ RunTime:0.0010s ]
SQL: SELECT * FROM `fw_express` ORDER BY exp_addtime DESC  [ RunTime:0.0010s ]
INFO: [ view_parse ] --START--
INFO: [ template_filter ] --START--
INFO: Run Behavior\ContentReplaceBehavior [ RunTime:0.000000s ]
INFO: [ template_filter ] --END-- [ RunTime:0.000000s ]
NOTIC: [8] Undefined variable: odoneself D:\wamp64\www\Kangli\Runtime\Cache\Kangli\6a4eebc5313665a00956eb0579ef044d.php 第 74 行.
NOTIC: [8] Undefined index: od_state_str D:\wamp64\www\Kangli\Runtime\Cache\Kangli\6a4eebc5313665a00956eb0579ef044d.php 第 90 行.
NOTIC: [8] Undefined index: od_expressname D:\wamp64\www\Kangli\Runtime\Cache\Kangli\6a4eebc5313665a00956eb0579ef044d.php 第 94 行.
INFO: Run Behavior\ParseTemplateBehavior [ RunTime:0.007000s ]
INFO: [ view_parse ] --END-- [ RunTime:0.007000s ]
INFO: [ view_filter ] --START--
INFO: Run Behavior\WriteHtmlCacheBehavior [ RunTime:0.001000s ]
INFO: [ view_filter ] --END-- [ RunTime:0.001000s ]
INFO: [ app_end ] --START--
INFO: Run Behavior\ShowPageTraceBehavior [ RunTime:0.001000s ]
INFO: [ app_end ] --END-- [ RunTime:0.001000s ]
NOTIC: [2] ini_set(): A session is active. You cannot change the session module's ini settings at this time D:\wamp64\www\Kangli\index.php 第 31 行.

[ 2018-04-17T18:35:20+08:00 ] ::1 /Kangli/Kangli/Orders/odshipscan/od_id/51/oddt_id/60
INFO: [ app_init ] --START--
INFO: Run Behavior\BuildLiteBehavior [ RunTime:0.000000s ]
INFO: [ app_init ] --END-- [ RunTime:0.000000s ]
INFO: [ app_begin ] --START--
INFO: Run Behavior\ReadHtmlCacheBehavior [ RunTime:0.001000s ]
INFO: [ app_begin ] --END-- [ RunTime:0.001000s ]
INFO: [ action_begin ] --START--
SQL: SHOW COLUMNS FROM `fw_denyip` [ RunTime:0.0010s ]
SQL: SELECT * FROM `fw_denyip`  [ RunTime:0.0000s ]
INFO: Run Home\Behaviors\DenyipsBehavior [ RunTime:0.009000s ]
INFO: [ action_begin ] --END-- [ RunTime:0.009000s ]
SQL: SHOW COLUMNS FROM `fw_orders` [ RunTime:0.0000s ]
SQL: SELECT * FROM `fw_orders` WHERE `od_unitcode` = '9999' AND `od_id` = 51 LIMIT 1   [ RunTime:0.0010s ]
SQL: SHOW COLUMNS FROM `fw_orderdetail` [ RunTime:0.0010s ]
SQL: SELECT * FROM `fw_orderdetail` WHERE `oddt_unitcode` = '9999' AND `oddt_id` = 60 AND `oddt_odid` = 51 LIMIT 1   [ RunTime:0.0000s ]
SQL: SHOW COLUMNS FROM `fw_shipment` [ RunTime:0.0010s ]
SQL: SELECT SUM(ship_proqty) AS tp_sum FROM `fw_shipment` WHERE `ship_pro` = 5 AND `ship_unitcode` = '9999' AND `ship_odid` = 51 AND `ship_oddtid` = 60 AND `ship_dealer` = 34 LIMIT 1   [ RunTime:0.0010s ]
NOTIC: [2] file_get_contents(Public/weixin/zxfwjsapi_ticket.json): failed to open stream: No such file or directory D:\wamp64\www\Kangli\Tp\Library\Org\Util\Jssdk.class.php 第 51 行.
NOTIC: [8] Trying to get property of non-object D:\wamp64\www\Kangli\Tp\Library\Org\Util\Jssdk.class.php 第 52 行.
NOTIC: [2] file_get_contents(Public/weixin/zxfwaccess_token.json): failed to open stream: No such file or directory D:\wamp64\www\Kangli\Tp\Library\Org\Util\Jssdk.class.php 第 74 行.
NOTIC: [8] Trying to get property of non-object D:\wamp64\www\Kangli\Tp\Library\Org\Util\Jssdk.class.php 第 75 行.
NOTIC: [8] Undefined property: stdClass::$access_token D:\wamp64\www\Kangli\Tp\Library\Org\Util\Jssdk.class.php 第 80 行.
NOTIC: [8] Undefined property: stdClass::$ticket D:\wamp64\www\Kangli\Tp\Library\Org\Util\Jssdk.class.php 第 58 行.
NOTIC: [8] Undefined variable: success D:\wamp64\www\Kangli\Apps\Kangli\Controller\OrdersController.class.php 第 2148 行.
NOTIC: [8] Undefined variable: brcodearr D:\wamp64\www\Kangli\Apps\Kangli\Controller\OrdersController.class.php 第 2150 行.
INFO: [ view_parse ] --START--
INFO: [ template_filter ] --START--
INFO: Run Behavior\ContentReplaceBehavior [ RunTime:0.000000s ]
INFO: [ template_filter ] --END-- [ RunTime:0.000000s ]
NOTIC: [8] Undefined variable: item D:\wamp64\www\Kangli\Runtime\Cache\Kangli\921a832c025699d0c52dc3e947643447.php 第 99 行.
NOTIC: [8] Undefined variable: item2 D:\wamp64\www\Kangli\Runtime\Cache\Kangli\921a832c025699d0c52dc3e947643447.php 第 106 行.
NOTIC: [8] Undefined variable: msg D:\wamp64\www\Kangli\Runtime\Cache\Kangli\921a832c025699d0c52dc3e947643447.php 第 148 行.
NOTIC: [8] Undefined variable: odbl_id D:\wamp64\www\Kangli\Runtime\Cache\Kangli\921a832c025699d0c52dc3e947643447.php 第 310 行.
INFO: Run Behavior\ParseTemplateBehavior [ RunTime:0.018000s ]
INFO: [ view_parse ] --END-- [ RunTime:0.019000s ]
INFO: [ view_filter ] --START--
INFO: Run Behavior\WriteHtmlCacheBehavior [ RunTime:0.001000s ]
INFO: [ view_filter ] --END-- [ RunTime:0.001000s ]
INFO: [ app_end ] --START--
INFO: Run Behavior\ShowPageTraceBehavior [ RunTime:0.001000s ]
INFO: [ app_end ] --END-- [ RunTime:0.001000s ]
NOTIC: [2] ini_set(): A session is active. You cannot change the session module's ini settings at this time D:\wamp64\www\Kangli\index.php 第 31 行.

[ 2018-04-17T18:36:12+08:00 ] ::1 /Kangli/Kangli/Orders/odshipscanres/od_id/51/oddt_id/60/brcode/160000010112
INFO: [ app_init ] --START--
INFO: Run Behavior\BuildLiteBehavior [ RunTime:0.000000s ]
INFO: [ app_init ] --END-- [ RunTime:0.000000s ]
INFO: [ app_begin ] --START--
INFO: Run Behavior\ReadHtmlCacheBehavior [ RunTime:0.001000s ]
INFO: [ app_begin ] --END-- [ RunTime:0.001000s ]
INFO: [ action_begin ] --START--
SQL: SHOW COLUMNS FROM `fw_denyip` [ RunTime:0.0010s ]
SQL: SELECT * FROM `fw_denyip`  [ RunTime:0.0010s ]
INFO: Run Home\Behaviors\DenyipsBehavior [ RunTime:0.016000s ]
INFO: [ action_begin ] --END-- [ RunTime:0.016000s ]
SQL: SHOW COLUMNS FROM `fw_orders` [ RunTime:0.0010s ]
SQL: SELECT * FROM `fw_orders` WHERE `od_unitcode` = '9999' AND `od_id` = 51 LIMIT 1   [ RunTime:0.0000s ]
SQL: SHOW COLUMNS FROM `fw_orderdetail` [ RunTime:0.0010s ]
SQL: SELECT * FROM `fw_orderdetail` WHERE `oddt_unitcode` = '9999' AND `oddt_id` = 60 AND `oddt_odid` = 51 LIMIT 1   [ RunTime:0.0000s ]
SQL: SHOW COLUMNS FROM `fw_shipment` [ RunTime:0.0010s ]
SQL: SELECT SUM(ship_proqty) AS tp_sum FROM `fw_shipment` WHERE `ship_pro` = 5 AND `ship_unitcode` = '9999' AND `ship_odid` = 51 AND `ship_oddtid` = 60 AND `ship_dealer` = 34 LIMIT 1   [ RunTime:0.0000s ]
SQL: SHOW COLUMNS FROM `fw_chaibox` [ RunTime:0.0000s ]
SQL: SELECT * FROM `fw_shipment` WHERE `ship_unitcode` = '9999' AND `ship_dealer` = 32 AND `ship_barcode` = '160000010112' AND `ship_pro` = 5 LIMIT 1   [ RunTime:0.0000s ]
SQL: SHOW COLUMNS FROM `fw_cust` [ RunTime:0.0010s ]
SQL: SELECT * FROM `fw_cust` WHERE `unitcode` = '9999' LIMIT 1   [ RunTime:0.0000s ]
SQL: SHOW COLUMNS FROM `fw_sellrecord` [ RunTime:0.0000s ]
SQL: SELECT * FROM `fw_sellrecord` WHERE `unitcode` = '9999' ORDER BY fid DESC  [ RunTime:0.0010s ]
SQL: SELECT * FROM `fw_shipment` WHERE ( `ship_barcode` = '160000010112' OR `ship_barcode` = '1600000101' OR `ship_barcode` = '16000001' ) AND `ship_unitcode` = '9999' AND `ship_dealer` = 32 AND `ship_pro` = 5 LIMIT 1   [ RunTime:0.0010s ]
SQL: SELECT * FROM `fw_shipment` WHERE ( `ship_barcode` = '160000010112' OR `ship_barcode` = '1600000101' OR `ship_barcode` = '16000001' ) AND `ship_unitcode` = '9999' AND `ship_deliver` = 32 LIMIT 1   [ RunTime:0.0010s ]
SQL: SELECT * FROM `fw_chaibox` WHERE `chai_unitcode` = '9999' AND `chai_barcode` = '160000010112' AND `chai_deliver` = 32 LIMIT 1   [ RunTime:0.0010s ]
NOTIC: [2] file_get_contents(Public/weixin/zxfwjsapi_ticket.json): failed to open stream: No such file or directory D:\wamp64\www\Kangli\Tp\Library\Org\Util\Jssdk.class.php 第 51 行.
NOTIC: [8] Trying to get property of non-object D:\wamp64\www\Kangli\Tp\Library\Org\Util\Jssdk.class.php 第 52 行.
NOTIC: [2] file_get_contents(Public/weixin/zxfwaccess_token.json): failed to open stream: No such file or directory D:\wamp64\www\Kangli\Tp\Library\Org\Util\Jssdk.class.php 第 74 行.
NOTIC: [8] Trying to get property of non-object D:\wamp64\www\Kangli\Tp\Library\Org\Util\Jssdk.class.php 第 75 行.
NOTIC: [8] Undefined property: stdClass::$access_token D:\wamp64\www\Kangli\Tp\Library\Org\Util\Jssdk.class.php 第 80 行.
NOTIC: [8] Undefined property: stdClass::$ticket D:\wamp64\www\Kangli\Tp\Library\Org\Util\Jssdk.class.php 第 58 行.
INFO: [ view_parse ] --START--
INFO: [ template_filter ] --START--
INFO: Run Behavior\ContentReplaceBehavior [ RunTime:0.000000s ]
INFO: [ template_filter ] --END-- [ RunTime:0.000000s ]
NOTIC: [8] Undefined variable: item D:\wamp64\www\Kangli\Runtime\Cache\Kangli\921a832c025699d0c52dc3e947643447.php 第 99 行.
NOTIC: [8] Undefined variable: item2 D:\wamp64\www\Kangli\Runtime\Cache\Kangli\921a832c025699d0c52dc3e947643447.php 第 106 行.
NOTIC: [8] Undefined variable: odbl_id D:\wamp64\www\Kangli\Runtime\Cache\Kangli\921a832c025699d0c52dc3e947643447.php 第 310 行.
INFO: Run Behavior\ParseTemplateBehavior [ RunTime:0.036000s ]
INFO: [ view_parse ] --END-- [ RunTime:0.037000s ]
INFO: [ view_filter ] --START--
INFO: Run Behavior\WriteHtmlCacheBehavior [ RunTime:0.001000s ]
INFO: [ view_filter ] --END-- [ RunTime:0.002000s ]
INFO: [ app_end ] --START--
INFO: Run Behavior\ShowPageTraceBehavior [ RunTime:0.002000s ]
INFO: [ app_end ] --END-- [ RunTime:0.003000s ]
NOTIC: [2] ini_set(): A session is active. You cannot change the session module's ini settings at this time D:\wamp64\www\Kangli\index.php 第 31 行.

