[ 2018-09-11T17:05:50+08:00 ] ::1 /Kangli/Kangli/Dealer
INFO: [ app_begin ] --START--
INFO: Run Behavior\ReadHtmlCacheBehavior [ RunTime:0.001000s ]
INFO: [ app_begin ] --END-- [ RunTime:0.001000s ]
INFO: [ action_begin ] --START--
SQL: SHOW COLUMNS FROM `fw_denyip` [ RunTime:0.0150s ]
SQL: SELECT * FROM `fw_denyip`  [ RunTime:0.0010s ]
INFO: Run Home\Behaviors\DenyipsBehavior [ RunTime:1.052060s ]
INFO: [ action_begin ] --END-- [ RunTime:1.052060s ]
SQL: SHOW COLUMNS FROM `fw_dltype` [ RunTime:0.0090s ]
SQL: SHOW COLUMNS FROM `fw_dealer` [ RunTime:0.0100s ]
SQL: SELECT `dlt_id`,`dlt_name`,`dlt_level` FROM `fw_dltype` WHERE `dlt_unitcode` = '9999' ORDER BY dlt_level ASC,dlt_id ASC  [ RunTime:0.0010s ]
SQL: SELECT COUNT(*) AS tp_count FROM `fw_dealer` WHERE `dl_unitcode` = '9999' AND `dl_belong` = null AND `dl_type` = 7 AND `dl_status` = 1 LIMIT 1   [ RunTime:0.0000s ]
SQL: SELECT COUNT(*) AS tp_count FROM `fw_dealer` WHERE `dl_unitcode` = '9999' AND `dl_belong` = null AND `dl_type` = 8 AND `dl_status` = 1 LIMIT 1   [ RunTime:0.0000s ]
SQL: SELECT COUNT(*) AS tp_count FROM `fw_dealer` WHERE `dl_unitcode` = '9999' AND `dl_belong` = null AND `dl_type` = 9 AND `dl_status` = 1 LIMIT 1   [ RunTime:0.0000s ]
SQL: SELECT COUNT(*) AS tp_count FROM `fw_dealer` WHERE `dl_unitcode` = '9999' AND `dl_belong` = null AND `dl_type` = 10 AND `dl_status` = 1 LIMIT 1   [ RunTime:0.0010s ]
SQL: SELECT `dl_id`,`dl_name`,`dl_weixin`,`dl_wxheadimg`,`dl_tel`,`dl_address`,`dl_addtime`,`dl_level` FROM `fw_dealer` WHERE `dl_unitcode` = '9999' AND `dl_belong` = null AND `dl_status` = 0 ORDER BY dl_id DESC  [ RunTime:0.0010s ]
INFO: [ view_parse ] --START--
INFO: [ template_filter ] --START--
INFO: Run Behavior\ContentReplaceBehavior [ RunTime:0.000000s ]
INFO: [ template_filter ] --END-- [ RunTime:0.000000s ]
INFO: Run Behavior\ParseTemplateBehavior [ RunTime:0.016001s ]
INFO: [ view_parse ] --END-- [ RunTime:0.016001s ]
INFO: [ view_filter ] --START--
INFO: Run Behavior\WriteHtmlCacheBehavior [ RunTime:0.001000s ]
INFO: [ view_filter ] --END-- [ RunTime:0.001000s ]
INFO: [ app_end ] --START--
INFO: Run Behavior\ShowPageTraceBehavior [ RunTime:0.000000s ]
INFO: [ app_end ] --END-- [ RunTime:0.000000s ]
NOTIC: [2] ini_set(): A session is active. You cannot change the session module's ini settings at this time D:\Aroot\myphp_www\PHPTutorial\WWW\Kangli\index.php 第 30 行.

[ 2018-09-11T17:05:51+08:00 ] ::1 /kangli/Kangli/Dealer/login/ttamp/1536656750/sture/d3f4127d498ce6c9ee84d21256bbb244/tagpage/aHR0cDovL2xvY2FsaG9zdC9LYW5nbGkvS2FuZ2xpL0RlYWxlcg==
INFO: [ app_begin ] --START--
INFO: Run Behavior\ReadHtmlCacheBehavior [ RunTime:0.000000s ]
INFO: [ app_begin ] --END-- [ RunTime:0.000000s ]
INFO: [ action_begin ] --START--
SQL: SHOW COLUMNS FROM `fw_denyip` [ RunTime:0.0340s ]
SQL: SELECT * FROM `fw_denyip`  [ RunTime:0.0020s ]
INFO: Run Home\Behaviors\DenyipsBehavior [ RunTime:1.078062s ]
INFO: [ action_begin ] --END-- [ RunTime:1.078062s ]
INFO: [ view_parse ] --START--
INFO: [ template_filter ] --START--
INFO: Run Behavior\ContentReplaceBehavior [ RunTime:0.000000s ]
INFO: [ template_filter ] --END-- [ RunTime:0.000000s ]
INFO: Run Behavior\ParseTemplateBehavior [ RunTime:0.041002s ]
INFO: [ view_parse ] --END-- [ RunTime:0.041002s ]
INFO: [ view_filter ] --START--
INFO: Run Behavior\WriteHtmlCacheBehavior [ RunTime:0.001000s ]
INFO: [ view_filter ] --END-- [ RunTime:0.001000s ]
INFO: [ app_end ] --START--
INFO: Run Behavior\ShowPageTraceBehavior [ RunTime:0.001000s ]
INFO: [ app_end ] --END-- [ RunTime:0.001000s ]
NOTIC: [2] ini_set(): A session is active. You cannot change the session module's ini settings at this time D:\Aroot\myphp_www\PHPTutorial\WWW\Kangli\index.php 第 30 行.

[ 2018-09-11T17:06:02+08:00 ] ::1 /Kangli/Kangli/Index
INFO: [ app_begin ] --START--
INFO: Run Behavior\ReadHtmlCacheBehavior [ RunTime:0.001000s ]
INFO: [ app_begin ] --END-- [ RunTime:0.001000s ]
INFO: [ action_begin ] --START--
SQL: SHOW COLUMNS FROM `fw_denyip` [ RunTime:0.0080s ]
SQL: SELECT * FROM `fw_denyip`  [ RunTime:0.0020s ]
INFO: Run Home\Behaviors\DenyipsBehavior [ RunTime:1.040060s ]
INFO: [ action_begin ] --END-- [ RunTime:1.040060s ]
SQL: SHOW COLUMNS FROM `fw_jfmonews` [ RunTime:0.0080s ]
SQL: SELECT `news_id`,`news_title` FROM `fw_jfmonews` WHERE `news_isgg` = 1 AND `news_unitcode` = '9999' ORDER BY news_addtime DESC  [ RunTime:0.0010s ]
SQL: SHOW COLUMNS FROM `fw_adinfo` [ RunTime:0.0070s ]
SQL: SELECT * FROM `fw_adinfo` WHERE `ad_unitcode` = '9999' ORDER BY ad_addtime DESC LIMIT 5   [ RunTime:0.0000s ]
SQL: SELECT * FROM `fw_jfmonews` WHERE `news_type` = 2 AND `news_unitcode` = '9999' ORDER BY news_addtime DESC LIMIT 2   [ RunTime:0.0000s ]
SQL: SHOW COLUMNS FROM `fw_dealer` [ RunTime:0.0080s ]
SQL: SHOW COLUMNS FROM `fw_dltype` [ RunTime:0.0150s ]
SQL: SELECT `dlt_name`,`dlt_level` FROM `fw_dltype` WHERE `dlt_unitcode` = '9999' GROUP BY dlt_name,dlt_level ORDER BY dlt_level ASC  [ RunTime:0.0050s ]
SQL: SHOW COLUMNS FROM `fw_orders` [ RunTime:0.0070s ]
SQL: SHOW COLUMNS FROM `fw_product` [ RunTime:0.0070s ]
SQL: SHOW COLUMNS FROM `fw_orderdetail` [ RunTime:0.0070s ]
SQL: SHOW COLUMNS FROM `fw_shipment` [ RunTime:0.0070s ]
SQL: SELECT `od_id`,`od_state`,`od_orderid`,`od_total`,`od_addtime` FROM `fw_orders` WHERE `od_unitcode` = '9999' AND `od_rcdlid` = null AND `od_virtualstock` = 1 AND `od_state` = 0 ORDER BY od_addtime DESC  [ RunTime:0.0010s ]
SQL: SELECT `dl_id`,`dl_name`,`dl_weixin`,`dl_wxheadimg`,`dl_tel`,`dl_address`,`dl_addtime`,`dl_level` FROM `fw_dealer` WHERE `dl_unitcode` = '9999' AND `dl_belong` = null AND `dl_status` = 0 ORDER BY dl_id DESC  [ RunTime:0.0010s ]
NOTIC: [8] Undefined variable: bas_content D:\Aroot\myphp_www\PHPTutorial\WWW\Kangli\Apps\Kangli\Controller\IndexController.class.php 第 300 行.
NOTIC: [8] Undefined variable: bas_logopic D:\Aroot\myphp_www\PHPTutorial\WWW\Kangli\Apps\Kangli\Controller\IndexController.class.php 第 302 行.
NOTIC: [8] Undefined variable: bas_footpic D:\Aroot\myphp_www\PHPTutorial\WWW\Kangli\Apps\Kangli\Controller\IndexController.class.php 第 303 行.
INFO: [ view_parse ] --START--
INFO: [ template_filter ] --START--
INFO: Run Behavior\ContentReplaceBehavior [ RunTime:0.001000s ]
INFO: [ template_filter ] --END-- [ RunTime:0.001000s ]
NOTIC: [8] Use of undefined constant count - assumed 'count' D:\Aroot\myphp_www\PHPTutorial\WWW\Kangli\Runtime\Cache\Kangli\707ff3e6b0334ba29319d61e11de267d.php 第 242 行.
NOTIC: [8] Undefined variable: oauthttamp D:\Aroot\myphp_www\PHPTutorial\WWW\Kangli\Runtime\Cache\Kangli\707ff3e6b0334ba29319d61e11de267d.php 第 605 行.
NOTIC: [8] Undefined variable: oauthtsture D:\Aroot\myphp_www\PHPTutorial\WWW\Kangli\Runtime\Cache\Kangli\707ff3e6b0334ba29319d61e11de267d.php 第 606 行.
INFO: Run Behavior\ParseTemplateBehavior [ RunTime:0.015001s ]
INFO: [ view_parse ] --END-- [ RunTime:0.015001s ]
INFO: [ view_filter ] --START--
INFO: Run Behavior\WriteHtmlCacheBehavior [ RunTime:0.000000s ]
INFO: [ view_filter ] --END-- [ RunTime:0.000000s ]
INFO: [ app_end ] --START--
INFO: Run Behavior\ShowPageTraceBehavior [ RunTime:0.001000s ]
INFO: [ app_end ] --END-- [ RunTime:0.001000s ]
NOTIC: [2] ini_set(): A session is active. You cannot change the session module's ini settings at this time D:\Aroot\myphp_www\PHPTutorial\WWW\Kangli\index.php 第 30 行.

[ 2018-09-11T17:06:21+08:00 ] ::1 /Kangli/Kangli/Orders
INFO: [ app_begin ] --START--
INFO: Run Behavior\ReadHtmlCacheBehavior [ RunTime:0.001000s ]
INFO: [ app_begin ] --END-- [ RunTime:0.001000s ]
INFO: [ action_begin ] --START--
SQL: SHOW COLUMNS FROM `fw_denyip` [ RunTime:0.0260s ]
SQL: SELECT * FROM `fw_denyip`  [ RunTime:0.0010s ]
INFO: Run Home\Behaviors\DenyipsBehavior [ RunTime:1.061061s ]
INFO: [ action_begin ] --END-- [ RunTime:1.062061s ]
SQL: SHOW COLUMNS FROM `fw_orders` [ RunTime:0.0170s ]
SQL: SELECT COUNT(*) AS tp_count FROM `fw_orders` WHERE `od_unitcode` = '9999' AND `od_rcdlid` = null AND `od_state` = 0 AND `od_virtualstock` = 1 LIMIT 1   [ RunTime:0.0020s ]
SQL: SELECT COUNT(*) AS tp_count FROM `fw_orders` WHERE `od_unitcode` = '9999' AND `od_rcdlid` = null AND `od_state` IN ('1','2') AND `od_virtualstock` = 1 LIMIT 1   [ RunTime:0.0020s ]
SQL: SELECT COUNT(*) AS tp_count FROM `fw_orders` WHERE `od_unitcode` = '9999' AND `od_rcdlid` = null AND `od_state` IN ('3','8') AND `od_virtualstock` = 1 LIMIT 1   [ RunTime:0.0020s ]
SQL: SELECT COUNT(*) AS tp_count FROM `fw_orders` WHERE `od_unitcode` = '9999' AND `od_rcdlid` = null AND `od_state` = 9 AND `od_virtualstock` = 1 LIMIT 1   [ RunTime:0.0010s ]
SQL: SELECT COUNT(*) AS tp_count FROM `fw_orders` WHERE `od_unitcode` = '9999' AND `od_oddlid` = null AND `od_state` < '8' AND `od_virtualstock` = 1 LIMIT 1   [ RunTime:0.0010s ]
SQL: SELECT COUNT(*) AS tp_count FROM `fw_orders` WHERE `od_unitcode` = '9999' AND `od_oddlid` = null AND `od_state` = 0 AND `od_virtualstock` = 0 LIMIT 1   [ RunTime:0.0000s ]
SQL: SELECT COUNT(*) AS tp_count FROM `fw_orders` WHERE `od_unitcode` = '9999' AND `od_oddlid` = null AND `od_state` IN ('1','2') AND `od_virtualstock` = 0 LIMIT 1   [ RunTime:0.0000s ]
SQL: SELECT COUNT(*) AS tp_count FROM `fw_orders` WHERE `od_unitcode` = '9999' AND `od_oddlid` = null AND `od_state` = 3 AND `od_virtualstock` = 0 LIMIT 1   [ RunTime:0.0010s ]
SQL: SELECT COUNT(*) AS tp_count FROM `fw_orders` WHERE `od_unitcode` = '9999' AND `od_oddlid` = null AND `od_virtualstock` = 0 LIMIT 1   [ RunTime:0.0010s ]
NOTIC: [8] Undefined variable: parameter D:\Aroot\myphp_www\PHPTutorial\WWW\Kangli\Apps\Kangli\Controller\OrdersController.class.php 第 96 行.
SQL: SELECT `od_id`,`od_state`,`od_orderid`,`od_total`,`od_addtime` FROM `fw_orders` WHERE `od_unitcode` = '9999' AND `od_oddlid` = null AND `od_virtualstock` = 0 ORDER BY od_addtime DESC LIMIT 0,20   [ RunTime:0.0010s ]
SQL: SHOW COLUMNS FROM `fw_product` [ RunTime:0.0070s ]
SQL: SHOW COLUMNS FROM `fw_orderdetail` [ RunTime:0.0070s ]
SQL: SHOW COLUMNS FROM `fw_shipment` [ RunTime:0.0080s ]
INFO: [ view_parse ] --START--
INFO: [ template_filter ] --START--
INFO: Run Behavior\ContentReplaceBehavior [ RunTime:0.000000s ]
INFO: [ template_filter ] --END-- [ RunTime:0.000000s ]
INFO: Run Behavior\ParseTemplateBehavior [ RunTime:0.036002s ]
INFO: [ view_parse ] --END-- [ RunTime:0.036002s ]
INFO: [ view_filter ] --START--
INFO: Run Behavior\WriteHtmlCacheBehavior [ RunTime:0.000000s ]
INFO: [ view_filter ] --END-- [ RunTime:0.000000s ]
INFO: [ app_end ] --START--
INFO: Run Behavior\ShowPageTraceBehavior [ RunTime:0.001000s ]
INFO: [ app_end ] --END-- [ RunTime:0.001000s ]
NOTIC: [2] ini_set(): A session is active. You cannot change the session module's ini settings at this time D:\Aroot\myphp_www\PHPTutorial\WWW\Kangli\index.php 第 30 行.

[ 2018-09-11T17:06:23+08:00 ] ::1 /kangli/Kangli/Dealer/login/ttamp/1536656781/sture/35c9ab5bd1063ab6f900da4ff23964fa/tagpage/aHR0cDovL2xvY2FsaG9zdC9LYW5nbGkvS2FuZ2xpL09yZGVycw==
INFO: [ app_begin ] --START--
INFO: Run Behavior\ReadHtmlCacheBehavior [ RunTime:0.001000s ]
INFO: [ app_begin ] --END-- [ RunTime:0.001000s ]
INFO: [ action_begin ] --START--
SQL: SHOW COLUMNS FROM `fw_denyip` [ RunTime:0.0380s ]
SQL: SELECT * FROM `fw_denyip`  [ RunTime:0.0020s ]
INFO: Run Home\Behaviors\DenyipsBehavior [ RunTime:1.066061s ]
INFO: [ action_begin ] --END-- [ RunTime:1.066061s ]
INFO: [ view_parse ] --START--
INFO: [ template_filter ] --START--
INFO: Run Behavior\ContentReplaceBehavior [ RunTime:0.000000s ]
INFO: [ template_filter ] --END-- [ RunTime:0.000000s ]
INFO: Run Behavior\ParseTemplateBehavior [ RunTime:0.013000s ]
INFO: [ view_parse ] --END-- [ RunTime:0.013000s ]
INFO: [ view_filter ] --START--
INFO: Run Behavior\WriteHtmlCacheBehavior [ RunTime:0.001000s ]
INFO: [ view_filter ] --END-- [ RunTime:0.001000s ]
INFO: [ app_end ] --START--
INFO: Run Behavior\ShowPageTraceBehavior [ RunTime:0.001000s ]
INFO: [ app_end ] --END-- [ RunTime:0.001000s ]
NOTIC: [2] ini_set(): A session is active. You cannot change the session module's ini settings at this time D:\Aroot\myphp_www\PHPTutorial\WWW\Kangli\index.php 第 30 行.

[ 2018-09-11T17:06:28+08:00 ] ::1 /Kangli/Kangli/Dealer/login
INFO: [ app_begin ] --START--
INFO: Run Behavior\ReadHtmlCacheBehavior [ RunTime:0.001000s ]
INFO: [ app_begin ] --END-- [ RunTime:0.001000s ]
INFO: [ action_begin ] --START--
SQL: SHOW COLUMNS FROM `fw_denyip` [ RunTime:0.0280s ]
SQL: SELECT * FROM `fw_denyip`  [ RunTime:0.0030s ]
INFO: Run Home\Behaviors\DenyipsBehavior [ RunTime:1.057060s ]
INFO: [ action_begin ] --END-- [ RunTime:1.057060s ]
SQL: SHOW COLUMNS FROM `fw_dealer` [ RunTime:0.0150s ]
SQL: SELECT * FROM `fw_dealer` WHERE `dl_username` = 'kangli' AND `dl_unitcode` = '9999' LIMIT 1   [ RunTime:0.0020s ]
NOTIC: [8] Undefined variable: dl_username D:\Aroot\myphp_www\PHPTutorial\WWW\Kangli\Apps\Kangli\Controller\DealerController.class.php 第 191 行.

[ 2018-09-11T17:06:43+08:00 ] ::1 /Kangli/Kangli/Dealer/login
INFO: [ app_begin ] --START--
INFO: Run Behavior\ReadHtmlCacheBehavior [ RunTime:0.001000s ]
INFO: [ app_begin ] --END-- [ RunTime:0.001000s ]
INFO: [ action_begin ] --START--
SQL: SHOW COLUMNS FROM `fw_denyip` [ RunTime:0.0270s ]
SQL: SELECT * FROM `fw_denyip`  [ RunTime:0.0010s ]
INFO: Run Home\Behaviors\DenyipsBehavior [ RunTime:1.063061s ]
INFO: [ action_begin ] --END-- [ RunTime:1.063061s ]
SQL: SHOW COLUMNS FROM `fw_dealer` [ RunTime:0.0140s ]
SQL: SELECT * FROM `fw_dealer` WHERE `dl_username` = 'test99' AND `dl_unitcode` = '9999' LIMIT 1   [ RunTime:0.0020s ]
SQL: SHOW COLUMNS FROM `fw_log` [ RunTime:0.0110s ]
SQL: INSERT INTO `fw_log` (`log_qyid`,`log_user`,`log_qycode`,`log_action`,`log_type`,`log_addtime`,`log_ip`,`log_link`,`log_remark`) VALUES ('32','test99','9999','经销商账号登录','2','1536656803','0.0.0.0','/Kangli/Kangli/Dealer/login','') [ RunTime:0.0010s ]
SQL: UPDATE `fw_dealer` SET `dl_logintime`='1536656803' WHERE `dl_username` = 'test99' AND `dl_unitcode` = '9999' [ RunTime:0.0010s ]

[ 2018-09-11T17:07:03+08:00 ] ::1 /Kangli/Kangli/Mine
INFO: [ app_begin ] --START--
INFO: Run Behavior\ReadHtmlCacheBehavior [ RunTime:0.001000s ]
INFO: [ app_begin ] --END-- [ RunTime:0.001000s ]
INFO: [ action_begin ] --START--
SQL: SHOW COLUMNS FROM `fw_denyip` [ RunTime:0.0240s ]
SQL: SELECT * FROM `fw_denyip`  [ RunTime:0.0020s ]
INFO: Run Home\Behaviors\DenyipsBehavior [ RunTime:1.046060s ]
INFO: [ action_begin ] --END-- [ RunTime:1.046060s ]
SQL: SHOW COLUMNS FROM `fw_dealer` [ RunTime:0.0210s ]
SQL: SHOW COLUMNS FROM `fw_dltype` [ RunTime:0.0090s ]
SQL: SHOW COLUMNS FROM `fw_fanlidetail` [ RunTime:0.0320s ]
SQL: SHOW COLUMNS FROM `fw_orders` [ RunTime:0.0090s ]
SQL: SELECT `dl_id`,`dl_username`,`dl_name`,`dl_belong`,`dl_type`,`dl_level`,`dl_wxheadimg` FROM `fw_dealer` WHERE `dl_id` = 32 AND `dl_unitcode` = '9999' LIMIT 1   [ RunTime:0.0010s ]
SQL: SELECT `dlt_id`,`dlt_name` FROM `fw_dltype` WHERE `dlt_unitcode` = '9999' AND `dlt_id` = 7 AND `dlt_level` = 1 LIMIT 1   [ RunTime:0.0010s ]
SQL: SELECT SUM(fl_money) AS tp_sum FROM `fw_fanlidetail` WHERE `fl_dlid` = 32 AND `fl_unitcode` = '9999' AND `fl_state` = 0 LIMIT 1   [ RunTime:0.0100s ]
SQL: UPDATE `fw_dealer` SET `dl_fanli`='0' WHERE `dl_id` = 32 AND `dl_unitcode` = '9999' [ RunTime:0.0010s ]
SQL: SHOW COLUMNS FROM `fw_orders` [ RunTime:0.0090s ]
SQL: SELECT * FROM fw_orders a,fw_orderdetail b WHERE a.od_unitcode = '9999' AND a.od_state IN ('3','8') AND a.od_oddlid = '32' AND a.od_id =b.oddt_odid AND a.od_virtualstock = 1 ORDER BY a.od_addtime DESC  [ RunTime:0.0030s ]
SQL: SHOW COLUMNS FROM `fw_orders` [ RunTime:0.0090s ]
SQL: SELECT * FROM fw_orders a,fw_orderdetail b WHERE a.od_unitcode = '9999' AND a.od_state IN ('0','1','2','3','8') AND a.od_rcdlid = '32' AND a.od_id =b.oddt_odid AND a.od_virtualstock = 1 ORDER BY a.od_addtime DESC  [ RunTime:0.0030s ]
SQL: SHOW COLUMNS FROM `fw_orders` [ RunTime:0.0070s ]
SQL: SELECT * FROM fw_orders a,fw_orderdetail b WHERE a.od_unitcode = '9999' AND a.od_state IN ('0','1','2','3','8') AND a.od_oddlid = '32' AND a.od_id =b.oddt_odid AND a.od_virtualstock = 0 ORDER BY a.od_addtime DESC  [ RunTime:0.0030s ]
SQL: SELECT SUM(od_total) AS tp_sum FROM `fw_orders` WHERE `od_unitcode` = '9999' AND `od_rcdlid` = 32 AND `od_state` IN ('3','8') AND `od_virtualstock` = 1 LIMIT 1   [ RunTime:0.0010s ]
SQL: SELECT SUM(od_expressfee) AS tp_sum FROM `fw_orders` WHERE `od_unitcode` = '9999' AND `od_rcdlid` = 32 AND `od_state` IN ('3','8') AND `od_virtualstock` = 1 LIMIT 1   [ RunTime:0.0010s ]
SQL: SELECT SUM(od_total) AS tp_sum FROM `fw_orders` WHERE `od_unitcode` = '9999' AND `od_oddlid` = 32 AND `od_state` IN ('3','8') AND `od_virtualstock` = 1 AND `od_fugou` = 1 AND `od_addtime` BETWEEN 1535731200 AND 1536656823 LIMIT 1   [ RunTime:0.0010s ]
SQL: SELECT SUM(od_expressfee) AS tp_sum FROM `fw_orders` WHERE `od_unitcode` = '9999' AND `od_oddlid` = 32 AND `od_state` IN ('3','8') AND `od_virtualstock` = 1 AND `od_fugou` = 1 AND `od_addtime` BETWEEN 1535731200 AND 1536656823 LIMIT 1   [ RunTime:0.0010s ]
SQL: SELECT COUNT(*) AS tp_count FROM `fw_orders` WHERE `od_unitcode` = '9999' AND `od_rcdlid` = 32 AND `od_virtualstock` = 1 AND `od_state` = 0 LIMIT 1   [ RunTime:0.0010s ]
SQL: SELECT COUNT(*) AS tp_count FROM `fw_orders` WHERE `od_unitcode` = '9999' AND `od_rcdlid` = 32 AND `od_state` IN ('1','2') AND `od_virtualstock` = 1 LIMIT 1   [ RunTime:0.0020s ]
SQL: SELECT `dl_id`,`dl_username`,`dl_name`,`dl_belong`,`dl_type`,`dl_level`,`dl_wxheadimg` FROM `fw_dealer` WHERE `dl_unitcode` = '9999' AND `dl_level` = 1 LIMIT 1000   [ RunTime:0.0010s ]
INFO: [ view_parse ] --START--
INFO: [ template_filter ] --START--
INFO: Run Behavior\ContentReplaceBehavior [ RunTime:0.000000s ]
INFO: [ template_filter ] --END-- [ RunTime:0.000000s ]
NOTIC: [8] Undefined variable: item D:\Aroot\myphp_www\PHPTutorial\WWW\Kangli\Runtime\Cache\Kangli\71a806bdd4c5c4d7ad2968fc5894cbd0.php 第 143 行.
INFO: Run Behavior\ParseTemplateBehavior [ RunTime:0.015001s ]
INFO: [ view_parse ] --END-- [ RunTime:0.015001s ]
INFO: [ view_filter ] --START--
INFO: Run Behavior\WriteHtmlCacheBehavior [ RunTime:0.001000s ]
INFO: [ view_filter ] --END-- [ RunTime:0.001000s ]
INFO: [ app_end ] --START--
INFO: Run Behavior\ShowPageTraceBehavior [ RunTime:0.000000s ]
INFO: [ app_end ] --END-- [ RunTime:0.000000s ]
NOTIC: [2] ini_set(): A session is active. You cannot change the session module's ini settings at this time D:\Aroot\myphp_www\PHPTutorial\WWW\Kangli\index.php 第 30 行.

[ 2018-09-11T17:35:56+08:00 ] ::1 /Kangli/Kangli/Mp
ERR: 无法加载控制器:Mp

