[ 2018-05-18T18:36:42+08:00 ] 127.0.0.1 /Kangli/Kangli/Mine
INFO: [ app_init ] --START--
INFO: Run Behavior\BuildLiteBehavior [ RunTime:0.001000s ]
INFO: [ app_init ] --END-- [ RunTime:0.001000s ]
INFO: [ app_begin ] --START--
INFO: Run Behavior\ReadHtmlCacheBehavior [ RunTime:0.001000s ]
INFO: [ app_begin ] --END-- [ RunTime:0.001000s ]
INFO: [ action_begin ] --START--
SQL: SHOW COLUMNS FROM `fw_denyip` [ RunTime:0.0000s ]
SQL: SELECT * FROM `fw_denyip`  [ RunTime:0.0000s ]
INFO: Run Home\Behaviors\DenyipsBehavior [ RunTime:0.008000s ]
INFO: [ action_begin ] --END-- [ RunTime:0.009000s ]
SQL: SHOW COLUMNS FROM `fw_dealer` [ RunTime:0.0000s ]
SQL: SHOW COLUMNS FROM `fw_dltype` [ RunTime:0.0010s ]
SQL: SHOW COLUMNS FROM `fw_fanlidetail` [ RunTime:0.0010s ]
SQL: SHOW COLUMNS FROM `fw_orders` [ RunTime:0.0010s ]
SQL: SELECT `dl_id`,`dl_username`,`dl_name`,`dl_belong`,`dl_type`,`dl_level`,`dl_wxheadimg` FROM `fw_dealer` WHERE `dl_id` = 32 AND `dl_unitcode` = '9999' LIMIT 1   [ RunTime:0.0000s ]
SQL: SELECT `dlt_id`,`dlt_name` FROM `fw_dltype` WHERE `dlt_unitcode` = '9999' AND `dlt_id` = 7 AND `dlt_level` = 1 LIMIT 1   [ RunTime:0.0010s ]
SQL: SELECT SUM(fl_money) AS tp_sum FROM `fw_fanlidetail` WHERE `fl_dlid` = 32 AND `fl_unitcode` = '9999' AND `fl_state` = 0 LIMIT 1   [ RunTime:0.0000s ]
SQL: UPDATE `fw_dealer` SET `dl_fanli`='0' WHERE `dl_id` = 32 AND `dl_unitcode` = '9999' [ RunTime:0.0000s ]
SQL: SHOW COLUMNS FROM `fw_orders` [ RunTime:0.0000s ]
SQL: SELECT * FROM fw_orders a,fw_orderdetail b WHERE a.od_unitcode = '9999' AND a.od_state IN ('3','8') AND a.od_oddlid = '32' AND a.od_id =b.oddt_odid AND a.od_virtualstock = 1 ORDER BY a.od_addtime DESC  [ RunTime:0.0000s ]
SQL: SHOW COLUMNS FROM `fw_orders` [ RunTime:0.0000s ]
SQL: SELECT * FROM fw_orders a,fw_orderdetail b WHERE a.od_unitcode = '9999' AND a.od_state IN ('0','1','2','3','8') AND a.od_rcdlid = '32' AND a.od_id =b.oddt_odid AND a.od_virtualstock = 1 ORDER BY a.od_addtime DESC  [ RunTime:0.0010s ]
SQL: SHOW COLUMNS FROM `fw_orders` [ RunTime:0.0000s ]
SQL: SELECT * FROM fw_orders a,fw_orderdetail b WHERE a.od_unitcode = '9999' AND a.od_state IN ('0','1','2','3','8') AND a.od_oddlid = '32' AND a.od_id =b.oddt_odid AND a.od_virtualstock = 0 ORDER BY a.od_addtime DESC  [ RunTime:0.0000s ]
SQL: SELECT SUM(od_total) AS tp_sum FROM `fw_orders` WHERE `od_unitcode` = '9999' AND `od_rcdlid` = 32 AND `od_state` IN ('3','8') AND `od_virtualstock` = 1 LIMIT 1   [ RunTime:0.0000s ]
SQL: SELECT SUM(od_expressfee) AS tp_sum FROM `fw_orders` WHERE `od_unitcode` = '9999' AND `od_rcdlid` = 32 AND `od_state` IN ('3','8') AND `od_virtualstock` = 1 LIMIT 1   [ RunTime:0.0000s ]
SQL: SELECT SUM(od_total) AS tp_sum FROM `fw_orders` WHERE `od_unitcode` = '9999' AND `od_oddlid` = 32 AND `od_state` IN ('3','8') AND `od_virtualstock` = 1 AND `od_fugou` = 1 AND `od_addtime` BETWEEN 1525104000 AND 1526639802 LIMIT 1   [ RunTime:0.0010s ]
SQL: SELECT SUM(od_expressfee) AS tp_sum FROM `fw_orders` WHERE `od_unitcode` = '9999' AND `od_oddlid` = 32 AND `od_state` IN ('3','8') AND `od_virtualstock` = 1 AND `od_fugou` = 1 AND `od_addtime` BETWEEN 1525104000 AND 1526639802 LIMIT 1   [ RunTime:0.0010s ]
SQL: SELECT COUNT(*) AS tp_count FROM `fw_orders` WHERE `od_unitcode` = '9999' AND `od_rcdlid` = 32 AND `od_virtualstock` = 1 AND `od_state` = 0 LIMIT 1   [ RunTime:0.0010s ]
SQL: SELECT COUNT(*) AS tp_count FROM `fw_orders` WHERE `od_unitcode` = '9999' AND `od_rcdlid` = 32 AND `od_state` IN ('1','2') AND `od_virtualstock` = 1 LIMIT 1   [ RunTime:0.0010s ]
SQL: SELECT `dl_id`,`dl_username`,`dl_name`,`dl_belong`,`dl_type`,`dl_level`,`dl_wxheadimg` FROM `fw_dealer` WHERE `dl_unitcode` = '9999' AND `dl_level` = 1 LIMIT 1000   [ RunTime:0.0000s ]
INFO: [ view_parse ] --START--
INFO: [ template_filter ] --START--
INFO: Run Behavior\ContentReplaceBehavior [ RunTime:0.000000s ]
INFO: [ template_filter ] --END-- [ RunTime:0.001000s ]
NOTIC: [8] Undefined variable: item D:\wamp64\www\Kangli\Runtime\Cache\Kangli\71a806bdd4c5c4d7ad2968fc5894cbd0.php 第 143 行.
INFO: Run Behavior\ParseTemplateBehavior [ RunTime:0.012000s ]
INFO: [ view_parse ] --END-- [ RunTime:0.012000s ]
INFO: [ view_filter ] --START--
INFO: Run Behavior\WriteHtmlCacheBehavior [ RunTime:0.000000s ]
INFO: [ view_filter ] --END-- [ RunTime:0.001000s ]
INFO: [ app_end ] --START--
INFO: Run Behavior\ShowPageTraceBehavior [ RunTime:0.001000s ]
INFO: [ app_end ] --END-- [ RunTime:0.001000s ]
NOTIC: [2] ini_set(): A session is active. You cannot change the session module's ini settings at this time D:\wamp64\www\Kangli\index.php 第 31 行.

[ 2018-05-18T18:36:42+08:00 ] 127.0.0.1 /Kangli/Kangli/Dealer/login/ttamp/1526639802/sture/8667fb401d40b8e065bb5678d2886b47/tagpage/aHR0cDovL2xvY2FsaG9zdC9LYW5nbGkvS2FuZ2xpL01pbmU=
INFO: [ app_init ] --START--
INFO: Run Behavior\BuildLiteBehavior [ RunTime:0.000000s ]
INFO: [ app_init ] --END-- [ RunTime:0.000000s ]
INFO: [ app_begin ] --START--
INFO: Run Behavior\ReadHtmlCacheBehavior [ RunTime:0.001000s ]
INFO: [ app_begin ] --END-- [ RunTime:0.001000s ]
INFO: [ action_begin ] --START--
SQL: SHOW COLUMNS FROM `fw_denyip` [ RunTime:0.0000s ]
SQL: SELECT * FROM `fw_denyip`  [ RunTime:0.0010s ]
INFO: Run Home\Behaviors\DenyipsBehavior [ RunTime:0.010000s ]
INFO: [ action_begin ] --END-- [ RunTime:0.010000s ]
INFO: [ view_parse ] --START--
INFO: [ template_filter ] --START--
INFO: Run Behavior\ContentReplaceBehavior [ RunTime:0.000000s ]
INFO: [ template_filter ] --END-- [ RunTime:0.000000s ]
INFO: Run Behavior\ParseTemplateBehavior [ RunTime:0.007000s ]
INFO: [ view_parse ] --END-- [ RunTime:0.007000s ]
INFO: [ view_filter ] --START--
INFO: Run Behavior\WriteHtmlCacheBehavior [ RunTime:0.001000s ]
INFO: [ view_filter ] --END-- [ RunTime:0.001000s ]
INFO: [ app_end ] --START--
INFO: Run Behavior\ShowPageTraceBehavior [ RunTime:0.000000s ]
INFO: [ app_end ] --END-- [ RunTime:0.000000s ]
NOTIC: [2] ini_set(): A session is active. You cannot change the session module's ini settings at this time D:\wamp64\www\Kangli\index.php 第 31 行.

[ 2018-05-18T18:36:53+08:00 ] 127.0.0.1 /Kangli/Kangli/Dealer/login
INFO: [ app_init ] --START--
INFO: Run Behavior\BuildLiteBehavior [ RunTime:0.000000s ]
INFO: [ app_init ] --END-- [ RunTime:0.001000s ]
INFO: [ app_begin ] --START--
INFO: Run Behavior\ReadHtmlCacheBehavior [ RunTime:0.002000s ]
INFO: [ app_begin ] --END-- [ RunTime:0.002000s ]
INFO: [ action_begin ] --START--
SQL: SHOW COLUMNS FROM `fw_denyip` [ RunTime:0.0010s ]
SQL: SELECT * FROM `fw_denyip`  [ RunTime:0.0000s ]
INFO: Run Home\Behaviors\DenyipsBehavior [ RunTime:0.019000s ]
INFO: [ action_begin ] --END-- [ RunTime:0.019000s ]
SQL: SHOW COLUMNS FROM `fw_dealer` [ RunTime:0.0010s ]
SQL: SELECT * FROM `fw_dealer` WHERE `dl_username` = 'test99' AND `dl_unitcode` = '9999' LIMIT 1   [ RunTime:0.0010s ]
SQL: SHOW COLUMNS FROM `fw_log` [ RunTime:0.0000s ]
SQL: INSERT INTO `fw_log` (`log_qyid`,`log_user`,`log_qycode`,`log_action`,`log_type`,`log_addtime`,`log_ip`,`log_link`,`log_remark`) VALUES ('32','test99','9999','经销商账号登录','2','1526639813','127.0.0.1','/Kangli/Kangli/Dealer/login','') [ RunTime:0.0000s ]
SQL: UPDATE `fw_dealer` SET `dl_logintime`='1526639813' WHERE `dl_username` = 'test99' AND `dl_unitcode` = '9999' [ RunTime:0.0000s ]

[ 2018-05-18T18:36:53+08:00 ] 127.0.0.1 /Kangli/Kangli/Mine
INFO: [ app_init ] --START--
INFO: Run Behavior\BuildLiteBehavior [ RunTime:0.000000s ]
INFO: [ app_init ] --END-- [ RunTime:0.001000s ]
INFO: [ app_begin ] --START--
INFO: Run Behavior\ReadHtmlCacheBehavior [ RunTime:0.001000s ]
INFO: [ app_begin ] --END-- [ RunTime:0.001000s ]
INFO: [ action_begin ] --START--
SQL: SHOW COLUMNS FROM `fw_denyip` [ RunTime:0.0010s ]
SQL: SELECT * FROM `fw_denyip`  [ RunTime:0.0000s ]
INFO: Run Home\Behaviors\DenyipsBehavior [ RunTime:0.021000s ]
INFO: [ action_begin ] --END-- [ RunTime:0.021000s ]
SQL: SHOW COLUMNS FROM `fw_dealer` [ RunTime:0.0000s ]
SQL: SHOW COLUMNS FROM `fw_dltype` [ RunTime:0.0000s ]
SQL: SHOW COLUMNS FROM `fw_fanlidetail` [ RunTime:0.0000s ]
SQL: SHOW COLUMNS FROM `fw_orders` [ RunTime:0.0000s ]
SQL: SELECT `dl_id`,`dl_username`,`dl_name`,`dl_belong`,`dl_type`,`dl_level`,`dl_wxheadimg` FROM `fw_dealer` WHERE `dl_id` = 32 AND `dl_unitcode` = '9999' LIMIT 1   [ RunTime:0.0000s ]
SQL: SELECT `dlt_id`,`dlt_name` FROM `fw_dltype` WHERE `dlt_unitcode` = '9999' AND `dlt_id` = 7 AND `dlt_level` = 1 LIMIT 1   [ RunTime:0.0010s ]
SQL: SELECT SUM(fl_money) AS tp_sum FROM `fw_fanlidetail` WHERE `fl_dlid` = 32 AND `fl_unitcode` = '9999' AND `fl_state` = 0 LIMIT 1   [ RunTime:0.0000s ]
SQL: UPDATE `fw_dealer` SET `dl_fanli`='0' WHERE `dl_id` = 32 AND `dl_unitcode` = '9999' [ RunTime:0.0000s ]
SQL: SHOW COLUMNS FROM `fw_orders` [ RunTime:0.0010s ]
SQL: SELECT * FROM fw_orders a,fw_orderdetail b WHERE a.od_unitcode = '9999' AND a.od_state IN ('3','8') AND a.od_oddlid = '32' AND a.od_id =b.oddt_odid AND a.od_virtualstock = 1 ORDER BY a.od_addtime DESC  [ RunTime:0.0000s ]
SQL: SHOW COLUMNS FROM `fw_orders` [ RunTime:0.0000s ]
SQL: SELECT * FROM fw_orders a,fw_orderdetail b WHERE a.od_unitcode = '9999' AND a.od_state IN ('0','1','2','3','8') AND a.od_rcdlid = '32' AND a.od_id =b.oddt_odid AND a.od_virtualstock = 1 ORDER BY a.od_addtime DESC  [ RunTime:0.0000s ]
SQL: SHOW COLUMNS FROM `fw_orders` [ RunTime:0.0010s ]
SQL: SELECT * FROM fw_orders a,fw_orderdetail b WHERE a.od_unitcode = '9999' AND a.od_state IN ('0','1','2','3','8') AND a.od_oddlid = '32' AND a.od_id =b.oddt_odid AND a.od_virtualstock = 0 ORDER BY a.od_addtime DESC  [ RunTime:0.0010s ]
SQL: SELECT SUM(od_total) AS tp_sum FROM `fw_orders` WHERE `od_unitcode` = '9999' AND `od_rcdlid` = 32 AND `od_state` IN ('3','8') AND `od_virtualstock` = 1 LIMIT 1   [ RunTime:0.0010s ]
SQL: SELECT SUM(od_expressfee) AS tp_sum FROM `fw_orders` WHERE `od_unitcode` = '9999' AND `od_rcdlid` = 32 AND `od_state` IN ('3','8') AND `od_virtualstock` = 1 LIMIT 1   [ RunTime:0.0000s ]
SQL: SELECT SUM(od_total) AS tp_sum FROM `fw_orders` WHERE `od_unitcode` = '9999' AND `od_oddlid` = 32 AND `od_state` IN ('3','8') AND `od_virtualstock` = 1 AND `od_fugou` = 1 AND `od_addtime` BETWEEN 1525104000 AND 1526639813 LIMIT 1   [ RunTime:0.0000s ]
SQL: SELECT SUM(od_expressfee) AS tp_sum FROM `fw_orders` WHERE `od_unitcode` = '9999' AND `od_oddlid` = 32 AND `od_state` IN ('3','8') AND `od_virtualstock` = 1 AND `od_fugou` = 1 AND `od_addtime` BETWEEN 1525104000 AND 1526639813 LIMIT 1   [ RunTime:0.0000s ]
SQL: SELECT COUNT(*) AS tp_count FROM `fw_orders` WHERE `od_unitcode` = '9999' AND `od_rcdlid` = 32 AND `od_virtualstock` = 1 AND `od_state` = 0 LIMIT 1   [ RunTime:0.0000s ]
SQL: SELECT COUNT(*) AS tp_count FROM `fw_orders` WHERE `od_unitcode` = '9999' AND `od_rcdlid` = 32 AND `od_state` IN ('1','2') AND `od_virtualstock` = 1 LIMIT 1   [ RunTime:0.0010s ]
SQL: SELECT `dl_id`,`dl_username`,`dl_name`,`dl_belong`,`dl_type`,`dl_level`,`dl_wxheadimg` FROM `fw_dealer` WHERE `dl_unitcode` = '9999' AND `dl_level` = 1 LIMIT 1000   [ RunTime:0.0000s ]
INFO: [ view_parse ] --START--
INFO: [ template_filter ] --START--
INFO: Run Behavior\ContentReplaceBehavior [ RunTime:0.000000s ]
INFO: [ template_filter ] --END-- [ RunTime:0.000000s ]
NOTIC: [8] Undefined variable: item D:\wamp64\www\Kangli\Runtime\Cache\Kangli\71a806bdd4c5c4d7ad2968fc5894cbd0.php 第 143 行.
INFO: Run Behavior\ParseTemplateBehavior [ RunTime:0.011000s ]
INFO: [ view_parse ] --END-- [ RunTime:0.011000s ]
INFO: [ view_filter ] --START--
INFO: Run Behavior\WriteHtmlCacheBehavior [ RunTime:0.001000s ]
INFO: [ view_filter ] --END-- [ RunTime:0.001000s ]
INFO: [ app_end ] --START--
INFO: Run Behavior\ShowPageTraceBehavior [ RunTime:0.001000s ]
INFO: [ app_end ] --END-- [ RunTime:0.001000s ]
NOTIC: [2] ini_set(): A session is active. You cannot change the session module's ini settings at this time D:\wamp64\www\Kangli\index.php 第 31 行.

[ 2018-05-18T18:36:55+08:00 ] 127.0.0.1 /Kangli/Kangli/Fanli
INFO: [ app_init ] --START--
INFO: Run Behavior\BuildLiteBehavior [ RunTime:0.000000s ]
INFO: [ app_init ] --END-- [ RunTime:0.000000s ]
INFO: [ app_begin ] --START--
INFO: Run Behavior\ReadHtmlCacheBehavior [ RunTime:0.001000s ]
INFO: [ app_begin ] --END-- [ RunTime:0.001000s ]
INFO: [ action_begin ] --START--
SQL: SHOW COLUMNS FROM `fw_denyip` [ RunTime:0.0010s ]
SQL: SELECT * FROM `fw_denyip`  [ RunTime:0.0000s ]
INFO: Run Home\Behaviors\DenyipsBehavior [ RunTime:0.008000s ]
INFO: [ action_begin ] --END-- [ RunTime:0.008000s ]
SQL: SHOW COLUMNS FROM `fw_dealer` [ RunTime:0.0010s ]
SQL: SHOW COLUMNS FROM `fw_dltype` [ RunTime:0.0010s ]
SQL: SELECT * FROM `fw_dealer` WHERE `dl_id` = 32 AND `dl_unitcode` = '9999' AND `dl_status` = 1 LIMIT 1   [ RunTime:0.0010s ]
SQL: SHOW COLUMNS FROM `fw_fanlidetail` [ RunTime:0.0000s ]
SQL: SELECT SUM(fl_money) AS tp_sum FROM `fw_fanlidetail` WHERE `fl_dlid` = 32 AND `fl_unitcode` = '9999' AND `fl_state` = 0 LIMIT 1   [ RunTime:0.0000s ]
SQL: UPDATE `fw_dealer` SET `dl_fanli`='0' WHERE `dl_id` = 32 AND `dl_unitcode` = '9999' AND `dl_status` = 1 [ RunTime:0.0000s ]
SQL: SELECT COUNT(*) AS tp_count FROM `fw_fanlidetail` WHERE `fl_unitcode` = '9999' AND `fl_dlid` = 32 AND `fl_state` IN ('0','2') LIMIT 1   [ RunTime:0.0010s ]
SQL: SELECT * FROM `fw_fanlidetail` WHERE `fl_unitcode` = '9999' AND `fl_dlid` = 32 AND `fl_state` IN ('0','2') ORDER BY fl_id DESC LIMIT 0,50   [ RunTime:0.0000s ]
INFO: [ view_parse ] --START--
INFO: [ template_filter ] --START--
INFO: Run Behavior\ContentReplaceBehavior [ RunTime:0.000000s ]
INFO: [ template_filter ] --END-- [ RunTime:0.000000s ]
NOTIC: [8] Undefined variable: mysodcount D:\wamp64\www\Kangli\Runtime\Cache\Kangli\048943e8a1b29273ccd35ea42da5480f.php 第 250 行.
NOTIC: [8] Undefined variable: mymodcount D:\wamp64\www\Kangli\Runtime\Cache\Kangli\048943e8a1b29273ccd35ea42da5480f.php 第 253 行.
NOTIC: [8] Undefined variable: myyodcount D:\wamp64\www\Kangli\Runtime\Cache\Kangli\048943e8a1b29273ccd35ea42da5480f.php 第 256 行.
INFO: Run Behavior\ParseTemplateBehavior [ RunTime:0.021000s ]
INFO: [ view_parse ] --END-- [ RunTime:0.021000s ]
INFO: [ view_filter ] --START--
INFO: Run Behavior\WriteHtmlCacheBehavior [ RunTime:0.001000s ]
INFO: [ view_filter ] --END-- [ RunTime:0.001000s ]
INFO: [ app_end ] --START--
INFO: Run Behavior\ShowPageTraceBehavior [ RunTime:0.001000s ]
INFO: [ app_end ] --END-- [ RunTime:0.001000s ]
NOTIC: [2] ini_set(): A session is active. You cannot change the session module's ini settings at this time D:\wamp64\www\Kangli\index.php 第 31 行.

[ 2018-05-18T18:36:57+08:00 ] 127.0.0.1 /Kangli/Kangli/Fanli/paylist
INFO: [ app_init ] --START--
INFO: Run Behavior\BuildLiteBehavior [ RunTime:0.000000s ]
INFO: [ app_init ] --END-- [ RunTime:0.000000s ]
INFO: [ app_begin ] --START--
INFO: Run Behavior\ReadHtmlCacheBehavior [ RunTime:0.000000s ]
INFO: [ app_begin ] --END-- [ RunTime:0.000000s ]
INFO: [ action_begin ] --START--
SQL: SHOW COLUMNS FROM `fw_denyip` [ RunTime:0.0010s ]
SQL: SELECT * FROM `fw_denyip`  [ RunTime:0.0000s ]
INFO: Run Home\Behaviors\DenyipsBehavior [ RunTime:0.019000s ]
INFO: [ action_begin ] --END-- [ RunTime:0.020000s ]
SQL: SHOW COLUMNS FROM `fw_recash` [ RunTime:0.0000s ]
SQL: SELECT COUNT(*) AS tp_count FROM `fw_recash` WHERE `rc_unitcode` = '9999' AND `rc_sdlid` = 32 LIMIT 1   [ RunTime:0.0000s ]
SQL: SELECT * FROM `fw_recash` WHERE `rc_unitcode` = '9999' AND `rc_sdlid` = 32 ORDER BY rc_id DESC LIMIT 0,50   [ RunTime:0.0010s ]
SQL: SHOW COLUMNS FROM `fw_dealer` [ RunTime:0.0000s ]
SQL: SELECT * FROM `fw_dealer` WHERE `dl_id` = 38 AND `dl_unitcode` = '9999' LIMIT 1   [ RunTime:0.0000s ]
INFO: [ view_parse ] --START--
INFO: [ template_filter ] --START--
INFO: Run Behavior\ContentReplaceBehavior [ RunTime:0.000000s ]
INFO: [ template_filter ] --END-- [ RunTime:0.000000s ]
INFO: Run Behavior\ParseTemplateBehavior [ RunTime:0.010000s ]
INFO: [ view_parse ] --END-- [ RunTime:0.010000s ]
INFO: [ view_filter ] --START--
INFO: Run Behavior\WriteHtmlCacheBehavior [ RunTime:0.000000s ]
INFO: [ view_filter ] --END-- [ RunTime:0.000000s ]
INFO: [ app_end ] --START--
INFO: Run Behavior\ShowPageTraceBehavior [ RunTime:0.000000s ]
INFO: [ app_end ] --END-- [ RunTime:0.001000s ]
NOTIC: [2] ini_set(): A session is active. You cannot change the session module's ini settings at this time D:\wamp64\www\Kangli\index.php 第 31 行.

[ 2018-05-18T18:37:03+08:00 ] 127.0.0.1 /Kangli/Kangli/Fanli/paydetail/rc_id/4
INFO: [ app_init ] --START--
INFO: Run Behavior\BuildLiteBehavior [ RunTime:0.000000s ]
INFO: [ app_init ] --END-- [ RunTime:0.001000s ]
INFO: [ app_begin ] --START--
INFO: Run Behavior\ReadHtmlCacheBehavior [ RunTime:0.001000s ]
INFO: [ app_begin ] --END-- [ RunTime:0.002000s ]
INFO: [ action_begin ] --START--
SQL: SHOW COLUMNS FROM `fw_denyip` [ RunTime:0.0010s ]
SQL: SELECT * FROM `fw_denyip`  [ RunTime:0.0010s ]
INFO: Run Home\Behaviors\DenyipsBehavior [ RunTime:0.015000s ]
INFO: [ action_begin ] --END-- [ RunTime:0.015000s ]
SQL: SHOW COLUMNS FROM `fw_recash` [ RunTime:0.0010s ]
SQL: SELECT * FROM `fw_recash` WHERE `rc_id` = 4 AND `rc_unitcode` = '9999' AND `rc_sdlid` = 32 LIMIT 1   [ RunTime:0.0010s ]
SQL: SHOW COLUMNS FROM `fw_dealer` [ RunTime:0.0010s ]
SQL: SELECT * FROM `fw_dealer` WHERE `dl_id` = 38 AND `dl_unitcode` = '9999' LIMIT 1   [ RunTime:0.0000s ]
SQL: SELECT * FROM `fw_dealer` WHERE `dl_id` = 32 AND `dl_unitcode` = '9999' LIMIT 1   [ RunTime:0.0000s ]
INFO: [ view_parse ] --START--
INFO: [ template_filter ] --START--
INFO: Run Behavior\ContentReplaceBehavior [ RunTime:0.000000s ]
INFO: [ template_filter ] --END-- [ RunTime:0.000000s ]
INFO: Run Behavior\ParseTemplateBehavior [ RunTime:0.018000s ]
INFO: [ view_parse ] --END-- [ RunTime:0.018000s ]
INFO: [ view_filter ] --START--
INFO: Run Behavior\WriteHtmlCacheBehavior [ RunTime:0.000000s ]
INFO: [ view_filter ] --END-- [ RunTime:0.001000s ]
INFO: [ app_end ] --START--
INFO: Run Behavior\ShowPageTraceBehavior [ RunTime:0.001000s ]
INFO: [ app_end ] --END-- [ RunTime:0.001000s ]
NOTIC: [2] ini_set(): A session is active. You cannot change the session module's ini settings at this time D:\wamp64\www\Kangli\index.php 第 31 行.

