[ 2018-06-27T15:52:40+08:00 ] ::1 /Kangli/Kangli
INFO: [ app_init ] --START--
INFO: Run Behavior\BuildLiteBehavior [ RunTime:0.000000s ]
INFO: [ app_init ] --END-- [ RunTime:0.001000s ]
INFO: [ app_begin ] --START--
INFO: Run Behavior\ReadHtmlCacheBehavior [ RunTime:0.001000s ]
INFO: [ app_begin ] --END-- [ RunTime:0.002000s ]
INFO: [ action_begin ] --START--
SQL: SHOW COLUMNS FROM `fw_denyip` [ RunTime:0.0020s ]
SQL: SELECT * FROM `fw_denyip`  [ RunTime:0.0000s ]
INFO: Run Home\Behaviors\DenyipsBehavior [ RunTime:0.015000s ]
INFO: [ action_begin ] --END-- [ RunTime:0.015000s ]
SQL: SHOW COLUMNS FROM `fw_jfmonews` [ RunTime:0.0020s ]
SQL: SELECT `news_id`,`news_title` FROM `fw_jfmonews` WHERE `news_isgg` = 1 AND `news_unitcode` = '9999' ORDER BY news_addtime DESC  [ RunTime:0.0000s ]
SQL: SHOW COLUMNS FROM `fw_adinfo` [ RunTime:0.0020s ]
SQL: SELECT * FROM `fw_adinfo` WHERE `ad_unitcode` = '9999' ORDER BY ad_addtime DESC LIMIT 5   [ RunTime:0.0010s ]
SQL: SELECT * FROM `fw_jfmonews` WHERE `news_type` = 2 AND `news_unitcode` = '9999' ORDER BY news_addtime DESC LIMIT 2   [ RunTime:0.0010s ]
SQL: SHOW COLUMNS FROM `fw_dealer` [ RunTime:0.0020s ]
SQL: SHOW COLUMNS FROM `fw_dltype` [ RunTime:0.0020s ]
SQL: SELECT `dlt_name`,`dlt_level` FROM `fw_dltype` WHERE `dlt_unitcode` = '9999' GROUP BY dlt_name,dlt_level ORDER BY dlt_level ASC  [ RunTime:0.0000s ]
SQL: SELECT * FROM `fw_dealer` WHERE `dl_id` = 32 AND `dl_unitcode` = '9999' LIMIT 1   [ RunTime:0.0000s ]
SQL: SELECT `dl_id`,`dl_name`,`dl_level`,`dl_status`,`dl_type` FROM `fw_dealer` WHERE `dl_belong` = 32 AND `dl_unitcode` = '9999'  [ RunTime:0.0000s ]
SQL: SELECT `dl_id`,`dl_name`,`dl_level`,`dl_status`,`dl_type` FROM `fw_dealer` WHERE `dl_belong` = 34 AND `dl_unitcode` = '9999'  [ RunTime:0.0000s ]
SQL: SELECT `dl_id`,`dl_name`,`dl_level`,`dl_status`,`dl_type` FROM `fw_dealer` WHERE `dl_belong` = 35 AND `dl_unitcode` = '9999'  [ RunTime:0.0000s ]
SQL: SELECT `dl_id`,`dl_name`,`dl_level`,`dl_status`,`dl_type` FROM `fw_dealer` WHERE `dl_belong` = 38 AND `dl_unitcode` = '9999'  [ RunTime:0.0000s ]
SQL: SELECT `dl_id`,`dl_name`,`dl_level`,`dl_status`,`dl_type` FROM `fw_dealer` WHERE `dl_belong` = 36 AND `dl_unitcode` = '9999'  [ RunTime:0.0010s ]
SQL: SELECT `dl_id`,`dl_name`,`dl_level`,`dl_status`,`dl_type` FROM `fw_dealer` WHERE `dl_belong` = 39 AND `dl_unitcode` = '9999'  [ RunTime:0.0000s ]
SQL: SELECT `dl_id`,`dl_name`,`dl_level`,`dl_status`,`dl_type` FROM `fw_dealer` WHERE `dl_belong` = 40 AND `dl_unitcode` = '9999'  [ RunTime:0.0000s ]
SQL: SELECT `dl_id`,`dl_name`,`dl_level`,`dl_status`,`dl_type` FROM `fw_dealer` WHERE `dl_belong` = 44 AND `dl_unitcode` = '9999'  [ RunTime:0.0000s ]
SQL: SELECT * FROM `fw_dealer` WHERE `dl_id` = 32 AND `dl_unitcode` = '9999' LIMIT 1   [ RunTime:0.0000s ]
SQL: SELECT `dl_id`,`dl_name`,`dl_level`,`dl_status`,`dl_type` FROM `fw_dealer` WHERE `dl_belong` = 32 AND `dl_unitcode` = '9999'  [ RunTime:0.0000s ]
SQL: SELECT `dl_id`,`dl_name`,`dl_level`,`dl_status`,`dl_type` FROM `fw_dealer` WHERE `dl_belong` = 34 AND `dl_unitcode` = '9999'  [ RunTime:0.0000s ]
SQL: SELECT `dl_id`,`dl_name`,`dl_level`,`dl_status`,`dl_type` FROM `fw_dealer` WHERE `dl_belong` = 35 AND `dl_unitcode` = '9999'  [ RunTime:0.0000s ]
SQL: SELECT `dl_id`,`dl_name`,`dl_level`,`dl_status`,`dl_type` FROM `fw_dealer` WHERE `dl_belong` = 38 AND `dl_unitcode` = '9999'  [ RunTime:0.0010s ]
SQL: SELECT `dl_id`,`dl_name`,`dl_level`,`dl_status`,`dl_type` FROM `fw_dealer` WHERE `dl_belong` = 36 AND `dl_unitcode` = '9999'  [ RunTime:0.0000s ]
SQL: SELECT `dl_id`,`dl_name`,`dl_level`,`dl_status`,`dl_type` FROM `fw_dealer` WHERE `dl_belong` = 39 AND `dl_unitcode` = '9999'  [ RunTime:0.0000s ]
SQL: SELECT `dl_id`,`dl_name`,`dl_level`,`dl_status`,`dl_type` FROM `fw_dealer` WHERE `dl_belong` = 40 AND `dl_unitcode` = '9999'  [ RunTime:0.0000s ]
SQL: SELECT `dl_id`,`dl_name`,`dl_level`,`dl_status`,`dl_type` FROM `fw_dealer` WHERE `dl_belong` = 44 AND `dl_unitcode` = '9999'  [ RunTime:0.0000s ]
SQL: SELECT * FROM `fw_dealer` WHERE `dl_id` = 32 AND `dl_unitcode` = '9999' LIMIT 1   [ RunTime:0.0000s ]
SQL: SELECT `dl_id`,`dl_name`,`dl_level`,`dl_status`,`dl_type` FROM `fw_dealer` WHERE `dl_belong` = 32 AND `dl_unitcode` = '9999'  [ RunTime:0.0000s ]
SQL: SELECT `dl_id`,`dl_name`,`dl_level`,`dl_status`,`dl_type` FROM `fw_dealer` WHERE `dl_belong` = 34 AND `dl_unitcode` = '9999'  [ RunTime:0.0000s ]
SQL: SELECT `dl_id`,`dl_name`,`dl_level`,`dl_status`,`dl_type` FROM `fw_dealer` WHERE `dl_belong` = 35 AND `dl_unitcode` = '9999'  [ RunTime:0.0000s ]
SQL: SELECT `dl_id`,`dl_name`,`dl_level`,`dl_status`,`dl_type` FROM `fw_dealer` WHERE `dl_belong` = 38 AND `dl_unitcode` = '9999'  [ RunTime:0.0000s ]
SQL: SELECT `dl_id`,`dl_name`,`dl_level`,`dl_status`,`dl_type` FROM `fw_dealer` WHERE `dl_belong` = 36 AND `dl_unitcode` = '9999'  [ RunTime:0.0010s ]
SQL: SELECT `dl_id`,`dl_name`,`dl_level`,`dl_status`,`dl_type` FROM `fw_dealer` WHERE `dl_belong` = 39 AND `dl_unitcode` = '9999'  [ RunTime:0.0000s ]
SQL: SELECT `dl_id`,`dl_name`,`dl_level`,`dl_status`,`dl_type` FROM `fw_dealer` WHERE `dl_belong` = 40 AND `dl_unitcode` = '9999'  [ RunTime:0.0000s ]
SQL: SELECT `dl_id`,`dl_name`,`dl_level`,`dl_status`,`dl_type` FROM `fw_dealer` WHERE `dl_belong` = 44 AND `dl_unitcode` = '9999'  [ RunTime:0.0000s ]
SQL: SELECT * FROM `fw_dealer` WHERE `dl_id` = 32 AND `dl_unitcode` = '9999' LIMIT 1   [ RunTime:0.0000s ]
SQL: SELECT `dl_id`,`dl_name`,`dl_level`,`dl_status`,`dl_type` FROM `fw_dealer` WHERE `dl_belong` = 32 AND `dl_unitcode` = '9999'  [ RunTime:0.0000s ]
SQL: SELECT `dl_id`,`dl_name`,`dl_level`,`dl_status`,`dl_type` FROM `fw_dealer` WHERE `dl_belong` = 34 AND `dl_unitcode` = '9999'  [ RunTime:0.0010s ]
SQL: SELECT `dl_id`,`dl_name`,`dl_level`,`dl_status`,`dl_type` FROM `fw_dealer` WHERE `dl_belong` = 35 AND `dl_unitcode` = '9999'  [ RunTime:0.0000s ]
SQL: SELECT `dl_id`,`dl_name`,`dl_level`,`dl_status`,`dl_type` FROM `fw_dealer` WHERE `dl_belong` = 38 AND `dl_unitcode` = '9999'  [ RunTime:0.0000s ]
SQL: SELECT `dl_id`,`dl_name`,`dl_level`,`dl_status`,`dl_type` FROM `fw_dealer` WHERE `dl_belong` = 36 AND `dl_unitcode` = '9999'  [ RunTime:0.0010s ]
SQL: SELECT `dl_id`,`dl_name`,`dl_level`,`dl_status`,`dl_type` FROM `fw_dealer` WHERE `dl_belong` = 39 AND `dl_unitcode` = '9999'  [ RunTime:0.0000s ]
SQL: SELECT `dl_id`,`dl_name`,`dl_level`,`dl_status`,`dl_type` FROM `fw_dealer` WHERE `dl_belong` = 40 AND `dl_unitcode` = '9999'  [ RunTime:0.0000s ]
SQL: SELECT `dl_id`,`dl_name`,`dl_level`,`dl_status`,`dl_type` FROM `fw_dealer` WHERE `dl_belong` = 44 AND `dl_unitcode` = '9999'  [ RunTime:0.0000s ]
SQL: SHOW COLUMNS FROM `fw_orders` [ RunTime:0.0010s ]
SQL: SHOW COLUMNS FROM `fw_product` [ RunTime:0.0020s ]
SQL: SHOW COLUMNS FROM `fw_orderdetail` [ RunTime:0.0020s ]
SQL: SHOW COLUMNS FROM `fw_shipment` [ RunTime:0.0010s ]
SQL: SELECT `od_id`,`od_state`,`od_orderid`,`od_total`,`od_addtime` FROM `fw_orders` WHERE `od_unitcode` = '9999' AND `od_rcdlid` = 32 AND `od_virtualstock` = 1 AND `od_state` = 0 ORDER BY od_addtime DESC  [ RunTime:0.0010s ]
SQL: SELECT * FROM `fw_orderdetail` WHERE `oddt_unitcode` = '9999' AND `oddt_odid` = 71 ORDER BY oddt_id DESC LIMIT 100   [ RunTime:0.0010s ]
SQL: SELECT `pro_id`,`pro_pic` FROM `fw_product` WHERE `pro_id` = 5 AND `pro_unitcode` = '9999' LIMIT 1   [ RunTime:0.0000s ]
SQL: SELECT SUM(ship_proqty) AS tp_sum FROM `fw_shipment` WHERE `ship_pro` = 5 AND `ship_unitcode` = '9999' AND `ship_odid` = 71 AND `ship_deliver` = 32 LIMIT 1   [ RunTime:0.0000s ]
SQL: SELECT `dl_id`,`dl_name`,`dl_weixin`,`dl_wxheadimg`,`dl_tel`,`dl_address`,`dl_addtime`,`dl_level` FROM `fw_dealer` WHERE `dl_unitcode` = '9999' AND `dl_belong` = 32 AND `dl_status` = 0 ORDER BY dl_id DESC  [ RunTime:0.0000s ]
NOTIC: [8] Undefined variable: bas_content D:\wamp64\www\Kangli\Apps\Kangli\Controller\IndexController.class.php 第 292 行.
NOTIC: [8] Undefined variable: bas_logopic D:\wamp64\www\Kangli\Apps\Kangli\Controller\IndexController.class.php 第 294 行.
NOTIC: [8] Undefined variable: bas_footpic D:\wamp64\www\Kangli\Apps\Kangli\Controller\IndexController.class.php 第 295 行.
INFO: [ view_parse ] --START--
INFO: [ template_filter ] --START--
INFO: Run Behavior\ContentReplaceBehavior [ RunTime:0.000000s ]
INFO: [ template_filter ] --END-- [ RunTime:0.000000s ]
NOTIC: [8] Use of undefined constant count - assumed 'count' D:\wamp64\www\Kangli\Runtime\Cache\Kangli\707ff3e6b0334ba29319d61e11de267d.php 第 242 行.
NOTIC: [8] Undefined variable: oauthttamp D:\wamp64\www\Kangli\Runtime\Cache\Kangli\707ff3e6b0334ba29319d61e11de267d.php 第 600 行.
NOTIC: [8] Undefined variable: oauthtsture D:\wamp64\www\Kangli\Runtime\Cache\Kangli\707ff3e6b0334ba29319d61e11de267d.php 第 601 行.
INFO: Run Behavior\ParseTemplateBehavior [ RunTime:0.026000s ]
INFO: [ view_parse ] --END-- [ RunTime:0.026000s ]
INFO: [ view_filter ] --START--
INFO: Run Behavior\WriteHtmlCacheBehavior [ RunTime:0.001000s ]
INFO: [ view_filter ] --END-- [ RunTime:0.001000s ]
INFO: [ app_end ] --START--
INFO: Run Behavior\ShowPageTraceBehavior [ RunTime:0.001000s ]
INFO: [ app_end ] --END-- [ RunTime:0.001000s ]
NOTIC: [2] ini_set(): A session is active. You cannot change the session module's ini settings at this time D:\wamp64\www\Kangli\index.php 第 31 行.

[ 2018-06-27T15:52:42+08:00 ] ::1 /Kangli/Kangli/Query
INFO: [ app_init ] --START--
INFO: Run Behavior\BuildLiteBehavior [ RunTime:0.000000s ]
INFO: [ app_init ] --END-- [ RunTime:0.001000s ]
INFO: [ app_begin ] --START--
INFO: Run Behavior\ReadHtmlCacheBehavior [ RunTime:0.000000s ]
INFO: [ app_begin ] --END-- [ RunTime:0.000000s ]
INFO: [ action_begin ] --START--
SQL: SHOW COLUMNS FROM `fw_denyip` [ RunTime:0.0010s ]
SQL: SELECT * FROM `fw_denyip`  [ RunTime:0.0000s ]
INFO: Run Home\Behaviors\DenyipsBehavior [ RunTime:0.011000s ]
INFO: [ action_begin ] --END-- [ RunTime:0.011000s ]
NOTIC: [8] Undefined variable: prodata D:\wamp64\www\Kangli\Apps\Kangli\Controller\QueryController.class.php 第 192 行.
INFO: [ view_parse ] --START--
INFO: [ template_filter ] --START--
INFO: Run Behavior\ContentReplaceBehavior [ RunTime:0.000000s ]
INFO: [ template_filter ] --END-- [ RunTime:0.000000s ]
INFO: Run Behavior\ParseTemplateBehavior [ RunTime:0.009000s ]
INFO: [ view_parse ] --END-- [ RunTime:0.009000s ]
INFO: [ view_filter ] --START--
INFO: Run Behavior\WriteHtmlCacheBehavior [ RunTime:0.001000s ]
INFO: [ view_filter ] --END-- [ RunTime:0.001000s ]
INFO: [ app_end ] --START--
INFO: Run Behavior\ShowPageTraceBehavior [ RunTime:0.001000s ]
INFO: [ app_end ] --END-- [ RunTime:0.001000s ]
NOTIC: [2] ini_set(): A session is active. You cannot change the session module's ini settings at this time D:\wamp64\www\Kangli\index.php 第 31 行.

[ 2018-06-27T15:52:42+08:00 ] ::1 /Kangli/Kangli/Query/verify
INFO: [ app_init ] --START--
INFO: Run Behavior\BuildLiteBehavior [ RunTime:0.000000s ]
INFO: [ app_init ] --END-- [ RunTime:0.000000s ]
INFO: [ app_begin ] --START--
INFO: Run Behavior\ReadHtmlCacheBehavior [ RunTime:0.001000s ]
INFO: [ app_begin ] --END-- [ RunTime:0.001000s ]
INFO: [ action_begin ] --START--
SQL: SHOW COLUMNS FROM `fw_denyip` [ RunTime:0.0000s ]
SQL: SELECT * FROM `fw_denyip`  [ RunTime:0.0010s ]
INFO: Run Home\Behaviors\DenyipsBehavior [ RunTime:0.012000s ]
INFO: [ action_begin ] --END-- [ RunTime:0.012000s ]

[ 2018-06-27T15:52:48+08:00 ] ::1 /Kangli/Kangli/Query/ajaxres
INFO: [ app_init ] --START--
INFO: Run Behavior\BuildLiteBehavior [ RunTime:0.000000s ]
INFO: [ app_init ] --END-- [ RunTime:0.001000s ]
INFO: [ app_begin ] --START--
INFO: Run Behavior\ReadHtmlCacheBehavior [ RunTime:0.001000s ]
INFO: [ app_begin ] --END-- [ RunTime:0.001000s ]
INFO: [ action_begin ] --START--
SQL: SHOW COLUMNS FROM `fw_denyip` [ RunTime:0.0000s ]
SQL: SELECT * FROM `fw_denyip`  [ RunTime:0.0000s ]
INFO: Run Home\Behaviors\DenyipsBehavior [ RunTime:0.017000s ]
INFO: [ action_begin ] --END-- [ RunTime:0.017000s ]
SQL: SHOW COLUMNS FROM `fw_templist` [ RunTime:0.0030s ]
SQL: SELECT COUNT(*) AS tp_count FROM `fw_templist` WHERE `tmp_ip` = '0.0.0.0' AND `tmp_addtime` >= 1530084167 LIMIT 1   [ RunTime:0.0000s ]
SQL: SELECT COUNT(*) AS tp_count FROM `fw_templist` WHERE `tmp_unitcode` = '9999' AND `tmp_state` = 1 AND `tmp_addtime` >= 1530064367 LIMIT 1   [ RunTime:0.0000s ]
SQL: SHOW COLUMNS FROM `fw_qyinfo` [ RunTime:0.0070s ]
SQL: SELECT a.qy_id,a.qy_code,a.qy_fwkey,a.qy_fwsecret,a.qy_querytimes,b.* FROM fw_qyinfo a,fw_cust b WHERE a.qy_code =b.unitcode AND a.qy_active = 1 AND b.unitcode = '9999' AND b.codelen = 12 LIMIT 1   [ RunTime:0.0050s ]
SQL: SHOW COLUMNS FROM `fw_code` [ RunTime:0.0020s ]
SQL: SELECT * FROM `fw_code` WHERE `unitcode` = '9999' AND `codea` = '4531' LIMIT 1   [ RunTime:0.0010s ]
SQL: SELECT * FROM `fw_code` WHERE `unitcode` = '9999' AND `codeb` = '3561' LIMIT 1   [ RunTime:0.0010s ]
SQL: SELECT * FROM `fw_code` WHERE `unitcode` = '9999' AND `codec` = '8258' LIMIT 1   [ RunTime:0.0010s ]
SQL: SHOW COLUMNS FROM `fw_sellrecord` [ RunTime:0.0020s ]
SQL: SELECT * FROM `fw_sellrecord` WHERE `unitcode` = '9999' AND `mybegin` <= 18 ORDER BY mybegin DESC  [ RunTime:0.0000s ]
SQL: SHOW COLUMNS FROM `fw_shipment` [ RunTime:0.0000s ]
SQL: SELECT * FROM `fw_shipment` WHERE ( `ship_barcode` = '15000000118' OR `ship_barcode` = '150000001' ) AND `ship_unitcode` = '9999' ORDER BY ship_id DESC LIMIT 1   [ RunTime:0.0010s ]

