[ 2018-10-13T16:37:42+08:00 ] ::1 /kangli/Kangli/Orders
INFO: [ app_begin ] --START--
INFO: Run Behavior\ReadHtmlCacheBehavior [ RunTime:0.000000s ]
INFO: [ app_begin ] --END-- [ RunTime:0.001000s ]
INFO: [ action_begin ] --START--
SQL: SHOW COLUMNS FROM `fw_denyip` [ RunTime:0.0080s ]
SQL: SELECT * FROM `fw_denyip`  [ RunTime:0.0010s ]
INFO: Run Home\Behaviors\DenyipsBehavior [ RunTime:1.017058s ]
INFO: [ action_begin ] --END-- [ RunTime:1.017058s ]
SQL: SHOW COLUMNS FROM `fw_orders` [ RunTime:0.0110s ]
SQL: SELECT COUNT(*) AS tp_count FROM `fw_orders` WHERE `od_unitcode` = '9999' AND `od_rcdlid` = null AND `od_state` = 0 AND `od_virtualstock` = 1 LIMIT 1   [ RunTime:0.0010s ]
SQL: SELECT COUNT(*) AS tp_count FROM `fw_orders` WHERE `od_unitcode` = '9999' AND `od_rcdlid` = null AND `od_state` IN ('1','2') AND `od_virtualstock` = 1 LIMIT 1   [ RunTime:0.0010s ]
SQL: SELECT COUNT(*) AS tp_count FROM `fw_orders` WHERE `od_unitcode` = '9999' AND `od_rcdlid` = null AND `od_state` IN ('3','8') AND `od_virtualstock` = 1 LIMIT 1   [ RunTime:0.0010s ]
SQL: SELECT COUNT(*) AS tp_count FROM `fw_orders` WHERE `od_unitcode` = '9999' AND `od_rcdlid` = null AND `od_state` = 9 AND `od_virtualstock` = 1 LIMIT 1   [ RunTime:0.0010s ]
SQL: SELECT COUNT(*) AS tp_count FROM `fw_orders` WHERE `od_unitcode` = '9999' AND `od_oddlid` = null AND `od_state` < '8' AND `od_virtualstock` = 1 LIMIT 1   [ RunTime:0.0010s ]
SQL: SELECT COUNT(*) AS tp_count FROM `fw_orders` WHERE `od_unitcode` = '9999' AND `od_oddlid` = null AND `od_state` = 0 AND `od_virtualstock` = 0 LIMIT 1   [ RunTime:0.0020s ]
SQL: SELECT COUNT(*) AS tp_count FROM `fw_orders` WHERE `od_unitcode` = '9999' AND `od_oddlid` = null AND `od_state` IN ('1','2') AND `od_virtualstock` = 0 LIMIT 1   [ RunTime:0.0010s ]
SQL: SELECT COUNT(*) AS tp_count FROM `fw_orders` WHERE `od_unitcode` = '9999' AND `od_oddlid` = null AND `od_state` = 3 AND `od_virtualstock` = 0 LIMIT 1   [ RunTime:0.0020s ]
SQL: SELECT COUNT(*) AS tp_count FROM `fw_orders` WHERE `od_unitcode` = '9999' AND `od_oddlid` = null AND `od_virtualstock` = 0 LIMIT 1   [ RunTime:0.0020s ]
NOTIC: [8] Undefined variable: parameter D:\Aroot\myphp_www\PHPTutorial\WWW\Kangli\Apps\Kangli\Controller\OrdersController.class.php 第 96 行.
SQL: SELECT `od_id`,`od_state`,`od_orderid`,`od_total`,`od_addtime` FROM `fw_orders` WHERE `od_unitcode` = '9999' AND `od_oddlid` = null AND `od_virtualstock` = 0 ORDER BY od_addtime DESC LIMIT 0,20   [ RunTime:0.0020s ]
SQL: SHOW COLUMNS FROM `fw_product` [ RunTime:0.0120s ]
SQL: SHOW COLUMNS FROM `fw_orderdetail` [ RunTime:0.0090s ]
SQL: SHOW COLUMNS FROM `fw_shipment` [ RunTime:0.0100s ]
INFO: [ view_parse ] --START--
INFO: [ template_filter ] --START--
INFO: Run Behavior\ContentReplaceBehavior [ RunTime:0.000000s ]
INFO: [ template_filter ] --END-- [ RunTime:0.000000s ]
INFO: Run Behavior\ParseTemplateBehavior [ RunTime:0.037002s ]
INFO: [ view_parse ] --END-- [ RunTime:0.038002s ]
INFO: [ view_filter ] --START--
INFO: Run Behavior\WriteHtmlCacheBehavior [ RunTime:0.000000s ]
INFO: [ view_filter ] --END-- [ RunTime:0.000000s ]
INFO: [ app_end ] --START--
INFO: Run Behavior\ShowPageTraceBehavior [ RunTime:0.000000s ]
INFO: [ app_end ] --END-- [ RunTime:0.000000s ]
NOTIC: [2] ini_set(): A session is active. You cannot change the session module's ini settings at this time D:\Aroot\myphp_www\PHPTutorial\WWW\Kangli\index.php 第 30 行.

[ 2018-10-13T16:37:44+08:00 ] ::1 /kangli/Kangli/Dealer/login/ttamp/1539419862/sture/7f687aab65daa27bf19d32c7099db3be/tagpage/aHR0cDovL2xvY2FsaG9zdC9rYW5nbGkvS2FuZ2xpL09yZGVycw==
INFO: [ app_begin ] --START--
INFO: Run Behavior\ReadHtmlCacheBehavior [ RunTime:0.001000s ]
INFO: [ app_begin ] --END-- [ RunTime:0.001000s ]
INFO: [ action_begin ] --START--
SQL: SHOW COLUMNS FROM `fw_denyip` [ RunTime:0.0330s ]
SQL: SELECT * FROM `fw_denyip`  [ RunTime:0.0010s ]
INFO: Run Home\Behaviors\DenyipsBehavior [ RunTime:1.058061s ]
INFO: [ action_begin ] --END-- [ RunTime:1.058061s ]
INFO: [ view_parse ] --START--
INFO: [ template_filter ] --START--
INFO: Run Behavior\ContentReplaceBehavior [ RunTime:0.000000s ]
INFO: [ template_filter ] --END-- [ RunTime:0.000000s ]
INFO: Run Behavior\ParseTemplateBehavior [ RunTime:0.015001s ]
INFO: [ view_parse ] --END-- [ RunTime:0.015001s ]
INFO: [ view_filter ] --START--
INFO: Run Behavior\WriteHtmlCacheBehavior [ RunTime:0.001000s ]
INFO: [ view_filter ] --END-- [ RunTime:0.001000s ]
INFO: [ app_end ] --START--
INFO: Run Behavior\ShowPageTraceBehavior [ RunTime:0.000000s ]
INFO: [ app_end ] --END-- [ RunTime:0.000000s ]
NOTIC: [2] ini_set(): A session is active. You cannot change the session module's ini settings at this time D:\Aroot\myphp_www\PHPTutorial\WWW\Kangli\index.php 第 30 行.

[ 2018-10-13T16:37:51+08:00 ] ::1 /kangli/Kangli/apply
INFO: [ app_begin ] --START--
INFO: Run Behavior\ReadHtmlCacheBehavior [ RunTime:0.000000s ]
INFO: [ app_begin ] --END-- [ RunTime:0.000000s ]
INFO: [ action_begin ] --START--
SQL: SHOW COLUMNS FROM `fw_denyip` [ RunTime:0.0110s ]
SQL: SELECT * FROM `fw_denyip`  [ RunTime:0.0010s ]
INFO: Run Home\Behaviors\DenyipsBehavior [ RunTime:1.030059s ]
INFO: [ action_begin ] --END-- [ RunTime:1.030059s ]
SQL: SHOW COLUMNS FROM `fw_dltype` [ RunTime:0.0110s ]
SQL: SELECT `dlt_id`,`dlt_name`,`dlt_level` FROM `fw_dltype` WHERE `dlt_unitcode` = '9999' ORDER BY dlt_level ASC,dlt_id ASC  [ RunTime:0.0140s ]
INFO: [ view_parse ] --START--
INFO: [ template_filter ] --START--
INFO: Run Behavior\ContentReplaceBehavior [ RunTime:0.000000s ]
INFO: [ template_filter ] --END-- [ RunTime:0.000000s ]
INFO: Run Behavior\ParseTemplateBehavior [ RunTime:0.022001s ]
INFO: [ view_parse ] --END-- [ RunTime:0.022001s ]
INFO: [ view_filter ] --START--
INFO: Run Behavior\WriteHtmlCacheBehavior [ RunTime:0.000000s ]
INFO: [ view_filter ] --END-- [ RunTime:0.000000s ]
INFO: [ app_end ] --START--
INFO: Run Behavior\ShowPageTraceBehavior [ RunTime:0.000000s ]
INFO: [ app_end ] --END-- [ RunTime:0.001000s ]
NOTIC: [2] ini_set(): A session is active. You cannot change the session module's ini settings at this time D:\Aroot\myphp_www\PHPTutorial\WWW\Kangli\index.php 第 30 行.

[ 2018-10-13T16:37:58+08:00 ] ::1 /kangli/Kangli/Product/index/stock/1
INFO: [ app_begin ] --START--
INFO: Run Behavior\ReadHtmlCacheBehavior [ RunTime:0.001000s ]
INFO: [ app_begin ] --END-- [ RunTime:0.001000s ]
INFO: [ action_begin ] --START--
SQL: SHOW COLUMNS FROM `fw_denyip` [ RunTime:0.0100s ]
SQL: SELECT * FROM `fw_denyip`  [ RunTime:0.0010s ]
INFO: Run Home\Behaviors\DenyipsBehavior [ RunTime:1.028058s ]
INFO: [ action_begin ] --END-- [ RunTime:1.028058s ]
SQL: SHOW COLUMNS FROM `fw_dealer` [ RunTime:0.0080s ]
SQL: SHOW COLUMNS FROM `fw_product` [ RunTime:0.0070s ]
SQL: SELECT COUNT(*) AS tp_count FROM `fw_product` WHERE `pro_unitcode` = '9999' AND `pro_active` = 1 LIMIT 1   [ RunTime:0.0020s ]
SQL: SELECT * FROM `fw_product` WHERE `pro_unitcode` = '9999' AND `pro_active` = 1 ORDER BY pro_order ASC LIMIT 0,20   [ RunTime:0.0020s ]
SQL: SHOW COLUMNS FROM `fw_proprice` [ RunTime:0.0460s ]
NOTIC: [8] Undefined variable: dl_type D:\Aroot\myphp_www\PHPTutorial\WWW\Kangli\Apps\Kangli\Controller\ProductController.class.php 第 72 行.
SQL: SELECT * FROM `fw_proprice` WHERE `pri_proid` = 5 AND `pri_unitcode` = '9999' AND `pri_dltype` = null LIMIT 1   [ RunTime:0.0040s ]
NOTIC: [8] Undefined variable: dl_type D:\Aroot\myphp_www\PHPTutorial\WWW\Kangli\Apps\Kangli\Controller\ProductController.class.php 第 72 行.
SQL: SELECT * FROM `fw_proprice` WHERE `pri_proid` = 7 AND `pri_unitcode` = '9999' AND `pri_dltype` = null LIMIT 1   [ RunTime:0.0030s ]
NOTIC: [8] Undefined variable: dl_type D:\Aroot\myphp_www\PHPTutorial\WWW\Kangli\Apps\Kangli\Controller\ProductController.class.php 第 72 行.
SQL: SELECT * FROM `fw_proprice` WHERE `pri_proid` = 12 AND `pri_unitcode` = '9999' AND `pri_dltype` = null LIMIT 1   [ RunTime:0.0040s ]
SQL: SHOW COLUMNS FROM `fw_protype` [ RunTime:0.0160s ]
SQL: SELECT `pro_typeid` FROM `fw_product` WHERE `pro_unitcode` = '9999' AND `pro_active` = 1 GROUP BY pro_typeid  [ RunTime:0.0020s ]
SQL: SELECT `protype_id`,`protype_name` FROM `fw_protype` WHERE `protype_unitcode` = '9999' AND `protype_iswho` = 0 AND `protype_id` = 3 ORDER BY protype_id ASC LIMIT 1   [ RunTime:0.0010s ]
NOTIC: [8] Undefined variable: protype_name D:\Aroot\myphp_www\PHPTutorial\WWW\Kangli\Apps\Kangli\Controller\ProductController.class.php 第 110 行.
INFO: [ view_parse ] --START--
INFO: [ template_filter ] --START--
INFO: Run Behavior\ContentReplaceBehavior [ RunTime:0.000000s ]
INFO: [ template_filter ] --END-- [ RunTime:0.000000s ]
INFO: Run Behavior\ParseTemplateBehavior [ RunTime:0.032002s ]
INFO: [ view_parse ] --END-- [ RunTime:0.032002s ]
INFO: [ view_filter ] --START--
INFO: Run Behavior\WriteHtmlCacheBehavior [ RunTime:0.000000s ]
INFO: [ view_filter ] --END-- [ RunTime:0.000000s ]
INFO: [ app_end ] --START--
INFO: Run Behavior\ShowPageTraceBehavior [ RunTime:0.001000s ]
INFO: [ app_end ] --END-- [ RunTime:0.001000s ]
NOTIC: [2] ini_set(): A session is active. You cannot change the session module's ini settings at this time D:\Aroot\myphp_www\PHPTutorial\WWW\Kangli\index.php 第 30 行.

[ 2018-10-13T16:38:04+08:00 ] ::1 /Kangli/Kangli/Product/index/stock/1
INFO: [ app_begin ] --START--
INFO: Run Behavior\ReadHtmlCacheBehavior [ RunTime:0.000000s ]
INFO: [ app_begin ] --END-- [ RunTime:0.000000s ]
INFO: [ action_begin ] --START--
SQL: SHOW COLUMNS FROM `fw_denyip` [ RunTime:0.0160s ]
SQL: SELECT * FROM `fw_denyip`  [ RunTime:0.0020s ]
INFO: Run Home\Behaviors\DenyipsBehavior [ RunTime:1.044059s ]
INFO: [ action_begin ] --END-- [ RunTime:1.044059s ]
SQL: SHOW COLUMNS FROM `fw_dealer` [ RunTime:0.0090s ]
SQL: SHOW COLUMNS FROM `fw_product` [ RunTime:0.0080s ]
SQL: SELECT COUNT(*) AS tp_count FROM `fw_product` WHERE `pro_unitcode` = '9999' AND `pro_active` = 1 LIMIT 1   [ RunTime:0.0020s ]
SQL: SELECT * FROM `fw_product` WHERE `pro_unitcode` = '9999' AND `pro_active` = 1 ORDER BY pro_order ASC LIMIT 0,20   [ RunTime:0.0020s ]
SQL: SHOW COLUMNS FROM `fw_proprice` [ RunTime:0.0100s ]
NOTIC: [8] Undefined variable: dl_type D:\Aroot\myphp_www\PHPTutorial\WWW\Kangli\Apps\Kangli\Controller\ProductController.class.php 第 72 行.
SQL: SELECT * FROM `fw_proprice` WHERE `pri_proid` = 5 AND `pri_unitcode` = '9999' AND `pri_dltype` = null LIMIT 1   [ RunTime:0.0010s ]
NOTIC: [8] Undefined variable: dl_type D:\Aroot\myphp_www\PHPTutorial\WWW\Kangli\Apps\Kangli\Controller\ProductController.class.php 第 72 行.
SQL: SELECT * FROM `fw_proprice` WHERE `pri_proid` = 7 AND `pri_unitcode` = '9999' AND `pri_dltype` = null LIMIT 1   [ RunTime:0.0010s ]
NOTIC: [8] Undefined variable: dl_type D:\Aroot\myphp_www\PHPTutorial\WWW\Kangli\Apps\Kangli\Controller\ProductController.class.php 第 72 行.
SQL: SELECT * FROM `fw_proprice` WHERE `pri_proid` = 12 AND `pri_unitcode` = '9999' AND `pri_dltype` = null LIMIT 1   [ RunTime:0.0010s ]
SQL: SHOW COLUMNS FROM `fw_protype` [ RunTime:0.0070s ]
SQL: SELECT `pro_typeid` FROM `fw_product` WHERE `pro_unitcode` = '9999' AND `pro_active` = 1 GROUP BY pro_typeid  [ RunTime:0.0010s ]
SQL: SELECT `protype_id`,`protype_name` FROM `fw_protype` WHERE `protype_unitcode` = '9999' AND `protype_iswho` = 0 AND `protype_id` = 3 ORDER BY protype_id ASC LIMIT 1   [ RunTime:0.0010s ]
NOTIC: [8] Undefined variable: protype_name D:\Aroot\myphp_www\PHPTutorial\WWW\Kangli\Apps\Kangli\Controller\ProductController.class.php 第 110 行.
INFO: [ view_parse ] --START--
INFO: [ template_filter ] --START--
INFO: Run Behavior\ContentReplaceBehavior [ RunTime:0.000000s ]
INFO: [ template_filter ] --END-- [ RunTime:0.000000s ]
INFO: Run Behavior\ParseTemplateBehavior [ RunTime:0.006000s ]
INFO: [ view_parse ] --END-- [ RunTime:0.006000s ]
INFO: [ view_filter ] --START--
INFO: Run Behavior\WriteHtmlCacheBehavior [ RunTime:0.000000s ]
INFO: [ view_filter ] --END-- [ RunTime:0.000000s ]
INFO: [ app_end ] --START--
INFO: Run Behavior\ShowPageTraceBehavior [ RunTime:0.001000s ]
INFO: [ app_end ] --END-- [ RunTime:0.001000s ]
NOTIC: [2] ini_set(): A session is active. You cannot change the session module's ini settings at this time D:\Aroot\myphp_www\PHPTutorial\WWW\Kangli\index.php 第 30 行.

[ 2018-10-13T16:38:10+08:00 ] ::1 /Kangli/Kangli/Index
INFO: [ app_begin ] --START--
INFO: Run Behavior\ReadHtmlCacheBehavior [ RunTime:0.001000s ]
INFO: [ app_begin ] --END-- [ RunTime:0.001000s ]
INFO: [ action_begin ] --START--
SQL: SHOW COLUMNS FROM `fw_denyip` [ RunTime:0.0230s ]
SQL: SELECT * FROM `fw_denyip`  [ RunTime:0.0030s ]
INFO: Run Home\Behaviors\DenyipsBehavior [ RunTime:1.066061s ]
INFO: [ action_begin ] --END-- [ RunTime:1.066061s ]
SQL: SHOW COLUMNS FROM `fw_jfmonews` [ RunTime:0.0110s ]
SQL: SELECT `news_id`,`news_title` FROM `fw_jfmonews` WHERE `news_isgg` = 1 AND `news_unitcode` = '9999' ORDER BY news_addtime DESC  [ RunTime:0.0010s ]
SQL: SHOW COLUMNS FROM `fw_adinfo` [ RunTime:0.0110s ]
SQL: SELECT * FROM `fw_adinfo` WHERE `ad_unitcode` = '9999' ORDER BY ad_addtime DESC LIMIT 5   [ RunTime:0.0010s ]
SQL: SELECT * FROM `fw_jfmonews` WHERE `news_type` = 2 AND `news_unitcode` = '9999' ORDER BY news_addtime DESC LIMIT 2   [ RunTime:0.0020s ]
SQL: SHOW COLUMNS FROM `fw_dealer` [ RunTime:0.0090s ]
SQL: SHOW COLUMNS FROM `fw_dltype` [ RunTime:0.0080s ]
SQL: SELECT `dlt_name`,`dlt_level` FROM `fw_dltype` WHERE `dlt_unitcode` = '9999' GROUP BY dlt_name,dlt_level ORDER BY dlt_level ASC  [ RunTime:0.0010s ]
SQL: SHOW COLUMNS FROM `fw_orders` [ RunTime:0.0080s ]
SQL: SHOW COLUMNS FROM `fw_product` [ RunTime:0.0070s ]
SQL: SHOW COLUMNS FROM `fw_orderdetail` [ RunTime:0.0080s ]
SQL: SHOW COLUMNS FROM `fw_shipment` [ RunTime:0.0080s ]
SQL: SELECT `od_id`,`od_state`,`od_orderid`,`od_total`,`od_addtime` FROM `fw_orders` WHERE `od_unitcode` = '9999' AND `od_rcdlid` = null AND `od_virtualstock` = 1 AND `od_state` = 0 ORDER BY od_addtime DESC  [ RunTime:0.0010s ]
SQL: SELECT `dl_id`,`dl_name`,`dl_weixin`,`dl_wxheadimg`,`dl_tel`,`dl_address`,`dl_addtime`,`dl_level` FROM `fw_dealer` WHERE `dl_unitcode` = '9999' AND `dl_belong` = null AND `dl_status` = 0 ORDER BY dl_id DESC  [ RunTime:0.0010s ]
NOTIC: [8] Undefined variable: bas_content D:\Aroot\myphp_www\PHPTutorial\WWW\Kangli\Apps\Kangli\Controller\IndexController.class.php 第 300 行.
NOTIC: [8] Undefined variable: bas_logopic D:\Aroot\myphp_www\PHPTutorial\WWW\Kangli\Apps\Kangli\Controller\IndexController.class.php 第 302 行.
NOTIC: [8] Undefined variable: bas_footpic D:\Aroot\myphp_www\PHPTutorial\WWW\Kangli\Apps\Kangli\Controller\IndexController.class.php 第 303 行.
INFO: [ view_parse ] --START--
INFO: [ template_filter ] --START--
INFO: Run Behavior\ContentReplaceBehavior [ RunTime:0.000000s ]
INFO: [ template_filter ] --END-- [ RunTime:0.000000s ]
NOTIC: [2] Use of undefined constant count - assumed 'count' (this will throw an Error in a future version of PHP) D:\Aroot\myphp_www\PHPTutorial\WWW\Kangli\Runtime\Cache\Kangli\707ff3e6b0334ba29319d61e11de267d.php 第 242 行.
NOTIC: [8] Undefined variable: oauthttamp D:\Aroot\myphp_www\PHPTutorial\WWW\Kangli\Runtime\Cache\Kangli\707ff3e6b0334ba29319d61e11de267d.php 第 605 行.
NOTIC: [8] Undefined variable: oauthtsture D:\Aroot\myphp_www\PHPTutorial\WWW\Kangli\Runtime\Cache\Kangli\707ff3e6b0334ba29319d61e11de267d.php 第 606 行.
INFO: Run Behavior\ParseTemplateBehavior [ RunTime:0.008000s ]
INFO: [ view_parse ] --END-- [ RunTime:0.008000s ]
INFO: [ view_filter ] --START--
INFO: Run Behavior\WriteHtmlCacheBehavior [ RunTime:0.000000s ]
INFO: [ view_filter ] --END-- [ RunTime:0.000000s ]
INFO: [ app_end ] --START--
INFO: Run Behavior\ShowPageTraceBehavior [ RunTime:0.001000s ]
INFO: [ app_end ] --END-- [ RunTime:0.001000s ]
NOTIC: [2] ini_set(): A session is active. You cannot change the session module's ini settings at this time D:\Aroot\myphp_www\PHPTutorial\WWW\Kangli\index.php 第 30 行.

[ 2018-10-13T16:38:29+08:00 ] ::1 /Kangli/Kangli/Mine
INFO: [ app_begin ] --START--
INFO: Run Behavior\ReadHtmlCacheBehavior [ RunTime:0.000000s ]
INFO: [ app_begin ] --END-- [ RunTime:0.000000s ]
INFO: [ action_begin ] --START--
SQL: SHOW COLUMNS FROM `fw_denyip` [ RunTime:0.0230s ]
SQL: SELECT * FROM `fw_denyip`  [ RunTime:0.0010s ]
INFO: Run Home\Behaviors\DenyipsBehavior [ RunTime:1.033059s ]
INFO: [ action_begin ] --END-- [ RunTime:1.033059s ]
SQL: SHOW COLUMNS FROM `fw_dealer` [ RunTime:0.0130s ]
SQL: SHOW COLUMNS FROM `fw_dltype` [ RunTime:0.0120s ]
SQL: SHOW COLUMNS FROM `fw_fanlidetail` [ RunTime:0.0340s ]
SQL: SHOW COLUMNS FROM `fw_orders` [ RunTime:0.0080s ]
SQL: SELECT `dl_id`,`dl_username`,`dl_name`,`dl_belong`,`dl_type`,`dl_level`,`dl_wxheadimg` FROM `fw_dealer` WHERE `dl_id` = null AND `dl_unitcode` = '9999' LIMIT 1   [ RunTime:0.0020s ]
INFO: [ view_parse ] --START--
INFO: [ template_filter ] --START--
INFO: Run Behavior\ContentReplaceBehavior [ RunTime:0.000000s ]
INFO: [ template_filter ] --END-- [ RunTime:0.000000s ]
NOTIC: [8] Undefined variable: item D:\Aroot\myphp_www\PHPTutorial\WWW\Kangli\Runtime\Cache\Kangli\71a806bdd4c5c4d7ad2968fc5894cbd0.php 第 143 行.
INFO: Run Behavior\ParseTemplateBehavior [ RunTime:0.025002s ]
INFO: [ view_parse ] --END-- [ RunTime:0.025002s ]
INFO: [ view_filter ] --START--
INFO: Run Behavior\WriteHtmlCacheBehavior [ RunTime:0.000000s ]
INFO: [ view_filter ] --END-- [ RunTime:0.000000s ]
INFO: [ app_end ] --START--
INFO: Run Behavior\ShowPageTraceBehavior [ RunTime:0.000000s ]
INFO: [ app_end ] --END-- [ RunTime:0.000000s ]
NOTIC: [2] ini_set(): A session is active. You cannot change the session module's ini settings at this time D:\Aroot\myphp_www\PHPTutorial\WWW\Kangli\index.php 第 30 行.

[ 2018-10-13T16:38:30+08:00 ] ::1 /kangli/Kangli/Dealer/login/ttamp/1539419908/sture/0375f4d2b22e4e503dc7f5ae76625a7f/tagpage/aHR0cDovL2xvY2FsaG9zdC9LYW5nbGkvS2FuZ2xpL01pbmU=
INFO: [ app_begin ] --START--
INFO: Run Behavior\ReadHtmlCacheBehavior [ RunTime:0.000000s ]
INFO: [ app_begin ] --END-- [ RunTime:0.000000s ]
INFO: [ action_begin ] --START--
SQL: SHOW COLUMNS FROM `fw_denyip` [ RunTime:0.0140s ]
SQL: SELECT * FROM `fw_denyip`  [ RunTime:0.0020s ]
INFO: Run Home\Behaviors\DenyipsBehavior [ RunTime:1.040060s ]
INFO: [ action_begin ] --END-- [ RunTime:1.040060s ]
INFO: [ view_parse ] --START--
INFO: [ template_filter ] --START--
INFO: Run Behavior\ContentReplaceBehavior [ RunTime:0.000000s ]
INFO: [ template_filter ] --END-- [ RunTime:0.000000s ]
INFO: Run Behavior\ParseTemplateBehavior [ RunTime:0.007000s ]
INFO: [ view_parse ] --END-- [ RunTime:0.008000s ]
INFO: [ view_filter ] --START--
INFO: Run Behavior\WriteHtmlCacheBehavior [ RunTime:0.000000s ]
INFO: [ view_filter ] --END-- [ RunTime:0.000000s ]
INFO: [ app_end ] --START--
INFO: Run Behavior\ShowPageTraceBehavior [ RunTime:0.001000s ]
INFO: [ app_end ] --END-- [ RunTime:0.001000s ]
NOTIC: [2] ini_set(): A session is active. You cannot change the session module's ini settings at this time D:\Aroot\myphp_www\PHPTutorial\WWW\Kangli\index.php 第 30 行.

[ 2018-10-13T16:38:39+08:00 ] ::1 /Kangli/Kangli/Dealer/login
INFO: [ app_begin ] --START--
INFO: Run Behavior\ReadHtmlCacheBehavior [ RunTime:0.000000s ]
INFO: [ app_begin ] --END-- [ RunTime:0.001000s ]
INFO: [ action_begin ] --START--
SQL: SHOW COLUMNS FROM `fw_denyip` [ RunTime:0.0350s ]
SQL: SELECT * FROM `fw_denyip`  [ RunTime:0.0020s ]
INFO: Run Home\Behaviors\DenyipsBehavior [ RunTime:1.062061s ]
INFO: [ action_begin ] --END-- [ RunTime:1.062061s ]
SQL: SHOW COLUMNS FROM `fw_dealer` [ RunTime:0.0220s ]
SQL: SELECT * FROM `fw_dealer` WHERE `dl_username` = 'admin' AND `dl_unitcode` = '9999' LIMIT 1   [ RunTime:0.0020s ]
NOTIC: [8] Undefined variable: dl_username D:\Aroot\myphp_www\PHPTutorial\WWW\Kangli\Apps\Kangli\Controller\DealerController.class.php 第 191 行.

[ 2018-10-13T17:22:40+08:00 ] ::1 /Kangli/Kangli/Index
INFO: [ app_begin ] --START--
INFO: Run Behavior\ReadHtmlCacheBehavior [ RunTime:0.000000s ]
INFO: [ app_begin ] --END-- [ RunTime:0.000000s ]
INFO: [ action_begin ] --START--
SQL: SHOW COLUMNS FROM `fw_denyip` [ RunTime:0.0290s ]
SQL: SELECT * FROM `fw_denyip`  [ RunTime:0.0010s ]
INFO: Run Home\Behaviors\DenyipsBehavior [ RunTime:1.051060s ]
INFO: [ action_begin ] --END-- [ RunTime:1.051060s ]
SQL: SHOW COLUMNS FROM `fw_jfmonews` [ RunTime:0.0130s ]
SQL: SELECT `news_id`,`news_title` FROM `fw_jfmonews` WHERE `news_isgg` = 1 AND `news_unitcode` = '9999' ORDER BY news_addtime DESC  [ RunTime:0.0020s ]
SQL: SHOW COLUMNS FROM `fw_adinfo` [ RunTime:0.0130s ]
SQL: SELECT * FROM `fw_adinfo` WHERE `ad_unitcode` = '9999' ORDER BY ad_addtime DESC LIMIT 5   [ RunTime:0.0000s ]
SQL: SELECT * FROM `fw_jfmonews` WHERE `news_type` = 2 AND `news_unitcode` = '9999' ORDER BY news_addtime DESC LIMIT 2   [ RunTime:0.0010s ]
SQL: SHOW COLUMNS FROM `fw_dealer` [ RunTime:0.0090s ]
SQL: SHOW COLUMNS FROM `fw_dltype` [ RunTime:0.0070s ]
SQL: SELECT `dlt_name`,`dlt_level` FROM `fw_dltype` WHERE `dlt_unitcode` = '9999' GROUP BY dlt_name,dlt_level ORDER BY dlt_level ASC  [ RunTime:0.0020s ]
SQL: SHOW COLUMNS FROM `fw_orders` [ RunTime:0.0080s ]
SQL: SHOW COLUMNS FROM `fw_product` [ RunTime:0.0090s ]
SQL: SHOW COLUMNS FROM `fw_orderdetail` [ RunTime:0.0090s ]
SQL: SHOW COLUMNS FROM `fw_shipment` [ RunTime:0.0080s ]
SQL: SELECT `od_id`,`od_state`,`od_orderid`,`od_total`,`od_addtime` FROM `fw_orders` WHERE `od_unitcode` = '9999' AND `od_rcdlid` = null AND `od_virtualstock` = 1 AND `od_state` = 0 ORDER BY od_addtime DESC  [ RunTime:0.0010s ]
SQL: SELECT `dl_id`,`dl_name`,`dl_weixin`,`dl_wxheadimg`,`dl_tel`,`dl_address`,`dl_addtime`,`dl_level` FROM `fw_dealer` WHERE `dl_unitcode` = '9999' AND `dl_belong` = null AND `dl_status` = 0 ORDER BY dl_id DESC  [ RunTime:0.0010s ]
NOTIC: [8] Undefined variable: bas_content D:\Aroot\myphp_www\PHPTutorial\WWW\Kangli\Apps\Kangli\Controller\IndexController.class.php 第 300 行.
NOTIC: [8] Undefined variable: bas_logopic D:\Aroot\myphp_www\PHPTutorial\WWW\Kangli\Apps\Kangli\Controller\IndexController.class.php 第 302 行.
NOTIC: [8] Undefined variable: bas_footpic D:\Aroot\myphp_www\PHPTutorial\WWW\Kangli\Apps\Kangli\Controller\IndexController.class.php 第 303 行.
INFO: [ view_parse ] --START--
INFO: [ template_filter ] --START--
INFO: Run Behavior\ContentReplaceBehavior [ RunTime:0.000000s ]
INFO: [ template_filter ] --END-- [ RunTime:0.000000s ]
NOTIC: [2] Use of undefined constant count - assumed 'count' (this will throw an Error in a future version of PHP) D:\Aroot\myphp_www\PHPTutorial\WWW\Kangli\Runtime\Cache\Kangli\707ff3e6b0334ba29319d61e11de267d.php 第 242 行.
NOTIC: [8] Undefined variable: oauthttamp D:\Aroot\myphp_www\PHPTutorial\WWW\Kangli\Runtime\Cache\Kangli\707ff3e6b0334ba29319d61e11de267d.php 第 605 行.
NOTIC: [8] Undefined variable: oauthtsture D:\Aroot\myphp_www\PHPTutorial\WWW\Kangli\Runtime\Cache\Kangli\707ff3e6b0334ba29319d61e11de267d.php 第 606 行.
INFO: Run Behavior\ParseTemplateBehavior [ RunTime:0.010000s ]
INFO: [ view_parse ] --END-- [ RunTime:0.010000s ]
INFO: [ view_filter ] --START--
INFO: Run Behavior\WriteHtmlCacheBehavior [ RunTime:0.001000s ]
INFO: [ view_filter ] --END-- [ RunTime:0.001000s ]
INFO: [ app_end ] --START--
INFO: Run Behavior\ShowPageTraceBehavior [ RunTime:0.000000s ]
INFO: [ app_end ] --END-- [ RunTime:0.000000s ]
NOTIC: [2] ini_set(): A session is active. You cannot change the session module's ini settings at this time D:\Aroot\myphp_www\PHPTutorial\WWW\Kangli\index.php 第 30 行.

