[ 2018-09-20T16:40:26+08:00 ] ::1 /Kangli/Mp/Dljf/index
ERR: 无法加载控制器:Dljf

[ 2018-09-20T16:40:46+08:00 ] ::1 /Kangli/Mp/Dljf/index
ERR: 无法加载控制器:Dljf

[ 2018-09-20T16:56:24+08:00 ] ::1 /Kangli/Mp/Echarts/echarts_data_get
INFO: [ app_begin ] --START--
INFO: Run Behavior\ReadHtmlCacheBehavior [ RunTime:0.001000s ]
INFO: [ app_begin ] --END-- [ RunTime:0.001000s ]
INFO: [ action_begin ] --START--
SQL: SHOW COLUMNS FROM `fw_denyip` [ RunTime:0.0300s ]
SQL: SELECT * FROM `fw_denyip`  [ RunTime:0.0010s ]
INFO: Run Home\Behaviors\DenyipsBehavior [ RunTime:1.064061s ]
INFO: [ action_begin ] --END-- [ RunTime:1.064061s ]
SQL: SHOW COLUMNS FROM `fw_qyinfo` [ RunTime:0.0150s ]
SQL: SELECT * FROM `fw_qyinfo` WHERE `qy_id` = 995 AND `qy_username` = 'kangli' LIMIT 1   [ RunTime:0.0010s ]
NOTIC: [2] file_get_contents(/kangli//public/mp/js/mapseries.json): failed to open stream: No such file or directory D:\Aroot\myphp_www\PHPTutorial\WWW\Kangli\Tp\Common\function.php 第 72 行.

[ 2018-09-20T16:56:25+08:00 ] ::1 /Kangli/Mp/Echarts/echarts_data_get
INFO: [ app_begin ] --START--
INFO: Run Behavior\ReadHtmlCacheBehavior [ RunTime:0.000000s ]
INFO: [ app_begin ] --END-- [ RunTime:0.001000s ]
INFO: [ action_begin ] --START--
SQL: SHOW COLUMNS FROM `fw_denyip` [ RunTime:0.0060s ]
SQL: SELECT * FROM `fw_denyip`  [ RunTime:0.0010s ]
INFO: Run Home\Behaviors\DenyipsBehavior [ RunTime:1.028059s ]
INFO: [ action_begin ] --END-- [ RunTime:1.028059s ]
SQL: SHOW COLUMNS FROM `fw_qyinfo` [ RunTime:0.0050s ]
SQL: SELECT * FROM `fw_qyinfo` WHERE `qy_id` = 995 AND `qy_username` = 'kangli' LIMIT 1   [ RunTime:0.0020s ]
NOTIC: [2] file_get_contents(/kangli//public/mp/js/mapseries.json): failed to open stream: No such file or directory D:\Aroot\myphp_www\PHPTutorial\WWW\Kangli\Tp\Common\function.php 第 72 行.

[ 2018-09-20T16:56:27+08:00 ] ::1 /Kangli/Mp/Echarts/echarts_data_get
INFO: [ app_begin ] --START--
INFO: Run Behavior\ReadHtmlCacheBehavior [ RunTime:0.001000s ]
INFO: [ app_begin ] --END-- [ RunTime:0.002000s ]
INFO: [ action_begin ] --START--
SQL: SHOW COLUMNS FROM `fw_denyip` [ RunTime:0.0140s ]
SQL: SELECT * FROM `fw_denyip`  [ RunTime:0.0010s ]
INFO: Run Home\Behaviors\DenyipsBehavior [ RunTime:1.030059s ]
INFO: [ action_begin ] --END-- [ RunTime:1.030059s ]
SQL: SHOW COLUMNS FROM `fw_qyinfo` [ RunTime:0.0110s ]
SQL: SELECT * FROM `fw_qyinfo` WHERE `qy_id` = 995 AND `qy_username` = 'kangli' LIMIT 1   [ RunTime:0.0010s ]
NOTIC: [2] file_get_contents(/kangli//public/mp/js/mapseries.json): failed to open stream: No such file or directory D:\Aroot\myphp_www\PHPTutorial\WWW\Kangli\Tp\Common\function.php 第 72 行.

[ 2018-09-20T16:56:29+08:00 ] ::1 /Kangli/Mp/Echarts/echarts_data_get
INFO: [ app_begin ] --START--
INFO: Run Behavior\ReadHtmlCacheBehavior [ RunTime:0.000000s ]
INFO: [ app_begin ] --END-- [ RunTime:0.001000s ]
INFO: [ action_begin ] --START--
SQL: SHOW COLUMNS FROM `fw_denyip` [ RunTime:0.0090s ]
SQL: SELECT * FROM `fw_denyip`  [ RunTime:0.0010s ]
INFO: Run Home\Behaviors\DenyipsBehavior [ RunTime:1.045060s ]
INFO: [ action_begin ] --END-- [ RunTime:1.045060s ]
SQL: SHOW COLUMNS FROM `fw_qyinfo` [ RunTime:0.0070s ]
SQL: SELECT * FROM `fw_qyinfo` WHERE `qy_id` = 995 AND `qy_username` = 'kangli' LIMIT 1   [ RunTime:0.0020s ]
NOTIC: [2] file_get_contents(/kangli//public/mp/js/mapseries.json): failed to open stream: No such file or directory D:\Aroot\myphp_www\PHPTutorial\WWW\Kangli\Tp\Common\function.php 第 72 行.

[ 2018-09-20T16:56:31+08:00 ] ::1 /Kangli/Mp/Echarts/echarts_data_get
INFO: [ app_begin ] --START--
INFO: Run Behavior\ReadHtmlCacheBehavior [ RunTime:0.000000s ]
INFO: [ app_begin ] --END-- [ RunTime:0.000000s ]
INFO: [ action_begin ] --START--
SQL: SHOW COLUMNS FROM `fw_denyip` [ RunTime:0.0050s ]
SQL: SELECT * FROM `fw_denyip`  [ RunTime:0.0010s ]
INFO: Run Home\Behaviors\DenyipsBehavior [ RunTime:1.040060s ]
INFO: [ action_begin ] --END-- [ RunTime:1.040060s ]
SQL: SHOW COLUMNS FROM `fw_qyinfo` [ RunTime:0.0040s ]
SQL: SELECT * FROM `fw_qyinfo` WHERE `qy_id` = 995 AND `qy_username` = 'kangli' LIMIT 1   [ RunTime:0.0010s ]
NOTIC: [2] file_get_contents(/kangli//public/mp/js/mapseries.json): failed to open stream: No such file or directory D:\Aroot\myphp_www\PHPTutorial\WWW\Kangli\Tp\Common\function.php 第 72 行.

[ 2018-09-20T16:56:33+08:00 ] ::1 /Kangli/Mp/Echarts/echarts_data_get
INFO: [ app_begin ] --START--
INFO: Run Behavior\ReadHtmlCacheBehavior [ RunTime:0.000000s ]
INFO: [ app_begin ] --END-- [ RunTime:0.001000s ]
INFO: [ action_begin ] --START--
SQL: SHOW COLUMNS FROM `fw_denyip` [ RunTime:0.0060s ]
SQL: SELECT * FROM `fw_denyip`  [ RunTime:0.0010s ]
INFO: Run Home\Behaviors\DenyipsBehavior [ RunTime:1.029059s ]
INFO: [ action_begin ] --END-- [ RunTime:1.029059s ]
SQL: SHOW COLUMNS FROM `fw_qyinfo` [ RunTime:0.0100s ]
SQL: SELECT * FROM `fw_qyinfo` WHERE `qy_id` = 995 AND `qy_username` = 'kangli' LIMIT 1   [ RunTime:0.0030s ]
NOTIC: [2] file_get_contents(/kangli//public/mp/js/mapseries.json): failed to open stream: No such file or directory D:\Aroot\myphp_www\PHPTutorial\WWW\Kangli\Tp\Common\function.php 第 72 行.

[ 2018-09-20T16:56:35+08:00 ] ::1 /Kangli/Mp/Echarts/echarts_data_get
INFO: [ app_begin ] --START--
INFO: Run Behavior\ReadHtmlCacheBehavior [ RunTime:0.001000s ]
INFO: [ app_begin ] --END-- [ RunTime:0.001000s ]
INFO: [ action_begin ] --START--
SQL: SHOW COLUMNS FROM `fw_denyip` [ RunTime:0.0140s ]
SQL: SELECT * FROM `fw_denyip`  [ RunTime:0.0010s ]
INFO: Run Home\Behaviors\DenyipsBehavior [ RunTime:1.028059s ]
INFO: [ action_begin ] --END-- [ RunTime:1.028059s ]
SQL: SHOW COLUMNS FROM `fw_qyinfo` [ RunTime:0.0060s ]
SQL: SELECT * FROM `fw_qyinfo` WHERE `qy_id` = 995 AND `qy_username` = 'kangli' LIMIT 1   [ RunTime:0.0010s ]
NOTIC: [2] file_get_contents(/kangli//public/mp/js/mapseries.json): failed to open stream: No such file or directory D:\Aroot\myphp_www\PHPTutorial\WWW\Kangli\Tp\Common\function.php 第 72 行.

[ 2018-09-20T16:56:37+08:00 ] ::1 /Kangli/Mp/Echarts/echarts_data_get
INFO: [ app_begin ] --START--
INFO: Run Behavior\ReadHtmlCacheBehavior [ RunTime:0.000000s ]
INFO: [ app_begin ] --END-- [ RunTime:0.001000s ]
INFO: [ action_begin ] --START--
SQL: SHOW COLUMNS FROM `fw_denyip` [ RunTime:0.0070s ]
SQL: SELECT * FROM `fw_denyip`  [ RunTime:0.0010s ]
INFO: Run Home\Behaviors\DenyipsBehavior [ RunTime:1.023058s ]
INFO: [ action_begin ] --END-- [ RunTime:1.023058s ]
SQL: SHOW COLUMNS FROM `fw_qyinfo` [ RunTime:0.0060s ]
SQL: SELECT * FROM `fw_qyinfo` WHERE `qy_id` = 995 AND `qy_username` = 'kangli' LIMIT 1   [ RunTime:0.0020s ]
NOTIC: [2] file_get_contents(/kangli//public/mp/js/mapseries.json): failed to open stream: No such file or directory D:\Aroot\myphp_www\PHPTutorial\WWW\Kangli\Tp\Common\function.php 第 72 行.

[ 2018-09-20T16:56:39+08:00 ] ::1 /Kangli/Mp/Echarts/echarts_data_get
INFO: [ app_begin ] --START--
INFO: Run Behavior\ReadHtmlCacheBehavior [ RunTime:0.001000s ]
INFO: [ app_begin ] --END-- [ RunTime:0.001000s ]
INFO: [ action_begin ] --START--
SQL: SHOW COLUMNS FROM `fw_denyip` [ RunTime:0.0050s ]
SQL: SELECT * FROM `fw_denyip`  [ RunTime:0.0010s ]
INFO: Run Home\Behaviors\DenyipsBehavior [ RunTime:1.017058s ]
INFO: [ action_begin ] --END-- [ RunTime:1.017058s ]
SQL: SHOW COLUMNS FROM `fw_qyinfo` [ RunTime:0.0120s ]
SQL: SELECT * FROM `fw_qyinfo` WHERE `qy_id` = 995 AND `qy_username` = 'kangli' LIMIT 1   [ RunTime:0.0010s ]
NOTIC: [2] file_get_contents(/kangli//public/mp/js/mapseries.json): failed to open stream: No such file or directory D:\Aroot\myphp_www\PHPTutorial\WWW\Kangli\Tp\Common\function.php 第 72 行.

[ 2018-09-20T16:56:42+08:00 ] ::1 /Kangli/Mp/Echarts/echarts_data_get
INFO: [ app_begin ] --START--
INFO: Run Behavior\ReadHtmlCacheBehavior [ RunTime:0.001001s ]
INFO: [ app_begin ] --END-- [ RunTime:0.001001s ]
INFO: [ action_begin ] --START--
SQL: SHOW COLUMNS FROM `fw_denyip` [ RunTime:0.0110s ]
SQL: SELECT * FROM `fw_denyip`  [ RunTime:0.0010s ]
INFO: Run Home\Behaviors\DenyipsBehavior [ RunTime:1.050060s ]
INFO: [ action_begin ] --END-- [ RunTime:1.050060s ]
SQL: SHOW COLUMNS FROM `fw_qyinfo` [ RunTime:0.0060s ]
SQL: SELECT * FROM `fw_qyinfo` WHERE `qy_id` = 995 AND `qy_username` = 'kangli' LIMIT 1   [ RunTime:0.0080s ]
NOTIC: [2] file_get_contents(/kangli//public/mp/js/mapseries.json): failed to open stream: No such file or directory D:\Aroot\myphp_www\PHPTutorial\WWW\Kangli\Tp\Common\function.php 第 72 行.

[ 2018-09-20T16:56:43+08:00 ] ::1 /Kangli/Mp/Echarts/echarts_data_get
INFO: [ app_begin ] --START--
INFO: Run Behavior\ReadHtmlCacheBehavior [ RunTime:0.000000s ]
INFO: [ app_begin ] --END-- [ RunTime:0.001000s ]
INFO: [ action_begin ] --START--
SQL: SHOW COLUMNS FROM `fw_denyip` [ RunTime:0.0110s ]
SQL: SELECT * FROM `fw_denyip`  [ RunTime:0.0010s ]
INFO: Run Home\Behaviors\DenyipsBehavior [ RunTime:1.039060s ]
INFO: [ action_begin ] --END-- [ RunTime:1.039060s ]
SQL: SHOW COLUMNS FROM `fw_qyinfo` [ RunTime:0.0060s ]
SQL: SELECT * FROM `fw_qyinfo` WHERE `qy_id` = 995 AND `qy_username` = 'kangli' LIMIT 1   [ RunTime:0.0030s ]
NOTIC: [2] file_get_contents(/kangli//public/mp/js/mapseries.json): failed to open stream: No such file or directory D:\Aroot\myphp_www\PHPTutorial\WWW\Kangli\Tp\Common\function.php 第 72 行.

[ 2018-09-20T16:56:45+08:00 ] ::1 /Kangli/Mp/Echarts/echarts_data_get
INFO: [ app_begin ] --START--
INFO: Run Behavior\ReadHtmlCacheBehavior [ RunTime:0.001000s ]
INFO: [ app_begin ] --END-- [ RunTime:0.001000s ]
INFO: [ action_begin ] --START--
SQL: SHOW COLUMNS FROM `fw_denyip` [ RunTime:0.0060s ]
SQL: SELECT * FROM `fw_denyip`  [ RunTime:0.0010s ]
INFO: Run Home\Behaviors\DenyipsBehavior [ RunTime:1.020058s ]
INFO: [ action_begin ] --END-- [ RunTime:1.020058s ]
SQL: SHOW COLUMNS FROM `fw_qyinfo` [ RunTime:0.0080s ]
SQL: SELECT * FROM `fw_qyinfo` WHERE `qy_id` = 995 AND `qy_username` = 'kangli' LIMIT 1   [ RunTime:0.0020s ]
NOTIC: [2] file_get_contents(/kangli//public/mp/js/mapseries.json): failed to open stream: No such file or directory D:\Aroot\myphp_www\PHPTutorial\WWW\Kangli\Tp\Common\function.php 第 72 行.

[ 2018-09-20T16:56:47+08:00 ] ::1 /Kangli/Mp/Echarts/echarts_data_get
INFO: [ app_begin ] --START--
INFO: Run Behavior\ReadHtmlCacheBehavior [ RunTime:0.000000s ]
INFO: [ app_begin ] --END-- [ RunTime:0.001000s ]
INFO: [ action_begin ] --START--
SQL: SHOW COLUMNS FROM `fw_denyip` [ RunTime:0.0050s ]
SQL: SELECT * FROM `fw_denyip`  [ RunTime:0.0020s ]
INFO: Run Home\Behaviors\DenyipsBehavior [ RunTime:1.019059s ]
INFO: [ action_begin ] --END-- [ RunTime:1.020059s ]
SQL: SHOW COLUMNS FROM `fw_qyinfo` [ RunTime:0.0100s ]
SQL: SELECT * FROM `fw_qyinfo` WHERE `qy_id` = 995 AND `qy_username` = 'kangli' LIMIT 1   [ RunTime:0.0090s ]
NOTIC: [2] file_get_contents(/kangli//public/mp/js/mapseries.json): failed to open stream: No such file or directory D:\Aroot\myphp_www\PHPTutorial\WWW\Kangli\Tp\Common\function.php 第 72 行.

[ 2018-09-20T16:56:49+08:00 ] ::1 /Kangli/Mp/Echarts/echarts_data_get
INFO: [ app_begin ] --START--
INFO: Run Behavior\ReadHtmlCacheBehavior [ RunTime:0.001000s ]
INFO: [ app_begin ] --END-- [ RunTime:0.001000s ]
INFO: [ action_begin ] --START--
SQL: SHOW COLUMNS FROM `fw_denyip` [ RunTime:0.0060s ]
SQL: SELECT * FROM `fw_denyip`  [ RunTime:0.0010s ]
INFO: Run Home\Behaviors\DenyipsBehavior [ RunTime:1.028058s ]
INFO: [ action_begin ] --END-- [ RunTime:1.028058s ]
SQL: SHOW COLUMNS FROM `fw_qyinfo` [ RunTime:0.0070s ]
SQL: SELECT * FROM `fw_qyinfo` WHERE `qy_id` = 995 AND `qy_username` = 'kangli' LIMIT 1   [ RunTime:0.0010s ]
NOTIC: [2] file_get_contents(/kangli//public/mp/js/mapseries.json): failed to open stream: No such file or directory D:\Aroot\myphp_www\PHPTutorial\WWW\Kangli\Tp\Common\function.php 第 72 行.

[ 2018-09-20T16:56:51+08:00 ] ::1 /Kangli/Mp/Echarts/echarts_data_get
INFO: [ app_begin ] --START--
INFO: Run Behavior\ReadHtmlCacheBehavior [ RunTime:0.001000s ]
INFO: [ app_begin ] --END-- [ RunTime:0.001000s ]
INFO: [ action_begin ] --START--
SQL: SHOW COLUMNS FROM `fw_denyip` [ RunTime:0.0060s ]
SQL: SELECT * FROM `fw_denyip`  [ RunTime:0.0070s ]
INFO: Run Home\Behaviors\DenyipsBehavior [ RunTime:1.029059s ]
INFO: [ action_begin ] --END-- [ RunTime:1.029059s ]
SQL: SHOW COLUMNS FROM `fw_qyinfo` [ RunTime:0.0090s ]
SQL: SELECT * FROM `fw_qyinfo` WHERE `qy_id` = 995 AND `qy_username` = 'kangli' LIMIT 1   [ RunTime:0.0010s ]
NOTIC: [2] file_get_contents(/kangli//public/mp/js/mapseries.json): failed to open stream: No such file or directory D:\Aroot\myphp_www\PHPTutorial\WWW\Kangli\Tp\Common\function.php 第 72 行.

[ 2018-09-20T16:56:53+08:00 ] ::1 /Kangli/Mp/Echarts/echarts_data_get
INFO: [ app_begin ] --START--
INFO: Run Behavior\ReadHtmlCacheBehavior [ RunTime:0.000000s ]
INFO: [ app_begin ] --END-- [ RunTime:0.001000s ]
INFO: [ action_begin ] --START--
SQL: SHOW COLUMNS FROM `fw_denyip` [ RunTime:0.0080s ]
SQL: SELECT * FROM `fw_denyip`  [ RunTime:0.0010s ]
INFO: Run Home\Behaviors\DenyipsBehavior [ RunTime:1.031059s ]
INFO: [ action_begin ] --END-- [ RunTime:1.031059s ]
SQL: SHOW COLUMNS FROM `fw_qyinfo` [ RunTime:0.0060s ]
SQL: SELECT * FROM `fw_qyinfo` WHERE `qy_id` = 995 AND `qy_username` = 'kangli' LIMIT 1   [ RunTime:0.0010s ]
NOTIC: [2] file_get_contents(/kangli//public/mp/js/mapseries.json): failed to open stream: No such file or directory D:\Aroot\myphp_www\PHPTutorial\WWW\Kangli\Tp\Common\function.php 第 72 行.

[ 2018-09-20T16:56:55+08:00 ] ::1 /Kangli/Mp/Echarts/echarts_data_get
INFO: [ app_begin ] --START--
INFO: Run Behavior\ReadHtmlCacheBehavior [ RunTime:0.000000s ]
INFO: [ app_begin ] --END-- [ RunTime:0.001000s ]
INFO: [ action_begin ] --START--
SQL: SHOW COLUMNS FROM `fw_denyip` [ RunTime:0.0110s ]
SQL: SELECT * FROM `fw_denyip`  [ RunTime:0.0010s ]
INFO: Run Home\Behaviors\DenyipsBehavior [ RunTime:1.034059s ]
INFO: [ action_begin ] --END-- [ RunTime:1.034059s ]
SQL: SHOW COLUMNS FROM `fw_qyinfo` [ RunTime:0.0070s ]
SQL: SELECT * FROM `fw_qyinfo` WHERE `qy_id` = 995 AND `qy_username` = 'kangli' LIMIT 1   [ RunTime:0.0010s ]
NOTIC: [2] file_get_contents(/kangli//public/mp/js/mapseries.json): failed to open stream: No such file or directory D:\Aroot\myphp_www\PHPTutorial\WWW\Kangli\Tp\Common\function.php 第 72 行.

[ 2018-09-20T16:56:57+08:00 ] ::1 /Kangli/Mp/Echarts/echarts_data_get
INFO: [ app_begin ] --START--
INFO: Run Behavior\ReadHtmlCacheBehavior [ RunTime:0.000000s ]
INFO: [ app_begin ] --END-- [ RunTime:0.001000s ]
INFO: [ action_begin ] --START--
SQL: SHOW COLUMNS FROM `fw_denyip` [ RunTime:0.0130s ]
SQL: SELECT * FROM `fw_denyip`  [ RunTime:0.0010s ]
INFO: Run Home\Behaviors\DenyipsBehavior [ RunTime:1.041060s ]
INFO: [ action_begin ] --END-- [ RunTime:1.041060s ]
SQL: SHOW COLUMNS FROM `fw_qyinfo` [ RunTime:0.0060s ]
SQL: SELECT * FROM `fw_qyinfo` WHERE `qy_id` = 995 AND `qy_username` = 'kangli' LIMIT 1   [ RunTime:0.0010s ]
NOTIC: [2] file_get_contents(/kangli//public/mp/js/mapseries.json): failed to open stream: No such file or directory D:\Aroot\myphp_www\PHPTutorial\WWW\Kangli\Tp\Common\function.php 第 72 行.

[ 2018-09-20T16:56:59+08:00 ] ::1 /Kangli/Mp/Echarts/echarts_data_get
INFO: [ app_begin ] --START--
INFO: Run Behavior\ReadHtmlCacheBehavior [ RunTime:0.000000s ]
INFO: [ app_begin ] --END-- [ RunTime:0.000000s ]
INFO: [ action_begin ] --START--
SQL: SHOW COLUMNS FROM `fw_denyip` [ RunTime:0.0080s ]
SQL: SELECT * FROM `fw_denyip`  [ RunTime:0.0010s ]
INFO: Run Home\Behaviors\DenyipsBehavior [ RunTime:1.021058s ]
INFO: [ action_begin ] --END-- [ RunTime:1.021058s ]
SQL: SHOW COLUMNS FROM `fw_qyinfo` [ RunTime:0.0070s ]
SQL: SELECT * FROM `fw_qyinfo` WHERE `qy_id` = 995 AND `qy_username` = 'kangli' LIMIT 1   [ RunTime:0.0010s ]
NOTIC: [2] file_get_contents(/kangli//public/mp/js/mapseries.json): failed to open stream: No such file or directory D:\Aroot\myphp_www\PHPTutorial\WWW\Kangli\Tp\Common\function.php 第 72 行.

[ 2018-09-20T16:57:01+08:00 ] ::1 /Kangli/Mp/Echarts/echarts_data_get
INFO: [ app_begin ] --START--
INFO: Run Behavior\ReadHtmlCacheBehavior [ RunTime:0.000000s ]
INFO: [ app_begin ] --END-- [ RunTime:0.001000s ]
INFO: [ action_begin ] --START--
SQL: SHOW COLUMNS FROM `fw_denyip` [ RunTime:0.0120s ]
SQL: SELECT * FROM `fw_denyip`  [ RunTime:0.0120s ]
INFO: Run Home\Behaviors\DenyipsBehavior [ RunTime:1.034059s ]
INFO: [ action_begin ] --END-- [ RunTime:1.034059s ]
SQL: SHOW COLUMNS FROM `fw_qyinfo` [ RunTime:0.0090s ]
SQL: SELECT * FROM `fw_qyinfo` WHERE `qy_id` = 995 AND `qy_username` = 'kangli' LIMIT 1   [ RunTime:0.0020s ]
NOTIC: [2] file_get_contents(/kangli//public/mp/js/mapseries.json): failed to open stream: No such file or directory D:\Aroot\myphp_www\PHPTutorial\WWW\Kangli\Tp\Common\function.php 第 72 行.

[ 2018-09-20T16:57:03+08:00 ] ::1 /Kangli/Mp/Echarts/echarts_data_get
INFO: [ app_begin ] --START--
INFO: Run Behavior\ReadHtmlCacheBehavior [ RunTime:0.001000s ]
INFO: [ app_begin ] --END-- [ RunTime:0.001000s ]
INFO: [ action_begin ] --START--
SQL: SHOW COLUMNS FROM `fw_denyip` [ RunTime:0.0090s ]
SQL: SELECT * FROM `fw_denyip`  [ RunTime:0.0010s ]
INFO: Run Home\Behaviors\DenyipsBehavior [ RunTime:1.022058s ]
INFO: [ action_begin ] --END-- [ RunTime:1.022058s ]
SQL: SHOW COLUMNS FROM `fw_qyinfo` [ RunTime:0.0090s ]
SQL: SELECT * FROM `fw_qyinfo` WHERE `qy_id` = 995 AND `qy_username` = 'kangli' LIMIT 1   [ RunTime:0.0010s ]
NOTIC: [2] file_get_contents(/kangli//public/mp/js/mapseries.json): failed to open stream: No such file or directory D:\Aroot\myphp_www\PHPTutorial\WWW\Kangli\Tp\Common\function.php 第 72 行.

[ 2018-09-20T16:57:05+08:00 ] ::1 /Kangli/Mp/Echarts/echarts_data_get
INFO: [ app_begin ] --START--
INFO: Run Behavior\ReadHtmlCacheBehavior [ RunTime:0.001000s ]
INFO: [ app_begin ] --END-- [ RunTime:0.001000s ]
INFO: [ action_begin ] --START--
SQL: SHOW COLUMNS FROM `fw_denyip` [ RunTime:0.0100s ]
SQL: SELECT * FROM `fw_denyip`  [ RunTime:0.0010s ]
INFO: Run Home\Behaviors\DenyipsBehavior [ RunTime:1.027059s ]
INFO: [ action_begin ] --END-- [ RunTime:1.027059s ]
SQL: SHOW COLUMNS FROM `fw_qyinfo` [ RunTime:0.0090s ]
SQL: SELECT * FROM `fw_qyinfo` WHERE `qy_id` = 995 AND `qy_username` = 'kangli' LIMIT 1   [ RunTime:0.0020s ]
NOTIC: [2] file_get_contents(/kangli//public/mp/js/mapseries.json): failed to open stream: No such file or directory D:\Aroot\myphp_www\PHPTutorial\WWW\Kangli\Tp\Common\function.php 第 72 行.

[ 2018-09-20T16:57:08+08:00 ] ::1 /Kangli/Mp/Echarts/echarts_data_get
INFO: [ app_begin ] --START--
INFO: Run Behavior\ReadHtmlCacheBehavior [ RunTime:0.001000s ]
INFO: [ app_begin ] --END-- [ RunTime:0.001000s ]
INFO: [ action_begin ] --START--
SQL: SHOW COLUMNS FROM `fw_denyip` [ RunTime:0.0160s ]
SQL: SELECT * FROM `fw_denyip`  [ RunTime:0.0010s ]
INFO: Run Home\Behaviors\DenyipsBehavior [ RunTime:1.077062s ]
INFO: [ action_begin ] --END-- [ RunTime:1.078062s ]
SQL: SHOW COLUMNS FROM `fw_qyinfo` [ RunTime:0.0090s ]
SQL: SELECT * FROM `fw_qyinfo` WHERE `qy_id` = 995 AND `qy_username` = 'kangli' LIMIT 1   [ RunTime:0.0010s ]
NOTIC: [2] file_get_contents(/kangli//public/mp/js/mapseries.json): failed to open stream: No such file or directory D:\Aroot\myphp_www\PHPTutorial\WWW\Kangli\Tp\Common\function.php 第 72 行.

