[ 2018-09-06T10:43:43+08:00 ] ::1 /Kangli/Mp/Orders/odfinishship
INFO: [ app_begin ] --START--
INFO: Run Behavior\ReadHtmlCacheBehavior [ RunTime:0.001000s ]
INFO: [ app_begin ] --END-- [ RunTime:0.001000s ]
INFO: [ action_begin ] --START--
SQL: SHOW COLUMNS FROM `fw_denyip` [ RunTime:0.0260s ]
SQL: SELECT * FROM `fw_denyip`  [ RunTime:0.0010s ]
INFO: Run Home\Behaviors\DenyipsBehavior [ RunTime:1.057060s ]
INFO: [ action_begin ] --END-- [ RunTime:1.057060s ]
SQL: SHOW COLUMNS FROM `fw_qyinfo` [ RunTime:0.0150s ]
SQL: SELECT * FROM `fw_qyinfo` WHERE `qy_id` = 995 AND `qy_username` = 'kangli' LIMIT 1   [ RunTime:0.0020s ]
SQL: SHOW COLUMNS FROM `fw_orders` [ RunTime:0.0130s ]
SQL: SELECT * FROM `fw_orders` WHERE `od_unitcode` = '9999' AND `od_id` = 115 AND `od_rcdlid` = 0 LIMIT 1   [ RunTime:0.0020s ]
SQL: SHOW COLUMNS FROM `fw_orderdetail` [ RunTime:0.0080s ]
SQL: SHOW COLUMNS FROM `fw_product` [ RunTime:0.0080s ]
SQL: SHOW COLUMNS FROM `fw_shipment` [ RunTime:0.0090s ]
SQL: SHOW COLUMNS FROM `fw_dealer` [ RunTime:0.0080s ]
SQL: SELECT * FROM `fw_orderdetail` WHERE `oddt_unitcode` = '9999' AND `oddt_odid` = 115 ORDER BY oddt_id DESC LIMIT 100   [ RunTime:0.0010s ]
SQL: SELECT * FROM `fw_product` WHERE `pro_id` = 5 AND `pro_unitcode` = '9999' LIMIT 1   [ RunTime:0.0010s ]
SQL: SELECT SUM(ship_proqty) AS tp_sum FROM `fw_shipment` WHERE `ship_pro` = 5 AND `ship_unitcode` = '9999' AND `ship_odid` = 115 AND `ship_oddtid` = 136 AND `ship_dealer` = 32 LIMIT 1   [ RunTime:0.0010s ]

[ 2018-09-06T10:45:03+08:00 ] ::1 /Kangli/Mp/Orders/xnodfinishship
INFO: [ app_begin ] --START--
INFO: Run Behavior\ReadHtmlCacheBehavior [ RunTime:0.001000s ]
INFO: [ app_begin ] --END-- [ RunTime:0.002000s ]
INFO: [ action_begin ] --START--
SQL: SHOW COLUMNS FROM `fw_denyip` [ RunTime:0.0190s ]
SQL: SELECT * FROM `fw_denyip`  [ RunTime:0.0010s ]
INFO: Run Home\Behaviors\DenyipsBehavior [ RunTime:1.049060s ]
INFO: [ action_begin ] --END-- [ RunTime:1.049060s ]
SQL: SHOW COLUMNS FROM `fw_qyinfo` [ RunTime:0.0140s ]
SQL: SELECT * FROM `fw_qyinfo` WHERE `qy_id` = 995 AND `qy_username` = 'kangli' LIMIT 1   [ RunTime:0.0020s ]
SQL: SHOW COLUMNS FROM `fw_orders` [ RunTime:0.0090s ]
SQL: SELECT * FROM `fw_orders` WHERE `od_unitcode` = '9999' AND `od_id` = 114 AND `od_virtualstock` = 1 LIMIT 1   [ RunTime:0.0010s ]
SQL: SHOW COLUMNS FROM `fw_orderdetail` [ RunTime:0.0070s ]
SQL: SHOW COLUMNS FROM `fw_product` [ RunTime:0.0070s ]
SQL: SHOW COLUMNS FROM `fw_shipment` [ RunTime:0.0080s ]
SQL: SHOW COLUMNS FROM `fw_dealer` [ RunTime:0.0070s ]
SQL: SELECT * FROM `fw_orderdetail` WHERE `oddt_unitcode` = '9999' AND `oddt_odid` = 114 ORDER BY oddt_id DESC LIMIT 100   [ RunTime:0.0000s ]
SQL: SELECT * FROM `fw_product` WHERE `pro_id` = 5 AND `pro_unitcode` = '9999' LIMIT 1   [ RunTime:0.0000s ]
SQL: SELECT SUM(ship_proqty) AS tp_sum FROM `fw_shipment` WHERE `ship_pro` = 5 AND `ship_unitcode` = '9999' AND `ship_odid` = 114 AND `ship_dealer` = 61 LIMIT 1   [ RunTime:0.0000s ]

[ 2018-09-06T10:55:13+08:00 ] ::1 /Kangli/Mp/Orders/xnodfinishship
INFO: [ app_begin ] --START--
INFO: Run Behavior\ReadHtmlCacheBehavior [ RunTime:0.001000s ]
INFO: [ app_begin ] --END-- [ RunTime:0.001000s ]
INFO: [ action_begin ] --START--
SQL: SHOW COLUMNS FROM `fw_denyip` [ RunTime:0.0260s ]
SQL: SELECT * FROM `fw_denyip`  [ RunTime:0.0020s ]
INFO: Run Home\Behaviors\DenyipsBehavior [ RunTime:1.045060s ]
INFO: [ action_begin ] --END-- [ RunTime:1.045060s ]
SQL: SHOW COLUMNS FROM `fw_qyinfo` [ RunTime:0.0140s ]
SQL: SELECT * FROM `fw_qyinfo` WHERE `qy_id` = 995 AND `qy_username` = 'kangli' LIMIT 1   [ RunTime:0.0010s ]
SQL: SHOW COLUMNS FROM `fw_orders` [ RunTime:0.0120s ]
SQL: SELECT * FROM `fw_orders` WHERE `od_unitcode` = '9999' AND `od_id` = 116 AND `od_virtualstock` = 1 LIMIT 1   [ RunTime:0.0020s ]
SQL: SHOW COLUMNS FROM `fw_orderdetail` [ RunTime:0.0070s ]
SQL: SHOW COLUMNS FROM `fw_product` [ RunTime:0.0070s ]
SQL: SHOW COLUMNS FROM `fw_shipment` [ RunTime:0.0070s ]
SQL: SHOW COLUMNS FROM `fw_dealer` [ RunTime:0.0080s ]
SQL: SELECT * FROM `fw_orderdetail` WHERE `oddt_unitcode` = '9999' AND `oddt_odid` = 116 ORDER BY oddt_id DESC LIMIT 100   [ RunTime:0.0010s ]
SQL: SELECT * FROM `fw_product` WHERE `pro_id` = 5 AND `pro_unitcode` = '9999' LIMIT 1   [ RunTime:0.0010s ]
SQL: SELECT SUM(ship_proqty) AS tp_sum FROM `fw_shipment` WHERE `ship_pro` = 5 AND `ship_unitcode` = '9999' AND `ship_odid` = 116 AND `ship_dealer` = 32 LIMIT 1   [ RunTime:0.0000s ]

[ 2018-09-06T10:57:51+08:00 ] ::1 /Kangli/Mp/Orders/odfinishship
INFO: [ app_begin ] --START--
INFO: Run Behavior\ReadHtmlCacheBehavior [ RunTime:0.001000s ]
INFO: [ app_begin ] --END-- [ RunTime:0.001000s ]
INFO: [ action_begin ] --START--
SQL: SHOW COLUMNS FROM `fw_denyip` [ RunTime:0.0220s ]
SQL: SELECT * FROM `fw_denyip`  [ RunTime:0.0030s ]
INFO: Run Home\Behaviors\DenyipsBehavior [ RunTime:1.040059s ]
INFO: [ action_begin ] --END-- [ RunTime:1.040059s ]
SQL: SHOW COLUMNS FROM `fw_qyinfo` [ RunTime:0.0160s ]
SQL: SELECT * FROM `fw_qyinfo` WHERE `qy_id` = 995 AND `qy_username` = 'kangli' LIMIT 1   [ RunTime:0.0020s ]
SQL: SHOW COLUMNS FROM `fw_orders` [ RunTime:0.0130s ]
SQL: SELECT * FROM `fw_orders` WHERE `od_unitcode` = '9999' AND `od_id` = 117 AND `od_rcdlid` = 0 LIMIT 1   [ RunTime:0.0020s ]
SQL: SHOW COLUMNS FROM `fw_orderdetail` [ RunTime:0.0100s ]
SQL: SHOW COLUMNS FROM `fw_product` [ RunTime:0.0080s ]
SQL: SHOW COLUMNS FROM `fw_shipment` [ RunTime:0.0080s ]
SQL: SHOW COLUMNS FROM `fw_dealer` [ RunTime:0.0080s ]
SQL: SELECT * FROM `fw_orderdetail` WHERE `oddt_unitcode` = '9999' AND `oddt_odid` = 117 ORDER BY oddt_id DESC LIMIT 100   [ RunTime:0.0010s ]
SQL: SELECT * FROM `fw_product` WHERE `pro_id` = 5 AND `pro_unitcode` = '9999' LIMIT 1   [ RunTime:0.0010s ]
SQL: SELECT SUM(ship_proqty) AS tp_sum FROM `fw_shipment` WHERE `ship_pro` = 5 AND `ship_unitcode` = '9999' AND `ship_odid` = 117 AND `ship_oddtid` = 138 AND `ship_dealer` = 32 LIMIT 1   [ RunTime:0.0010s ]

[ 2018-09-06T11:16:36+08:00 ] ::1 /Kangli/Mp/Returnable/index
ERR: 无法加载控制器:Returnable

[ 2018-09-06T11:16:38+08:00 ] ::1 /Kangli/Mp/Returnable/dlreturn
ERR: 无法加载控制器:Returnable

[ 2018-09-06T11:32:53+08:00 ] ::1 /Kangli/Mp/Orders/odfinishship
INFO: [ app_begin ] --START--
INFO: Run Behavior\ReadHtmlCacheBehavior [ RunTime:0.000000s ]
INFO: [ app_begin ] --END-- [ RunTime:0.001000s ]
INFO: [ action_begin ] --START--
SQL: SHOW COLUMNS FROM `fw_denyip` [ RunTime:0.0240s ]
SQL: SELECT * FROM `fw_denyip`  [ RunTime:0.0020s ]
INFO: Run Home\Behaviors\DenyipsBehavior [ RunTime:1.066061s ]
INFO: [ action_begin ] --END-- [ RunTime:1.066061s ]
SQL: SHOW COLUMNS FROM `fw_qyinfo` [ RunTime:0.0160s ]
SQL: SELECT * FROM `fw_qyinfo` WHERE `qy_id` = 995 AND `qy_username` = 'kangli' LIMIT 1   [ RunTime:0.0020s ]
SQL: SHOW COLUMNS FROM `fw_orders` [ RunTime:0.0100s ]
SQL: SELECT * FROM `fw_orders` WHERE `od_unitcode` = '9999' AND `od_id` = 118 AND `od_rcdlid` = 0 LIMIT 1   [ RunTime:0.0010s ]
SQL: SHOW COLUMNS FROM `fw_orderdetail` [ RunTime:0.0080s ]
SQL: SHOW COLUMNS FROM `fw_product` [ RunTime:0.0080s ]
SQL: SHOW COLUMNS FROM `fw_shipment` [ RunTime:0.0080s ]
SQL: SHOW COLUMNS FROM `fw_dealer` [ RunTime:0.0080s ]
SQL: SELECT * FROM `fw_orderdetail` WHERE `oddt_unitcode` = '9999' AND `oddt_odid` = 118 ORDER BY oddt_id DESC LIMIT 100   [ RunTime:0.0010s ]
SQL: SELECT * FROM `fw_product` WHERE `pro_id` = 5 AND `pro_unitcode` = '9999' LIMIT 1   [ RunTime:0.0010s ]
SQL: SELECT SUM(ship_proqty) AS tp_sum FROM `fw_shipment` WHERE `ship_pro` = 5 AND `ship_unitcode` = '9999' AND `ship_odid` = 118 AND `ship_oddtid` = 139 AND `ship_dealer` = 32 LIMIT 1   [ RunTime:0.0000s ]

[ 2018-09-06T16:22:41+08:00 ] ::1 /Kangli/Mp/Returnable/index
ERR: 无法加载控制器:Returnable

[ 2018-09-06T16:22:44+08:00 ] ::1 /Kangli/Mp/Returnable/dlreturn
ERR: 无法加载控制器:Returnable

