[ 2018-04-02T18:29:35+08:00 ] 127.0.0.1 /Kangli/Mp/Echarts/echarts_data_get
INFO: [ app_init ] --START--
INFO: Run Behavior\BuildLiteBehavior [ RunTime:0.000000s ]
INFO: [ app_init ] --END-- [ RunTime:0.000000s ]
INFO: [ app_begin ] --START--
INFO: Run Behavior\ReadHtmlCacheBehavior [ RunTime:0.001000s ]
INFO: [ app_begin ] --END-- [ RunTime:0.001000s ]
INFO: [ action_begin ] --START--
SQL: SHOW COLUMNS FROM `fw_denyip` [ RunTime:0.0010s ]
SQL: SELECT * FROM `fw_denyip`  [ RunTime:0.0000s ]
INFO: Run Home\Behaviors\DenyipsBehavior [ RunTime:0.018000s ]
INFO: [ action_begin ] --END-- [ RunTime:0.018000s ]
NOTIC: [2] file_get_contents(/Kangli//public/mp/js/mapseries.json): failed to open stream: No such file or directory D:\wamp64\www\Kangli\Tp\Common\function.php 第 72 行.

[ 2018-04-02T18:29:37+08:00 ] 127.0.0.1 /Kangli/Mp/Echarts/echarts_data_get
INFO: [ app_init ] --START--
INFO: Run Behavior\BuildLiteBehavior [ RunTime:0.000000s ]
INFO: [ app_init ] --END-- [ RunTime:0.000000s ]
INFO: [ app_begin ] --START--
INFO: Run Behavior\ReadHtmlCacheBehavior [ RunTime:0.000000s ]
INFO: [ app_begin ] --END-- [ RunTime:0.000000s ]
INFO: [ action_begin ] --START--
SQL: SHOW COLUMNS FROM `fw_denyip` [ RunTime:0.0000s ]
SQL: SELECT * FROM `fw_denyip`  [ RunTime:0.0000s ]
INFO: Run Home\Behaviors\DenyipsBehavior [ RunTime:0.011000s ]
INFO: [ action_begin ] --END-- [ RunTime:0.011000s ]
NOTIC: [2] file_get_contents(/Kangli//public/mp/js/mapseries.json): failed to open stream: No such file or directory D:\wamp64\www\Kangli\Tp\Common\function.php 第 72 行.

[ 2018-04-02T18:29:39+08:00 ] 127.0.0.1 /Kangli/Mp/Echarts/echarts_data_get
INFO: [ app_init ] --START--
INFO: Run Behavior\BuildLiteBehavior [ RunTime:0.000000s ]
INFO: [ app_init ] --END-- [ RunTime:0.000000s ]
INFO: [ app_begin ] --START--
INFO: Run Behavior\ReadHtmlCacheBehavior [ RunTime:0.001000s ]
INFO: [ app_begin ] --END-- [ RunTime:0.001000s ]
INFO: [ action_begin ] --START--
SQL: SHOW COLUMNS FROM `fw_denyip` [ RunTime:0.0010s ]
SQL: SELECT * FROM `fw_denyip`  [ RunTime:0.0000s ]
INFO: Run Home\Behaviors\DenyipsBehavior [ RunTime:0.021000s ]
INFO: [ action_begin ] --END-- [ RunTime:0.021000s ]
NOTIC: [2] file_get_contents(/Kangli//public/mp/js/mapseries.json): failed to open stream: No such file or directory D:\wamp64\www\Kangli\Tp\Common\function.php 第 72 行.

[ 2018-04-02T18:29:41+08:00 ] 127.0.0.1 /Kangli/Mp/Echarts/echarts_data_get
INFO: [ app_init ] --START--
INFO: Run Behavior\BuildLiteBehavior [ RunTime:0.000000s ]
INFO: [ app_init ] --END-- [ RunTime:0.000000s ]
INFO: [ app_begin ] --START--
INFO: Run Behavior\ReadHtmlCacheBehavior [ RunTime:0.001000s ]
INFO: [ app_begin ] --END-- [ RunTime:0.001000s ]
INFO: [ action_begin ] --START--
SQL: SHOW COLUMNS FROM `fw_denyip` [ RunTime:0.0010s ]
SQL: SELECT * FROM `fw_denyip`  [ RunTime:0.0000s ]
INFO: Run Home\Behaviors\DenyipsBehavior [ RunTime:0.021000s ]
INFO: [ action_begin ] --END-- [ RunTime:0.021000s ]
NOTIC: [2] file_get_contents(/Kangli//public/mp/js/mapseries.json): failed to open stream: No such file or directory D:\wamp64\www\Kangli\Tp\Common\function.php 第 72 行.

[ 2018-04-02T18:29:43+08:00 ] 127.0.0.1 /Kangli/Mp/Echarts/echarts_data_get
INFO: [ app_init ] --START--
INFO: Run Behavior\BuildLiteBehavior [ RunTime:0.000000s ]
INFO: [ app_init ] --END-- [ RunTime:0.000000s ]
INFO: [ app_begin ] --START--
INFO: Run Behavior\ReadHtmlCacheBehavior [ RunTime:0.001000s ]
INFO: [ app_begin ] --END-- [ RunTime:0.001000s ]
INFO: [ action_begin ] --START--
SQL: SHOW COLUMNS FROM `fw_denyip` [ RunTime:0.0010s ]
SQL: SELECT * FROM `fw_denyip`  [ RunTime:0.0010s ]
INFO: Run Home\Behaviors\DenyipsBehavior [ RunTime:0.021000s ]
INFO: [ action_begin ] --END-- [ RunTime:0.021000s ]
NOTIC: [2] file_get_contents(/Kangli//public/mp/js/mapseries.json): failed to open stream: No such file or directory D:\wamp64\www\Kangli\Tp\Common\function.php 第 72 行.

[ 2018-04-02T18:29:45+08:00 ] 127.0.0.1 /Kangli/Mp/Echarts/echarts_data_get
INFO: [ app_init ] --START--
INFO: Run Behavior\BuildLiteBehavior [ RunTime:0.000000s ]
INFO: [ app_init ] --END-- [ RunTime:0.000000s ]
INFO: [ app_begin ] --START--
INFO: Run Behavior\ReadHtmlCacheBehavior [ RunTime:0.001000s ]
INFO: [ app_begin ] --END-- [ RunTime:0.001000s ]
INFO: [ action_begin ] --START--
SQL: SHOW COLUMNS FROM `fw_denyip` [ RunTime:0.0010s ]
SQL: SELECT * FROM `fw_denyip`  [ RunTime:0.0000s ]
INFO: Run Home\Behaviors\DenyipsBehavior [ RunTime:0.021000s ]
INFO: [ action_begin ] --END-- [ RunTime:0.021000s ]
NOTIC: [2] file_get_contents(/Kangli//public/mp/js/mapseries.json): failed to open stream: No such file or directory D:\wamp64\www\Kangli\Tp\Common\function.php 第 72 行.

[ 2018-04-02T18:29:47+08:00 ] 127.0.0.1 /Kangli/Mp/Echarts/echarts_data_get
INFO: [ app_init ] --START--
INFO: Run Behavior\BuildLiteBehavior [ RunTime:0.000000s ]
INFO: [ app_init ] --END-- [ RunTime:0.001000s ]
INFO: [ app_begin ] --START--
INFO: Run Behavior\ReadHtmlCacheBehavior [ RunTime:0.001000s ]
INFO: [ app_begin ] --END-- [ RunTime:0.001000s ]
INFO: [ action_begin ] --START--
SQL: SHOW COLUMNS FROM `fw_denyip` [ RunTime:0.0010s ]
SQL: SELECT * FROM `fw_denyip`  [ RunTime:0.0000s ]
INFO: Run Home\Behaviors\DenyipsBehavior [ RunTime:0.022000s ]
INFO: [ action_begin ] --END-- [ RunTime:0.022000s ]
NOTIC: [2] file_get_contents(/Kangli//public/mp/js/mapseries.json): failed to open stream: No such file or directory D:\wamp64\www\Kangli\Tp\Common\function.php 第 72 行.

[ 2018-04-02T18:29:49+08:00 ] 127.0.0.1 /Kangli/Mp/Echarts/echarts_data_get
INFO: [ app_init ] --START--
INFO: Run Behavior\BuildLiteBehavior [ RunTime:0.000000s ]
INFO: [ app_init ] --END-- [ RunTime:0.000000s ]
INFO: [ app_begin ] --START--
INFO: Run Behavior\ReadHtmlCacheBehavior [ RunTime:0.000000s ]
INFO: [ app_begin ] --END-- [ RunTime:0.000000s ]
INFO: [ action_begin ] --START--
SQL: SHOW COLUMNS FROM `fw_denyip` [ RunTime:0.0010s ]
SQL: SELECT * FROM `fw_denyip`  [ RunTime:0.0000s ]
INFO: Run Home\Behaviors\DenyipsBehavior [ RunTime:0.016000s ]
INFO: [ action_begin ] --END-- [ RunTime:0.016000s ]
NOTIC: [2] file_get_contents(/Kangli//public/mp/js/mapseries.json): failed to open stream: No such file or directory D:\wamp64\www\Kangli\Tp\Common\function.php 第 72 行.

[ 2018-04-02T18:29:51+08:00 ] 127.0.0.1 /Kangli/Mp/Echarts/echarts_data_get
INFO: [ app_init ] --START--
INFO: Run Behavior\BuildLiteBehavior [ RunTime:0.000000s ]
INFO: [ app_init ] --END-- [ RunTime:0.001000s ]
INFO: [ app_begin ] --START--
INFO: Run Behavior\ReadHtmlCacheBehavior [ RunTime:0.001000s ]
INFO: [ app_begin ] --END-- [ RunTime:0.001000s ]
INFO: [ action_begin ] --START--
SQL: SHOW COLUMNS FROM `fw_denyip` [ RunTime:0.0010s ]
SQL: SELECT * FROM `fw_denyip`  [ RunTime:0.0000s ]
INFO: Run Home\Behaviors\DenyipsBehavior [ RunTime:0.014000s ]
INFO: [ action_begin ] --END-- [ RunTime:0.014000s ]
NOTIC: [2] file_get_contents(/Kangli//public/mp/js/mapseries.json): failed to open stream: No such file or directory D:\wamp64\www\Kangli\Tp\Common\function.php 第 72 行.

[ 2018-04-02T18:29:53+08:00 ] 127.0.0.1 /Kangli/Mp/Echarts/echarts_data_get
INFO: [ app_init ] --START--
INFO: Run Behavior\BuildLiteBehavior [ RunTime:0.000000s ]
INFO: [ app_init ] --END-- [ RunTime:0.000000s ]
INFO: [ app_begin ] --START--
INFO: Run Behavior\ReadHtmlCacheBehavior [ RunTime:0.001000s ]
INFO: [ app_begin ] --END-- [ RunTime:0.001000s ]
INFO: [ action_begin ] --START--
SQL: SHOW COLUMNS FROM `fw_denyip` [ RunTime:0.0000s ]
SQL: SELECT * FROM `fw_denyip`  [ RunTime:0.0000s ]
INFO: Run Home\Behaviors\DenyipsBehavior [ RunTime:0.017000s ]
INFO: [ action_begin ] --END-- [ RunTime:0.017000s ]
NOTIC: [2] file_get_contents(/Kangli//public/mp/js/mapseries.json): failed to open stream: No such file or directory D:\wamp64\www\Kangli\Tp\Common\function.php 第 72 行.

[ 2018-04-02T18:29:55+08:00 ] 127.0.0.1 /Kangli/Mp/Echarts/echarts_data_get
INFO: [ app_init ] --START--
INFO: Run Behavior\BuildLiteBehavior [ RunTime:0.000000s ]
INFO: [ app_init ] --END-- [ RunTime:0.001000s ]
INFO: [ app_begin ] --START--
INFO: Run Behavior\ReadHtmlCacheBehavior [ RunTime:0.000000s ]
INFO: [ app_begin ] --END-- [ RunTime:0.000000s ]
INFO: [ action_begin ] --START--
SQL: SHOW COLUMNS FROM `fw_denyip` [ RunTime:0.0000s ]
SQL: SELECT * FROM `fw_denyip`  [ RunTime:0.0000s ]
INFO: Run Home\Behaviors\DenyipsBehavior [ RunTime:0.021000s ]
INFO: [ action_begin ] --END-- [ RunTime:0.021000s ]
NOTIC: [2] file_get_contents(/Kangli//public/mp/js/mapseries.json): failed to open stream: No such file or directory D:\wamp64\www\Kangli\Tp\Common\function.php 第 72 行.

[ 2018-04-02T18:29:57+08:00 ] 127.0.0.1 /Kangli/Mp/Echarts/echarts_data_get
INFO: [ app_init ] --START--
INFO: Run Behavior\BuildLiteBehavior [ RunTime:0.000000s ]
INFO: [ app_init ] --END-- [ RunTime:0.000000s ]
INFO: [ app_begin ] --START--
INFO: Run Behavior\ReadHtmlCacheBehavior [ RunTime:0.001000s ]
INFO: [ app_begin ] --END-- [ RunTime:0.001000s ]
INFO: [ action_begin ] --START--
SQL: SHOW COLUMNS FROM `fw_denyip` [ RunTime:0.0010s ]
SQL: SELECT * FROM `fw_denyip`  [ RunTime:0.0010s ]
INFO: Run Home\Behaviors\DenyipsBehavior [ RunTime:0.012000s ]
INFO: [ action_begin ] --END-- [ RunTime:0.012000s ]
NOTIC: [2] file_get_contents(/Kangli//public/mp/js/mapseries.json): failed to open stream: No such file or directory D:\wamp64\www\Kangli\Tp\Common\function.php 第 72 行.

[ 2018-04-02T18:29:59+08:00 ] 127.0.0.1 /Kangli/Mp/Echarts/echarts_data_get
INFO: [ app_init ] --START--
INFO: Run Behavior\BuildLiteBehavior [ RunTime:0.000000s ]
INFO: [ app_init ] --END-- [ RunTime:0.001000s ]
INFO: [ app_begin ] --START--
INFO: Run Behavior\ReadHtmlCacheBehavior [ RunTime:0.000000s ]
INFO: [ app_begin ] --END-- [ RunTime:0.000000s ]
INFO: [ action_begin ] --START--
SQL: SHOW COLUMNS FROM `fw_denyip` [ RunTime:0.0010s ]
SQL: SELECT * FROM `fw_denyip`  [ RunTime:0.0010s ]
INFO: Run Home\Behaviors\DenyipsBehavior [ RunTime:0.021000s ]
INFO: [ action_begin ] --END-- [ RunTime:0.021000s ]
NOTIC: [2] file_get_contents(/Kangli//public/mp/js/mapseries.json): failed to open stream: No such file or directory D:\wamp64\www\Kangli\Tp\Common\function.php 第 72 行.

[ 2018-04-02T18:30:01+08:00 ] 127.0.0.1 /Kangli/Mp/Echarts/echarts_data_get
INFO: [ app_init ] --START--
INFO: Run Behavior\BuildLiteBehavior [ RunTime:0.000000s ]
INFO: [ app_init ] --END-- [ RunTime:0.001000s ]
INFO: [ app_begin ] --START--
INFO: Run Behavior\ReadHtmlCacheBehavior [ RunTime:0.001000s ]
INFO: [ app_begin ] --END-- [ RunTime:0.001000s ]
INFO: [ action_begin ] --START--
SQL: SHOW COLUMNS FROM `fw_denyip` [ RunTime:0.0010s ]
SQL: SELECT * FROM `fw_denyip`  [ RunTime:0.0010s ]
INFO: Run Home\Behaviors\DenyipsBehavior [ RunTime:0.017000s ]
INFO: [ action_begin ] --END-- [ RunTime:0.017000s ]
NOTIC: [2] file_get_contents(/Kangli//public/mp/js/mapseries.json): failed to open stream: No such file or directory D:\wamp64\www\Kangli\Tp\Common\function.php 第 72 行.

[ 2018-04-02T18:30:03+08:00 ] 127.0.0.1 /Kangli/Mp/Echarts/echarts_data_get
INFO: [ app_init ] --START--
INFO: Run Behavior\BuildLiteBehavior [ RunTime:0.000000s ]
INFO: [ app_init ] --END-- [ RunTime:0.001000s ]
INFO: [ app_begin ] --START--
INFO: Run Behavior\ReadHtmlCacheBehavior [ RunTime:0.001000s ]
INFO: [ app_begin ] --END-- [ RunTime:0.001000s ]
INFO: [ action_begin ] --START--
SQL: SHOW COLUMNS FROM `fw_denyip` [ RunTime:0.0010s ]
SQL: SELECT * FROM `fw_denyip`  [ RunTime:0.0000s ]
INFO: Run Home\Behaviors\DenyipsBehavior [ RunTime:0.016000s ]
INFO: [ action_begin ] --END-- [ RunTime:0.016000s ]
NOTIC: [2] file_get_contents(/Kangli//public/mp/js/mapseries.json): failed to open stream: No such file or directory D:\wamp64\www\Kangli\Tp\Common\function.php 第 72 行.

[ 2018-04-02T18:30:05+08:00 ] 127.0.0.1 /Kangli/Mp/Echarts/echarts_data_get
INFO: [ app_init ] --START--
INFO: Run Behavior\BuildLiteBehavior [ RunTime:0.000000s ]
INFO: [ app_init ] --END-- [ RunTime:0.001000s ]
INFO: [ app_begin ] --START--
INFO: Run Behavior\ReadHtmlCacheBehavior [ RunTime:0.000000s ]
INFO: [ app_begin ] --END-- [ RunTime:0.000000s ]
INFO: [ action_begin ] --START--
SQL: SHOW COLUMNS FROM `fw_denyip` [ RunTime:0.0010s ]
SQL: SELECT * FROM `fw_denyip`  [ RunTime:0.0010s ]
INFO: Run Home\Behaviors\DenyipsBehavior [ RunTime:0.020000s ]
INFO: [ action_begin ] --END-- [ RunTime:0.020000s ]
NOTIC: [2] file_get_contents(/Kangli//public/mp/js/mapseries.json): failed to open stream: No such file or directory D:\wamp64\www\Kangli\Tp\Common\function.php 第 72 行.

[ 2018-04-02T18:30:06+08:00 ] 127.0.0.1 /Kangli/Mp/Echarts/index
INFO: [ app_init ] --START--
INFO: Run Behavior\BuildLiteBehavior [ RunTime:0.000000s ]
INFO: [ app_init ] --END-- [ RunTime:0.000000s ]
INFO: [ app_begin ] --START--
INFO: Run Behavior\ReadHtmlCacheBehavior [ RunTime:0.001000s ]
INFO: [ app_begin ] --END-- [ RunTime:0.001000s ]
INFO: [ action_begin ] --START--
SQL: SHOW COLUMNS FROM `fw_denyip` [ RunTime:0.0000s ]
SQL: SELECT * FROM `fw_denyip`  [ RunTime:0.0010s ]
INFO: Run Home\Behaviors\DenyipsBehavior [ RunTime:0.013000s ]
INFO: [ action_begin ] --END-- [ RunTime:0.013000s ]
INFO: [ view_parse ] --START--
INFO: [ template_filter ] --START--
INFO: Run Behavior\ContentReplaceBehavior [ RunTime:0.000000s ]
INFO: [ template_filter ] --END-- [ RunTime:0.000000s ]
NOTIC: [8] Undefined offset: 14006 D:\wamp64\www\Kangli\Runtime\Cache\Mp\a7dd8e76a46364ca56559dbb21bd66e3.php 第 81 行.
NOTIC: [8] Undefined offset: 40000 D:\wamp64\www\Kangli\Runtime\Cache\Mp\a7dd8e76a46364ca56559dbb21bd66e3.php 第 110 行.
NOTIC: [8] Undefined offset: 12000 D:\wamp64\www\Kangli\Runtime\Cache\Mp\a7dd8e76a46364ca56559dbb21bd66e3.php 第 119 行.
NOTIC: [8] Undefined offset: 70017 D:\wamp64\www\Kangli\Runtime\Cache\Mp\a7dd8e76a46364ca56559dbb21bd66e3.php 第 132 行.
NOTIC: [8] Undefined offset: 70019 D:\wamp64\www\Kangli\Runtime\Cache\Mp\a7dd8e76a46364ca56559dbb21bd66e3.php 第 133 行.
NOTIC: [8] Undefined offset: 70022 D:\wamp64\www\Kangli\Runtime\Cache\Mp\a7dd8e76a46364ca56559dbb21bd66e3.php 第 137 行.
NOTIC: [8] Undefined offset: 70023 D:\wamp64\www\Kangli\Runtime\Cache\Mp\a7dd8e76a46364ca56559dbb21bd66e3.php 第 138 行.
NOTIC: [8] Undefined offset: 70021 D:\wamp64\www\Kangli\Runtime\Cache\Mp\a7dd8e76a46364ca56559dbb21bd66e3.php 第 140 行.
NOTIC: [8] Undefined offset: 70005 D:\wamp64\www\Kangli\Runtime\Cache\Mp\a7dd8e76a46364ca56559dbb21bd66e3.php 第 141 行.
NOTIC: [8] Undefined offset: 70014 D:\wamp64\www\Kangli\Runtime\Cache\Mp\a7dd8e76a46364ca56559dbb21bd66e3.php 第 144 行.
NOTIC: [8] Undefined offset: 17001 D:\wamp64\www\Kangli\Runtime\Cache\Mp\a7dd8e76a46364ca56559dbb21bd66e3.php 第 163 行.
INFO: Run Behavior\ParseTemplateBehavior [ RunTime:0.025000s ]
INFO: [ view_parse ] --END-- [ RunTime:0.025000s ]
INFO: [ view_filter ] --START--
INFO: Run Behavior\WriteHtmlCacheBehavior [ RunTime:0.000000s ]
INFO: [ view_filter ] --END-- [ RunTime:0.000000s ]
INFO: [ app_end ] --START--
INFO: Run Behavior\ShowPageTraceBehavior [ RunTime:0.000000s ]
INFO: [ app_end ] --END-- [ RunTime:0.000000s ]
NOTIC: [2] ini_set(): A session is active. You cannot change the session module's ini settings at this time D:\wamp64\www\Kangli\index.php 第 31 行.

[ 2018-04-02T18:30:06+08:00 ] 127.0.0.1 /Kangli/Mp/echarts/fullscreen
INFO: [ app_init ] --START--
INFO: Run Behavior\BuildLiteBehavior [ RunTime:0.000000s ]
INFO: [ app_init ] --END-- [ RunTime:0.000000s ]
INFO: [ app_begin ] --START--
INFO: Run Behavior\ReadHtmlCacheBehavior [ RunTime:0.001000s ]
INFO: [ app_begin ] --END-- [ RunTime:0.001000s ]
INFO: [ action_begin ] --START--
SQL: SHOW COLUMNS FROM `fw_denyip` [ RunTime:0.0010s ]
SQL: SELECT * FROM `fw_denyip`  [ RunTime:0.0000s ]
INFO: Run Home\Behaviors\DenyipsBehavior [ RunTime:0.015000s ]
INFO: [ action_begin ] --END-- [ RunTime:0.015000s ]
INFO: [ view_parse ] --START--
INFO: [ template_filter ] --START--
INFO: Run Behavior\ContentReplaceBehavior [ RunTime:0.000000s ]
INFO: [ template_filter ] --END-- [ RunTime:0.000000s ]
INFO: Run Behavior\ParseTemplateBehavior [ RunTime:0.007000s ]
INFO: [ view_parse ] --END-- [ RunTime:0.007000s ]
INFO: [ view_filter ] --START--
INFO: Run Behavior\WriteHtmlCacheBehavior [ RunTime:0.000000s ]
INFO: [ view_filter ] --END-- [ RunTime:0.000000s ]
INFO: [ app_end ] --START--
INFO: Run Behavior\ShowPageTraceBehavior [ RunTime:0.001000s ]
INFO: [ app_end ] --END-- [ RunTime:0.001000s ]
NOTIC: [2] ini_set(): A session is active. You cannot change the session module's ini settings at this time D:\wamp64\www\Kangli\index.php 第 31 行.

[ 2018-04-02T18:30:08+08:00 ] 127.0.0.1 /Kangli/Mp/Echarts/echarts_data_get
INFO: [ app_init ] --START--
INFO: Run Behavior\BuildLiteBehavior [ RunTime:0.000000s ]
INFO: [ app_init ] --END-- [ RunTime:0.002000s ]
INFO: [ app_begin ] --START--
INFO: Run Behavior\ReadHtmlCacheBehavior [ RunTime:0.001000s ]
INFO: [ app_begin ] --END-- [ RunTime:0.001000s ]
INFO: [ action_begin ] --START--
SQL: SHOW COLUMNS FROM `fw_denyip` [ RunTime:0.0000s ]
SQL: SELECT * FROM `fw_denyip`  [ RunTime:0.0000s ]
INFO: Run Home\Behaviors\DenyipsBehavior [ RunTime:0.017000s ]
INFO: [ action_begin ] --END-- [ RunTime:0.017000s ]
NOTIC: [2] file_get_contents(/Kangli//public/mp/js/mapseries.json): failed to open stream: No such file or directory D:\wamp64\www\Kangli\Tp\Common\function.php 第 72 行.

[ 2018-04-02T18:30:10+08:00 ] 127.0.0.1 /Kangli/Mp/Echarts/echarts_data_get
INFO: [ app_init ] --START--
INFO: Run Behavior\BuildLiteBehavior [ RunTime:0.001000s ]
INFO: [ app_init ] --END-- [ RunTime:0.001000s ]
INFO: [ app_begin ] --START--
INFO: Run Behavior\ReadHtmlCacheBehavior [ RunTime:0.001000s ]
INFO: [ app_begin ] --END-- [ RunTime:0.001000s ]
INFO: [ action_begin ] --START--
SQL: SHOW COLUMNS FROM `fw_denyip` [ RunTime:0.0010s ]
SQL: SELECT * FROM `fw_denyip`  [ RunTime:0.0000s ]
INFO: Run Home\Behaviors\DenyipsBehavior [ RunTime:0.025000s ]
INFO: [ action_begin ] --END-- [ RunTime:0.025000s ]
NOTIC: [2] file_get_contents(/Kangli//public/mp/js/mapseries.json): failed to open stream: No such file or directory D:\wamp64\www\Kangli\Tp\Common\function.php 第 72 行.

[ 2018-04-02T18:30:12+08:00 ] 127.0.0.1 /Kangli/Mp/Echarts/echarts_data_get
INFO: [ app_init ] --START--
INFO: Run Behavior\BuildLiteBehavior [ RunTime:0.000000s ]
INFO: [ app_init ] --END-- [ RunTime:0.000000s ]
INFO: [ app_begin ] --START--
INFO: Run Behavior\ReadHtmlCacheBehavior [ RunTime:0.000000s ]
INFO: [ app_begin ] --END-- [ RunTime:0.000000s ]
INFO: [ action_begin ] --START--
SQL: SHOW COLUMNS FROM `fw_denyip` [ RunTime:0.0010s ]
SQL: SELECT * FROM `fw_denyip`  [ RunTime:0.0000s ]
INFO: Run Home\Behaviors\DenyipsBehavior [ RunTime:0.017000s ]
INFO: [ action_begin ] --END-- [ RunTime:0.018000s ]
NOTIC: [2] file_get_contents(/Kangli//public/mp/js/mapseries.json): failed to open stream: No such file or directory D:\wamp64\www\Kangli\Tp\Common\function.php 第 72 行.

[ 2018-04-02T18:30:14+08:00 ] 127.0.0.1 /Kangli/Mp/Echarts/echarts_data_get
INFO: [ app_init ] --START--
INFO: Run Behavior\BuildLiteBehavior [ RunTime:0.000000s ]
INFO: [ app_init ] --END-- [ RunTime:0.000000s ]
INFO: [ app_begin ] --START--
INFO: Run Behavior\ReadHtmlCacheBehavior [ RunTime:0.000000s ]
INFO: [ app_begin ] --END-- [ RunTime:0.000000s ]
INFO: [ action_begin ] --START--
SQL: SHOW COLUMNS FROM `fw_denyip` [ RunTime:0.0000s ]
SQL: SELECT * FROM `fw_denyip`  [ RunTime:0.0000s ]
INFO: Run Home\Behaviors\DenyipsBehavior [ RunTime:0.018000s ]
INFO: [ action_begin ] --END-- [ RunTime:0.018000s ]
NOTIC: [2] file_get_contents(/Kangli//public/mp/js/mapseries.json): failed to open stream: No such file or directory D:\wamp64\www\Kangli\Tp\Common\function.php 第 72 行.

[ 2018-04-02T18:30:16+08:00 ] 127.0.0.1 /Kangli/Mp/Echarts/echarts_data_get
INFO: [ app_init ] --START--
INFO: Run Behavior\BuildLiteBehavior [ RunTime:0.000000s ]
INFO: [ app_init ] --END-- [ RunTime:0.000000s ]
INFO: [ app_begin ] --START--
INFO: Run Behavior\ReadHtmlCacheBehavior [ RunTime:0.001000s ]
INFO: [ app_begin ] --END-- [ RunTime:0.001000s ]
INFO: [ action_begin ] --START--
SQL: SHOW COLUMNS FROM `fw_denyip` [ RunTime:0.0010s ]
SQL: SELECT * FROM `fw_denyip`  [ RunTime:0.0010s ]
INFO: Run Home\Behaviors\DenyipsBehavior [ RunTime:0.022000s ]
INFO: [ action_begin ] --END-- [ RunTime:0.022000s ]
NOTIC: [2] file_get_contents(/Kangli//public/mp/js/mapseries.json): failed to open stream: No such file or directory D:\wamp64\www\Kangli\Tp\Common\function.php 第 72 行.

[ 2018-04-02T18:30:18+08:00 ] 127.0.0.1 /Kangli/Mp/Echarts/echarts_data_get
INFO: [ app_init ] --START--
INFO: Run Behavior\BuildLiteBehavior [ RunTime:0.000000s ]
INFO: [ app_init ] --END-- [ RunTime:0.000000s ]
INFO: [ app_begin ] --START--
INFO: Run Behavior\ReadHtmlCacheBehavior [ RunTime:0.000000s ]
INFO: [ app_begin ] --END-- [ RunTime:0.001000s ]
INFO: [ action_begin ] --START--
SQL: SHOW COLUMNS FROM `fw_denyip` [ RunTime:0.0010s ]
SQL: SELECT * FROM `fw_denyip`  [ RunTime:0.0010s ]
INFO: Run Home\Behaviors\DenyipsBehavior [ RunTime:0.020000s ]
INFO: [ action_begin ] --END-- [ RunTime:0.020000s ]
NOTIC: [2] file_get_contents(/Kangli//public/mp/js/mapseries.json): failed to open stream: No such file or directory D:\wamp64\www\Kangli\Tp\Common\function.php 第 72 行.

[ 2018-04-02T18:30:20+08:00 ] 127.0.0.1 /Kangli/Mp/Echarts/echarts_data_get
INFO: [ app_init ] --START--
INFO: Run Behavior\BuildLiteBehavior [ RunTime:0.000000s ]
INFO: [ app_init ] --END-- [ RunTime:0.000000s ]
INFO: [ app_begin ] --START--
INFO: Run Behavior\ReadHtmlCacheBehavior [ RunTime:0.001000s ]
INFO: [ app_begin ] --END-- [ RunTime:0.001000s ]
INFO: [ action_begin ] --START--
SQL: SHOW COLUMNS FROM `fw_denyip` [ RunTime:0.0010s ]
SQL: SELECT * FROM `fw_denyip`  [ RunTime:0.0000s ]
INFO: Run Home\Behaviors\DenyipsBehavior [ RunTime:0.010000s ]
INFO: [ action_begin ] --END-- [ RunTime:0.010000s ]
NOTIC: [2] file_get_contents(/Kangli//public/mp/js/mapseries.json): failed to open stream: No such file or directory D:\wamp64\www\Kangli\Tp\Common\function.php 第 72 行.

[ 2018-04-02T18:30:22+08:00 ] 127.0.0.1 /Kangli/Mp/Echarts/echarts_data_get
INFO: [ app_init ] --START--
INFO: Run Behavior\BuildLiteBehavior [ RunTime:0.000000s ]
INFO: [ app_init ] --END-- [ RunTime:0.001000s ]
INFO: [ app_begin ] --START--
INFO: Run Behavior\ReadHtmlCacheBehavior [ RunTime:0.001000s ]
INFO: [ app_begin ] --END-- [ RunTime:0.001000s ]
INFO: [ action_begin ] --START--
SQL: SHOW COLUMNS FROM `fw_denyip` [ RunTime:0.0010s ]
SQL: SELECT * FROM `fw_denyip`  [ RunTime:0.0000s ]
INFO: Run Home\Behaviors\DenyipsBehavior [ RunTime:0.011000s ]
INFO: [ action_begin ] --END-- [ RunTime:0.011000s ]
NOTIC: [2] file_get_contents(/Kangli//public/mp/js/mapseries.json): failed to open stream: No such file or directory D:\wamp64\www\Kangli\Tp\Common\function.php 第 72 行.

[ 2018-04-02T18:30:24+08:00 ] 127.0.0.1 /Kangli/Mp/Echarts/echarts_data_get
INFO: [ app_init ] --START--
INFO: Run Behavior\BuildLiteBehavior [ RunTime:0.000000s ]
INFO: [ app_init ] --END-- [ RunTime:0.001000s ]
INFO: [ app_begin ] --START--
INFO: Run Behavior\ReadHtmlCacheBehavior [ RunTime:0.001000s ]
INFO: [ app_begin ] --END-- [ RunTime:0.001000s ]
INFO: [ action_begin ] --START--
SQL: SHOW COLUMNS FROM `fw_denyip` [ RunTime:0.0010s ]
SQL: SELECT * FROM `fw_denyip`  [ RunTime:0.0000s ]
INFO: Run Home\Behaviors\DenyipsBehavior [ RunTime:0.017000s ]
INFO: [ action_begin ] --END-- [ RunTime:0.017000s ]
NOTIC: [2] file_get_contents(/Kangli//public/mp/js/mapseries.json): failed to open stream: No such file or directory D:\wamp64\www\Kangli\Tp\Common\function.php 第 72 行.

[ 2018-04-02T18:30:26+08:00 ] 127.0.0.1 /Kangli/Mp/Echarts/echarts_data_get
INFO: [ app_init ] --START--
INFO: Run Behavior\BuildLiteBehavior [ RunTime:0.000000s ]
INFO: [ app_init ] --END-- [ RunTime:0.001000s ]
INFO: [ app_begin ] --START--
INFO: Run Behavior\ReadHtmlCacheBehavior [ RunTime:0.001000s ]
INFO: [ app_begin ] --END-- [ RunTime:0.001000s ]
INFO: [ action_begin ] --START--
SQL: SHOW COLUMNS FROM `fw_denyip` [ RunTime:0.0010s ]
SQL: SELECT * FROM `fw_denyip`  [ RunTime:0.0000s ]
INFO: Run Home\Behaviors\DenyipsBehavior [ RunTime:0.019000s ]
INFO: [ action_begin ] --END-- [ RunTime:0.019000s ]
NOTIC: [2] file_get_contents(/Kangli//public/mp/js/mapseries.json): failed to open stream: No such file or directory D:\wamp64\www\Kangli\Tp\Common\function.php 第 72 行.

[ 2018-04-02T18:30:28+08:00 ] 127.0.0.1 /Kangli/Mp/Echarts/echarts_data_get
INFO: [ app_init ] --START--
INFO: Run Behavior\BuildLiteBehavior [ RunTime:0.000000s ]
INFO: [ app_init ] --END-- [ RunTime:0.001000s ]
INFO: [ app_begin ] --START--
INFO: Run Behavior\ReadHtmlCacheBehavior [ RunTime:0.001000s ]
INFO: [ app_begin ] --END-- [ RunTime:0.001000s ]
INFO: [ action_begin ] --START--
SQL: SHOW COLUMNS FROM `fw_denyip` [ RunTime:0.0010s ]
SQL: SELECT * FROM `fw_denyip`  [ RunTime:0.0010s ]
INFO: Run Home\Behaviors\DenyipsBehavior [ RunTime:0.016000s ]
INFO: [ action_begin ] --END-- [ RunTime:0.016000s ]
NOTIC: [2] file_get_contents(/Kangli//public/mp/js/mapseries.json): failed to open stream: No such file or directory D:\wamp64\www\Kangli\Tp\Common\function.php 第 72 行.

[ 2018-04-02T18:30:30+08:00 ] 127.0.0.1 /Kangli/Mp/Echarts/echarts_data_get
INFO: [ app_init ] --START--
INFO: Run Behavior\BuildLiteBehavior [ RunTime:0.000000s ]
INFO: [ app_init ] --END-- [ RunTime:0.001000s ]
INFO: [ app_begin ] --START--
INFO: Run Behavior\ReadHtmlCacheBehavior [ RunTime:0.000000s ]
INFO: [ app_begin ] --END-- [ RunTime:0.001000s ]
INFO: [ action_begin ] --START--
SQL: SHOW COLUMNS FROM `fw_denyip` [ RunTime:0.0010s ]
SQL: SELECT * FROM `fw_denyip`  [ RunTime:0.0000s ]
INFO: Run Home\Behaviors\DenyipsBehavior [ RunTime:0.022000s ]
INFO: [ action_begin ] --END-- [ RunTime:0.022000s ]
NOTIC: [2] file_get_contents(/Kangli//public/mp/js/mapseries.json): failed to open stream: No such file or directory D:\wamp64\www\Kangli\Tp\Common\function.php 第 72 行.

[ 2018-04-02T18:30:32+08:00 ] 127.0.0.1 /Kangli/Mp/Echarts/echarts_data_get
INFO: [ app_init ] --START--
INFO: Run Behavior\BuildLiteBehavior [ RunTime:0.001000s ]
INFO: [ app_init ] --END-- [ RunTime:0.001000s ]
INFO: [ app_begin ] --START--
INFO: Run Behavior\ReadHtmlCacheBehavior [ RunTime:0.001000s ]
INFO: [ app_begin ] --END-- [ RunTime:0.001000s ]
INFO: [ action_begin ] --START--
SQL: SHOW COLUMNS FROM `fw_denyip` [ RunTime:0.0010s ]
SQL: SELECT * FROM `fw_denyip`  [ RunTime:0.0000s ]
INFO: Run Home\Behaviors\DenyipsBehavior [ RunTime:0.013000s ]
INFO: [ action_begin ] --END-- [ RunTime:0.013000s ]
NOTIC: [2] file_get_contents(/Kangli//public/mp/js/mapseries.json): failed to open stream: No such file or directory D:\wamp64\www\Kangli\Tp\Common\function.php 第 72 行.

[ 2018-04-02T18:30:34+08:00 ] 127.0.0.1 /Kangli/Mp/Echarts/echarts_data_get
INFO: [ app_init ] --START--
INFO: Run Behavior\BuildLiteBehavior [ RunTime:0.000000s ]
INFO: [ app_init ] --END-- [ RunTime:0.001000s ]
INFO: [ app_begin ] --START--
INFO: Run Behavior\ReadHtmlCacheBehavior [ RunTime:0.000000s ]
INFO: [ app_begin ] --END-- [ RunTime:0.001000s ]
INFO: [ action_begin ] --START--
SQL: SHOW COLUMNS FROM `fw_denyip` [ RunTime:0.0010s ]
SQL: SELECT * FROM `fw_denyip`  [ RunTime:0.0000s ]
INFO: Run Home\Behaviors\DenyipsBehavior [ RunTime:0.024000s ]
INFO: [ action_begin ] --END-- [ RunTime:0.024000s ]
NOTIC: [2] file_get_contents(/Kangli//public/mp/js/mapseries.json): failed to open stream: No such file or directory D:\wamp64\www\Kangli\Tp\Common\function.php 第 72 行.

[ 2018-04-02T18:30:36+08:00 ] 127.0.0.1 /Kangli/Mp/Echarts/echarts_data_get
INFO: [ app_init ] --START--
INFO: Run Behavior\BuildLiteBehavior [ RunTime:0.000000s ]
INFO: [ app_init ] --END-- [ RunTime:0.000000s ]
INFO: [ app_begin ] --START--
INFO: Run Behavior\ReadHtmlCacheBehavior [ RunTime:0.001000s ]
INFO: [ app_begin ] --END-- [ RunTime:0.001000s ]
INFO: [ action_begin ] --START--
SQL: SHOW COLUMNS FROM `fw_denyip` [ RunTime:0.0000s ]
SQL: SELECT * FROM `fw_denyip`  [ RunTime:0.0000s ]
INFO: Run Home\Behaviors\DenyipsBehavior [ RunTime:0.009000s ]
INFO: [ action_begin ] --END-- [ RunTime:0.009000s ]
NOTIC: [2] file_get_contents(/Kangli//public/mp/js/mapseries.json): failed to open stream: No such file or directory D:\wamp64\www\Kangli\Tp\Common\function.php 第 72 行.

[ 2018-04-02T18:30:38+08:00 ] 127.0.0.1 /Kangli/Mp/Echarts/echarts_data_get
INFO: [ app_init ] --START--
INFO: Run Behavior\BuildLiteBehavior [ RunTime:0.000000s ]
INFO: [ app_init ] --END-- [ RunTime:0.000000s ]
INFO: [ app_begin ] --START--
INFO: Run Behavior\ReadHtmlCacheBehavior [ RunTime:0.001000s ]
INFO: [ app_begin ] --END-- [ RunTime:0.001000s ]
INFO: [ action_begin ] --START--
SQL: SHOW COLUMNS FROM `fw_denyip` [ RunTime:0.0000s ]
SQL: SELECT * FROM `fw_denyip`  [ RunTime:0.0000s ]
INFO: Run Home\Behaviors\DenyipsBehavior [ RunTime:0.028000s ]
INFO: [ action_begin ] --END-- [ RunTime:0.028000s ]
NOTIC: [2] file_get_contents(/Kangli//public/mp/js/mapseries.json): failed to open stream: No such file or directory D:\wamp64\www\Kangli\Tp\Common\function.php 第 72 行.

[ 2018-04-02T18:30:40+08:00 ] 127.0.0.1 /Kangli/Mp/Echarts/echarts_data_get
INFO: [ app_init ] --START--
INFO: Run Behavior\BuildLiteBehavior [ RunTime:0.000000s ]
INFO: [ app_init ] --END-- [ RunTime:0.001000s ]
INFO: [ app_begin ] --START--
INFO: Run Behavior\ReadHtmlCacheBehavior [ RunTime:0.000000s ]
INFO: [ app_begin ] --END-- [ RunTime:0.000000s ]
INFO: [ action_begin ] --START--
SQL: SHOW COLUMNS FROM `fw_denyip` [ RunTime:0.0010s ]
SQL: SELECT * FROM `fw_denyip`  [ RunTime:0.0000s ]
INFO: Run Home\Behaviors\DenyipsBehavior [ RunTime:0.023000s ]
INFO: [ action_begin ] --END-- [ RunTime:0.023000s ]
NOTIC: [2] file_get_contents(/Kangli//public/mp/js/mapseries.json): failed to open stream: No such file or directory D:\wamp64\www\Kangli\Tp\Common\function.php 第 72 行.

[ 2018-04-02T18:30:42+08:00 ] 127.0.0.1 /Kangli/Mp/Echarts/echarts_data_get
INFO: [ app_init ] --START--
INFO: Run Behavior\BuildLiteBehavior [ RunTime:0.000000s ]
INFO: [ app_init ] --END-- [ RunTime:0.001000s ]
INFO: [ app_begin ] --START--
INFO: Run Behavior\ReadHtmlCacheBehavior [ RunTime:0.000000s ]
INFO: [ app_begin ] --END-- [ RunTime:0.000000s ]
INFO: [ action_begin ] --START--
SQL: SHOW COLUMNS FROM `fw_denyip` [ RunTime:0.0010s ]
SQL: SELECT * FROM `fw_denyip`  [ RunTime:0.0010s ]
INFO: Run Home\Behaviors\DenyipsBehavior [ RunTime:0.022000s ]
INFO: [ action_begin ] --END-- [ RunTime:0.022000s ]
NOTIC: [2] file_get_contents(/Kangli//public/mp/js/mapseries.json): failed to open stream: No such file or directory D:\wamp64\www\Kangli\Tp\Common\function.php 第 72 行.

[ 2018-04-02T18:30:44+08:00 ] 127.0.0.1 /Kangli/Mp/Echarts/echarts_data_get
INFO: [ app_init ] --START--
INFO: Run Behavior\BuildLiteBehavior [ RunTime:0.000000s ]
INFO: [ app_init ] --END-- [ RunTime:0.000000s ]
INFO: [ app_begin ] --START--
INFO: Run Behavior\ReadHtmlCacheBehavior [ RunTime:0.001000s ]
INFO: [ app_begin ] --END-- [ RunTime:0.001000s ]
INFO: [ action_begin ] --START--
SQL: SHOW COLUMNS FROM `fw_denyip` [ RunTime:0.0010s ]
SQL: SELECT * FROM `fw_denyip`  [ RunTime:0.0010s ]
INFO: Run Home\Behaviors\DenyipsBehavior [ RunTime:0.013000s ]
INFO: [ action_begin ] --END-- [ RunTime:0.013000s ]
NOTIC: [2] file_get_contents(/Kangli//public/mp/js/mapseries.json): failed to open stream: No such file or directory D:\wamp64\www\Kangli\Tp\Common\function.php 第 72 行.

[ 2018-04-02T18:30:46+08:00 ] 127.0.0.1 /Kangli/Mp/Echarts/echarts_data_get
INFO: [ app_init ] --START--
INFO: Run Behavior\BuildLiteBehavior [ RunTime:0.000000s ]
INFO: [ app_init ] --END-- [ RunTime:0.000000s ]
INFO: [ app_begin ] --START--
INFO: Run Behavior\ReadHtmlCacheBehavior [ RunTime:0.000000s ]
INFO: [ app_begin ] --END-- [ RunTime:0.000000s ]
INFO: [ action_begin ] --START--
SQL: SHOW COLUMNS FROM `fw_denyip` [ RunTime:0.0010s ]
SQL: SELECT * FROM `fw_denyip`  [ RunTime:0.0000s ]
INFO: Run Home\Behaviors\DenyipsBehavior [ RunTime:0.018000s ]
INFO: [ action_begin ] --END-- [ RunTime:0.018000s ]
NOTIC: [2] file_get_contents(/Kangli//public/mp/js/mapseries.json): failed to open stream: No such file or directory D:\wamp64\www\Kangli\Tp\Common\function.php 第 72 行.

[ 2018-04-02T18:30:48+08:00 ] 127.0.0.1 /Kangli/Mp/Echarts/echarts_data_get
INFO: [ app_init ] --START--
INFO: Run Behavior\BuildLiteBehavior [ RunTime:0.000000s ]
INFO: [ app_init ] --END-- [ RunTime:0.001000s ]
INFO: [ app_begin ] --START--
INFO: Run Behavior\ReadHtmlCacheBehavior [ RunTime:0.001000s ]
INFO: [ app_begin ] --END-- [ RunTime:0.001000s ]
INFO: [ action_begin ] --START--
SQL: SHOW COLUMNS FROM `fw_denyip` [ RunTime:0.0010s ]
SQL: SELECT * FROM `fw_denyip`  [ RunTime:0.0010s ]
INFO: Run Home\Behaviors\DenyipsBehavior [ RunTime:0.014000s ]
INFO: [ action_begin ] --END-- [ RunTime:0.014000s ]
NOTIC: [2] file_get_contents(/Kangli//public/mp/js/mapseries.json): failed to open stream: No such file or directory D:\wamp64\www\Kangli\Tp\Common\function.php 第 72 行.

[ 2018-04-02T18:30:50+08:00 ] 127.0.0.1 /Kangli/Mp/Echarts/echarts_data_get
INFO: [ app_init ] --START--
INFO: Run Behavior\BuildLiteBehavior [ RunTime:0.000000s ]
INFO: [ app_init ] --END-- [ RunTime:0.000000s ]
INFO: [ app_begin ] --START--
INFO: Run Behavior\ReadHtmlCacheBehavior [ RunTime:0.000000s ]
INFO: [ app_begin ] --END-- [ RunTime:0.001000s ]
INFO: [ action_begin ] --START--
SQL: SHOW COLUMNS FROM `fw_denyip` [ RunTime:0.0010s ]
SQL: SELECT * FROM `fw_denyip`  [ RunTime:0.0000s ]
INFO: Run Home\Behaviors\DenyipsBehavior [ RunTime:0.019000s ]
INFO: [ action_begin ] --END-- [ RunTime:0.019000s ]
NOTIC: [2] file_get_contents(/Kangli//public/mp/js/mapseries.json): failed to open stream: No such file or directory D:\wamp64\www\Kangli\Tp\Common\function.php 第 72 行.

[ 2018-04-02T18:30:52+08:00 ] 127.0.0.1 /Kangli/Mp/Echarts/echarts_data_get
INFO: [ app_init ] --START--
INFO: Run Behavior\BuildLiteBehavior [ RunTime:0.000000s ]
INFO: [ app_init ] --END-- [ RunTime:0.001000s ]
INFO: [ app_begin ] --START--
INFO: Run Behavior\ReadHtmlCacheBehavior [ RunTime:0.000000s ]
INFO: [ app_begin ] --END-- [ RunTime:0.000000s ]
INFO: [ action_begin ] --START--
SQL: SHOW COLUMNS FROM `fw_denyip` [ RunTime:0.0010s ]
SQL: SELECT * FROM `fw_denyip`  [ RunTime:0.0010s ]
INFO: Run Home\Behaviors\DenyipsBehavior [ RunTime:0.011000s ]
INFO: [ action_begin ] --END-- [ RunTime:0.011000s ]
NOTIC: [2] file_get_contents(/Kangli//public/mp/js/mapseries.json): failed to open stream: No such file or directory D:\wamp64\www\Kangli\Tp\Common\function.php 第 72 行.

[ 2018-04-02T18:30:54+08:00 ] 127.0.0.1 /Kangli/Mp/Echarts/echarts_data_get
INFO: [ app_init ] --START--
INFO: Run Behavior\BuildLiteBehavior [ RunTime:0.000000s ]
INFO: [ app_init ] --END-- [ RunTime:0.001000s ]
INFO: [ app_begin ] --START--
INFO: Run Behavior\ReadHtmlCacheBehavior [ RunTime:0.001000s ]
INFO: [ app_begin ] --END-- [ RunTime:0.001000s ]
INFO: [ action_begin ] --START--
SQL: SHOW COLUMNS FROM `fw_denyip` [ RunTime:0.0010s ]
SQL: SELECT * FROM `fw_denyip`  [ RunTime:0.0000s ]
INFO: Run Home\Behaviors\DenyipsBehavior [ RunTime:0.015000s ]
INFO: [ action_begin ] --END-- [ RunTime:0.015000s ]
NOTIC: [2] file_get_contents(/Kangli//public/mp/js/mapseries.json): failed to open stream: No such file or directory D:\wamp64\www\Kangli\Tp\Common\function.php 第 72 行.

[ 2018-04-02T18:30:56+08:00 ] 127.0.0.1 /Kangli/Mp/Echarts/echarts_data_get
INFO: [ app_init ] --START--
INFO: Run Behavior\BuildLiteBehavior [ RunTime:0.000000s ]
INFO: [ app_init ] --END-- [ RunTime:0.000000s ]
INFO: [ app_begin ] --START--
INFO: Run Behavior\ReadHtmlCacheBehavior [ RunTime:0.001000s ]
INFO: [ app_begin ] --END-- [ RunTime:0.001000s ]
INFO: [ action_begin ] --START--
SQL: SHOW COLUMNS FROM `fw_denyip` [ RunTime:0.0010s ]
SQL: SELECT * FROM `fw_denyip`  [ RunTime:0.0000s ]
INFO: Run Home\Behaviors\DenyipsBehavior [ RunTime:0.019000s ]
INFO: [ action_begin ] --END-- [ RunTime:0.019000s ]
NOTIC: [2] file_get_contents(/Kangli//public/mp/js/mapseries.json): failed to open stream: No such file or directory D:\wamp64\www\Kangli\Tp\Common\function.php 第 72 行.

[ 2018-04-02T18:30:58+08:00 ] 127.0.0.1 /Kangli/Mp/Echarts/echarts_data_get
INFO: [ app_init ] --START--
INFO: Run Behavior\BuildLiteBehavior [ RunTime:0.000000s ]
INFO: [ app_init ] --END-- [ RunTime:0.001000s ]
INFO: [ app_begin ] --START--
INFO: Run Behavior\ReadHtmlCacheBehavior [ RunTime:0.001000s ]
INFO: [ app_begin ] --END-- [ RunTime:0.001000s ]
INFO: [ action_begin ] --START--
SQL: SHOW COLUMNS FROM `fw_denyip` [ RunTime:0.0010s ]
SQL: SELECT * FROM `fw_denyip`  [ RunTime:0.0010s ]
INFO: Run Home\Behaviors\DenyipsBehavior [ RunTime:0.015000s ]
INFO: [ action_begin ] --END-- [ RunTime:0.015000s ]
NOTIC: [2] file_get_contents(/Kangli//public/mp/js/mapseries.json): failed to open stream: No such file or directory D:\wamp64\www\Kangli\Tp\Common\function.php 第 72 行.

[ 2018-04-02T18:31:00+08:00 ] 127.0.0.1 /Kangli/Mp/Echarts/echarts_data_get
INFO: [ app_init ] --START--
INFO: Run Behavior\BuildLiteBehavior [ RunTime:0.000000s ]
INFO: [ app_init ] --END-- [ RunTime:0.000000s ]
INFO: [ app_begin ] --START--
INFO: Run Behavior\ReadHtmlCacheBehavior [ RunTime:0.001000s ]
INFO: [ app_begin ] --END-- [ RunTime:0.001000s ]
INFO: [ action_begin ] --START--
SQL: SHOW COLUMNS FROM `fw_denyip` [ RunTime:0.0010s ]
SQL: SELECT * FROM `fw_denyip`  [ RunTime:0.0010s ]
INFO: Run Home\Behaviors\DenyipsBehavior [ RunTime:0.020000s ]
INFO: [ action_begin ] --END-- [ RunTime:0.021000s ]
NOTIC: [2] file_get_contents(/Kangli//public/mp/js/mapseries.json): failed to open stream: No such file or directory D:\wamp64\www\Kangli\Tp\Common\function.php 第 72 行.

[ 2018-04-02T18:31:02+08:00 ] 127.0.0.1 /Kangli/Mp/Echarts/echarts_data_get
INFO: [ app_init ] --START--
INFO: Run Behavior\BuildLiteBehavior [ RunTime:0.000000s ]
INFO: [ app_init ] --END-- [ RunTime:0.001000s ]
INFO: [ app_begin ] --START--
INFO: Run Behavior\ReadHtmlCacheBehavior [ RunTime:0.001000s ]
INFO: [ app_begin ] --END-- [ RunTime:0.001000s ]
INFO: [ action_begin ] --START--
SQL: SHOW COLUMNS FROM `fw_denyip` [ RunTime:0.0010s ]
SQL: SELECT * FROM `fw_denyip`  [ RunTime:0.0000s ]
INFO: Run Home\Behaviors\DenyipsBehavior [ RunTime:0.023000s ]
INFO: [ action_begin ] --END-- [ RunTime:0.023000s ]
NOTIC: [2] file_get_contents(/Kangli//public/mp/js/mapseries.json): failed to open stream: No such file or directory D:\wamp64\www\Kangli\Tp\Common\function.php 第 72 行.

[ 2018-04-02T18:31:04+08:00 ] 127.0.0.1 /Kangli/Mp/Echarts/echarts_data_get
INFO: [ app_init ] --START--
INFO: Run Behavior\BuildLiteBehavior [ RunTime:0.001000s ]
INFO: [ app_init ] --END-- [ RunTime:0.001000s ]
INFO: [ app_begin ] --START--
INFO: Run Behavior\ReadHtmlCacheBehavior [ RunTime:0.001000s ]
INFO: [ app_begin ] --END-- [ RunTime:0.001000s ]
INFO: [ action_begin ] --START--
SQL: SHOW COLUMNS FROM `fw_denyip` [ RunTime:0.0010s ]
SQL: SELECT * FROM `fw_denyip`  [ RunTime:0.0000s ]
INFO: Run Home\Behaviors\DenyipsBehavior [ RunTime:0.015000s ]
INFO: [ action_begin ] --END-- [ RunTime:0.015000s ]
NOTIC: [2] file_get_contents(/Kangli//public/mp/js/mapseries.json): failed to open stream: No such file or directory D:\wamp64\www\Kangli\Tp\Common\function.php 第 72 行.

[ 2018-04-02T18:31:06+08:00 ] 127.0.0.1 /Kangli/Mp/Echarts/echarts_data_get
INFO: [ app_init ] --START--
INFO: Run Behavior\BuildLiteBehavior [ RunTime:0.000000s ]
INFO: [ app_init ] --END-- [ RunTime:0.001000s ]
INFO: [ app_begin ] --START--
INFO: Run Behavior\ReadHtmlCacheBehavior [ RunTime:0.000000s ]
INFO: [ app_begin ] --END-- [ RunTime:0.001000s ]
INFO: [ action_begin ] --START--
SQL: SHOW COLUMNS FROM `fw_denyip` [ RunTime:0.0010s ]
SQL: SELECT * FROM `fw_denyip`  [ RunTime:0.0000s ]
INFO: Run Home\Behaviors\DenyipsBehavior [ RunTime:0.014000s ]
INFO: [ action_begin ] --END-- [ RunTime:0.014000s ]
NOTIC: [2] file_get_contents(/Kangli//public/mp/js/mapseries.json): failed to open stream: No such file or directory D:\wamp64\www\Kangli\Tp\Common\function.php 第 72 行.

[ 2018-04-02T18:31:08+08:00 ] 127.0.0.1 /Kangli/Mp/Echarts/echarts_data_get
INFO: [ app_init ] --START--
INFO: Run Behavior\BuildLiteBehavior [ RunTime:0.000000s ]
INFO: [ app_init ] --END-- [ RunTime:0.001000s ]
INFO: [ app_begin ] --START--
INFO: Run Behavior\ReadHtmlCacheBehavior [ RunTime:0.001000s ]
INFO: [ app_begin ] --END-- [ RunTime:0.001000s ]
INFO: [ action_begin ] --START--
SQL: SHOW COLUMNS FROM `fw_denyip` [ RunTime:0.0010s ]
SQL: SELECT * FROM `fw_denyip`  [ RunTime:0.0000s ]
INFO: Run Home\Behaviors\DenyipsBehavior [ RunTime:0.020000s ]
INFO: [ action_begin ] --END-- [ RunTime:0.020000s ]
NOTIC: [2] file_get_contents(/Kangli//public/mp/js/mapseries.json): failed to open stream: No such file or directory D:\wamp64\www\Kangli\Tp\Common\function.php 第 72 行.

[ 2018-04-02T18:31:10+08:00 ] 127.0.0.1 /Kangli/Mp/Echarts/echarts_data_get
INFO: [ app_init ] --START--
INFO: Run Behavior\BuildLiteBehavior [ RunTime:0.000000s ]
INFO: [ app_init ] --END-- [ RunTime:0.000000s ]
INFO: [ app_begin ] --START--
INFO: Run Behavior\ReadHtmlCacheBehavior [ RunTime:0.001000s ]
INFO: [ app_begin ] --END-- [ RunTime:0.001000s ]
INFO: [ action_begin ] --START--
SQL: SHOW COLUMNS FROM `fw_denyip` [ RunTime:0.0000s ]
SQL: SELECT * FROM `fw_denyip`  [ RunTime:0.0000s ]
INFO: Run Home\Behaviors\DenyipsBehavior [ RunTime:0.023000s ]
INFO: [ action_begin ] --END-- [ RunTime:0.023000s ]
NOTIC: [2] file_get_contents(/Kangli//public/mp/js/mapseries.json): failed to open stream: No such file or directory D:\wamp64\www\Kangli\Tp\Common\function.php 第 72 行.

[ 2018-04-02T18:31:12+08:00 ] 127.0.0.1 /Kangli/Mp/Echarts/echarts_data_get
INFO: [ app_init ] --START--
INFO: Run Behavior\BuildLiteBehavior [ RunTime:0.000000s ]
INFO: [ app_init ] --END-- [ RunTime:0.001000s ]
INFO: [ app_begin ] --START--
INFO: Run Behavior\ReadHtmlCacheBehavior [ RunTime:0.000000s ]
INFO: [ app_begin ] --END-- [ RunTime:0.000000s ]
INFO: [ action_begin ] --START--
SQL: SHOW COLUMNS FROM `fw_denyip` [ RunTime:0.0010s ]
SQL: SELECT * FROM `fw_denyip`  [ RunTime:0.0000s ]
INFO: Run Home\Behaviors\DenyipsBehavior [ RunTime:0.022000s ]
INFO: [ action_begin ] --END-- [ RunTime:0.023000s ]
NOTIC: [2] file_get_contents(/Kangli//public/mp/js/mapseries.json): failed to open stream: No such file or directory D:\wamp64\www\Kangli\Tp\Common\function.php 第 72 行.

[ 2018-04-02T18:31:14+08:00 ] 127.0.0.1 /Kangli/Mp/Echarts/echarts_data_get
INFO: [ app_init ] --START--
INFO: Run Behavior\BuildLiteBehavior [ RunTime:0.000000s ]
INFO: [ app_init ] --END-- [ RunTime:0.000000s ]
INFO: [ app_begin ] --START--
INFO: Run Behavior\ReadHtmlCacheBehavior [ RunTime:0.001000s ]
INFO: [ app_begin ] --END-- [ RunTime:0.001000s ]
INFO: [ action_begin ] --START--
SQL: SHOW COLUMNS FROM `fw_denyip` [ RunTime:0.0010s ]
SQL: SELECT * FROM `fw_denyip`  [ RunTime:0.0010s ]
INFO: Run Home\Behaviors\DenyipsBehavior [ RunTime:0.021000s ]
INFO: [ action_begin ] --END-- [ RunTime:0.021000s ]
NOTIC: [2] file_get_contents(/Kangli//public/mp/js/mapseries.json): failed to open stream: No such file or directory D:\wamp64\www\Kangli\Tp\Common\function.php 第 72 行.

[ 2018-04-02T18:31:16+08:00 ] 127.0.0.1 /Kangli/Mp/Echarts/echarts_data_get
INFO: [ app_init ] --START--
INFO: Run Behavior\BuildLiteBehavior [ RunTime:0.000000s ]
INFO: [ app_init ] --END-- [ RunTime:0.001000s ]
INFO: [ app_begin ] --START--
INFO: Run Behavior\ReadHtmlCacheBehavior [ RunTime:0.001000s ]
INFO: [ app_begin ] --END-- [ RunTime:0.001000s ]
INFO: [ action_begin ] --START--
SQL: SHOW COLUMNS FROM `fw_denyip` [ RunTime:0.0000s ]
SQL: SELECT * FROM `fw_denyip`  [ RunTime:0.0000s ]
INFO: Run Home\Behaviors\DenyipsBehavior [ RunTime:0.023000s ]
INFO: [ action_begin ] --END-- [ RunTime:0.024000s ]
NOTIC: [2] file_get_contents(/Kangli//public/mp/js/mapseries.json): failed to open stream: No such file or directory D:\wamp64\www\Kangli\Tp\Common\function.php 第 72 行.

[ 2018-04-02T18:31:18+08:00 ] 127.0.0.1 /Kangli/Mp/Echarts/echarts_data_get
INFO: [ app_init ] --START--
INFO: Run Behavior\BuildLiteBehavior [ RunTime:0.000000s ]
INFO: [ app_init ] --END-- [ RunTime:0.001000s ]
INFO: [ app_begin ] --START--
INFO: Run Behavior\ReadHtmlCacheBehavior [ RunTime:0.001000s ]
INFO: [ app_begin ] --END-- [ RunTime:0.001000s ]
INFO: [ action_begin ] --START--
SQL: SHOW COLUMNS FROM `fw_denyip` [ RunTime:0.0010s ]
SQL: SELECT * FROM `fw_denyip`  [ RunTime:0.0000s ]
INFO: Run Home\Behaviors\DenyipsBehavior [ RunTime:0.014000s ]
INFO: [ action_begin ] --END-- [ RunTime:0.015000s ]
NOTIC: [2] file_get_contents(/Kangli//public/mp/js/mapseries.json): failed to open stream: No such file or directory D:\wamp64\www\Kangli\Tp\Common\function.php 第 72 行.

[ 2018-04-02T18:31:20+08:00 ] 127.0.0.1 /Kangli/Mp/Echarts/echarts_data_get
INFO: [ app_init ] --START--
INFO: Run Behavior\BuildLiteBehavior [ RunTime:0.000000s ]
INFO: [ app_init ] --END-- [ RunTime:0.001000s ]
INFO: [ app_begin ] --START--
INFO: Run Behavior\ReadHtmlCacheBehavior [ RunTime:0.000000s ]
INFO: [ app_begin ] --END-- [ RunTime:0.001000s ]
INFO: [ action_begin ] --START--
SQL: SHOW COLUMNS FROM `fw_denyip` [ RunTime:0.0010s ]
SQL: SELECT * FROM `fw_denyip`  [ RunTime:0.0000s ]
INFO: Run Home\Behaviors\DenyipsBehavior [ RunTime:0.019000s ]
INFO: [ action_begin ] --END-- [ RunTime:0.019000s ]
NOTIC: [2] file_get_contents(/Kangli//public/mp/js/mapseries.json): failed to open stream: No such file or directory D:\wamp64\www\Kangli\Tp\Common\function.php 第 72 行.

[ 2018-04-02T18:31:22+08:00 ] 127.0.0.1 /Kangli/Mp/Echarts/echarts_data_get
INFO: [ app_init ] --START--
INFO: Run Behavior\BuildLiteBehavior [ RunTime:0.000000s ]
INFO: [ app_init ] --END-- [ RunTime:0.000000s ]
INFO: [ app_begin ] --START--
INFO: Run Behavior\ReadHtmlCacheBehavior [ RunTime:0.001000s ]
INFO: [ app_begin ] --END-- [ RunTime:0.001000s ]
INFO: [ action_begin ] --START--
SQL: SHOW COLUMNS FROM `fw_denyip` [ RunTime:0.0010s ]
SQL: SELECT * FROM `fw_denyip`  [ RunTime:0.0010s ]
INFO: Run Home\Behaviors\DenyipsBehavior [ RunTime:0.021000s ]
INFO: [ action_begin ] --END-- [ RunTime:0.021000s ]
NOTIC: [2] file_get_contents(/Kangli//public/mp/js/mapseries.json): failed to open stream: No such file or directory D:\wamp64\www\Kangli\Tp\Common\function.php 第 72 行.

[ 2018-04-02T18:31:24+08:00 ] 127.0.0.1 /Kangli/Mp/Echarts/echarts_data_get
INFO: [ app_init ] --START--
INFO: Run Behavior\BuildLiteBehavior [ RunTime:0.000000s ]
INFO: [ app_init ] --END-- [ RunTime:0.001000s ]
INFO: [ app_begin ] --START--
INFO: Run Behavior\ReadHtmlCacheBehavior [ RunTime:0.001000s ]
INFO: [ app_begin ] --END-- [ RunTime:0.001000s ]
INFO: [ action_begin ] --START--
SQL: SHOW COLUMNS FROM `fw_denyip` [ RunTime:0.0000s ]
SQL: SELECT * FROM `fw_denyip`  [ RunTime:0.0000s ]
INFO: Run Home\Behaviors\DenyipsBehavior [ RunTime:0.012000s ]
INFO: [ action_begin ] --END-- [ RunTime:0.012000s ]
NOTIC: [2] file_get_contents(/Kangli//public/mp/js/mapseries.json): failed to open stream: No such file or directory D:\wamp64\www\Kangli\Tp\Common\function.php 第 72 行.

[ 2018-04-02T18:31:26+08:00 ] 127.0.0.1 /Kangli/Mp/Echarts/echarts_data_get
INFO: [ app_init ] --START--
INFO: Run Behavior\BuildLiteBehavior [ RunTime:0.000000s ]
INFO: [ app_init ] --END-- [ RunTime:0.000000s ]
INFO: [ app_begin ] --START--
INFO: Run Behavior\ReadHtmlCacheBehavior [ RunTime:0.000000s ]
INFO: [ app_begin ] --END-- [ RunTime:0.000000s ]
INFO: [ action_begin ] --START--
SQL: SHOW COLUMNS FROM `fw_denyip` [ RunTime:0.0010s ]
SQL: SELECT * FROM `fw_denyip`  [ RunTime:0.0000s ]
INFO: Run Home\Behaviors\DenyipsBehavior [ RunTime:0.020000s ]
INFO: [ action_begin ] --END-- [ RunTime:0.020000s ]
NOTIC: [2] file_get_contents(/Kangli//public/mp/js/mapseries.json): failed to open stream: No such file or directory D:\wamp64\www\Kangli\Tp\Common\function.php 第 72 行.

[ 2018-04-02T18:31:28+08:00 ] 127.0.0.1 /Kangli/Mp/Echarts/echarts_data_get
INFO: [ app_init ] --START--
INFO: Run Behavior\BuildLiteBehavior [ RunTime:0.000000s ]
INFO: [ app_init ] --END-- [ RunTime:0.000000s ]
INFO: [ app_begin ] --START--
INFO: Run Behavior\ReadHtmlCacheBehavior [ RunTime:0.001000s ]
INFO: [ app_begin ] --END-- [ RunTime:0.001000s ]
INFO: [ action_begin ] --START--
SQL: SHOW COLUMNS FROM `fw_denyip` [ RunTime:0.0010s ]
SQL: SELECT * FROM `fw_denyip`  [ RunTime:0.0000s ]
INFO: Run Home\Behaviors\DenyipsBehavior [ RunTime:0.021000s ]
INFO: [ action_begin ] --END-- [ RunTime:0.021000s ]
NOTIC: [2] file_get_contents(/Kangli//public/mp/js/mapseries.json): failed to open stream: No such file or directory D:\wamp64\www\Kangli\Tp\Common\function.php 第 72 行.

[ 2018-04-02T18:31:30+08:00 ] 127.0.0.1 /Kangli/Mp/Echarts/echarts_data_get
INFO: [ app_init ] --START--
INFO: Run Behavior\BuildLiteBehavior [ RunTime:0.000000s ]
INFO: [ app_init ] --END-- [ RunTime:0.000000s ]
INFO: [ app_begin ] --START--
INFO: Run Behavior\ReadHtmlCacheBehavior [ RunTime:0.000000s ]
INFO: [ app_begin ] --END-- [ RunTime:0.001000s ]
INFO: [ action_begin ] --START--
SQL: SHOW COLUMNS FROM `fw_denyip` [ RunTime:0.0010s ]
SQL: SELECT * FROM `fw_denyip`  [ RunTime:0.0000s ]
INFO: Run Home\Behaviors\DenyipsBehavior [ RunTime:0.012000s ]
INFO: [ action_begin ] --END-- [ RunTime:0.012000s ]
NOTIC: [2] file_get_contents(/Kangli//public/mp/js/mapseries.json): failed to open stream: No such file or directory D:\wamp64\www\Kangli\Tp\Common\function.php 第 72 行.

[ 2018-04-02T18:31:32+08:00 ] 127.0.0.1 /Kangli/Mp/Echarts/echarts_data_get
INFO: [ app_init ] --START--
INFO: Run Behavior\BuildLiteBehavior [ RunTime:0.000000s ]
INFO: [ app_init ] --END-- [ RunTime:0.000000s ]
INFO: [ app_begin ] --START--
INFO: Run Behavior\ReadHtmlCacheBehavior [ RunTime:0.001000s ]
INFO: [ app_begin ] --END-- [ RunTime:0.001000s ]
INFO: [ action_begin ] --START--
SQL: SHOW COLUMNS FROM `fw_denyip` [ RunTime:0.0010s ]
SQL: SELECT * FROM `fw_denyip`  [ RunTime:0.0000s ]
INFO: Run Home\Behaviors\DenyipsBehavior [ RunTime:0.011000s ]
INFO: [ action_begin ] --END-- [ RunTime:0.011000s ]
NOTIC: [2] file_get_contents(/Kangli//public/mp/js/mapseries.json): failed to open stream: No such file or directory D:\wamp64\www\Kangli\Tp\Common\function.php 第 72 行.

[ 2018-04-02T18:31:34+08:00 ] 127.0.0.1 /Kangli/Mp/Echarts/echarts_data_get
INFO: [ app_init ] --START--
INFO: Run Behavior\BuildLiteBehavior [ RunTime:0.000000s ]
INFO: [ app_init ] --END-- [ RunTime:0.001000s ]
INFO: [ app_begin ] --START--
INFO: Run Behavior\ReadHtmlCacheBehavior [ RunTime:0.001000s ]
INFO: [ app_begin ] --END-- [ RunTime:0.001000s ]
INFO: [ action_begin ] --START--
SQL: SHOW COLUMNS FROM `fw_denyip` [ RunTime:0.0010s ]
SQL: SELECT * FROM `fw_denyip`  [ RunTime:0.0000s ]
INFO: Run Home\Behaviors\DenyipsBehavior [ RunTime:0.019000s ]
INFO: [ action_begin ] --END-- [ RunTime:0.019000s ]
NOTIC: [2] file_get_contents(/Kangli//public/mp/js/mapseries.json): failed to open stream: No such file or directory D:\wamp64\www\Kangli\Tp\Common\function.php 第 72 行.

[ 2018-04-02T18:31:36+08:00 ] 127.0.0.1 /Kangli/Mp/Echarts/echarts_data_get
INFO: [ app_init ] --START--
INFO: Run Behavior\BuildLiteBehavior [ RunTime:0.000000s ]
INFO: [ app_init ] --END-- [ RunTime:0.000000s ]
INFO: [ app_begin ] --START--
INFO: Run Behavior\ReadHtmlCacheBehavior [ RunTime:0.000000s ]
INFO: [ app_begin ] --END-- [ RunTime:0.000000s ]
INFO: [ action_begin ] --START--
SQL: SHOW COLUMNS FROM `fw_denyip` [ RunTime:0.0010s ]
SQL: SELECT * FROM `fw_denyip`  [ RunTime:0.0000s ]
INFO: Run Home\Behaviors\DenyipsBehavior [ RunTime:0.019000s ]
INFO: [ action_begin ] --END-- [ RunTime:0.019000s ]
NOTIC: [2] file_get_contents(/Kangli//public/mp/js/mapseries.json): failed to open stream: No such file or directory D:\wamp64\www\Kangli\Tp\Common\function.php 第 72 行.

[ 2018-04-02T18:31:38+08:00 ] 127.0.0.1 /Kangli/Mp/Echarts/echarts_data_get
INFO: [ app_init ] --START--
INFO: Run Behavior\BuildLiteBehavior [ RunTime:0.000000s ]
INFO: [ app_init ] --END-- [ RunTime:0.000000s ]
INFO: [ app_begin ] --START--
INFO: Run Behavior\ReadHtmlCacheBehavior [ RunTime:0.001000s ]
INFO: [ app_begin ] --END-- [ RunTime:0.001000s ]
INFO: [ action_begin ] --START--
SQL: SHOW COLUMNS FROM `fw_denyip` [ RunTime:0.0010s ]
SQL: SELECT * FROM `fw_denyip`  [ RunTime:0.0000s ]
INFO: Run Home\Behaviors\DenyipsBehavior [ RunTime:0.011000s ]
INFO: [ action_begin ] --END-- [ RunTime:0.011000s ]
NOTIC: [2] file_get_contents(/Kangli//public/mp/js/mapseries.json): failed to open stream: No such file or directory D:\wamp64\www\Kangli\Tp\Common\function.php 第 72 行.

[ 2018-04-02T18:31:40+08:00 ] 127.0.0.1 /Kangli/Mp/Echarts/echarts_data_get
INFO: [ app_init ] --START--
INFO: Run Behavior\BuildLiteBehavior [ RunTime:0.000000s ]
INFO: [ app_init ] --END-- [ RunTime:0.000000s ]
INFO: [ app_begin ] --START--
INFO: Run Behavior\ReadHtmlCacheBehavior [ RunTime:0.000000s ]
INFO: [ app_begin ] --END-- [ RunTime:0.000000s ]
INFO: [ action_begin ] --START--
SQL: SHOW COLUMNS FROM `fw_denyip` [ RunTime:0.0010s ]
SQL: SELECT * FROM `fw_denyip`  [ RunTime:0.0000s ]
INFO: Run Home\Behaviors\DenyipsBehavior [ RunTime:0.016000s ]
INFO: [ action_begin ] --END-- [ RunTime:0.016000s ]
NOTIC: [2] file_get_contents(/Kangli//public/mp/js/mapseries.json): failed to open stream: No such file or directory D:\wamp64\www\Kangli\Tp\Common\function.php 第 72 行.

[ 2018-04-02T18:31:42+08:00 ] 127.0.0.1 /Kangli/Mp/Echarts/echarts_data_get
INFO: [ app_init ] --START--
INFO: Run Behavior\BuildLiteBehavior [ RunTime:0.000000s ]
INFO: [ app_init ] --END-- [ RunTime:0.001000s ]
INFO: [ app_begin ] --START--
INFO: Run Behavior\ReadHtmlCacheBehavior [ RunTime:0.000000s ]
INFO: [ app_begin ] --END-- [ RunTime:0.001000s ]
INFO: [ action_begin ] --START--
SQL: SHOW COLUMNS FROM `fw_denyip` [ RunTime:0.0010s ]
SQL: SELECT * FROM `fw_denyip`  [ RunTime:0.0000s ]
INFO: Run Home\Behaviors\DenyipsBehavior [ RunTime:0.018000s ]
INFO: [ action_begin ] --END-- [ RunTime:0.018000s ]
NOTIC: [2] file_get_contents(/Kangli//public/mp/js/mapseries.json): failed to open stream: No such file or directory D:\wamp64\www\Kangli\Tp\Common\function.php 第 72 行.

[ 2018-04-02T18:31:44+08:00 ] 127.0.0.1 /Kangli/Mp/Echarts/echarts_data_get
INFO: [ app_init ] --START--
INFO: Run Behavior\BuildLiteBehavior [ RunTime:0.001000s ]
INFO: [ app_init ] --END-- [ RunTime:0.001000s ]
INFO: [ app_begin ] --START--
INFO: Run Behavior\ReadHtmlCacheBehavior [ RunTime:0.001000s ]
INFO: [ app_begin ] --END-- [ RunTime:0.001000s ]
INFO: [ action_begin ] --START--
SQL: SHOW COLUMNS FROM `fw_denyip` [ RunTime:0.0010s ]
SQL: SELECT * FROM `fw_denyip`  [ RunTime:0.0000s ]
INFO: Run Home\Behaviors\DenyipsBehavior [ RunTime:0.018000s ]
INFO: [ action_begin ] --END-- [ RunTime:0.018000s ]
NOTIC: [2] file_get_contents(/Kangli//public/mp/js/mapseries.json): failed to open stream: No such file or directory D:\wamp64\www\Kangli\Tp\Common\function.php 第 72 行.

[ 2018-04-02T18:31:46+08:00 ] 127.0.0.1 /Kangli/Mp/Echarts/echarts_data_get
INFO: [ app_init ] --START--
INFO: Run Behavior\BuildLiteBehavior [ RunTime:0.000000s ]
INFO: [ app_init ] --END-- [ RunTime:0.000000s ]
INFO: [ app_begin ] --START--
INFO: Run Behavior\ReadHtmlCacheBehavior [ RunTime:0.000000s ]
INFO: [ app_begin ] --END-- [ RunTime:0.000000s ]
INFO: [ action_begin ] --START--
SQL: SHOW COLUMNS FROM `fw_denyip` [ RunTime:0.0000s ]
SQL: SELECT * FROM `fw_denyip`  [ RunTime:0.0000s ]
INFO: Run Home\Behaviors\DenyipsBehavior [ RunTime:0.022000s ]
INFO: [ action_begin ] --END-- [ RunTime:0.022000s ]
NOTIC: [2] file_get_contents(/Kangli//public/mp/js/mapseries.json): failed to open stream: No such file or directory D:\wamp64\www\Kangli\Tp\Common\function.php 第 72 行.

[ 2018-04-02T18:31:48+08:00 ] 127.0.0.1 /Kangli/Mp/Echarts/echarts_data_get
INFO: [ app_init ] --START--
INFO: Run Behavior\BuildLiteBehavior [ RunTime:0.000000s ]
INFO: [ app_init ] --END-- [ RunTime:0.001000s ]
INFO: [ app_begin ] --START--
INFO: Run Behavior\ReadHtmlCacheBehavior [ RunTime:0.000000s ]
INFO: [ app_begin ] --END-- [ RunTime:0.001000s ]
INFO: [ action_begin ] --START--
SQL: SHOW COLUMNS FROM `fw_denyip` [ RunTime:0.0010s ]
SQL: SELECT * FROM `fw_denyip`  [ RunTime:0.0010s ]
INFO: Run Home\Behaviors\DenyipsBehavior [ RunTime:0.020000s ]
INFO: [ action_begin ] --END-- [ RunTime:0.020000s ]
NOTIC: [2] file_get_contents(/Kangli//public/mp/js/mapseries.json): failed to open stream: No such file or directory D:\wamp64\www\Kangli\Tp\Common\function.php 第 72 行.

[ 2018-04-02T18:31:50+08:00 ] 127.0.0.1 /Kangli/Mp/Echarts/echarts_data_get
INFO: [ app_init ] --START--
INFO: Run Behavior\BuildLiteBehavior [ RunTime:0.000000s ]
INFO: [ app_init ] --END-- [ RunTime:0.000000s ]
INFO: [ app_begin ] --START--
INFO: Run Behavior\ReadHtmlCacheBehavior [ RunTime:0.000000s ]
INFO: [ app_begin ] --END-- [ RunTime:0.000000s ]
INFO: [ action_begin ] --START--
SQL: SHOW COLUMNS FROM `fw_denyip` [ RunTime:0.0010s ]
SQL: SELECT * FROM `fw_denyip`  [ RunTime:0.0000s ]
INFO: Run Home\Behaviors\DenyipsBehavior [ RunTime:0.011000s ]
INFO: [ action_begin ] --END-- [ RunTime:0.011000s ]
NOTIC: [2] file_get_contents(/Kangli//public/mp/js/mapseries.json): failed to open stream: No such file or directory D:\wamp64\www\Kangli\Tp\Common\function.php 第 72 行.

[ 2018-04-02T18:31:52+08:00 ] 127.0.0.1 /Kangli/Mp/Echarts/echarts_data_get
INFO: [ app_init ] --START--
INFO: Run Behavior\BuildLiteBehavior [ RunTime:0.000000s ]
INFO: [ app_init ] --END-- [ RunTime:0.001000s ]
INFO: [ app_begin ] --START--
INFO: Run Behavior\ReadHtmlCacheBehavior [ RunTime:0.001000s ]
INFO: [ app_begin ] --END-- [ RunTime:0.001000s ]
INFO: [ action_begin ] --START--
SQL: SHOW COLUMNS FROM `fw_denyip` [ RunTime:0.0010s ]
SQL: SELECT * FROM `fw_denyip`  [ RunTime:0.0010s ]
INFO: Run Home\Behaviors\DenyipsBehavior [ RunTime:0.022000s ]
INFO: [ action_begin ] --END-- [ RunTime:0.022000s ]
NOTIC: [2] file_get_contents(/Kangli//public/mp/js/mapseries.json): failed to open stream: No such file or directory D:\wamp64\www\Kangli\Tp\Common\function.php 第 72 行.

[ 2018-04-02T18:31:54+08:00 ] 127.0.0.1 /Kangli/Mp/Echarts/echarts_data_get
INFO: [ app_init ] --START--
INFO: Run Behavior\BuildLiteBehavior [ RunTime:0.000000s ]
INFO: [ app_init ] --END-- [ RunTime:0.001000s ]
INFO: [ app_begin ] --START--
INFO: Run Behavior\ReadHtmlCacheBehavior [ RunTime:0.001000s ]
INFO: [ app_begin ] --END-- [ RunTime:0.001000s ]
INFO: [ action_begin ] --START--
SQL: SHOW COLUMNS FROM `fw_denyip` [ RunTime:0.0010s ]
SQL: SELECT * FROM `fw_denyip`  [ RunTime:0.0010s ]
INFO: Run Home\Behaviors\DenyipsBehavior [ RunTime:0.011000s ]
INFO: [ action_begin ] --END-- [ RunTime:0.011000s ]
NOTIC: [2] file_get_contents(/Kangli//public/mp/js/mapseries.json): failed to open stream: No such file or directory D:\wamp64\www\Kangli\Tp\Common\function.php 第 72 行.

[ 2018-04-02T18:31:56+08:00 ] 127.0.0.1 /Kangli/Mp/Echarts/echarts_data_get
INFO: [ app_init ] --START--
INFO: Run Behavior\BuildLiteBehavior [ RunTime:0.000000s ]
INFO: [ app_init ] --END-- [ RunTime:0.001000s ]
INFO: [ app_begin ] --START--
INFO: Run Behavior\ReadHtmlCacheBehavior [ RunTime:0.001000s ]
INFO: [ app_begin ] --END-- [ RunTime:0.001000s ]
INFO: [ action_begin ] --START--
SQL: SHOW COLUMNS FROM `fw_denyip` [ RunTime:0.0010s ]
SQL: SELECT * FROM `fw_denyip`  [ RunTime:0.0000s ]
INFO: Run Home\Behaviors\DenyipsBehavior [ RunTime:0.017000s ]
INFO: [ action_begin ] --END-- [ RunTime:0.017000s ]
NOTIC: [2] file_get_contents(/Kangli//public/mp/js/mapseries.json): failed to open stream: No such file or directory D:\wamp64\www\Kangli\Tp\Common\function.php 第 72 行.

[ 2018-04-02T18:31:58+08:00 ] 127.0.0.1 /Kangli/Mp/Echarts/echarts_data_get
INFO: [ app_init ] --START--
INFO: Run Behavior\BuildLiteBehavior [ RunTime:0.000000s ]
INFO: [ app_init ] --END-- [ RunTime:0.000000s ]
INFO: [ app_begin ] --START--
INFO: Run Behavior\ReadHtmlCacheBehavior [ RunTime:0.000000s ]
INFO: [ app_begin ] --END-- [ RunTime:0.001000s ]
INFO: [ action_begin ] --START--
SQL: SHOW COLUMNS FROM `fw_denyip` [ RunTime:0.0010s ]
SQL: SELECT * FROM `fw_denyip`  [ RunTime:0.0000s ]
INFO: Run Home\Behaviors\DenyipsBehavior [ RunTime:0.025000s ]
INFO: [ action_begin ] --END-- [ RunTime:0.025000s ]
NOTIC: [2] file_get_contents(/Kangli//public/mp/js/mapseries.json): failed to open stream: No such file or directory D:\wamp64\www\Kangli\Tp\Common\function.php 第 72 行.

[ 2018-04-02T18:32:00+08:00 ] 127.0.0.1 /Kangli/Mp/Echarts/echarts_data_get
INFO: [ app_init ] --START--
INFO: Run Behavior\BuildLiteBehavior [ RunTime:0.000000s ]
INFO: [ app_init ] --END-- [ RunTime:0.001000s ]
INFO: [ app_begin ] --START--
INFO: Run Behavior\ReadHtmlCacheBehavior [ RunTime:0.001000s ]
INFO: [ app_begin ] --END-- [ RunTime:0.001000s ]
INFO: [ action_begin ] --START--
SQL: SHOW COLUMNS FROM `fw_denyip` [ RunTime:0.0010s ]
SQL: SELECT * FROM `fw_denyip`  [ RunTime:0.0010s ]
INFO: Run Home\Behaviors\DenyipsBehavior [ RunTime:0.025000s ]
INFO: [ action_begin ] --END-- [ RunTime:0.025000s ]
NOTIC: [2] file_get_contents(/Kangli//public/mp/js/mapseries.json): failed to open stream: No such file or directory D:\wamp64\www\Kangli\Tp\Common\function.php 第 72 行.

