[ 2018-08-23T15:54:59+08:00 ] ::1 /Kangli/Mp/Dljf/index
ERR: 无法加载控制器:Dljf

[ 2018-08-23T15:55:02+08:00 ] ::1 /Kangli/Mp/Dljf/dljflist
ERR: 无法加载控制器:Dljf

[ 2018-08-23T15:55:05+08:00 ] ::1 /Kangli/Mp/Dljf/dljfexch
ERR: 无法加载控制器:Dljf

[ 2018-08-23T15:55:07+08:00 ] ::1 /Kangli/Mp/Dljf/dljfgift
ERR: 无法加载控制器:Dljf

[ 2018-08-23T16:27:29+08:00 ] ::1 /Kangli/Mp/Returnable/index
ERR: 无法加载控制器:Returnable

[ 2018-08-23T16:27:40+08:00 ] ::1 /Kangli/Mp/Returnable/index
ERR: 无法加载控制器:Returnable

[ 2018-08-23T16:27:44+08:00 ] ::1 /Kangli/Mp/Returnable/dlreturn
ERR: 无法加载控制器:Returnable

[ 2018-08-23T16:28:31+08:00 ] ::1 /Kangli/Mp/Dljf/index
ERR: 无法加载控制器:Dljf

[ 2018-08-23T16:28:39+08:00 ] ::1 /Kangli/Mp/Dljf/index
ERR: 无法加载控制器:Dljf

[ 2018-08-23T16:28:56+08:00 ] ::1 /Kangli/Mp/Dljf/index
ERR: 无法加载控制器:Dljf

