[ 2018-04-13T18:34:53+08:00 ] 127.0.0.1 /kangli/mp
INFO: [ app_init ] --START--
INFO: Run Behavior\BuildLiteBehavior [ RunTime:0.000000s ]
INFO: [ app_init ] --END-- [ RunTime:0.001000s ]
INFO: [ app_begin ] --START--
INFO: Run Behavior\ReadHtmlCacheBehavior [ RunTime:0.001000s ]
INFO: [ app_begin ] --END-- [ RunTime:0.001000s ]
INFO: [ action_begin ] --START--
SQL: SHOW COLUMNS FROM `fw_denyip` [ RunTime:0.0020s ]
SQL: SELECT * FROM `fw_denyip`  [ RunTime:0.0000s ]
INFO: Run Home\Behaviors\DenyipsBehavior [ RunTime:0.016000s ]
INFO: [ action_begin ] --END-- [ RunTime:0.017000s ]
SQL: SHOW COLUMNS FROM `fw_orders` [ RunTime:0.0020s ]
SQL: SELECT * FROM fw_orders a,fw_orderbelong b WHERE a.od_unitcode = '9999' AND a.od_state = 3 AND `od_expressdate` < 1522319693 AND a.od_id =b.odbl_odid AND a.od_oddlid =b.odbl_oddlid ORDER BY a.od_expressdate ASC LIMIT 100   [ RunTime:0.0020s ]
SQL: SHOW COLUMNS FROM `fw_orders` [ RunTime:0.0010s ]
SQL: SHOW COLUMNS FROM `fw_orderbelong` [ RunTime:0.0010s ]
SQL: SHOW COLUMNS FROM `fw_dealer` [ RunTime:0.0020s ]
SQL: SELECT COUNT(*) AS tp_count FROM `fw_dealer` WHERE `dl_unitcode` = '9999' AND `dl_status` = 0 LIMIT 1   [ RunTime:0.0010s ]
SQL: SELECT COUNT(*) AS tp_count FROM `fw_orders` WHERE `od_unitcode` = '9999' AND `od_state` IN ('0','1','2') LIMIT 1   [ RunTime:0.0010s ]
SQL: SHOW COLUMNS FROM `fw_recash` [ RunTime:0.0020s ]
SQL: SELECT COUNT(*) AS tp_count FROM `fw_recash` WHERE `rc_unitcode` = '9999' AND `rc_sdlid` = 0 AND `rc_state` = 0 LIMIT 1   [ RunTime:0.0000s ]
SQL: SELECT COUNT(*) AS tp_count FROM `fw_recash` WHERE `rc_unitcode` = '9999' AND `rc_sdlid` = 0 AND `rc_state` = 0 LIMIT 1   [ RunTime:0.0000s ]
SQL: SHOW COLUMNS FROM `fw_payin` [ RunTime:0.0020s ]
SQL: SELECT COUNT(*) AS tp_count FROM `fw_payin` WHERE `pi_unitcode` = '9999' AND `pi_state` = 0 LIMIT 1   [ RunTime:0.0000s ]
SQL: SHOW COLUMNS FROM `fw_dljfexchange` [ RunTime:0.0010s ]
SQL: SELECT COUNT(*) AS tp_count FROM `fw_dljfexchange` WHERE `exch_unitcode` = '9999' AND `exch_state` IN ('0','1') LIMIT 1   [ RunTime:0.0000s ]
SQL: SHOW COLUMNS FROM `fw_jffeedback` [ RunTime:0.0020s ]
SQL: SELECT COUNT(*) AS tp_count FROM `fw_jffeedback` WHERE `fb_unitcode` = '9999' AND `fb_state` = 0 LIMIT 1   [ RunTime:0.0000s ]
INFO: [ view_parse ] --START--
INFO: [ template_filter ] --START--
INFO: Run Behavior\ContentReplaceBehavior [ RunTime:0.000000s ]
INFO: [ template_filter ] --END-- [ RunTime:0.000000s ]
NOTIC: [8] Undefined variable: curr D:\wamp64\www\Kangli\Runtime\Cache\Mp\7b8faf8817bf995ca0c5f7bbae2f4c63.php 第 46 行.
NOTIC: [8] Undefined variable: curr D:\wamp64\www\Kangli\Runtime\Cache\Mp\7b8faf8817bf995ca0c5f7bbae2f4c63.php 第 47 行.
NOTIC: [8] Undefined variable: curr D:\wamp64\www\Kangli\Runtime\Cache\Mp\7b8faf8817bf995ca0c5f7bbae2f4c63.php 第 48 行.
NOTIC: [8] Undefined variable: curr D:\wamp64\www\Kangli\Runtime\Cache\Mp\7b8faf8817bf995ca0c5f7bbae2f4c63.php 第 49 行.
NOTIC: [8] Undefined variable: curr D:\wamp64\www\Kangli\Runtime\Cache\Mp\7b8faf8817bf995ca0c5f7bbae2f4c63.php 第 55 行.
NOTIC: [8] Undefined variable: curr D:\wamp64\www\Kangli\Runtime\Cache\Mp\7b8faf8817bf995ca0c5f7bbae2f4c63.php 第 61 行.
NOTIC: [8] Undefined variable: curr D:\wamp64\www\Kangli\Runtime\Cache\Mp\7b8faf8817bf995ca0c5f7bbae2f4c63.php 第 62 行.
NOTIC: [8] Undefined variable: curr D:\wamp64\www\Kangli\Runtime\Cache\Mp\7b8faf8817bf995ca0c5f7bbae2f4c63.php 第 63 行.
NOTIC: [8] Undefined variable: curr D:\wamp64\www\Kangli\Runtime\Cache\Mp\7b8faf8817bf995ca0c5f7bbae2f4c63.php 第 64 行.
NOTIC: [8] Undefined variable: curr D:\wamp64\www\Kangli\Runtime\Cache\Mp\7b8faf8817bf995ca0c5f7bbae2f4c63.php 第 70 行.
NOTIC: [8] Undefined variable: curr D:\wamp64\www\Kangli\Runtime\Cache\Mp\7b8faf8817bf995ca0c5f7bbae2f4c63.php 第 71 行.
NOTIC: [8] Undefined variable: curr D:\wamp64\www\Kangli\Runtime\Cache\Mp\7b8faf8817bf995ca0c5f7bbae2f4c63.php 第 72 行.
NOTIC: [8] Undefined variable: curr D:\wamp64\www\Kangli\Runtime\Cache\Mp\7b8faf8817bf995ca0c5f7bbae2f4c63.php 第 79 行.
NOTIC: [8] Undefined variable: curr D:\wamp64\www\Kangli\Runtime\Cache\Mp\7b8faf8817bf995ca0c5f7bbae2f4c63.php 第 80 行.
NOTIC: [8] Undefined variable: curr D:\wamp64\www\Kangli\Runtime\Cache\Mp\7b8faf8817bf995ca0c5f7bbae2f4c63.php 第 81 行.
NOTIC: [8] Undefined variable: curr D:\wamp64\www\Kangli\Runtime\Cache\Mp\7b8faf8817bf995ca0c5f7bbae2f4c63.php 第 82 行.
NOTIC: [8] Undefined variable: curr D:\wamp64\www\Kangli\Runtime\Cache\Mp\7b8faf8817bf995ca0c5f7bbae2f4c63.php 第 83 行.
NOTIC: [8] Undefined variable: curr D:\wamp64\www\Kangli\Runtime\Cache\Mp\7b8faf8817bf995ca0c5f7bbae2f4c63.php 第 84 行.
NOTIC: [8] Undefined variable: curr D:\wamp64\www\Kangli\Runtime\Cache\Mp\7b8faf8817bf995ca0c5f7bbae2f4c63.php 第 85 行.
NOTIC: [8] Undefined variable: curr D:\wamp64\www\Kangli\Runtime\Cache\Mp\7b8faf8817bf995ca0c5f7bbae2f4c63.php 第 92 行.
NOTIC: [8] Undefined variable: curr D:\wamp64\www\Kangli\Runtime\Cache\Mp\7b8faf8817bf995ca0c5f7bbae2f4c63.php 第 93 行.
NOTIC: [8] Undefined variable: curr D:\wamp64\www\Kangli\Runtime\Cache\Mp\7b8faf8817bf995ca0c5f7bbae2f4c63.php 第 94 行.
NOTIC: [8] Undefined variable: curr D:\wamp64\www\Kangli\Runtime\Cache\Mp\7b8faf8817bf995ca0c5f7bbae2f4c63.php 第 95 行.
NOTIC: [8] Undefined variable: curr D:\wamp64\www\Kangli\Runtime\Cache\Mp\7b8faf8817bf995ca0c5f7bbae2f4c63.php 第 96 行.
NOTIC: [8] Undefined offset: 14006 D:\wamp64\www\Kangli\Runtime\Cache\Mp\7b8faf8817bf995ca0c5f7bbae2f4c63.php 第 97 行.
NOTIC: [8] Undefined variable: curr D:\wamp64\www\Kangli\Runtime\Cache\Mp\7b8faf8817bf995ca0c5f7bbae2f4c63.php 第 98 行.
NOTIC: [8] Undefined variable: curr D:\wamp64\www\Kangli\Runtime\Cache\Mp\7b8faf8817bf995ca0c5f7bbae2f4c63.php 第 107 行.
NOTIC: [8] Undefined variable: curr D:\wamp64\www\Kangli\Runtime\Cache\Mp\7b8faf8817bf995ca0c5f7bbae2f4c63.php 第 108 行.
NOTIC: [8] Undefined variable: curr D:\wamp64\www\Kangli\Runtime\Cache\Mp\7b8faf8817bf995ca0c5f7bbae2f4c63.php 第 109 行.
NOTIC: [8] Undefined variable: curr D:\wamp64\www\Kangli\Runtime\Cache\Mp\7b8faf8817bf995ca0c5f7bbae2f4c63.php 第 110 行.
NOTIC: [8] Undefined variable: curr D:\wamp64\www\Kangli\Runtime\Cache\Mp\7b8faf8817bf995ca0c5f7bbae2f4c63.php 第 111 行.
NOTIC: [8] Undefined variable: curr D:\wamp64\www\Kangli\Runtime\Cache\Mp\7b8faf8817bf995ca0c5f7bbae2f4c63.php 第 119 行.
NOTIC: [8] Undefined variable: curr D:\wamp64\www\Kangli\Runtime\Cache\Mp\7b8faf8817bf995ca0c5f7bbae2f4c63.php 第 120 行.
NOTIC: [8] Undefined variable: curr D:\wamp64\www\Kangli\Runtime\Cache\Mp\7b8faf8817bf995ca0c5f7bbae2f4c63.php 第 121 行.
NOTIC: [8] Undefined variable: curr D:\wamp64\www\Kangli\Runtime\Cache\Mp\7b8faf8817bf995ca0c5f7bbae2f4c63.php 第 122 行.
NOTIC: [8] Undefined offset: 40000 D:\wamp64\www\Kangli\Runtime\Cache\Mp\7b8faf8817bf995ca0c5f7bbae2f4c63.php 第 126 行.
NOTIC: [8] Undefined offset: 12000 D:\wamp64\www\Kangli\Runtime\Cache\Mp\7b8faf8817bf995ca0c5f7bbae2f4c63.php 第 135 行.
NOTIC: [8] Undefined variable: curr D:\wamp64\www\Kangli\Runtime\Cache\Mp\7b8faf8817bf995ca0c5f7bbae2f4c63.php 第 147 行.
NOTIC: [8] Undefined offset: 70017 D:\wamp64\www\Kangli\Runtime\Cache\Mp\7b8faf8817bf995ca0c5f7bbae2f4c63.php 第 148 行.
NOTIC: [8] Undefined offset: 70019 D:\wamp64\www\Kangli\Runtime\Cache\Mp\7b8faf8817bf995ca0c5f7bbae2f4c63.php 第 149 行.
NOTIC: [8] Undefined offset: 70018 D:\wamp64\www\Kangli\Runtime\Cache\Mp\7b8faf8817bf995ca0c5f7bbae2f4c63.php 第 150 行.
NOTIC: [8] Undefined variable: curr D:\wamp64\www\Kangli\Runtime\Cache\Mp\7b8faf8817bf995ca0c5f7bbae2f4c63.php 第 151 行.
NOTIC: [8] Undefined variable: curr D:\wamp64\www\Kangli\Runtime\Cache\Mp\7b8faf8817bf995ca0c5f7bbae2f4c63.php 第 152 行.
NOTIC: [8] Undefined offset: 70022 D:\wamp64\www\Kangli\Runtime\Cache\Mp\7b8faf8817bf995ca0c5f7bbae2f4c63.php 第 153 行.
NOTIC: [8] Undefined offset: 70023 D:\wamp64\www\Kangli\Runtime\Cache\Mp\7b8faf8817bf995ca0c5f7bbae2f4c63.php 第 154 行.
NOTIC: [8] Undefined variable: curr D:\wamp64\www\Kangli\Runtime\Cache\Mp\7b8faf8817bf995ca0c5f7bbae2f4c63.php 第 155 行.
NOTIC: [8] Undefined offset: 70021 D:\wamp64\www\Kangli\Runtime\Cache\Mp\7b8faf8817bf995ca0c5f7bbae2f4c63.php 第 156 行.
NOTIC: [8] Undefined offset: 70005 D:\wamp64\www\Kangli\Runtime\Cache\Mp\7b8faf8817bf995ca0c5f7bbae2f4c63.php 第 157 行.
NOTIC: [8] Undefined variable: curr D:\wamp64\www\Kangli\Runtime\Cache\Mp\7b8faf8817bf995ca0c5f7bbae2f4c63.php 第 158 行.
NOTIC: [8] Undefined variable: curr D:\wamp64\www\Kangli\Runtime\Cache\Mp\7b8faf8817bf995ca0c5f7bbae2f4c63.php 第 159 行.
NOTIC: [8] Undefined offset: 70014 D:\wamp64\www\Kangli\Runtime\Cache\Mp\7b8faf8817bf995ca0c5f7bbae2f4c63.php 第 160 行.
NOTIC: [8] Undefined offset: 80000 D:\wamp64\www\Kangli\Runtime\Cache\Mp\7b8faf8817bf995ca0c5f7bbae2f4c63.php 第 163 行.
NOTIC: [8] Undefined offset: 100000 D:\wamp64\www\Kangli\Runtime\Cache\Mp\7b8faf8817bf995ca0c5f7bbae2f4c63.php 第 170 行.
NOTIC: [8] Undefined offset: 17001 D:\wamp64\www\Kangli\Runtime\Cache\Mp\7b8faf8817bf995ca0c5f7bbae2f4c63.php 第 179 行.
NOTIC: [8] Undefined variable: curr D:\wamp64\www\Kangli\Runtime\Cache\Mp\7b8faf8817bf995ca0c5f7bbae2f4c63.php 第 180 行.
INFO: Run Behavior\ParseTemplateBehavior [ RunTime:0.028000s ]
INFO: [ view_parse ] --END-- [ RunTime:0.028000s ]
INFO: [ view_filter ] --START--
INFO: Run Behavior\WriteHtmlCacheBehavior [ RunTime:0.001000s ]
INFO: [ view_filter ] --END-- [ RunTime:0.001000s ]
INFO: [ app_end ] --START--
INFO: Run Behavior\ShowPageTraceBehavior [ RunTime:0.001000s ]
INFO: [ app_end ] --END-- [ RunTime:0.001000s ]
NOTIC: [2] ini_set(): A session is active. You cannot change the session module's ini settings at this time D:\wamp64\www\Kangli\index.php 第 31 行.

[ 2018-04-13T18:34:55+08:00 ] 127.0.0.1 /Kangli/Mp/Dlkucun/xnkclist
INFO: [ app_init ] --START--
INFO: Run Behavior\BuildLiteBehavior [ RunTime:0.000000s ]
INFO: [ app_init ] --END-- [ RunTime:0.000000s ]
INFO: [ app_begin ] --START--
INFO: Run Behavior\ReadHtmlCacheBehavior [ RunTime:0.000000s ]
INFO: [ app_begin ] --END-- [ RunTime:0.001000s ]
INFO: [ action_begin ] --START--
SQL: SHOW COLUMNS FROM `fw_denyip` [ RunTime:0.0010s ]
SQL: SELECT * FROM `fw_denyip`  [ RunTime:0.0000s ]
INFO: Run Home\Behaviors\DenyipsBehavior [ RunTime:0.018000s ]
INFO: [ action_begin ] --END-- [ RunTime:0.018000s ]
SQL: SHOW COLUMNS FROM `fw_dealer` [ RunTime:0.0010s ]
SQL: SHOW COLUMNS FROM `fw_orders` [ RunTime:0.0010s ]
SQL: SHOW COLUMNS FROM `fw_dltype` [ RunTime:0.0020s ]
SQL: SELECT COUNT(*) AS tp_count FROM `fw_dealer` WHERE `dl_unitcode` = '9999' LIMIT 1   [ RunTime:0.0000s ]
NOTIC: [8] Undefined variable: parameter D:\wamp64\www\Kangli\Apps\Mp\Controller\DlkucunController.class.php 第 34 行.
SQL: SELECT * FROM `fw_dealer` WHERE `dl_unitcode` = '9999' ORDER BY dl_type ASC,dl_id DESC LIMIT 0,50   [ RunTime:0.0010s ]
SQL: SELECT * FROM `fw_dltype` WHERE `dlt_id` = 7 AND `dlt_unitcode` = '9999' LIMIT 1   [ RunTime:0.0000s ]
SQL: SHOW COLUMNS FROM `fw_orders` [ RunTime:0.0000s ]
SQL: SELECT * FROM fw_orders a,fw_orderdetail b WHERE a.od_unitcode = '9999' AND a.od_state IN ('3','8') AND a.od_oddlid = '42' AND a.od_id =b.oddt_odid AND a.od_virtualstock = 1 ORDER BY a.od_addtime DESC  [ RunTime:0.0020s ]
SQL: SHOW COLUMNS FROM `fw_orders` [ RunTime:0.0010s ]
SQL: SELECT * FROM fw_orders a,fw_orderdetail b WHERE a.od_unitcode = '9999' AND a.od_state IN ('1','2','3','8') AND a.od_rcdlid = '42' AND a.od_id =b.oddt_odid AND a.od_virtualstock = 1 ORDER BY a.od_addtime DESC  [ RunTime:0.0000s ]
SQL: SHOW COLUMNS FROM `fw_orders` [ RunTime:0.0010s ]
SQL: SELECT * FROM fw_orders a,fw_orderdetail b WHERE a.od_unitcode = '9999' AND a.od_state IN ('1','2','3','8') AND a.od_oddlid = '42' AND a.od_id =b.oddt_odid AND a.od_virtualstock = 0 ORDER BY a.od_addtime DESC  [ RunTime:0.0010s ]
SQL: SHOW COLUMNS FROM `fw_orders` [ RunTime:0.0000s ]
SQL: SELECT * FROM fw_orders a,fw_orderdetail b WHERE a.od_unitcode = '9999' AND a.od_state IN ('3','8') AND a.od_oddlid = '37' AND a.od_id =b.oddt_odid AND a.od_virtualstock = 1 ORDER BY a.od_addtime DESC  [ RunTime:0.0000s ]
SQL: SHOW COLUMNS FROM `fw_orders` [ RunTime:0.0000s ]
SQL: SELECT * FROM fw_orders a,fw_orderdetail b WHERE a.od_unitcode = '9999' AND a.od_state IN ('1','2','3','8') AND a.od_rcdlid = '37' AND a.od_id =b.oddt_odid AND a.od_virtualstock = 1 ORDER BY a.od_addtime DESC  [ RunTime:0.0000s ]
SQL: SHOW COLUMNS FROM `fw_orders` [ RunTime:0.0010s ]
SQL: SELECT * FROM fw_orders a,fw_orderdetail b WHERE a.od_unitcode = '9999' AND a.od_state IN ('1','2','3','8') AND a.od_oddlid = '37' AND a.od_id =b.oddt_odid AND a.od_virtualstock = 0 ORDER BY a.od_addtime DESC  [ RunTime:0.0000s ]
SQL: SHOW COLUMNS FROM `fw_orders` [ RunTime:0.0000s ]
SQL: SELECT * FROM fw_orders a,fw_orderdetail b WHERE a.od_unitcode = '9999' AND a.od_state IN ('3','8') AND a.od_oddlid = '32' AND a.od_id =b.oddt_odid AND a.od_virtualstock = 1 ORDER BY a.od_addtime DESC  [ RunTime:0.0010s ]
SQL: SHOW COLUMNS FROM `fw_orders` [ RunTime:0.0000s ]
SQL: SELECT * FROM fw_orders a,fw_orderdetail b WHERE a.od_unitcode = '9999' AND a.od_state IN ('1','2','3','8') AND a.od_rcdlid = '32' AND a.od_id =b.oddt_odid AND a.od_virtualstock = 1 ORDER BY a.od_addtime DESC  [ RunTime:0.0010s ]
SQL: SHOW COLUMNS FROM `fw_orders` [ RunTime:0.0010s ]
SQL: SELECT * FROM fw_orders a,fw_orderdetail b WHERE a.od_unitcode = '9999' AND a.od_state IN ('1','2','3','8') AND a.od_oddlid = '32' AND a.od_id =b.oddt_odid AND a.od_virtualstock = 0 ORDER BY a.od_addtime DESC  [ RunTime:0.0000s ]
SQL: SELECT * FROM `fw_dltype` WHERE `dlt_id` = 8 AND `dlt_unitcode` = '9999' LIMIT 1   [ RunTime:0.0000s ]
SQL: SELECT * FROM `fw_dealer` WHERE `dl_id` = 32 AND `dl_unitcode` = '9999' LIMIT 1   [ RunTime:0.0000s ]
SQL: SHOW COLUMNS FROM `fw_orders` [ RunTime:0.0010s ]
SQL: SELECT * FROM fw_orders a,fw_orderdetail b WHERE a.od_unitcode = '9999' AND a.od_state IN ('3','8') AND a.od_oddlid = '44' AND a.od_id =b.oddt_odid AND a.od_virtualstock = 1 ORDER BY a.od_addtime DESC  [ RunTime:0.0010s ]
SQL: SHOW COLUMNS FROM `fw_orders` [ RunTime:0.0000s ]
SQL: SELECT * FROM fw_orders a,fw_orderdetail b WHERE a.od_unitcode = '9999' AND a.od_state IN ('1','2','3','8') AND a.od_rcdlid = '44' AND a.od_id =b.oddt_odid AND a.od_virtualstock = 1 ORDER BY a.od_addtime DESC  [ RunTime:0.0010s ]
SQL: SHOW COLUMNS FROM `fw_orders` [ RunTime:0.0000s ]
SQL: SELECT * FROM fw_orders a,fw_orderdetail b WHERE a.od_unitcode = '9999' AND a.od_state IN ('1','2','3','8') AND a.od_oddlid = '44' AND a.od_id =b.oddt_odid AND a.od_virtualstock = 0 ORDER BY a.od_addtime DESC  [ RunTime:0.0000s ]
SQL: SHOW COLUMNS FROM `fw_orders` [ RunTime:0.0010s ]
SQL: SELECT * FROM fw_orders a,fw_orderdetail b WHERE a.od_unitcode = '9999' AND a.od_state IN ('3','8') AND a.od_oddlid = '40' AND a.od_id =b.oddt_odid AND a.od_virtualstock = 1 ORDER BY a.od_addtime DESC  [ RunTime:0.0010s ]
SQL: SHOW COLUMNS FROM `fw_orders` [ RunTime:0.0000s ]
SQL: SELECT * FROM fw_orders a,fw_orderdetail b WHERE a.od_unitcode = '9999' AND a.od_state IN ('1','2','3','8') AND a.od_rcdlid = '40' AND a.od_id =b.oddt_odid AND a.od_virtualstock = 1 ORDER BY a.od_addtime DESC  [ RunTime:0.0010s ]
SQL: SHOW COLUMNS FROM `fw_orders` [ RunTime:0.0000s ]
SQL: SELECT * FROM fw_orders a,fw_orderdetail b WHERE a.od_unitcode = '9999' AND a.od_state IN ('1','2','3','8') AND a.od_oddlid = '40' AND a.od_id =b.oddt_odid AND a.od_virtualstock = 0 ORDER BY a.od_addtime DESC  [ RunTime:0.0000s ]
SQL: SHOW COLUMNS FROM `fw_orders` [ RunTime:0.0010s ]
SQL: SELECT * FROM fw_orders a,fw_orderdetail b WHERE a.od_unitcode = '9999' AND a.od_state IN ('3','8') AND a.od_oddlid = '39' AND a.od_id =b.oddt_odid AND a.od_virtualstock = 1 ORDER BY a.od_addtime DESC  [ RunTime:0.0010s ]
SQL: SHOW COLUMNS FROM `fw_orders` [ RunTime:0.0000s ]
SQL: SELECT * FROM fw_orders a,fw_orderdetail b WHERE a.od_unitcode = '9999' AND a.od_state IN ('1','2','3','8') AND a.od_rcdlid = '39' AND a.od_id =b.oddt_odid AND a.od_virtualstock = 1 ORDER BY a.od_addtime DESC  [ RunTime:0.0000s ]
SQL: SHOW COLUMNS FROM `fw_orders` [ RunTime:0.0000s ]
SQL: SELECT * FROM fw_orders a,fw_orderdetail b WHERE a.od_unitcode = '9999' AND a.od_state IN ('1','2','3','8') AND a.od_oddlid = '39' AND a.od_id =b.oddt_odid AND a.od_virtualstock = 0 ORDER BY a.od_addtime DESC  [ RunTime:0.0000s ]
SQL: SHOW COLUMNS FROM `fw_orders` [ RunTime:0.0010s ]
SQL: SELECT * FROM fw_orders a,fw_orderdetail b WHERE a.od_unitcode = '9999' AND a.od_state IN ('3','8') AND a.od_oddlid = '34' AND a.od_id =b.oddt_odid AND a.od_virtualstock = 1 ORDER BY a.od_addtime DESC  [ RunTime:0.0010s ]
SQL: SHOW COLUMNS FROM `fw_orders` [ RunTime:0.0000s ]
SQL: SELECT * FROM fw_orders a,fw_orderdetail b WHERE a.od_unitcode = '9999' AND a.od_state IN ('1','2','3','8') AND a.od_rcdlid = '34' AND a.od_id =b.oddt_odid AND a.od_virtualstock = 1 ORDER BY a.od_addtime DESC  [ RunTime:0.0010s ]
SQL: SHOW COLUMNS FROM `fw_orders` [ RunTime:0.0000s ]
SQL: SELECT * FROM fw_orders a,fw_orderdetail b WHERE a.od_unitcode = '9999' AND a.od_state IN ('1','2','3','8') AND a.od_oddlid = '34' AND a.od_id =b.oddt_odid AND a.od_virtualstock = 0 ORDER BY a.od_addtime DESC  [ RunTime:0.0000s ]
SQL: SELECT * FROM `fw_dltype` WHERE `dlt_id` = 9 AND `dlt_unitcode` = '9999' LIMIT 1   [ RunTime:0.0000s ]
SQL: SELECT * FROM `fw_dealer` WHERE `dl_id` = 34 AND `dl_unitcode` = '9999' LIMIT 1   [ RunTime:0.0010s ]
SQL: SHOW COLUMNS FROM `fw_orders` [ RunTime:0.0010s ]
SQL: SELECT * FROM fw_orders a,fw_orderdetail b WHERE a.od_unitcode = '9999' AND a.od_state IN ('3','8') AND a.od_oddlid = '36' AND a.od_id =b.oddt_odid AND a.od_virtualstock = 1 ORDER BY a.od_addtime DESC  [ RunTime:0.0000s ]
SQL: SHOW COLUMNS FROM `fw_orders` [ RunTime:0.0010s ]
SQL: SELECT * FROM fw_orders a,fw_orderdetail b WHERE a.od_unitcode = '9999' AND a.od_state IN ('1','2','3','8') AND a.od_rcdlid = '36' AND a.od_id =b.oddt_odid AND a.od_virtualstock = 1 ORDER BY a.od_addtime DESC  [ RunTime:0.0000s ]
SQL: SHOW COLUMNS FROM `fw_orders` [ RunTime:0.0000s ]
SQL: SELECT * FROM fw_orders a,fw_orderdetail b WHERE a.od_unitcode = '9999' AND a.od_state IN ('1','2','3','8') AND a.od_oddlid = '36' AND a.od_id =b.oddt_odid AND a.od_virtualstock = 0 ORDER BY a.od_addtime DESC  [ RunTime:0.0010s ]
SQL: SHOW COLUMNS FROM `fw_orders` [ RunTime:0.0010s ]
SQL: SELECT * FROM fw_orders a,fw_orderdetail b WHERE a.od_unitcode = '9999' AND a.od_state IN ('3','8') AND a.od_oddlid = '35' AND a.od_id =b.oddt_odid AND a.od_virtualstock = 1 ORDER BY a.od_addtime DESC  [ RunTime:0.0010s ]
SQL: SHOW COLUMNS FROM `fw_orders` [ RunTime:0.0000s ]
SQL: SELECT * FROM fw_orders a,fw_orderdetail b WHERE a.od_unitcode = '9999' AND a.od_state IN ('1','2','3','8') AND a.od_rcdlid = '35' AND a.od_id =b.oddt_odid AND a.od_virtualstock = 1 ORDER BY a.od_addtime DESC  [ RunTime:0.0000s ]
SQL: SHOW COLUMNS FROM `fw_orders` [ RunTime:0.0010s ]
SQL: SELECT * FROM fw_orders a,fw_orderdetail b WHERE a.od_unitcode = '9999' AND a.od_state IN ('1','2','3','8') AND a.od_oddlid = '35' AND a.od_id =b.oddt_odid AND a.od_virtualstock = 0 ORDER BY a.od_addtime DESC  [ RunTime:0.0000s ]
SQL: SELECT * FROM `fw_dltype` WHERE `dlt_id` = 10 AND `dlt_unitcode` = '9999' LIMIT 1   [ RunTime:0.0000s ]
SQL: SELECT * FROM `fw_dealer` WHERE `dl_id` = 35 AND `dl_unitcode` = '9999' LIMIT 1   [ RunTime:0.0000s ]
SQL: SHOW COLUMNS FROM `fw_orders` [ RunTime:0.0000s ]
SQL: SELECT * FROM fw_orders a,fw_orderdetail b WHERE a.od_unitcode = '9999' AND a.od_state IN ('3','8') AND a.od_oddlid = '38' AND a.od_id =b.oddt_odid AND a.od_virtualstock = 1 ORDER BY a.od_addtime DESC  [ RunTime:0.0000s ]
SQL: SHOW COLUMNS FROM `fw_orders` [ RunTime:0.0010s ]
SQL: SELECT * FROM fw_orders a,fw_orderdetail b WHERE a.od_unitcode = '9999' AND a.od_state IN ('1','2','3','8') AND a.od_rcdlid = '38' AND a.od_id =b.oddt_odid AND a.od_virtualstock = 1 ORDER BY a.od_addtime DESC  [ RunTime:0.0000s ]
SQL: SHOW COLUMNS FROM `fw_orders` [ RunTime:0.0010s ]
SQL: SELECT * FROM fw_orders a,fw_orderdetail b WHERE a.od_unitcode = '9999' AND a.od_state IN ('1','2','3','8') AND a.od_oddlid = '38' AND a.od_id =b.oddt_odid AND a.od_virtualstock = 0 ORDER BY a.od_addtime DESC  [ RunTime:0.0010s ]
INFO: [ view_parse ] --START--
INFO: [ template_filter ] --START--
INFO: Run Behavior\ContentReplaceBehavior [ RunTime:0.000000s ]
INFO: [ template_filter ] --END-- [ RunTime:0.001000s ]
NOTIC: [8] Undefined offset: 14006 D:\wamp64\www\Kangli\Runtime\Cache\Mp\633b85e8ba2983e22f985ad3dfb1ca2f.php 第 82 行.
NOTIC: [8] Undefined offset: 40000 D:\wamp64\www\Kangli\Runtime\Cache\Mp\633b85e8ba2983e22f985ad3dfb1ca2f.php 第 111 行.
NOTIC: [8] Undefined offset: 12000 D:\wamp64\www\Kangli\Runtime\Cache\Mp\633b85e8ba2983e22f985ad3dfb1ca2f.php 第 120 行.
NOTIC: [8] Undefined offset: 70017 D:\wamp64\www\Kangli\Runtime\Cache\Mp\633b85e8ba2983e22f985ad3dfb1ca2f.php 第 133 行.
NOTIC: [8] Undefined offset: 70019 D:\wamp64\www\Kangli\Runtime\Cache\Mp\633b85e8ba2983e22f985ad3dfb1ca2f.php 第 134 行.
NOTIC: [8] Undefined offset: 70018 D:\wamp64\www\Kangli\Runtime\Cache\Mp\633b85e8ba2983e22f985ad3dfb1ca2f.php 第 135 行.
NOTIC: [8] Undefined offset: 70022 D:\wamp64\www\Kangli\Runtime\Cache\Mp\633b85e8ba2983e22f985ad3dfb1ca2f.php 第 138 行.
NOTIC: [8] Undefined offset: 70023 D:\wamp64\www\Kangli\Runtime\Cache\Mp\633b85e8ba2983e22f985ad3dfb1ca2f.php 第 139 行.
NOTIC: [8] Undefined offset: 70021 D:\wamp64\www\Kangli\Runtime\Cache\Mp\633b85e8ba2983e22f985ad3dfb1ca2f.php 第 141 行.
NOTIC: [8] Undefined offset: 70005 D:\wamp64\www\Kangli\Runtime\Cache\Mp\633b85e8ba2983e22f985ad3dfb1ca2f.php 第 142 行.
NOTIC: [8] Undefined offset: 70014 D:\wamp64\www\Kangli\Runtime\Cache\Mp\633b85e8ba2983e22f985ad3dfb1ca2f.php 第 145 行.
NOTIC: [8] Undefined offset: 80000 D:\wamp64\www\Kangli\Runtime\Cache\Mp\633b85e8ba2983e22f985ad3dfb1ca2f.php 第 148 行.
NOTIC: [8] Undefined offset: 100000 D:\wamp64\www\Kangli\Runtime\Cache\Mp\633b85e8ba2983e22f985ad3dfb1ca2f.php 第 155 行.
NOTIC: [8] Undefined offset: 17001 D:\wamp64\www\Kangli\Runtime\Cache\Mp\633b85e8ba2983e22f985ad3dfb1ca2f.php 第 164 行.
INFO: Run Behavior\ParseTemplateBehavior [ RunTime:0.018000s ]
INFO: [ view_parse ] --END-- [ RunTime:0.018000s ]
INFO: [ view_filter ] --START--
INFO: Run Behavior\WriteHtmlCacheBehavior [ RunTime:0.000000s ]
INFO: [ view_filter ] --END-- [ RunTime:0.000000s ]
INFO: [ app_end ] --START--
INFO: Run Behavior\ShowPageTraceBehavior [ RunTime:0.000000s ]
INFO: [ app_end ] --END-- [ RunTime:0.000000s ]
NOTIC: [2] ini_set(): A session is active. You cannot change the session module's ini settings at this time D:\wamp64\www\Kangli\index.php 第 31 行.

[ 2018-04-13T18:35:27+08:00 ] 127.0.0.1 /Kangli/Mp/Dlkucun/xnkcprolist/dl_id/32
INFO: [ app_init ] --START--
INFO: Run Behavior\BuildLiteBehavior [ RunTime:0.000000s ]
INFO: [ app_init ] --END-- [ RunTime:0.001000s ]
INFO: [ app_begin ] --START--
INFO: Run Behavior\ReadHtmlCacheBehavior [ RunTime:0.001000s ]
INFO: [ app_begin ] --END-- [ RunTime:0.001000s ]
INFO: [ action_begin ] --START--
SQL: SHOW COLUMNS FROM `fw_denyip` [ RunTime:0.0000s ]
SQL: SELECT * FROM `fw_denyip`  [ RunTime:0.0000s ]
INFO: Run Home\Behaviors\DenyipsBehavior [ RunTime:0.025000s ]
INFO: [ action_begin ] --END-- [ RunTime:0.025000s ]
SQL: SHOW COLUMNS FROM `fw_dealer` [ RunTime:0.0010s ]
SQL: SHOW COLUMNS FROM `fw_orders` [ RunTime:0.0010s ]
SQL: SHOW COLUMNS FROM `fw_dltype` [ RunTime:0.0000s ]
SQL: SHOW COLUMNS FROM `fw_product` [ RunTime:0.0020s ]
SQL: SELECT * FROM `fw_dealer` WHERE `dl_id` = 32 AND `dl_unitcode` = '9999' AND `dl_status` = 1 LIMIT 1   [ RunTime:0.0010s ]
SQL: SELECT COUNT(*) AS tp_count FROM `fw_product` WHERE `pro_unitcode` = '9999' AND `pro_active` = 1 LIMIT 1   [ RunTime:0.0000s ]
NOTIC: [8] Undefined variable: parameter D:\wamp64\www\Kangli\Apps\Mp\Controller\DlkucunController.class.php 第 228 行.
SQL: SELECT * FROM `fw_product` WHERE `pro_unitcode` = '9999' AND `pro_active` = 1 ORDER BY pro_id DESC,pro_order DESC LIMIT 0,50   [ RunTime:0.0010s ]
SQL: SHOW COLUMNS FROM `fw_orders` [ RunTime:0.0000s ]
SQL: SELECT * FROM fw_orders a,fw_orderdetail b WHERE a.od_unitcode = '9999' AND a.od_state IN ('3','8') AND a.od_oddlid = 32 AND b.oddt_proid = '9' AND a.od_id =b.oddt_odid AND a.od_virtualstock = 1 ORDER BY a.od_addtime DESC  [ RunTime:0.0010s ]
SQL: SHOW COLUMNS FROM `fw_orders` [ RunTime:0.0010s ]
SQL: SELECT * FROM fw_orders a,fw_orderdetail b WHERE a.od_unitcode = '9999' AND a.od_state IN ('1','2','3','8') AND a.od_rcdlid = 32 AND b.oddt_proid = '9' AND a.od_id =b.oddt_odid AND a.od_virtualstock = 1 ORDER BY a.od_addtime DESC  [ RunTime:0.0000s ]
SQL: SHOW COLUMNS FROM `fw_orders` [ RunTime:0.0010s ]
SQL: SELECT * FROM fw_orders a,fw_orderdetail b WHERE a.od_unitcode = '9999' AND a.od_state IN ('1','2','3','8') AND a.od_oddlid = 32 AND b.oddt_proid = '9' AND a.od_id =b.oddt_odid AND a.od_virtualstock = 0 ORDER BY a.od_addtime DESC  [ RunTime:0.0010s ]
SQL: SHOW COLUMNS FROM `fw_orders` [ RunTime:0.0000s ]
SQL: SELECT * FROM fw_orders a,fw_orderdetail b WHERE a.od_unitcode = '9999' AND a.od_state IN ('3','8') AND a.od_oddlid = 32 AND b.oddt_proid = '8' AND a.od_id =b.oddt_odid AND a.od_virtualstock = 1 ORDER BY a.od_addtime DESC  [ RunTime:0.0010s ]
SQL: SHOW COLUMNS FROM `fw_orders` [ RunTime:0.0000s ]
SQL: SELECT * FROM fw_orders a,fw_orderdetail b WHERE a.od_unitcode = '9999' AND a.od_state IN ('1','2','3','8') AND a.od_rcdlid = 32 AND b.oddt_proid = '8' AND a.od_id =b.oddt_odid AND a.od_virtualstock = 1 ORDER BY a.od_addtime DESC  [ RunTime:0.0000s ]
SQL: SHOW COLUMNS FROM `fw_orders` [ RunTime:0.0010s ]
SQL: SELECT * FROM fw_orders a,fw_orderdetail b WHERE a.od_unitcode = '9999' AND a.od_state IN ('1','2','3','8') AND a.od_oddlid = 32 AND b.oddt_proid = '8' AND a.od_id =b.oddt_odid AND a.od_virtualstock = 0 ORDER BY a.od_addtime DESC  [ RunTime:0.0010s ]
SQL: SHOW COLUMNS FROM `fw_orders` [ RunTime:0.0000s ]
SQL: SELECT * FROM fw_orders a,fw_orderdetail b WHERE a.od_unitcode = '9999' AND a.od_state IN ('3','8') AND a.od_oddlid = 32 AND b.oddt_proid = '7' AND a.od_id =b.oddt_odid AND a.od_virtualstock = 1 ORDER BY a.od_addtime DESC  [ RunTime:0.0010s ]
SQL: SHOW COLUMNS FROM `fw_orders` [ RunTime:0.0000s ]
SQL: SELECT * FROM fw_orders a,fw_orderdetail b WHERE a.od_unitcode = '9999' AND a.od_state IN ('1','2','3','8') AND a.od_rcdlid = 32 AND b.oddt_proid = '7' AND a.od_id =b.oddt_odid AND a.od_virtualstock = 1 ORDER BY a.od_addtime DESC  [ RunTime:0.0000s ]
SQL: SHOW COLUMNS FROM `fw_orders` [ RunTime:0.0000s ]
SQL: SELECT * FROM fw_orders a,fw_orderdetail b WHERE a.od_unitcode = '9999' AND a.od_state IN ('1','2','3','8') AND a.od_oddlid = 32 AND b.oddt_proid = '7' AND a.od_id =b.oddt_odid AND a.od_virtualstock = 0 ORDER BY a.od_addtime DESC  [ RunTime:0.0000s ]
SQL: SHOW COLUMNS FROM `fw_orders` [ RunTime:0.0010s ]
SQL: SELECT * FROM fw_orders a,fw_orderdetail b WHERE a.od_unitcode = '9999' AND a.od_state IN ('3','8') AND a.od_oddlid = 32 AND b.oddt_proid = '6' AND a.od_id =b.oddt_odid AND a.od_virtualstock = 1 ORDER BY a.od_addtime DESC  [ RunTime:0.0010s ]
SQL: SHOW COLUMNS FROM `fw_orders` [ RunTime:0.0000s ]
SQL: SELECT * FROM fw_orders a,fw_orderdetail b WHERE a.od_unitcode = '9999' AND a.od_state IN ('1','2','3','8') AND a.od_rcdlid = 32 AND b.oddt_proid = '6' AND a.od_id =b.oddt_odid AND a.od_virtualstock = 1 ORDER BY a.od_addtime DESC  [ RunTime:0.0000s ]
SQL: SHOW COLUMNS FROM `fw_orders` [ RunTime:0.0010s ]
SQL: SELECT * FROM fw_orders a,fw_orderdetail b WHERE a.od_unitcode = '9999' AND a.od_state IN ('1','2','3','8') AND a.od_oddlid = 32 AND b.oddt_proid = '6' AND a.od_id =b.oddt_odid AND a.od_virtualstock = 0 ORDER BY a.od_addtime DESC  [ RunTime:0.0000s ]
SQL: SHOW COLUMNS FROM `fw_orders` [ RunTime:0.0000s ]
SQL: SELECT * FROM fw_orders a,fw_orderdetail b WHERE a.od_unitcode = '9999' AND a.od_state IN ('3','8') AND a.od_oddlid = 32 AND b.oddt_proid = '5' AND a.od_id =b.oddt_odid AND a.od_virtualstock = 1 ORDER BY a.od_addtime DESC  [ RunTime:0.0010s ]
SQL: SHOW COLUMNS FROM `fw_orders` [ RunTime:0.0000s ]
SQL: SELECT * FROM fw_orders a,fw_orderdetail b WHERE a.od_unitcode = '9999' AND a.od_state IN ('1','2','3','8') AND a.od_rcdlid = 32 AND b.oddt_proid = '5' AND a.od_id =b.oddt_odid AND a.od_virtualstock = 1 ORDER BY a.od_addtime DESC  [ RunTime:0.0010s ]
SQL: SHOW COLUMNS FROM `fw_orders` [ RunTime:0.0010s ]
SQL: SELECT * FROM fw_orders a,fw_orderdetail b WHERE a.od_unitcode = '9999' AND a.od_state IN ('1','2','3','8') AND a.od_oddlid = 32 AND b.oddt_proid = '5' AND a.od_id =b.oddt_odid AND a.od_virtualstock = 0 ORDER BY a.od_addtime DESC  [ RunTime:0.0000s ]
INFO: [ view_parse ] --START--
INFO: [ template_filter ] --START--
INFO: Run Behavior\ContentReplaceBehavior [ RunTime:0.000000s ]
INFO: [ template_filter ] --END-- [ RunTime:0.000000s ]
NOTIC: [8] Undefined offset: 14006 D:\wamp64\www\Kangli\Runtime\Cache\Mp\12dc2670a7ce85988477cb5ffd03f61f.php 第 82 行.
NOTIC: [8] Undefined offset: 40000 D:\wamp64\www\Kangli\Runtime\Cache\Mp\12dc2670a7ce85988477cb5ffd03f61f.php 第 111 行.
NOTIC: [8] Undefined offset: 12000 D:\wamp64\www\Kangli\Runtime\Cache\Mp\12dc2670a7ce85988477cb5ffd03f61f.php 第 120 行.
NOTIC: [8] Undefined offset: 70017 D:\wamp64\www\Kangli\Runtime\Cache\Mp\12dc2670a7ce85988477cb5ffd03f61f.php 第 133 行.
NOTIC: [8] Undefined offset: 70019 D:\wamp64\www\Kangli\Runtime\Cache\Mp\12dc2670a7ce85988477cb5ffd03f61f.php 第 134 行.
NOTIC: [8] Undefined offset: 70018 D:\wamp64\www\Kangli\Runtime\Cache\Mp\12dc2670a7ce85988477cb5ffd03f61f.php 第 135 行.
NOTIC: [8] Undefined offset: 70022 D:\wamp64\www\Kangli\Runtime\Cache\Mp\12dc2670a7ce85988477cb5ffd03f61f.php 第 138 行.
NOTIC: [8] Undefined offset: 70023 D:\wamp64\www\Kangli\Runtime\Cache\Mp\12dc2670a7ce85988477cb5ffd03f61f.php 第 139 行.
NOTIC: [8] Undefined offset: 70021 D:\wamp64\www\Kangli\Runtime\Cache\Mp\12dc2670a7ce85988477cb5ffd03f61f.php 第 141 行.
NOTIC: [8] Undefined offset: 70005 D:\wamp64\www\Kangli\Runtime\Cache\Mp\12dc2670a7ce85988477cb5ffd03f61f.php 第 142 行.
NOTIC: [8] Undefined offset: 70014 D:\wamp64\www\Kangli\Runtime\Cache\Mp\12dc2670a7ce85988477cb5ffd03f61f.php 第 145 行.
NOTIC: [8] Undefined offset: 80000 D:\wamp64\www\Kangli\Runtime\Cache\Mp\12dc2670a7ce85988477cb5ffd03f61f.php 第 148 行.
NOTIC: [8] Undefined offset: 100000 D:\wamp64\www\Kangli\Runtime\Cache\Mp\12dc2670a7ce85988477cb5ffd03f61f.php 第 155 行.
NOTIC: [8] Undefined offset: 17001 D:\wamp64\www\Kangli\Runtime\Cache\Mp\12dc2670a7ce85988477cb5ffd03f61f.php 第 164 行.
NOTIC: [8] Undefined index: dl_id D:\wamp64\www\Kangli\Runtime\Cache\Mp\12dc2670a7ce85988477cb5ffd03f61f.php 第 216 行.
NOTIC: [8] Undefined index: dl_id D:\wamp64\www\Kangli\Runtime\Cache\Mp\12dc2670a7ce85988477cb5ffd03f61f.php 第 216 行.
NOTIC: [8] Undefined index: dl_id D:\wamp64\www\Kangli\Runtime\Cache\Mp\12dc2670a7ce85988477cb5ffd03f61f.php 第 216 行.
NOTIC: [8] Undefined index: dl_id D:\wamp64\www\Kangli\Runtime\Cache\Mp\12dc2670a7ce85988477cb5ffd03f61f.php 第 216 行.
NOTIC: [8] Undefined index: dl_id D:\wamp64\www\Kangli\Runtime\Cache\Mp\12dc2670a7ce85988477cb5ffd03f61f.php 第 216 行.
INFO: Run Behavior\ParseTemplateBehavior [ RunTime:0.018000s ]
INFO: [ view_parse ] --END-- [ RunTime:0.018000s ]
INFO: [ view_filter ] --START--
INFO: Run Behavior\WriteHtmlCacheBehavior [ RunTime:0.000000s ]
INFO: [ view_filter ] --END-- [ RunTime:0.001000s ]
INFO: [ app_end ] --START--
INFO: Run Behavior\ShowPageTraceBehavior [ RunTime:0.000000s ]
INFO: [ app_end ] --END-- [ RunTime:0.001000s ]
NOTIC: [2] ini_set(): A session is active. You cannot change the session module's ini settings at this time D:\wamp64\www\Kangli\index.php 第 31 行.

[ 2018-04-13T18:35:50+08:00 ] 127.0.0.1 /Kangli/Mp/Tongji/index
INFO: [ app_init ] --START--
INFO: Run Behavior\BuildLiteBehavior [ RunTime:0.000000s ]
INFO: [ app_init ] --END-- [ RunTime:0.001000s ]
INFO: [ app_begin ] --START--
INFO: Run Behavior\ReadHtmlCacheBehavior [ RunTime:0.000000s ]
INFO: [ app_begin ] --END-- [ RunTime:0.000000s ]
INFO: [ action_begin ] --START--
SQL: SHOW COLUMNS FROM `fw_denyip` [ RunTime:0.0000s ]
SQL: SELECT * FROM `fw_denyip`  [ RunTime:0.0000s ]
INFO: Run Home\Behaviors\DenyipsBehavior [ RunTime:0.023000s ]
INFO: [ action_begin ] --END-- [ RunTime:0.024000s ]
SQL: SHOW COLUMNS FROM `fw_dealer` [ RunTime:0.0010s ]
SQL: SHOW COLUMNS FROM `fw_shipment` [ RunTime:0.0020s ]
SQL: SHOW COLUMNS FROM `fw_dltype` [ RunTime:0.0010s ]
SQL: SELECT COUNT(*) AS tp_count FROM `fw_dealer` WHERE `dl_belong` = 0 AND `dl_unitcode` = '9999' LIMIT 1   [ RunTime:0.0010s ]
SQL: SELECT * FROM `fw_dealer` WHERE `dl_belong` = 0 AND `dl_unitcode` = '9999' ORDER BY dl_type ASC,dl_id DESC LIMIT 0,100   [ RunTime:0.0010s ]
SQL: SELECT SUM(ship_proqty) AS tp_sum FROM `fw_shipment` WHERE `ship_unitcode` = '9999' AND `ship_deliver` = 0 AND `ship_dealer` = 42 AND `ship_date` BETWEEN 1523548800 AND 1523635199 LIMIT 1   [ RunTime:0.0010s ]
SQL: SELECT SUM(ship_proqty) AS tp_sum FROM `fw_shipment` WHERE `ship_unitcode` = '9999' AND `ship_deliver` = 42 AND `ship_date` BETWEEN 1523548800 AND 1523635199 LIMIT 1   [ RunTime:0.0010s ]
SQL: SELECT * FROM `fw_dltype` WHERE `dlt_id` = 7 AND `dlt_unitcode` = '9999' LIMIT 1   [ RunTime:0.0010s ]
SQL: SELECT SUM(ship_proqty) AS tp_sum FROM `fw_shipment` WHERE `ship_unitcode` = '9999' AND `ship_deliver` = 0 AND `ship_dealer` = 37 AND `ship_date` BETWEEN 1523548800 AND 1523635199 LIMIT 1   [ RunTime:0.0010s ]
SQL: SELECT SUM(ship_proqty) AS tp_sum FROM `fw_shipment` WHERE `ship_unitcode` = '9999' AND `ship_deliver` = 37 AND `ship_date` BETWEEN 1523548800 AND 1523635199 LIMIT 1   [ RunTime:0.0000s ]
SQL: SELECT * FROM `fw_dltype` WHERE `dlt_id` = 7 AND `dlt_unitcode` = '9999' LIMIT 1   [ RunTime:0.0000s ]
SQL: SELECT SUM(ship_proqty) AS tp_sum FROM `fw_shipment` WHERE `ship_unitcode` = '9999' AND `ship_deliver` = 0 AND `ship_dealer` = 32 AND `ship_date` BETWEEN 1523548800 AND 1523635199 LIMIT 1   [ RunTime:0.0000s ]
SQL: SELECT SUM(ship_proqty) AS tp_sum FROM `fw_shipment` WHERE `ship_unitcode` = '9999' AND `ship_deliver` = 32 AND `ship_date` BETWEEN 1523548800 AND 1523635199 LIMIT 1   [ RunTime:0.0000s ]
SQL: SELECT * FROM `fw_dltype` WHERE `dlt_id` = 7 AND `dlt_unitcode` = '9999' LIMIT 1   [ RunTime:0.0010s ]
SQL: SELECT * FROM `fw_dealer` WHERE `dl_belong` = 0 AND `dl_unitcode` = '9999' ORDER BY dl_type ASC,dl_id DESC  [ RunTime:0.0010s ]
SQL: SELECT COUNT(*) AS tp_count FROM `fw_dealer` WHERE `dl_belong` = 42 AND `dl_unitcode` = '9999' LIMIT 1   [ RunTime:0.0010s ]
SQL: SELECT COUNT(*) AS tp_count FROM `fw_dealer` WHERE `dl_belong` = 37 AND `dl_unitcode` = '9999' LIMIT 1   [ RunTime:0.0010s ]
SQL: SELECT COUNT(*) AS tp_count FROM `fw_dealer` WHERE `dl_belong` = 32 AND `dl_unitcode` = '9999' LIMIT 1   [ RunTime:0.0000s ]
NOTIC: [8] Undefined index: dl_subcount D:\wamp64\www\Kangli\Apps\Mp\Controller\TongjiController.class.php 第 130 行.
NOTIC: [8] Undefined index: dl_subcount D:\wamp64\www\Kangli\Apps\Mp\Controller\TongjiController.class.php 第 130 行.
NOTIC: [8] Undefined index: dl_subcount D:\wamp64\www\Kangli\Apps\Mp\Controller\TongjiController.class.php 第 130 行.
NOTIC: [8] Undefined index: dl_subcount D:\wamp64\www\Kangli\Apps\Mp\Controller\TongjiController.class.php 第 130 行.
SQL: SELECT * FROM `fw_dealer` WHERE `dl_belong` = 42 AND `dl_unitcode` = '9999' ORDER BY dl_type ASC,dl_id DESC  [ RunTime:0.0010s ]
SQL: SELECT * FROM `fw_dealer` WHERE `dl_belong` = 37 AND `dl_unitcode` = '9999' ORDER BY dl_type ASC,dl_id DESC  [ RunTime:0.0010s ]
SQL: SELECT * FROM `fw_dealer` WHERE `dl_belong` = 32 AND `dl_unitcode` = '9999' ORDER BY dl_type ASC,dl_id DESC  [ RunTime:0.0010s ]
SQL: SELECT COUNT(*) AS tp_count FROM `fw_dealer` WHERE `dl_belong` = 44 AND `dl_unitcode` = '9999' LIMIT 1   [ RunTime:0.0000s ]
SQL: SELECT COUNT(*) AS tp_count FROM `fw_dealer` WHERE `dl_belong` = 40 AND `dl_unitcode` = '9999' LIMIT 1   [ RunTime:0.0000s ]
SQL: SELECT COUNT(*) AS tp_count FROM `fw_dealer` WHERE `dl_belong` = 39 AND `dl_unitcode` = '9999' LIMIT 1   [ RunTime:0.0000s ]
SQL: SELECT COUNT(*) AS tp_count FROM `fw_dealer` WHERE `dl_belong` = 34 AND `dl_unitcode` = '9999' LIMIT 1   [ RunTime:0.0010s ]
SQL: SELECT * FROM `fw_dealer` WHERE `dl_belong` = 34 AND `dl_unitcode` = '9999' ORDER BY dl_type ASC,dl_id DESC  [ RunTime:0.0010s ]
SQL: SELECT COUNT(*) AS tp_count FROM `fw_dealer` WHERE `dl_belong` = 36 AND `dl_unitcode` = '9999' LIMIT 1   [ RunTime:0.0010s ]
SQL: SELECT COUNT(*) AS tp_count FROM `fw_dealer` WHERE `dl_belong` = 35 AND `dl_unitcode` = '9999' LIMIT 1   [ RunTime:0.0010s ]
SQL: SELECT * FROM `fw_dealer` WHERE `dl_belong` = 35 AND `dl_unitcode` = '9999' ORDER BY dl_type ASC,dl_id DESC  [ RunTime:0.0010s ]
SQL: SELECT COUNT(*) AS tp_count FROM `fw_dealer` WHERE `dl_belong` = 38 AND `dl_unitcode` = '9999' LIMIT 1   [ RunTime:0.0010s ]
INFO: [ view_parse ] --START--
INFO: [ template_filter ] --START--
INFO: Run Behavior\ContentReplaceBehavior [ RunTime:0.000000s ]
INFO: [ template_filter ] --END-- [ RunTime:0.000000s ]
NOTIC: [8] Undefined offset: 14006 D:\wamp64\www\Kangli\Runtime\Cache\Mp\970d6d5b1672dc000d950a535252137d.php 第 91 行.
NOTIC: [8] Undefined offset: 40000 D:\wamp64\www\Kangli\Runtime\Cache\Mp\970d6d5b1672dc000d950a535252137d.php 第 120 行.
NOTIC: [8] Undefined offset: 12000 D:\wamp64\www\Kangli\Runtime\Cache\Mp\970d6d5b1672dc000d950a535252137d.php 第 129 行.
NOTIC: [8] Undefined offset: 70017 D:\wamp64\www\Kangli\Runtime\Cache\Mp\970d6d5b1672dc000d950a535252137d.php 第 142 行.
NOTIC: [8] Undefined offset: 70019 D:\wamp64\www\Kangli\Runtime\Cache\Mp\970d6d5b1672dc000d950a535252137d.php 第 143 行.
NOTIC: [8] Undefined offset: 70018 D:\wamp64\www\Kangli\Runtime\Cache\Mp\970d6d5b1672dc000d950a535252137d.php 第 144 行.
NOTIC: [8] Undefined offset: 70022 D:\wamp64\www\Kangli\Runtime\Cache\Mp\970d6d5b1672dc000d950a535252137d.php 第 147 行.
NOTIC: [8] Undefined offset: 70023 D:\wamp64\www\Kangli\Runtime\Cache\Mp\970d6d5b1672dc000d950a535252137d.php 第 148 行.
NOTIC: [8] Undefined offset: 70021 D:\wamp64\www\Kangli\Runtime\Cache\Mp\970d6d5b1672dc000d950a535252137d.php 第 150 行.
NOTIC: [8] Undefined offset: 70005 D:\wamp64\www\Kangli\Runtime\Cache\Mp\970d6d5b1672dc000d950a535252137d.php 第 151 行.
NOTIC: [8] Undefined offset: 70014 D:\wamp64\www\Kangli\Runtime\Cache\Mp\970d6d5b1672dc000d950a535252137d.php 第 154 行.
NOTIC: [8] Undefined offset: 80000 D:\wamp64\www\Kangli\Runtime\Cache\Mp\970d6d5b1672dc000d950a535252137d.php 第 157 行.
NOTIC: [8] Undefined offset: 100000 D:\wamp64\www\Kangli\Runtime\Cache\Mp\970d6d5b1672dc000d950a535252137d.php 第 164 行.
NOTIC: [8] Undefined offset: 17001 D:\wamp64\www\Kangli\Runtime\Cache\Mp\970d6d5b1672dc000d950a535252137d.php 第 173 行.
INFO: Run Behavior\ParseTemplateBehavior [ RunTime:0.025000s ]
INFO: [ view_parse ] --END-- [ RunTime:0.025000s ]
INFO: [ view_filter ] --START--
INFO: Run Behavior\WriteHtmlCacheBehavior [ RunTime:0.000000s ]
INFO: [ view_filter ] --END-- [ RunTime:0.000000s ]
INFO: [ app_end ] --START--
INFO: Run Behavior\ShowPageTraceBehavior [ RunTime:0.000000s ]
INFO: [ app_end ] --END-- [ RunTime:0.000000s ]
NOTIC: [2] ini_set(): A session is active. You cannot change the session module's ini settings at this time D:\wamp64\www\Kangli\index.php 第 31 行.

[ 2018-04-13T18:37:00+08:00 ] 127.0.0.1 /Kangli/Mp/Orders/xnorders
INFO: [ app_init ] --START--
INFO: Run Behavior\BuildLiteBehavior [ RunTime:0.000000s ]
INFO: [ app_init ] --END-- [ RunTime:0.000000s ]
INFO: [ app_begin ] --START--
INFO: Run Behavior\ReadHtmlCacheBehavior [ RunTime:0.001000s ]
INFO: [ app_begin ] --END-- [ RunTime:0.001000s ]
INFO: [ action_begin ] --START--
SQL: SHOW COLUMNS FROM `fw_denyip` [ RunTime:0.0010s ]
SQL: SELECT * FROM `fw_denyip`  [ RunTime:0.0010s ]
INFO: Run Home\Behaviors\DenyipsBehavior [ RunTime:0.015000s ]
INFO: [ action_begin ] --END-- [ RunTime:0.015000s ]
INFO: [ view_parse ] --START--
INFO: [ template_filter ] --START--
INFO: Run Behavior\ContentReplaceBehavior [ RunTime:0.000000s ]
INFO: [ template_filter ] --END-- [ RunTime:0.000000s ]
INFO: Run Behavior\ParseTemplateBehavior [ RunTime:0.007000s ]
INFO: [ view_parse ] --END-- [ RunTime:0.007000s ]
INFO: [ view_filter ] --START--
INFO: Run Behavior\WriteHtmlCacheBehavior [ RunTime:0.000000s ]
INFO: [ view_filter ] --END-- [ RunTime:0.000000s ]

[ 2018-04-13T18:37:04+08:00 ] 127.0.0.1 /Kangli/Mp/Orders/qborders
INFO: [ app_init ] --START--
INFO: Run Behavior\BuildLiteBehavior [ RunTime:0.000000s ]
INFO: [ app_init ] --END-- [ RunTime:0.000000s ]
INFO: [ app_begin ] --START--
INFO: Run Behavior\ReadHtmlCacheBehavior [ RunTime:0.001000s ]
INFO: [ app_begin ] --END-- [ RunTime:0.001000s ]
INFO: [ action_begin ] --START--
SQL: SHOW COLUMNS FROM `fw_denyip` [ RunTime:0.0010s ]
SQL: SELECT * FROM `fw_denyip`  [ RunTime:0.0000s ]
INFO: Run Home\Behaviors\DenyipsBehavior [ RunTime:0.020000s ]
INFO: [ action_begin ] --END-- [ RunTime:0.020000s ]

